2026-06-07 20:53:56,824 [INFO] Activator:176 - 


2026-06-07 20:53:56,834 [INFO] Activator:177 - !SESSION log4j initialized
2026-06-07 20:54:10,240 [INFO] LogOutputStream:77 - [STDOUT_REDIRECT] 
2026-06-07 20:54:12,309 [INFO] ApplicationProperties:184 - Using Application install path: C:\ST\STM32CubeIDE_1.18.1\STM32CubeIDE\plugins\com.st.stm32cube.common.mx_6.14.1.202504091515
2026-06-07 20:54:12,332 [INFO] DbMcusXml:78 - Set database path to: C:\ST\STM32CubeIDE_1.18.1\STM32CubeIDE\plugins\com.st.stm32cube.common.mx_6.14.1.202504091515\\db\/mcu/
2026-06-07 20:54:12,332 [INFO] ApiDb:274 - Set plugin database path to: C:\ST\STM32CubeIDE_1.18.1\STM32CubeIDE\plugins\com.st.stm32cube.common.mx_6.14.1.202504091515\\db\/plugins/boardmanager/
2026-06-07 20:54:12,334 [WARN] ApiDb:259 - Overriding images path with different value:  => C:\ST\STM32CubeIDE_1.18.1\STM32CubeIDE\plugins\com.st.stm32cube.common.mx_6.14.1.202504091515\\db\/plugins/mcufinder/images/
2026-06-07 20:54:12,348 [INFO] ApiDb:250 - Set database path to: C:\Users\furkan\.stmcufinder\plugins\mcufinder//mcu/
2026-06-07 20:54:12,350 [INFO] DbMcusAds:125 - Set database path to: C:\Users\furkan\.stmcufinder\plugins\mcufinder//mcu/
2026-06-07 20:54:12,353 [INFO] CrossReferenceDbSqlite:203 - Set database path to: C:\Users\furkan\.stmcufinder\plugins\mcufinder//mcu/cs/
2026-06-07 20:54:12,537 [INFO] RulesReader:64 - Compatibility file has been processed (302 Rules)
2026-06-07 20:54:12,727 [INFO] DbMcusXml:78 - Set database path to: C:\ST\STM32CubeIDE_1.18.1\STM32CubeIDE\plugins\com.st.stm32cube.common.mx_6.14.1.202504091515\\db\/mcu/
2026-06-07 20:54:12,727 [INFO] ApiDb:274 - Set plugin database path to: C:\ST\STM32CubeIDE_1.18.1\STM32CubeIDE\plugins\com.st.stm32cube.common.mx_6.14.1.202504091515\\db\/plugins/boardmanager/
2026-06-07 20:54:12,729 [INFO] ApiDb:261 - Set plugin images path to: C:\ST\STM32CubeIDE_1.18.1\STM32CubeIDE\plugins\com.st.stm32cube.common.mx_6.14.1.202504091515\\db\/plugins/mcufinder/images/
2026-06-07 20:54:12,729 [WARN] DbFile:41 - Overriding database path with different value: C:\Users\furkan\.stmcufinder\plugins\mcufinder/ => C:\Users\furkan\.stmcufinder\plugins\mcufinder
2026-06-07 20:54:12,729 [INFO] ApiDb:250 - Set database path to: C:\Users\furkan\.stmcufinder\plugins\mcufinder//mcu/
2026-06-07 20:54:12,729 [WARN] DbFile:41 - Overriding database path with different value: C:\Users\furkan\.stmcufinder\plugins\mcufinder/ => C:\Users\furkan\.stmcufinder\plugins\mcufinder
2026-06-07 20:54:12,730 [INFO] DbMcusAds:125 - Set database path to: C:\Users\furkan\.stmcufinder\plugins\mcufinder//mcu/
2026-06-07 20:54:12,730 [WARN] DbFile:41 - Overriding database path with different value: C:\Users\furkan\.stmcufinder\plugins\mcufinder/ => C:\Users\furkan\.stmcufinder\plugins\mcufinder
2026-06-07 20:54:12,730 [WARN] DbFile:41 - Overriding database path with different value: C:\Users\furkan\.stmcufinder\plugins\mcufinder/ => C:\Users\furkan\.stmcufinder\plugins\mcufinder
2026-06-07 20:54:12,730 [INFO] CrossReferenceDbSqlite:203 - Set database path to: C:\Users\furkan\.stmcufinder\plugins\mcufinder//mcu/cs/
2026-06-07 20:54:12,906 [INFO] MainPanel:272 - HeapMemory: 268435456
2026-06-07 20:54:13,109 [INFO] DbMcusXml:78 - Set database path to: C:\ST\STM32CubeIDE_1.18.1\STM32CubeIDE\plugins\com.st.stm32cube.common.mx_6.14.1.202504091515\\db\/mcu/
2026-06-07 20:54:13,111 [INFO] ApiDb:274 - Set plugin database path to: C:\ST\STM32CubeIDE_1.18.1\STM32CubeIDE\plugins\com.st.stm32cube.common.mx_6.14.1.202504091515\\db\/plugins/boardmanager/
2026-06-07 20:54:13,111 [INFO] ApiDb:261 - Set plugin images path to: C:\ST\STM32CubeIDE_1.18.1\STM32CubeIDE\plugins\com.st.stm32cube.common.mx_6.14.1.202504091515\\db\/plugins/mcufinder/images/
2026-06-07 20:54:13,111 [WARN] DbFile:41 - Overriding database path with different value: C:\Users\furkan\.stmcufinder\plugins\mcufinder/ => C:\Users\furkan\.stmcufinder\plugins\mcufinder
2026-06-07 20:54:13,113 [INFO] ApiDb:250 - Set database path to: C:\Users\furkan\.stmcufinder\plugins\mcufinder//mcu/
2026-06-07 20:54:13,113 [WARN] DbFile:41 - Overriding database path with different value: C:\Users\furkan\.stmcufinder\plugins\mcufinder/ => C:\Users\furkan\.stmcufinder\plugins\mcufinder
2026-06-07 20:54:13,113 [INFO] DbMcusAds:125 - Set database path to: C:\Users\furkan\.stmcufinder\plugins\mcufinder//mcu/
2026-06-07 20:54:13,113 [WARN] DbFile:41 - Overriding database path with different value: C:\Users\furkan\.stmcufinder\plugins\mcufinder/ => C:\Users\furkan\.stmcufinder\plugins\mcufinder
2026-06-07 20:54:13,113 [WARN] DbFile:41 - Overriding database path with different value: C:\Users\furkan\.stmcufinder\plugins\mcufinder/ => C:\Users\furkan\.stmcufinder\plugins\mcufinder
2026-06-07 20:54:13,113 [INFO] CrossReferenceDbSqlite:203 - Set database path to: C:\Users\furkan\.stmcufinder\plugins\mcufinder//mcu/cs/
2026-06-07 20:54:13,143 [INFO] ApplicationProperties:184 - Using Application install path: C:\ST\STM32CubeIDE_1.18.1\STM32CubeIDE\plugins\com.st.stm32cube.common.mx_6.14.1.202504091515
2026-06-07 20:54:13,145 [INFO] PluginManage:196 - Search for loadable plugins [exclusion list=, ]
2026-06-07 20:54:13,149 [INFO] PluginManage:310 - Check plugin analytics
2026-06-07 20:54:13,534 [INFO] AnalyticsPlugin:253 - Accepted Software Licenses: 
2026-06-07 20:54:13,535 [INFO] AnalyticsPlugin:255 - Accepted CMSIS Pack Licenses: 
2026-06-07 20:54:13,535 [INFO] AnalyticsPlugin:257 - Accepted Firmware Licenses: FW.F4.1.28.0,FW.F7.1.17.0
2026-06-07 20:54:13,540 [INFO] PluginManage:359 - Loaded plugin analytics (category:tool,tabindex:-1)
2026-06-07 20:54:13,540 [INFO] PluginManage:310 - Check plugin cadmodel
2026-06-07 20:54:13,551 [INFO] CADModel:105 - Init CAD model plugin
2026-06-07 20:54:13,551 [INFO] PluginManage:359 - Loaded plugin cadmodel (category:power,tabindex:5)
2026-06-07 20:54:13,552 [INFO] PluginManage:310 - Check plugin clock
2026-06-07 20:54:13,569 [INFO] PluginManage:359 - Loaded plugin clock (category:base,tabindex:2)
2026-06-07 20:54:13,569 [INFO] PluginManage:310 - Check plugin ddr
2026-06-07 20:54:13,573 [INFO] PluginManage:359 - Loaded plugin ddr (category:tool,tabindex:6)
2026-06-07 20:54:13,574 [INFO] PluginManage:310 - Check plugin filemanager
2026-06-07 20:54:13,793 [INFO] PluginManage:359 - Loaded plugin filemanager (category:base,tabindex:10)
2026-06-07 20:54:13,793 [INFO] PluginManage:310 - Check plugin ipmanager
2026-06-07 20:54:13,803 [INFO] PluginManage:359 - Loaded plugin ipmanager (category:base,tabindex:5)
2026-06-07 20:54:13,803 [INFO] PluginManage:310 - Check plugin lpbam
2026-06-07 20:54:13,815 [INFO] PluginManage:359 - Loaded plugin lpbam (category:base,tabindex:0)
2026-06-07 20:54:13,816 [INFO] PluginManage:310 - Check plugin memorymap
2026-06-07 20:54:13,835 [INFO] PluginManage:359 - Loaded plugin memorymap (category:base,tabindex:4)
2026-06-07 20:54:13,835 [INFO] PluginManage:310 - Check plugin pinoutandconfiguration
2026-06-07 20:54:13,848 [INFO] PluginManage:359 - Loaded plugin pinoutandconfiguration (category:base,tabindex:1)
2026-06-07 20:54:13,848 [INFO] PluginManage:310 - Check plugin pinoutconfig
2026-06-07 20:54:13,982 [WARN] SupportedApi:132 - Cannot load RTOS API schema: s4s-elt-must-match.1: The content of 'definitions' must match (annotation?, (simpleType | complexType)?, (unique | key | keyref)*)). A problem was found starting at: attribute.
2026-06-07 20:54:14,212 [INFO] PluginManage:359 - Loaded plugin pinoutconfig (category:base,tabindex:0)
2026-06-07 20:54:14,212 [INFO] PluginManage:310 - Check plugin power
2026-06-07 20:54:14,229 [INFO] PluginManage:359 - Loaded plugin power (category:power,tabindex:4)
2026-06-07 20:54:14,229 [INFO] PluginManage:310 - Check plugin projectmanager
2026-06-07 20:54:14,253 [INFO] PluginManage:359 - Loaded plugin projectmanager (category:projectmanager,tabindex:4)
2026-06-07 20:54:14,253 [INFO] PluginManage:310 - Check plugin rif
2026-06-07 20:54:14,265 [INFO] PluginManage:359 - Loaded plugin rif (category:base,tabindex:3)
2026-06-07 20:54:14,265 [INFO] PluginManage:310 - Check plugin thirdparty
2026-06-07 20:54:14,513 [INFO] PluginManage:359 - Loaded plugin thirdparty (category:base,tabindex:-1)
2026-06-07 20:54:14,513 [WARN] IntegrityCheckThread:84 - waiting for thirdparty lock release [integrity check]
2026-06-07 20:54:14,514 [INFO] IntegrityCheckThread:86 - entering critical section [integrity check]
2026-06-07 20:54:14,514 [INFO] PluginManage:310 - Check plugin tools
2026-06-07 20:54:14,514 [INFO] ThirdPartyUpdaterWithRetryManager:70 - Updater plugin not ready yet. [1/15]
2026-06-07 20:54:14,520 [INFO] PluginManage:359 - Loaded plugin tools (category:base,tabindex:7)
2026-06-07 20:54:14,520 [INFO] PluginManage:310 - Check plugin tutovideos
2026-06-07 20:54:14,847 [INFO] PluginManage:359 - Loaded plugin tutovideos (category:base,tabindex:-1)
2026-06-07 20:54:14,847 [INFO] PluginManage:310 - Check plugin updater
2026-06-07 20:54:14,887 [INFO] PluginManage:359 - Loaded plugin updater (category:base,tabindex:12)
2026-06-07 20:54:14,887 [INFO] PluginManage:310 - Check plugin userauth
2026-06-07 20:54:14,895 [INFO] UserAuth:118 - Init User Auth plugin
2026-06-07 20:54:14,898 [INFO] PluginManage:359 - Loaded plugin userauth (category:base,tabindex:14)
2026-06-07 20:54:14,899 [INFO] PluginManage:283 - PluginManage : Loaded plugins [18]
2026-06-07 20:54:15,246 [INFO] PinOutPanel:1589 - setPackage(No Configuration,No Configuration)
2026-06-07 20:54:15,391 [INFO] CADModel:165 - CPN selected for project level
2026-06-07 20:54:15,392 [INFO] CADModel:114 - Register for checkConnection events
2026-06-07 20:54:15,423 [INFO] IPUIPlugin:80 - create IPUIPlugin
2026-06-07 20:54:15,424 [INFO] PluginManager:220 - loadIPPluginJar : add adc
2026-06-07 20:54:15,428 [INFO] IPUIPlugin:80 - create IPUIPlugin
2026-06-07 20:54:15,428 [INFO] PluginManager:220 - loadIPPluginJar : add aes
2026-06-07 20:54:15,434 [INFO] IPUIPlugin:80 - create IPUIPlugin
2026-06-07 20:54:15,434 [INFO] PluginManager:220 - loadIPPluginJar : add can
2026-06-07 20:54:15,437 [INFO] IPUIPlugin:80 - create IPUIPlugin
2026-06-07 20:54:15,437 [INFO] PluginManager:220 - loadIPPluginJar : add comp
2026-06-07 20:54:15,441 [INFO] IPUIPlugin:80 - create IPUIPlugin
2026-06-07 20:54:15,441 [INFO] PluginManager:220 - loadIPPluginJar : add cryp
2026-06-07 20:54:15,447 [INFO] IPUIPlugin:80 - create IPUIPlugin
2026-06-07 20:54:15,447 [INFO] PluginManager:220 - loadIPPluginJar : add ddr_ctrl_phy
2026-06-07 20:54:15,451 [INFO] IPUIPlugin:80 - create IPUIPlugin
2026-06-07 20:54:15,451 [INFO] PluginManager:220 - loadIPPluginJar : add dfsdm
2026-06-07 20:54:15,461 [INFO] IPUIPlugin:80 - create IPUIPlugin
2026-06-07 20:54:15,462 [INFO] PluginManager:220 - loadIPPluginJar : add dma
2026-06-07 20:54:15,467 [INFO] IPUIPlugin:80 - create IPUIPlugin
2026-06-07 20:54:15,467 [INFO] PluginManager:220 - loadIPPluginJar : add dma3
2026-06-07 20:54:15,473 [INFO] IPUIPlugin:80 - create IPUIPlugin
2026-06-07 20:54:15,473 [INFO] PluginManager:220 - loadIPPluginJar : add extmemmanager
2026-06-07 20:54:15,475 [INFO] IPUIPlugin:80 - create IPUIPlugin
2026-06-07 20:54:15,476 [INFO] PluginManager:220 - loadIPPluginJar : add fatfs
2026-06-07 20:54:15,482 [INFO] IPUIPlugin:80 - create IPUIPlugin
2026-06-07 20:54:15,482 [INFO] PluginManager:220 - loadIPPluginJar : add fmc
2026-06-07 20:54:15,492 [INFO] IPUIPlugin:80 - create IPUIPlugin
2026-06-07 20:54:15,493 [INFO] PluginManager:220 - loadIPPluginJar : add freertos
2026-06-07 20:54:15,495 [INFO] IPUIPlugin:80 - create IPUIPlugin
2026-06-07 20:54:15,495 [INFO] PluginManager:220 - loadIPPluginJar : add genericplugin
2026-06-07 20:54:15,499 [INFO] IPUIPlugin:80 - create IPUIPlugin
2026-06-07 20:54:15,500 [INFO] PluginManager:220 - loadIPPluginJar : add gfxmmu
2026-06-07 20:54:15,506 [INFO] IPUIPlugin:80 - create IPUIPlugin
2026-06-07 20:54:15,506 [INFO] PluginManager:220 - loadIPPluginJar : add gic
2026-06-07 20:54:15,512 [INFO] IPUIPlugin:80 - create IPUIPlugin
2026-06-07 20:54:15,514 [INFO] PluginManager:220 - loadIPPluginJar : add gpio
2026-06-07 20:54:15,518 [INFO] IPUIPlugin:80 - create IPUIPlugin
2026-06-07 20:54:15,518 [INFO] PluginManager:220 - loadIPPluginJar : add gtzc
2026-06-07 20:54:15,523 [INFO] IPUIPlugin:80 - create IPUIPlugin
2026-06-07 20:54:15,523 [INFO] PluginManager:220 - loadIPPluginJar : add hash
2026-06-07 20:54:15,527 [INFO] IPUIPlugin:80 - create IPUIPlugin
2026-06-07 20:54:15,527 [INFO] PluginManager:220 - loadIPPluginJar : add i2c
2026-06-07 20:54:15,532 [INFO] IPUIPlugin:80 - create IPUIPlugin
2026-06-07 20:54:15,532 [INFO] PluginManager:220 - loadIPPluginJar : add i2s
2026-06-07 20:54:15,537 [INFO] IPUIPlugin:80 - create IPUIPlugin
2026-06-07 20:54:15,537 [INFO] PluginManager:220 - loadIPPluginJar : add i3c
2026-06-07 20:54:15,544 [INFO] IPUIPlugin:80 - create IPUIPlugin
2026-06-07 20:54:15,544 [INFO] PluginManager:220 - loadIPPluginJar : add ipddr
2026-06-07 20:54:15,555 [INFO] IPUIPlugin:80 - create IPUIPlugin
2026-06-07 20:54:15,555 [INFO] PluginManager:220 - loadIPPluginJar : add linkedlist
2026-06-07 20:54:15,561 [INFO] IPUIPlugin:80 - create IPUIPlugin
2026-06-07 20:54:15,562 [INFO] PluginManager:220 - loadIPPluginJar : add lorawan
2026-06-07 20:54:15,565 [INFO] IPUIPlugin:80 - create IPUIPlugin
2026-06-07 20:54:15,566 [INFO] PluginManager:220 - loadIPPluginJar : add ltdc
2026-06-07 20:54:15,575 [INFO] IPUIPlugin:80 - create IPUIPlugin
2026-06-07 20:54:15,575 [INFO] PluginManager:220 - loadIPPluginJar : add mdma
2026-06-07 20:54:15,582 [INFO] IPUIPlugin:80 - create IPUIPlugin
2026-06-07 20:54:15,583 [INFO] PluginManager:220 - loadIPPluginJar : add nvic
2026-06-07 20:54:15,587 [INFO] IPUIPlugin:80 - create IPUIPlugin
2026-06-07 20:54:15,588 [INFO] PluginManager:220 - loadIPPluginJar : add opamp
2026-06-07 20:54:15,594 [INFO] IPUIPlugin:80 - create IPUIPlugin
2026-06-07 20:54:15,594 [INFO] PluginManager:220 - loadIPPluginJar : add openamp
2026-06-07 20:54:15,600 [INFO] IPUIPlugin:80 - create IPUIPlugin
2026-06-07 20:54:15,600 [INFO] PluginManager:220 - loadIPPluginJar : add pdm2pcm
2026-06-07 20:54:15,612 [INFO] IPUIPlugin:80 - create IPUIPlugin
2026-06-07 20:54:15,617 [INFO] PluginManager:220 - loadIPPluginJar : add plateformsettings
2026-06-07 20:54:15,621 [INFO] IPUIPlugin:80 - create IPUIPlugin
2026-06-07 20:54:15,621 [INFO] PluginManager:220 - loadIPPluginJar : add quadspi
2026-06-07 20:54:15,624 [INFO] IPUIPlugin:80 - create IPUIPlugin
2026-06-07 20:54:15,625 [INFO] PluginManager:220 - loadIPPluginJar : add radio
2026-06-07 20:54:15,633 [INFO] IPUIPlugin:80 - create IPUIPlugin
2026-06-07 20:54:15,633 [INFO] PluginManager:220 - loadIPPluginJar : add resmgrutility
2026-06-07 20:54:15,640 [INFO] IPUIPlugin:80 - create IPUIPlugin
2026-06-07 20:54:15,640 [INFO] PluginManager:220 - loadIPPluginJar : add sai
2026-06-07 20:54:15,645 [INFO] IPUIPlugin:80 - create IPUIPlugin
2026-06-07 20:54:15,646 [INFO] PluginManager:220 - loadIPPluginJar : add spi
2026-06-07 20:54:15,657 [INFO] IPUIPlugin:80 - create IPUIPlugin
2026-06-07 20:54:15,657 [INFO] PluginManager:220 - loadIPPluginJar : add stm32_wpan
2026-06-07 20:54:15,663 [INFO] IPUIPlugin:80 - create IPUIPlugin
2026-06-07 20:54:15,663 [INFO] PluginManager:220 - loadIPPluginJar : add tim
2026-06-07 20:54:15,669 [INFO] IPUIPlugin:80 - create IPUIPlugin
2026-06-07 20:54:15,669 [INFO] PluginManager:220 - loadIPPluginJar : add touchsensing
2026-06-07 20:54:15,673 [INFO] IPUIPlugin:80 - create IPUIPlugin
2026-06-07 20:54:15,673 [INFO] PluginManager:220 - loadIPPluginJar : add tracer_emb
2026-06-07 20:54:15,676 [INFO] IPUIPlugin:80 - create IPUIPlugin
2026-06-07 20:54:15,676 [INFO] PluginManager:220 - loadIPPluginJar : add ts
2026-06-07 20:54:15,681 [INFO] IPUIPlugin:80 - create IPUIPlugin
2026-06-07 20:54:15,682 [INFO] PluginManager:220 - loadIPPluginJar : add tsc
2026-06-07 20:54:15,686 [INFO] IPUIPlugin:80 - create IPUIPlugin
2026-06-07 20:54:15,687 [INFO] PluginManager:220 - loadIPPluginJar : add ucpd
2026-06-07 20:54:15,692 [INFO] IPUIPlugin:80 - create IPUIPlugin
2026-06-07 20:54:15,692 [INFO] PluginManager:220 - loadIPPluginJar : add usart
2026-06-07 20:54:15,698 [INFO] IPUIPlugin:80 - create IPUIPlugin
2026-06-07 20:54:15,698 [INFO] PluginManager:220 - loadIPPluginJar : add usbx
2026-06-07 20:54:15,943 [FATAL] Updater:351 - Updater called before beeing initialized
2026-06-07 20:54:16,037 [INFO] RulesReader:64 - Compatibility file has been processed (302 Rules)
2026-06-07 20:54:16,116 [INFO] RulesReader:64 - Compatibility file has been processed (302 Rules)
2026-06-07 20:54:16,132 [INFO] CADModel:165 - CPN selected for project level
2026-06-07 20:54:16,132 [INFO] CADModel:114 - Register for checkConnection events
2026-06-07 20:54:16,132 [FATAL] Updater:351 - Updater called before beeing initialized
2026-06-07 20:54:16,132 [ERROR] CADModel:125 - Updater not yet initialized, retry later 
2026-06-07 20:54:16,365 [FATAL] Updater:351 - Updater called before beeing initialized
2026-06-07 20:54:16,369 [INFO] CADModel:165 - CPN selected for project level
2026-06-07 20:54:16,369 [INFO] CADModel:114 - Register for checkConnection events
2026-06-07 20:54:16,369 [FATAL] Updater:351 - Updater called before beeing initialized
2026-06-07 20:54:16,369 [ERROR] CADModel:125 - Updater not yet initialized, retry later 
2026-06-07 20:54:16,376 [FATAL] Updater:351 - Updater called before beeing initialized
2026-06-07 20:54:16,543 [FATAL] Updater:351 - Updater called before beeing initialized
2026-06-07 20:54:16,549 [INFO] DbMcusAds:53 - JSON generation date=Thu May 28 19:08:17 TRT 2026 (1779984497073)
2026-06-07 20:54:16,549 [FATAL] Updater:351 - Updater called before beeing initialized
2026-06-07 20:54:16,604 [WARN] DetailPanel:346 - Failed to get advertising image, set to default
2026-06-07 20:54:16,966 [FATAL] Updater:351 - Updater called before beeing initialized
2026-06-07 20:54:16,969 [FATAL] Updater:351 - Updater called before beeing initialized
2026-06-07 20:54:16,969 [FATAL] Updater:351 - Updater called before beeing initialized
2026-06-07 20:54:16,969 [WARN] DetailPanel:346 - Failed to get advertising image, set to default
2026-06-07 20:54:16,970 [FATAL] Updater:351 - Updater called before beeing initialized
2026-06-07 20:54:17,034 [ERROR] Updater:1198 - MainUpdater not yet initialized. External WinMGr cannot be set.
2026-06-07 20:54:17,037 [INFO] Updater:1134 - Updater Version found : 6.14.1
2026-06-07 20:54:17,064 [INFO] ApplicationProperties:184 - Using Application install path: C:\ST\STM32CubeIDE_1.18.1\STM32CubeIDE\plugins\com.st.stm32cube.common.mx_6.14.1.202504091515
2026-06-07 20:54:17,516 [INFO] ThirdPartyUpdaterWithRetryManager:70 - Updater plugin not ready yet. [2/15]
2026-06-07 20:54:18,642 [ERROR] LogOutputStream:75 - [STDERR_REDIRECT] Jun 07, 2026 8:54:18 PM java.util.prefs.WindowsPreferences <init>
2026-06-07 20:54:18,643 [ERROR] LogOutputStream:75 - [STDERR_REDIRECT] WARNING: Could not open/create prefs root node Software\JavaSoft\Prefs at root 0xffffffff80000002. Windows RegCreateKeyEx(...) returned error code 5.
2026-06-07 20:54:18,644 [ERROR] LogOutputStream:75 - [STDERR_REDIRECT] 
2026-06-07 20:54:19,392 [INFO] MainUpdater:2872 - connection check result : 10
2026-06-07 20:54:19,393 [INFO] MainUpdater:289 - Updater Check For Update Now.
2026-06-07 20:54:19,393 [INFO] MicroXplorer:498 - Change Database Version : DB.6.0.141
2026-06-07 20:54:19,400 [INFO] McuFinderGlobals:63 - Set McuFinder mode to 2 (CubeIDE integrated)
2026-06-07 20:54:19,401 [INFO] UserAuth:484 - Internet connection configuration mode: 1
2026-06-07 20:54:19,435 [INFO] JxBrowserEngine:152 - Initiate JxBrowser Engine with user profile folder
2026-06-07 20:54:19,677 [INFO] CheckServerUpdateThread:120 - End of CheckServer Thread
2026-06-07 20:54:21,664 [INFO] WebApp:169 - Instantiating new browser for Auth
2026-06-07 20:54:21,959 [WARN] PackLoader:240 - Cannot read IP mode file for STMicroelectronics.X-CUBE-AZRTOS-H7.3.5.0
2026-06-07 20:54:22,002 [WARN] PackLoader:240 - Cannot read IP mode file for STMicroelectronics.FP-SNS-MOTENVWB1.1.4.0
2026-06-07 20:54:22,031 [WARN] PackLoader:240 - Cannot read IP mode file for STMicroelectronics.FP-ATR-ASTRA1.2.0.2
2026-06-07 20:54:22,040 [WARN] PackLoader:240 - Cannot read IP mode file for STMicroelectronics.FP-ATR-ASTRA1.2.0.1
2026-06-07 20:54:22,060 [ERROR] Engine:466 - C:\Users\furkan\.stm32cubemx\thirdparties\pdsc\STMicroelectronics.X-CUBE-SMBUS.2.1.1.pdsc: PDSC version is not supported
2026-06-07 20:54:22,081 [WARN] PackLoader:240 - Cannot read IP mode file for STMicroelectronics.X-CUBE-SMBUS.2.1.0
2026-06-07 20:54:22,102 [WARN] PackLoader:240 - Cannot read IP mode file for STMicroelectronics.X-CUBE-WB05N.1.1.0
2026-06-07 20:54:22,130 [WARN] PackLoader:240 - Cannot read IP mode file for STMicroelectronics.X-CUBE-ST60.1.0.0
2026-06-07 20:54:22,150 [WARN] PackLoader:240 - Cannot read IP mode file for STMicroelectronics.X-CUBE-TOUCHGFX.4.23.1
2026-06-07 20:54:22,157 [WARN] PackLoader:240 - Cannot read IP mode file for STMicroelectronics.X-CUBE-TOUCHGFX.4.23.0
2026-06-07 20:54:22,169 [WARN] PackLoader:240 - Cannot read IP mode file for STMicroelectronics.X-CUBE-TOUCHGFX.4.23.2
2026-06-07 20:54:22,336 [WARN] PackLoader:240 - Cannot read IP mode file for STMicroelectronics.X-CUBE-AZRTOS-F7.1.1.0
2026-06-07 20:54:22,470 [WARN] PackLoader:240 - Cannot read IP mode file for STMicroelectronics.FP-SNS-MOTENV1.4.3.2
2026-06-07 20:54:22,625 [WARN] PackLoader:240 - Cannot read IP mode file for STMicroelectronics.X-CUBE-MEMS1.11.0.0
2026-06-07 20:54:23,019 [ERROR] Engine:466 - C:\Users\furkan\.stm32cubemx\thirdparties\pdsc\STMicroelectronics.FP-SNS-MOTENV1.5.1.0.pdsc: PDSC version is not supported
2026-06-07 20:54:23,027 [WARN] PackLoader:240 - Cannot read IP mode file for STMicroelectronics.FP-SNS-FLIGHT1.5.0.2
2026-06-07 20:54:23,136 [WARN] PackLoader:240 - Cannot read IP mode file for STMicroelectronics.X-CUBE-AZRTOS-H7.3.4.0
2026-06-07 20:54:23,184 [WARN] PackLoader:240 - Cannot read IP mode file for STMicroelectronics.X-CUBE-DISPLAY.3.0.0
2026-06-07 20:54:23,234 [WARN] PackLoader:240 - Cannot read IP mode file for STMicroelectronics.X-CUBE-GNSS1.7.1.1
2026-06-07 20:54:23,250 [ERROR] Engine:466 - C:\Users\furkan\.stm32cubemx\thirdparties\pdsc\STMicroelectronics.FP-SNS-MOTENVWB1.1.5.0.pdsc: PDSC version is not supported
2026-06-07 20:54:23,266 [WARN] PackLoader:240 - Cannot read IP mode file for STMicroelectronics.X-CUBE-BLE1.7.0.0
2026-06-07 20:54:23,294 [WARN] PackLoader:240 - Cannot read IP mode file for STMicroelectronics.X-CUBE-NFC10.1.0.0
2026-06-07 20:54:23,329 [WARN] PackLoader:240 - Cannot read IP mode file for STMicroelectronics.X-CUBE-BLEMGR.4.0.0
2026-06-07 20:54:23,345 [WARN] PackLoader:240 - Cannot read IP mode file for STMicroelectronics.X-CUBE-ST60.1.1.0
2026-06-07 20:54:23,358 [WARN] PackLoader:240 - Cannot read IP mode file for emotas.I-CUBE-CANOPEN.1.3.0
2026-06-07 20:54:23,369 [WARN] PackLoader:240 - Cannot read IP mode file for STMicroelectronics.X-CUBE-GNSS1.7.1.0
2026-06-07 20:54:23,402 [WARN] PackLoader:240 - Cannot read IP mode file for STMicroelectronics.X-CUBE-BLEMGR.3.1.0
2026-06-07 20:54:23,443 [ERROR] Engine:466 - C:\Users\furkan\.stm32cubemx\thirdparties\pdsc\STMicroelectronics.FP-SNS-STBOX1.2.1.0.pdsc: PDSC version is not supported
2026-06-07 20:54:23,553 [WARN] PackLoader:240 - Cannot read IP mode file for STMicroelectronics.FP-SNS-SMARTAG2.1.2.0
2026-06-07 20:54:23,608 [WARN] PackLoader:240 - Cannot read IP mode file for STMicroelectronics.FP-SNS-FLIGHT1.5.1.0
2026-06-07 20:54:24,030 [WARN] PackLoader:240 - Cannot read IP mode file for STMicroelectronics.X-CUBE-MEMS1.11.1.0
2026-06-07 20:54:24,196 [INFO] WebApp:463 - Apply proxy settings
2026-06-07 20:54:24,197 [INFO] WebApp:548 - Chromium requires no authentication
2026-06-07 20:54:24,224 [INFO] WebApp:491 - Direct internet connection detected
2026-06-07 20:54:24,282 [INFO] WebApp:894 - Register for checkConnection events
2026-06-07 20:54:24,282 [INFO] WebApp:463 - Apply proxy settings
2026-06-07 20:54:24,283 [INFO] WebApp:548 - Chromium requires no authentication
2026-06-07 20:54:24,284 [INFO] WebApp:491 - Direct internet connection detected
2026-06-07 20:54:24,469 [INFO] LogOutputStream:77 - [STDOUT_REDIRECT] 1 : Invalid condition id : UX_CORESTACK_Condition cause : null
2026-06-07 20:54:24,474 [INFO] LogOutputStream:77 - [STDOUT_REDIRECT] 1 : Invalid condition id : UX_CORESTACK_Condition cause : null
2026-06-07 20:54:24,476 [INFO] LogOutputStream:77 - [STDOUT_REDIRECT] 1 : Invalid condition id : UX_CORESTACK_Condition cause : null
2026-06-07 20:54:24,482 [INFO] LogOutputStream:77 - [STDOUT_REDIRECT] 1 : Invalid condition id : UX_CORESTACK_Condition cause : null
2026-06-07 20:54:24,485 [INFO] LogOutputStream:77 - [STDOUT_REDIRECT] 1 : Invalid condition id : UX_CORESTACK_Condition cause : null
2026-06-07 20:54:24,498 [WARN] PackLoader:240 - Cannot read IP mode file for STMicroelectronics.X-CUBE-AZRTOS-WL.2.0.0
2026-06-07 20:54:24,518 [WARN] PackLoader:240 - Cannot read IP mode file for STMicroelectronics.FP-SNS-MOTENV1.5.0.0
2026-06-07 20:54:24,598 [WARN] PackLoader:240 - Cannot read IP mode file for STMicroelectronics.X-CUBE-AZRTOS-H7RS.1.2.0
2026-06-07 20:54:24,621 [WARN] PackLoader:240 - Cannot read IP mode file for wolfSSL.I-CUBE-wolfMQTT.1.19.0
2026-06-07 20:54:24,641 [WARN] PackLoader:240 - Cannot read IP mode file for WES.I-CUBE-Cesium.1.3.0
2026-06-07 20:54:24,656 [WARN] PackLoader:240 - Cannot read IP mode file for STMicroelectronics.X-CUBE-BLE2.3.3.0
2026-06-07 20:54:24,699 [WARN] PackLoader:240 - Cannot read IP mode file for STMicroelectronics.X-CUBE-NFC9.1.0.0
2026-06-07 20:54:24,709 [WARN] PackLoader:240 - Cannot read IP mode file for STMicroelectronics.X-CUBE-BLE1.7.1.0
2026-06-07 20:54:24,747 [WARN] PackLoader:240 - Cannot read IP mode file for STMicroelectronics.X-CUBE-TCPP.4.1.0
2026-06-07 20:54:24,766 [ERROR] Engine:466 - C:\Users\furkan\.stm32cubemx\thirdparties\pdsc\STMicroelectronics.X-CUBE-FREERTOS.1.4.0.pdsc: PDSC version is not supported
2026-06-07 20:54:24,786 [WARN] PackLoader:240 - Cannot read IP mode file for STMicroelectronics.X-CUBE-EEPRMA1.5.2.0
2026-06-07 20:54:24,799 [ERROR] Engine:466 - C:\Users\furkan\.stm32cubemx\thirdparties\pdsc\STMicroelectronics.X-CUBE-ST67W61.1.1.0.pdsc: PDSC version is not supported
2026-06-07 20:54:24,809 [WARN] PackLoader:240 - Cannot read IP mode file for STMicroelectronics.X-CUBE-AI.10.1.0
2026-06-07 20:54:24,815 [ERROR] Engine:466 - C:\Users\furkan\.stm32cubemx\thirdparties\pdsc\STMicroelectronics.FP-SNS-STAIOTCFT.1.1.0.pdsc: PDSC version is not supported
2026-06-07 20:54:24,890 [INFO] WebApp:225 - Starting web application
2026-06-07 20:54:24,890 [INFO] WebApp:593 - Web application path used C:\ST\STM32CubeIDE_1.18.1\STM32CubeIDE\plugins\com.st.stm32cube.common.mx_6.14.1.202504091515\db\plugins\mcufinder\reactClient1\index.html
2026-06-07 20:54:25,176 [WARN] PackLoader:240 - Cannot read IP mode file for STMicroelectronics.X-CUBE-MEMS1.12.0.0
2026-06-07 20:54:25,749 [WARN] PackLoader:240 - Cannot read IP mode file for STMicroelectronics.X-CUBE-ALGOBUILD.1.3.0
2026-06-07 20:54:25,777 [WARN] PackLoader:240 - Cannot read IP mode file for STMicroelectronics.X-CUBE-AZRTOS-G0.1.1.0
2026-06-07 20:54:25,797 [WARN] PackLoader:240 - Cannot read IP mode file for STMicroelectronics.X-CUBE-SAFEA1.1.2.2
2026-06-07 20:54:25,811 [WARN] PackLoader:240 - Cannot read IP mode file for STMicroelectronics.X-CUBE-NFC4.3.0.0
2026-06-07 20:54:25,834 [WARN] PackLoader:240 - Cannot read IP mode file for EmbeddedOffice.I-CUBE-FS-RTOS.1.0.1
2026-06-07 20:54:25,845 [WARN] PackLoader:240 - Cannot read IP mode file for STMicroelectronics.X-CUBE-WB05N.2.0.0
2026-06-07 20:54:25,867 [WARN] PackLoader:240 - Cannot read IP mode file for STMicroelectronics.X-CUBE-BLEMGR.3.0.0
2026-06-07 20:54:25,899 [WARN] PackLoader:240 - Cannot read IP mode file for STMicroelectronics.X-CUBE-TCPP.4.2.0
2026-06-07 20:54:25,943 [WARN] PackLoader:240 - Cannot read IP mode file for RealThread.X-CUBE-RT-Thread_Nano.4.1.1
2026-06-07 20:54:25,951 [WARN] PackLoader:240 - Cannot read IP mode file for STMicroelectronics.FP-ATR-SIGFOX1.3.2.0
2026-06-07 20:54:25,968 [WARN] ConditionMgr:438 - getConditionDescription Invalid condition id : Cortex-A Device cause : null
2026-06-07 20:54:25,998 [WARN] ConditionMgr:1044 - genDependencies : Invalid condition id : Cortex-A Device cause : null
2026-06-07 20:54:26,001 [WARN] ConditionMgr:1044 - genDependencies : Invalid condition id : Cortex-A Device cause : null
2026-06-07 20:54:26,002 [WARN] ConditionMgr:1044 - genDependencies : Invalid condition id : Cortex-A Device cause : null
2026-06-07 20:54:26,014 [WARN] PackLoader:240 - Cannot read IP mode file for STMicroelectronics.X-CUBE-EEPRMA1.5.1.0
2026-06-07 20:54:26,020 [ERROR] Engine:466 - C:\Users\furkan\.stm32cubemx\thirdparties\pdsc\STMicroelectronics.X-CUBE-FREERTOS.1.5.0.pdsc: PDSC version is not supported
2026-06-07 20:54:26,033 [WARN] PackLoader:240 - Cannot read IP mode file for STMicroelectronics.X-CUBE-NFC6.3.2.0
2026-06-07 20:54:26,058 [WARN] PackLoader:240 - Cannot read IP mode file for STMicroelectronics.X-CUBE-ST67W61.1.0.0
2026-06-07 20:54:26,068 [WARN] PackLoader:240 - Cannot read IP mode file for STMicroelectronics.X-CUBE-AI.10.2.0
2026-06-07 20:54:26,131 [INFO] WebApp:191 - Connection restablished
2026-06-07 20:54:26,562 [WARN] PackLoader:240 - Cannot read IP mode file for STMicroelectronics.X-CUBE-MEMS1.12.1.0
2026-06-07 20:54:27,167 [INFO] UserAuth:484 - Internet connection configuration mode: 1
2026-06-07 20:54:27,386 [WARN] PackLoader:240 - Cannot read IP mode file for SEGGER.I-CUBE-embOS.1.3.1
2026-06-07 20:54:27,578 [WARN] PackLoader:240 - Cannot read IP mode file for STMicroelectronics.X-CUBE-ALGOBUILD.1.4.0
2026-06-07 20:54:27,951 [WARN] PackLoader:240 - Cannot read IP mode file for STMicroelectronics.X-CUBE-MEMS1.11.3.0
2026-06-07 20:54:28,333 [WARN] PackLoader:240 - Cannot read IP mode file for STMicroelectronics.X-CUBE-AI.9.1.0
2026-06-07 20:54:28,349 [WARN] PackLoader:240 - Cannot read IP mode file for STMicroelectronics.X-CUBE-PM33A1.1.0.0
2026-06-07 20:54:28,362 [WARN] PackLoader:240 - Cannot read IP mode file for STMicroelectronics.X-CUBE-GNSS1.6.0.0
2026-06-07 20:54:28,398 [WARN] PackLoader:240 - Cannot read IP mode file for STMicroelectronics.X-CUBE-AZRTOS-F4.1.1.0
2026-06-07 20:54:28,411 [WARN] PackLoader:240 - Cannot read IP mode file for Avnet-IotConnect.X-CUBE-IoTC-DA16k-PMOD.1.0.0
2026-06-07 20:54:28,419 [WARN] PackLoader:240 - Cannot read IP mode file for STMicroelectronics.X-CUBE-ISPU.2.1.0
2026-06-07 20:54:28,432 [ERROR] Engine:466 - C:\Users\furkan\.stm32cubemx\thirdparties\pdsc\STMicroelectronics.X-CUBE-IPS.3.2.0.pdsc: PDSC version is not supported
2026-06-07 20:54:28,441 [WARN] PackLoader:240 - Cannot read IP mode file for STMicroelectronics.eDS-WB_DPC_TT-BIDIR.2.1.1
2026-06-07 20:54:28,454 [WARN] PackLoader:240 - Cannot read IP mode file for STMicroelectronics.X-CUBE-FREERTOS.1.2.0
2026-06-07 20:54:28,462 [WARN] PackLoader:240 - Cannot read IP mode file for wolfSSL.I-CUBE-wolfSSL.5.6.6
2026-06-07 20:54:28,479 [WARN] PackLoader:240 - Cannot read IP mode file for STMicroelectronics.X-CUBE-NFC12.1.0.0
2026-06-07 20:54:28,536 [WARN] PackLoader:240 - Cannot read IP mode file for STMicroelectronics.X-CUBE-AZRTOS-L5.2.0.0
2026-06-07 20:54:28,573 [WARN] PackLoader:240 - Cannot read IP mode file for STMicroelectronics.X-CUBE-NFC6.3.1.0
2026-06-07 20:54:28,611 [WARN] PackLoader:240 - Cannot read IP mode file for ITTIA_DB.I-CUBE-ITTIADB.8.8.0
2026-06-07 20:54:28,640 [WARN] PackLoader:240 - Cannot read IP mode file for STMicroelectronics.X-CUBE-ALGOBUILD.1.5.0
2026-06-07 20:54:28,666 [WARN] PackLoader:240 - Cannot read IP mode file for STMicroelectronics.X-CUBE-DPower.1.2.0
2026-06-07 20:54:28,676 [WARN] PackLoader:240 - Cannot read IP mode file for STMicroelectronics.eDS-WB_DPC_VIENNA.1.2.0
2026-06-07 20:54:28,684 [WARN] PackLoader:240 - Cannot read IP mode file for STMicroelectronics.eDS-WB_DPC_3PH2L-BIDIR.1.1.1
2026-06-07 20:54:28,691 [WARN] PackLoader:240 - Cannot read IP mode file for STMicroelectronics.X-CUBE-AI.9.0.0
2026-06-07 20:54:28,702 [ERROR] Engine:466 - C:\Users\furkan\.stm32cubemx\thirdparties\pdsc\STMicroelectronics.X-CUBE-ST67W61.1.3.0.pdsc: PDSC version is not supported
2026-06-07 20:54:28,711 [WARN] PackLoader:240 - Cannot read IP mode file for STMicroelectronics.X-CUBE-FREERTOS.1.3.1
2026-06-07 20:54:28,720 [WARN] PackLoader:240 - Cannot read IP mode file for STMicroelectronics.X-CUBE-FREERTOS.1.3.0
2026-06-07 20:54:28,729 [WARN] PackLoader:240 - Cannot read IP mode file for STMicroelectronics.X-CUBE-NFC7.1.0.1
2026-06-07 20:54:28,735 [WARN] PackLoader:240 - Cannot read IP mode file for wolfSSL.I-CUBE-wolfTPM.3.2.0
2026-06-07 20:54:28,739 [WARN] PackLoader:240 - Cannot read IP mode file for STMicroelectronics.X-CUBE-TOUCHGFX.4.26.0
2026-06-07 20:54:28,757 [WARN] PackLoader:240 - Cannot read IP mode file for STMicroelectronics.X-CUBE-NFC6.3.0.0
2026-06-07 20:54:28,767 [WARN] PackLoader:240 - Cannot read IP mode file for STMicroelectronics.X-CUBE-TOUCHGFX.4.26.1
2026-06-07 20:54:28,773 [WARN] PackLoader:240 - Cannot read IP mode file for STMicroelectronics.FP-SNS-STAIOTCFT.1.0.0
2026-06-07 20:54:28,781 [WARN] PackLoader:240 - Cannot read IP mode file for STMicroelectronics.X-CUBE-DPower.1.3.0
2026-06-07 20:54:28,786 [WARN] PackLoader:240 - Cannot read IP mode file for STMicroelectronics.X-CUBE-AI.8.1.0
2026-06-07 20:54:28,812 [WARN] ConditionMgr:438 - getConditionDescription Invalid condition id : LAN8742 Phy interface Condition cause : null
2026-06-07 20:54:28,814 [WARN] PackLoader:240 - Cannot read IP mode file for STMicroelectronics.X-CUBE-AZRTOS-L4.2.0.0
2026-06-07 20:54:28,815 [WARN] ConditionMgr:1044 - genDependencies : Invalid condition id : LAN8742 Phy interface Condition cause : null
2026-06-07 20:54:28,815 [WARN] ConditionMgr:1044 - genDependencies : Invalid condition id : LAN8742 Phy interface Condition cause : null
2026-06-07 20:54:28,816 [WARN] ConditionMgr:1044 - genDependencies : Invalid condition id : LAN8742 Phy interface Condition cause : null
2026-06-07 20:54:28,826 [WARN] PackLoader:240 - Cannot read IP mode file for STMicroelectronics.X-CUBE-SFXS2LP1.4.0.0
2026-06-07 20:54:28,832 [WARN] PackLoader:240 - Cannot read IP mode file for STMicroelectronics.X-CUBE-WB05N.2.1.0
2026-06-07 20:54:28,837 [ERROR] Engine:466 - C:\Users\furkan\.stm32cubemx\thirdparties\pdsc\STMicroelectronics.X-CUBE-ST67W61.1.2.0.pdsc: PDSC version is not supported
2026-06-07 20:54:28,864 [WARN] PackLoader:240 - Cannot read IP mode file for STMicroelectronics.X-CUBE-AZRTOS-H7.3.3.0
2026-06-07 20:54:28,894 [WARN] PackLoader:240 - Cannot read IP mode file for STMicroelectronics.X-CUBE-BLEMGR.4.1.0
2026-06-07 20:54:28,914 [WARN] PackLoader:240 - Cannot read IP mode file for STMicroelectronics.X-CUBE-IPS.3.0.0
2026-06-07 20:54:28,933 [WARN] ConditionMgr:438 - getConditionDescription Invalid condition id : UX DEVICE CLASS RTOS Condition cause : null
2026-06-07 20:54:28,933 [WARN] ConditionMgr:438 - getConditionDescription Invalid condition id : UX DEVICE CLASS RTOS Condition cause : null
2026-06-07 20:54:28,936 [WARN] PackLoader:240 - Cannot read IP mode file for STMicroelectronics.X-CUBE-AZRTOS-WB.2.0.0
2026-06-07 20:54:28,937 [WARN] ConditionMgr:1044 - genDependencies : Invalid condition id : UX DEVICE CLASS RTOS Condition cause : null
2026-06-07 20:54:28,937 [WARN] ConditionMgr:1044 - genDependencies : Invalid condition id : UX DEVICE CLASS RTOS Condition cause : null
2026-06-07 20:54:28,937 [WARN] ConditionMgr:1044 - genDependencies : Invalid condition id : UX DEVICE CLASS RTOS Condition cause : null
2026-06-07 20:54:28,938 [WARN] ConditionMgr:1044 - genDependencies : Invalid condition id : UX DEVICE CLASS RTOS Condition cause : null
2026-06-07 20:54:28,938 [WARN] ConditionMgr:1044 - genDependencies : Invalid condition id : UX DEVICE CLASS RTOS Condition cause : null
2026-06-07 20:54:28,946 [WARN] PackLoader:240 - Cannot read IP mode file for STMicroelectronics.X-CUBE-GNSS1.7.0.0
2026-06-07 20:54:28,953 [WARN] PackLoader:240 - Cannot read IP mode file for STMicroelectronics.X-CUBE-GNSS1.7.0.1
2026-06-07 20:54:28,959 [WARN] PackLoader:240 - Cannot read IP mode file for STMicroelectronics.X-CUBE-TOUCHGFX.4.25.0
2026-06-07 20:54:28,966 [WARN] PackLoader:240 - Cannot read IP mode file for STMicroelectronics.FP-SNS-STBOX1.2.0.0
2026-06-07 20:54:28,977 [WARN] PackLoader:240 - Cannot read IP mode file for STMicroelectronics.X-CUBE-STSE01.2.0.0
2026-06-07 20:54:28,990 [WARN] PackLoader:240 - Cannot read IP mode file for STMicroelectronics.X-CUBE-SUBG2.5.0.0
2026-06-07 20:54:29,036 [WARN] PackLoader:240 - Cannot read IP mode file for STMicroelectronics.X-CUBE-AZRTOS-H7RS.1.1.0
2026-06-07 20:54:29,052 [WARN] PackLoader:240 - Cannot read IP mode file for Cesanta.I-CUBE-Mongoose.7.13.0
2026-06-07 20:54:29,091 [WARN] PackLoader:240 - Cannot read IP mode file for STMicroelectronics.X-CUBE-AZRTOS-G4.2.0.0
2026-06-07 20:54:29,133 [WARN] PackLoader:240 - Cannot read IP mode file for Infineon.AIROC-Wi-Fi-Bluetooth-STM32.1.5.1
2026-06-07 20:54:29,155 [WARN] PackLoader:240 - Cannot read IP mode file for STMicroelectronics.X-CUBE-NFC7.2.0.0
2026-06-07 20:54:29,166 [WARN] PackLoader:240 - Cannot read IP mode file for STMicroelectronics.FP-SNS-MOTENVWB1.1.3.1
2026-06-07 20:54:29,176 [WARN] PackLoader:240 - Cannot read IP mode file for STMicroelectronics.X-CUBE-ISPU.2.0.0
2026-06-07 20:54:29,198 [WARN] PackLoader:240 - Cannot read IP mode file for STMicroelectronics.X-CUBE-IPS.3.1.0
2026-06-07 20:54:29,223 [WARN] PackLoader:240 - Cannot read IP mode file for STMicroelectronics.X-CUBE-ALS.1.0.2
2026-06-07 20:54:29,301 [WARN] PackLoader:240 - Cannot read IP mode file for STMicroelectronics.X-CUBE-MEMS1.10.0.0
2026-06-07 20:54:29,600 [WARN] PackLoader:240 - Cannot read IP mode file for STMicroelectronics.X-CUBE-FREERTOS.1.1.0
2026-06-07 20:54:29,609 [WARN] PackLoader:240 - Cannot read IP mode file for STMicroelectronics.X-CUBE-TOUCHGFX.4.24.0
2026-06-07 20:54:29,615 [WARN] PackLoader:240 - Cannot read IP mode file for STMicroelectronics.X-CUBE-TOUCHGFX.4.24.1
2026-06-07 20:54:29,628 [WARN] PackLoader:240 - Cannot read IP mode file for STMicroelectronics.X-CUBE-STSE01.1.0.0
2026-06-07 20:54:29,649 [WARN] PackLoader:240 - Cannot read IP mode file for portGmbH.I-Cube-SoM-uGOAL.1.1.0
2026-06-07 20:54:29,656 [WARN] PackLoader:240 - Cannot read IP mode file for STMicroelectronics.X-CUBE-ALS.1.0.1
2026-06-07 20:54:29,698 [WARN] PackLoader:240 - Cannot read IP mode file for STMicroelectronics.X-CUBE-AZRTOS-H7RS.1.0.0
2026-06-07 20:54:29,708 [WARN] PackLoader:240 - Cannot read IP mode file for STMicroelectronics.FP-ATR-ASTRA1.2.0.0
2026-06-07 20:54:29,730 [WARN] PackLoader:240 - Cannot read IP mode file for STMicroelectronics.X-CUBE-TOF1.3.4.2
2026-06-07 20:54:29,769 [WARN] PackLoader:240 - Cannot read IP mode file for STMicroelectronics.X-CUBE-TOF1.3.4.3
2026-06-07 20:54:29,809 [WARN] PackLoader:240 - Cannot read IP mode file for STMicroelectronics.X-CUBE-TOF1.3.4.0
2026-06-07 20:54:29,864 [WARN] PackLoader:240 - Cannot read IP mode file for STMicroelectronics.X-CUBE-TOF1.3.4.1
2026-06-07 20:54:29,941 [WARN] PackLoader:240 - Cannot read IP mode file for STMicroelectronics.X-CUBE-AZRTOS-H7.3.2.0
2026-06-07 20:54:29,964 [WARN] PackLoader:240 - Cannot read IP mode file for wolfSSL.I-CUBE-wolfSSH.1.4.17
2026-06-07 20:54:29,966 [INFO] ThirdParty:978 - Integrity check success = true
2026-06-07 20:54:29,966 [INFO] IntegrityCheckThread:100 - exiting critical section [integrity check]
2026-06-07 20:54:29,966 [INFO] IntegrityCheckThread:103 - End integrity checks thread
2026-06-07 22:24:17,469 [INFO] WebApp:194 - Connection lost
2026-06-07 22:24:22,795 [INFO] WebApp:191 - Connection restablished
2026-06-07 23:21:12,907 [INFO] WebApp:194 - Connection lost
2026-06-07 23:21:18,264 [INFO] WebApp:191 - Connection restablished
2026-06-07 23:21:46,377 [ERROR] LogOutputStream:75 - [STDERR_REDIRECT] 
2026-06-07 23:21:46,384 [ERROR] LogOutputStream:75 - [STDERR_REDIRECT] 
