2026-06-13 13:21:08,374 [INFO] Activator:176 - 


2026-06-13 13:21:08,380 [INFO] Activator:177 - !SESSION log4j initialized
2026-06-13 13:21:14,997 [INFO] LogOutputStream:77 - [STDOUT_REDIRECT] 
2026-06-13 13:21:15,863 [INFO] ApplicationProperties:184 - Using Application install path: C:\ST\STM32CubeIDE_1.18.1\STM32CubeIDE\plugins\com.st.stm32cube.common.mx_6.14.1.202504091515
2026-06-13 13:21:15,877 [INFO] DbMcusXml:78 - Set database path to: C:\ST\STM32CubeIDE_1.18.1\STM32CubeIDE\plugins\com.st.stm32cube.common.mx_6.14.1.202504091515\\db\/mcu/
2026-06-13 13:21:15,879 [INFO] ApiDb:274 - Set plugin database path to: C:\ST\STM32CubeIDE_1.18.1\STM32CubeIDE\plugins\com.st.stm32cube.common.mx_6.14.1.202504091515\\db\/plugins/boardmanager/
2026-06-13 13:21:15,879 [WARN] ApiDb:259 - Overriding images path with different value:  => C:\ST\STM32CubeIDE_1.18.1\STM32CubeIDE\plugins\com.st.stm32cube.common.mx_6.14.1.202504091515\\db\/plugins/mcufinder/images/
2026-06-13 13:21:15,889 [INFO] ApiDb:250 - Set database path to: C:\Users\furkan\.stmcufinder\plugins\mcufinder//mcu/
2026-06-13 13:21:15,891 [INFO] DbMcusAds:125 - Set database path to: C:\Users\furkan\.stmcufinder\plugins\mcufinder//mcu/
2026-06-13 13:21:15,892 [INFO] CrossReferenceDbSqlite:203 - Set database path to: C:\Users\furkan\.stmcufinder\plugins\mcufinder//mcu/cs/
2026-06-13 13:21:15,993 [INFO] RulesReader:64 - Compatibility file has been processed (302 Rules)
2026-06-13 13:21:16,064 [INFO] DbMcusXml:78 - Set database path to: C:\ST\STM32CubeIDE_1.18.1\STM32CubeIDE\plugins\com.st.stm32cube.common.mx_6.14.1.202504091515\\db\/mcu/
2026-06-13 13:21:16,064 [INFO] ApiDb:274 - Set plugin database path to: C:\ST\STM32CubeIDE_1.18.1\STM32CubeIDE\plugins\com.st.stm32cube.common.mx_6.14.1.202504091515\\db\/plugins/boardmanager/
2026-06-13 13:21:16,064 [INFO] ApiDb:261 - Set plugin images path to: C:\ST\STM32CubeIDE_1.18.1\STM32CubeIDE\plugins\com.st.stm32cube.common.mx_6.14.1.202504091515\\db\/plugins/mcufinder/images/
2026-06-13 13:21:16,065 [WARN] DbFile:41 - Overriding database path with different value: C:\Users\furkan\.stmcufinder\plugins\mcufinder/ => C:\Users\furkan\.stmcufinder\plugins\mcufinder
2026-06-13 13:21:16,065 [INFO] ApiDb:250 - Set database path to: C:\Users\furkan\.stmcufinder\plugins\mcufinder//mcu/
2026-06-13 13:21:16,065 [WARN] DbFile:41 - Overriding database path with different value: C:\Users\furkan\.stmcufinder\plugins\mcufinder/ => C:\Users\furkan\.stmcufinder\plugins\mcufinder
2026-06-13 13:21:16,065 [INFO] DbMcusAds:125 - Set database path to: C:\Users\furkan\.stmcufinder\plugins\mcufinder//mcu/
2026-06-13 13:21:16,065 [WARN] DbFile:41 - Overriding database path with different value: C:\Users\furkan\.stmcufinder\plugins\mcufinder/ => C:\Users\furkan\.stmcufinder\plugins\mcufinder
2026-06-13 13:21:16,065 [WARN] DbFile:41 - Overriding database path with different value: C:\Users\furkan\.stmcufinder\plugins\mcufinder/ => C:\Users\furkan\.stmcufinder\plugins\mcufinder
2026-06-13 13:21:16,065 [INFO] CrossReferenceDbSqlite:203 - Set database path to: C:\Users\furkan\.stmcufinder\plugins\mcufinder//mcu/cs/
2026-06-13 13:21:16,132 [INFO] MainPanel:272 - HeapMemory: 268435456
2026-06-13 13:21:16,222 [INFO] DbMcusXml:78 - Set database path to: C:\ST\STM32CubeIDE_1.18.1\STM32CubeIDE\plugins\com.st.stm32cube.common.mx_6.14.1.202504091515\\db\/mcu/
2026-06-13 13:21:16,222 [INFO] ApiDb:274 - Set plugin database path to: C:\ST\STM32CubeIDE_1.18.1\STM32CubeIDE\plugins\com.st.stm32cube.common.mx_6.14.1.202504091515\\db\/plugins/boardmanager/
2026-06-13 13:21:16,222 [INFO] ApiDb:261 - Set plugin images path to: C:\ST\STM32CubeIDE_1.18.1\STM32CubeIDE\plugins\com.st.stm32cube.common.mx_6.14.1.202504091515\\db\/plugins/mcufinder/images/
2026-06-13 13:21:16,223 [WARN] DbFile:41 - Overriding database path with different value: C:\Users\furkan\.stmcufinder\plugins\mcufinder/ => C:\Users\furkan\.stmcufinder\plugins\mcufinder
2026-06-13 13:21:16,223 [INFO] ApiDb:250 - Set database path to: C:\Users\furkan\.stmcufinder\plugins\mcufinder//mcu/
2026-06-13 13:21:16,223 [WARN] DbFile:41 - Overriding database path with different value: C:\Users\furkan\.stmcufinder\plugins\mcufinder/ => C:\Users\furkan\.stmcufinder\plugins\mcufinder
2026-06-13 13:21:16,223 [INFO] DbMcusAds:125 - Set database path to: C:\Users\furkan\.stmcufinder\plugins\mcufinder//mcu/
2026-06-13 13:21:16,223 [WARN] DbFile:41 - Overriding database path with different value: C:\Users\furkan\.stmcufinder\plugins\mcufinder/ => C:\Users\furkan\.stmcufinder\plugins\mcufinder
2026-06-13 13:21:16,223 [WARN] DbFile:41 - Overriding database path with different value: C:\Users\furkan\.stmcufinder\plugins\mcufinder/ => C:\Users\furkan\.stmcufinder\plugins\mcufinder
2026-06-13 13:21:16,223 [INFO] CrossReferenceDbSqlite:203 - Set database path to: C:\Users\furkan\.stmcufinder\plugins\mcufinder//mcu/cs/
2026-06-13 13:21:16,237 [INFO] ApplicationProperties:184 - Using Application install path: C:\ST\STM32CubeIDE_1.18.1\STM32CubeIDE\plugins\com.st.stm32cube.common.mx_6.14.1.202504091515
2026-06-13 13:21:16,238 [INFO] PluginManage:196 - Search for loadable plugins [exclusion list=, ]
2026-06-13 13:21:16,239 [INFO] PluginManage:310 - Check plugin analytics
2026-06-13 13:21:16,392 [INFO] AnalyticsPlugin:253 - Accepted Software Licenses: 
2026-06-13 13:21:16,392 [INFO] AnalyticsPlugin:255 - Accepted CMSIS Pack Licenses: 
2026-06-13 13:21:16,392 [INFO] AnalyticsPlugin:257 - Accepted Firmware Licenses: FW.F4.1.28.0,FW.F7.1.17.0
2026-06-13 13:21:16,394 [INFO] PluginManage:359 - Loaded plugin analytics (category:tool,tabindex:-1)
2026-06-13 13:21:16,394 [INFO] PluginManage:310 - Check plugin cadmodel
2026-06-13 13:21:16,399 [INFO] CADModel:105 - Init CAD model plugin
2026-06-13 13:21:16,400 [INFO] PluginManage:359 - Loaded plugin cadmodel (category:power,tabindex:5)
2026-06-13 13:21:16,400 [INFO] PluginManage:310 - Check plugin clock
2026-06-13 13:21:16,409 [INFO] PluginManage:359 - Loaded plugin clock (category:base,tabindex:2)
2026-06-13 13:21:16,409 [INFO] PluginManage:310 - Check plugin ddr
2026-06-13 13:21:16,412 [INFO] PluginManage:359 - Loaded plugin ddr (category:tool,tabindex:6)
2026-06-13 13:21:16,413 [INFO] PluginManage:310 - Check plugin filemanager
2026-06-13 13:21:16,531 [INFO] PluginManage:359 - Loaded plugin filemanager (category:base,tabindex:10)
2026-06-13 13:21:16,531 [INFO] PluginManage:310 - Check plugin ipmanager
2026-06-13 13:21:16,537 [INFO] PluginManage:359 - Loaded plugin ipmanager (category:base,tabindex:5)
2026-06-13 13:21:16,537 [INFO] PluginManage:310 - Check plugin lpbam
2026-06-13 13:21:16,544 [INFO] PluginManage:359 - Loaded plugin lpbam (category:base,tabindex:0)
2026-06-13 13:21:16,544 [INFO] PluginManage:310 - Check plugin memorymap
2026-06-13 13:21:16,557 [INFO] PluginManage:359 - Loaded plugin memorymap (category:base,tabindex:4)
2026-06-13 13:21:16,557 [INFO] PluginManage:310 - Check plugin pinoutandconfiguration
2026-06-13 13:21:16,565 [INFO] PluginManage:359 - Loaded plugin pinoutandconfiguration (category:base,tabindex:1)
2026-06-13 13:21:16,565 [INFO] PluginManage:310 - Check plugin pinoutconfig
2026-06-13 13:21:16,646 [WARN] SupportedApi:132 - Cannot load RTOS API schema: s4s-elt-must-match.1: The content of 'definitions' must match (annotation?, (simpleType | complexType)?, (unique | key | keyref)*)). A problem was found starting at: attribute.
2026-06-13 13:21:16,766 [INFO] PluginManage:359 - Loaded plugin pinoutconfig (category:base,tabindex:0)
2026-06-13 13:21:16,766 [INFO] PluginManage:310 - Check plugin power
2026-06-13 13:21:16,786 [INFO] PluginManage:359 - Loaded plugin power (category:power,tabindex:4)
2026-06-13 13:21:16,786 [INFO] PluginManage:310 - Check plugin projectmanager
2026-06-13 13:21:16,802 [INFO] PluginManage:359 - Loaded plugin projectmanager (category:projectmanager,tabindex:4)
2026-06-13 13:21:16,802 [INFO] PluginManage:310 - Check plugin rif
2026-06-13 13:21:16,810 [INFO] PluginManage:359 - Loaded plugin rif (category:base,tabindex:3)
2026-06-13 13:21:16,810 [INFO] PluginManage:310 - Check plugin thirdparty
2026-06-13 13:21:16,936 [INFO] PluginManage:359 - Loaded plugin thirdparty (category:base,tabindex:-1)
2026-06-13 13:21:16,936 [WARN] IntegrityCheckThread:84 - waiting for thirdparty lock release [integrity check]
2026-06-13 13:21:16,936 [INFO] PluginManage:310 - Check plugin tools
2026-06-13 13:21:16,936 [INFO] IntegrityCheckThread:86 - entering critical section [integrity check]
2026-06-13 13:21:16,936 [INFO] ThirdPartyUpdaterWithRetryManager:70 - Updater plugin not ready yet. [1/15]
2026-06-13 13:21:16,938 [INFO] PluginManage:359 - Loaded plugin tools (category:base,tabindex:7)
2026-06-13 13:21:16,938 [INFO] PluginManage:310 - Check plugin tutovideos
2026-06-13 13:21:17,088 [INFO] PluginManage:359 - Loaded plugin tutovideos (category:base,tabindex:-1)
2026-06-13 13:21:17,088 [INFO] PluginManage:310 - Check plugin updater
2026-06-13 13:21:17,106 [INFO] PluginManage:359 - Loaded plugin updater (category:base,tabindex:12)
2026-06-13 13:21:17,106 [INFO] PluginManage:310 - Check plugin userauth
2026-06-13 13:21:17,110 [INFO] UserAuth:118 - Init User Auth plugin
2026-06-13 13:21:17,111 [INFO] PluginManage:359 - Loaded plugin userauth (category:base,tabindex:14)
2026-06-13 13:21:17,112 [INFO] PluginManage:283 - PluginManage : Loaded plugins [18]
2026-06-13 13:21:17,278 [INFO] PinOutPanel:1589 - setPackage(No Configuration,No Configuration)
2026-06-13 13:21:17,345 [INFO] CADModel:165 - CPN selected for project level
2026-06-13 13:21:17,345 [INFO] CADModel:114 - Register for checkConnection events
2026-06-13 13:21:17,359 [INFO] IPUIPlugin:80 - create IPUIPlugin
2026-06-13 13:21:17,360 [INFO] PluginManager:220 - loadIPPluginJar : add adc
2026-06-13 13:21:17,362 [INFO] IPUIPlugin:80 - create IPUIPlugin
2026-06-13 13:21:17,362 [INFO] PluginManager:220 - loadIPPluginJar : add aes
2026-06-13 13:21:17,364 [INFO] IPUIPlugin:80 - create IPUIPlugin
2026-06-13 13:21:17,365 [INFO] PluginManager:220 - loadIPPluginJar : add can
2026-06-13 13:21:17,367 [INFO] IPUIPlugin:80 - create IPUIPlugin
2026-06-13 13:21:17,367 [INFO] PluginManager:220 - loadIPPluginJar : add comp
2026-06-13 13:21:17,369 [INFO] IPUIPlugin:80 - create IPUIPlugin
2026-06-13 13:21:17,369 [INFO] PluginManager:220 - loadIPPluginJar : add cryp
2026-06-13 13:21:17,371 [INFO] IPUIPlugin:80 - create IPUIPlugin
2026-06-13 13:21:17,371 [INFO] PluginManager:220 - loadIPPluginJar : add ddr_ctrl_phy
2026-06-13 13:21:17,375 [INFO] IPUIPlugin:80 - create IPUIPlugin
2026-06-13 13:21:17,375 [INFO] PluginManager:220 - loadIPPluginJar : add dfsdm
2026-06-13 13:21:17,379 [INFO] IPUIPlugin:80 - create IPUIPlugin
2026-06-13 13:21:17,379 [INFO] PluginManager:220 - loadIPPluginJar : add dma
2026-06-13 13:21:17,381 [INFO] IPUIPlugin:80 - create IPUIPlugin
2026-06-13 13:21:17,381 [INFO] PluginManager:220 - loadIPPluginJar : add dma3
2026-06-13 13:21:17,384 [INFO] IPUIPlugin:80 - create IPUIPlugin
2026-06-13 13:21:17,385 [INFO] PluginManager:220 - loadIPPluginJar : add extmemmanager
2026-06-13 13:21:17,386 [INFO] IPUIPlugin:80 - create IPUIPlugin
2026-06-13 13:21:17,386 [INFO] PluginManager:220 - loadIPPluginJar : add fatfs
2026-06-13 13:21:17,389 [INFO] IPUIPlugin:80 - create IPUIPlugin
2026-06-13 13:21:17,389 [INFO] PluginManager:220 - loadIPPluginJar : add fmc
2026-06-13 13:21:17,395 [INFO] IPUIPlugin:80 - create IPUIPlugin
2026-06-13 13:21:17,396 [INFO] PluginManager:220 - loadIPPluginJar : add freertos
2026-06-13 13:21:17,397 [INFO] IPUIPlugin:80 - create IPUIPlugin
2026-06-13 13:21:17,397 [INFO] PluginManager:220 - loadIPPluginJar : add genericplugin
2026-06-13 13:21:17,399 [INFO] IPUIPlugin:80 - create IPUIPlugin
2026-06-13 13:21:17,400 [INFO] PluginManager:220 - loadIPPluginJar : add gfxmmu
2026-06-13 13:21:17,404 [INFO] IPUIPlugin:80 - create IPUIPlugin
2026-06-13 13:21:17,404 [INFO] PluginManager:220 - loadIPPluginJar : add gic
2026-06-13 13:21:17,407 [INFO] IPUIPlugin:80 - create IPUIPlugin
2026-06-13 13:21:17,407 [INFO] PluginManager:220 - loadIPPluginJar : add gpio
2026-06-13 13:21:17,409 [INFO] IPUIPlugin:80 - create IPUIPlugin
2026-06-13 13:21:17,411 [INFO] PluginManager:220 - loadIPPluginJar : add gtzc
2026-06-13 13:21:17,412 [INFO] IPUIPlugin:80 - create IPUIPlugin
2026-06-13 13:21:17,412 [INFO] PluginManager:220 - loadIPPluginJar : add hash
2026-06-13 13:21:17,416 [INFO] IPUIPlugin:80 - create IPUIPlugin
2026-06-13 13:21:17,416 [INFO] PluginManager:220 - loadIPPluginJar : add i2c
2026-06-13 13:21:17,418 [INFO] IPUIPlugin:80 - create IPUIPlugin
2026-06-13 13:21:17,419 [INFO] PluginManager:220 - loadIPPluginJar : add i2s
2026-06-13 13:21:17,422 [INFO] IPUIPlugin:80 - create IPUIPlugin
2026-06-13 13:21:17,422 [INFO] PluginManager:220 - loadIPPluginJar : add i3c
2026-06-13 13:21:17,426 [INFO] IPUIPlugin:80 - create IPUIPlugin
2026-06-13 13:21:17,426 [INFO] PluginManager:220 - loadIPPluginJar : add ipddr
2026-06-13 13:21:17,431 [INFO] IPUIPlugin:80 - create IPUIPlugin
2026-06-13 13:21:17,431 [INFO] PluginManager:220 - loadIPPluginJar : add linkedlist
2026-06-13 13:21:17,434 [INFO] IPUIPlugin:80 - create IPUIPlugin
2026-06-13 13:21:17,434 [INFO] PluginManager:220 - loadIPPluginJar : add lorawan
2026-06-13 13:21:17,437 [INFO] IPUIPlugin:80 - create IPUIPlugin
2026-06-13 13:21:17,437 [INFO] PluginManager:220 - loadIPPluginJar : add ltdc
2026-06-13 13:21:17,441 [INFO] IPUIPlugin:80 - create IPUIPlugin
2026-06-13 13:21:17,442 [INFO] PluginManager:220 - loadIPPluginJar : add mdma
2026-06-13 13:21:17,444 [INFO] IPUIPlugin:80 - create IPUIPlugin
2026-06-13 13:21:17,444 [INFO] PluginManager:220 - loadIPPluginJar : add nvic
2026-06-13 13:21:17,448 [INFO] IPUIPlugin:80 - create IPUIPlugin
2026-06-13 13:21:17,448 [INFO] PluginManager:220 - loadIPPluginJar : add opamp
2026-06-13 13:21:17,451 [INFO] IPUIPlugin:80 - create IPUIPlugin
2026-06-13 13:21:17,451 [INFO] PluginManager:220 - loadIPPluginJar : add openamp
2026-06-13 13:21:17,454 [INFO] IPUIPlugin:80 - create IPUIPlugin
2026-06-13 13:21:17,454 [INFO] PluginManager:220 - loadIPPluginJar : add pdm2pcm
2026-06-13 13:21:17,459 [INFO] IPUIPlugin:80 - create IPUIPlugin
2026-06-13 13:21:17,460 [INFO] PluginManager:220 - loadIPPluginJar : add plateformsettings
2026-06-13 13:21:17,462 [INFO] IPUIPlugin:80 - create IPUIPlugin
2026-06-13 13:21:17,462 [INFO] PluginManager:220 - loadIPPluginJar : add quadspi
2026-06-13 13:21:17,464 [INFO] IPUIPlugin:80 - create IPUIPlugin
2026-06-13 13:21:17,465 [INFO] PluginManager:220 - loadIPPluginJar : add radio
2026-06-13 13:21:17,468 [INFO] IPUIPlugin:80 - create IPUIPlugin
2026-06-13 13:21:17,468 [INFO] PluginManager:220 - loadIPPluginJar : add resmgrutility
2026-06-13 13:21:17,471 [INFO] IPUIPlugin:80 - create IPUIPlugin
2026-06-13 13:21:17,471 [INFO] PluginManager:220 - loadIPPluginJar : add sai
2026-06-13 13:21:17,474 [INFO] IPUIPlugin:80 - create IPUIPlugin
2026-06-13 13:21:17,474 [INFO] PluginManager:220 - loadIPPluginJar : add spi
2026-06-13 13:21:17,479 [INFO] IPUIPlugin:80 - create IPUIPlugin
2026-06-13 13:21:17,479 [INFO] PluginManager:220 - loadIPPluginJar : add stm32_wpan
2026-06-13 13:21:17,481 [INFO] IPUIPlugin:80 - create IPUIPlugin
2026-06-13 13:21:17,481 [INFO] PluginManager:220 - loadIPPluginJar : add tim
2026-06-13 13:21:17,483 [INFO] IPUIPlugin:80 - create IPUIPlugin
2026-06-13 13:21:17,484 [INFO] PluginManager:220 - loadIPPluginJar : add touchsensing
2026-06-13 13:21:17,485 [INFO] IPUIPlugin:80 - create IPUIPlugin
2026-06-13 13:21:17,485 [INFO] PluginManager:220 - loadIPPluginJar : add tracer_emb
2026-06-13 13:21:17,487 [INFO] IPUIPlugin:80 - create IPUIPlugin
2026-06-13 13:21:17,487 [INFO] PluginManager:220 - loadIPPluginJar : add ts
2026-06-13 13:21:17,490 [INFO] IPUIPlugin:80 - create IPUIPlugin
2026-06-13 13:21:17,490 [INFO] PluginManager:220 - loadIPPluginJar : add tsc
2026-06-13 13:21:17,491 [INFO] IPUIPlugin:80 - create IPUIPlugin
2026-06-13 13:21:17,491 [INFO] PluginManager:220 - loadIPPluginJar : add ucpd
2026-06-13 13:21:17,494 [INFO] IPUIPlugin:80 - create IPUIPlugin
2026-06-13 13:21:17,494 [INFO] PluginManager:220 - loadIPPluginJar : add usart
2026-06-13 13:21:17,497 [INFO] IPUIPlugin:80 - create IPUIPlugin
2026-06-13 13:21:17,497 [INFO] PluginManager:220 - loadIPPluginJar : add usbx
2026-06-13 13:21:17,613 [FATAL] Updater:351 - Updater called before beeing initialized
2026-06-13 13:21:17,635 [INFO] RulesReader:64 - Compatibility file has been processed (302 Rules)
2026-06-13 13:21:17,645 [INFO] RulesReader:64 - Compatibility file has been processed (302 Rules)
2026-06-13 13:21:17,651 [INFO] CADModel:165 - CPN selected for project level
2026-06-13 13:21:17,651 [INFO] CADModel:114 - Register for checkConnection events
2026-06-13 13:21:17,651 [FATAL] Updater:351 - Updater called before beeing initialized
2026-06-13 13:21:17,651 [ERROR] CADModel:125 - Updater not yet initialized, retry later 
2026-06-13 13:21:17,767 [FATAL] Updater:351 - Updater called before beeing initialized
2026-06-13 13:21:17,769 [INFO] CADModel:165 - CPN selected for project level
2026-06-13 13:21:17,769 [INFO] CADModel:114 - Register for checkConnection events
2026-06-13 13:21:17,769 [FATAL] Updater:351 - Updater called before beeing initialized
2026-06-13 13:21:17,769 [ERROR] CADModel:125 - Updater not yet initialized, retry later 
2026-06-13 13:21:17,772 [FATAL] Updater:351 - Updater called before beeing initialized
2026-06-13 13:21:17,854 [FATAL] Updater:351 - Updater called before beeing initialized
2026-06-13 13:21:17,858 [INFO] DbMcusAds:53 - JSON generation date=Thu May 28 19:08:17 TRT 2026 (1779984497073)
2026-06-13 13:21:17,858 [FATAL] Updater:351 - Updater called before beeing initialized
2026-06-13 13:21:17,891 [WARN] DetailPanel:346 - Failed to get advertising image, set to default
2026-06-13 13:21:18,106 [FATAL] Updater:351 - Updater called before beeing initialized
2026-06-13 13:21:18,108 [FATAL] Updater:351 - Updater called before beeing initialized
2026-06-13 13:21:18,108 [FATAL] Updater:351 - Updater called before beeing initialized
2026-06-13 13:21:18,108 [WARN] DetailPanel:346 - Failed to get advertising image, set to default
2026-06-13 13:21:18,109 [FATAL] Updater:351 - Updater called before beeing initialized
2026-06-13 13:21:18,146 [ERROR] Updater:1198 - MainUpdater not yet initialized. External WinMGr cannot be set.
2026-06-13 13:21:18,147 [INFO] Updater:1134 - Updater Version found : 6.14.1
2026-06-13 13:21:18,163 [INFO] ApplicationProperties:184 - Using Application install path: C:\ST\STM32CubeIDE_1.18.1\STM32CubeIDE\plugins\com.st.stm32cube.common.mx_6.14.1.202504091515
2026-06-13 13:21:19,746 [ERROR] LogOutputStream:75 - [STDERR_REDIRECT] Jun 13, 2026 1:21:19 PM java.util.prefs.WindowsPreferences <init>
2026-06-13 13:21:19,750 [ERROR] LogOutputStream:75 - [STDERR_REDIRECT] WARNING: Could not open/create prefs root node Software\JavaSoft\Prefs at root 0xffffffff80000002. Windows RegCreateKeyEx(...) returned error code 5.
2026-06-13 13:21:19,750 [ERROR] LogOutputStream:75 - [STDERR_REDIRECT] 
2026-06-13 13:21:19,939 [INFO] ThirdPartyUpdaterWithRetryManager:70 - Updater plugin not ready yet. [2/15]
2026-06-13 13:21:20,290 [INFO] MainUpdater:2872 - connection check result : 10
2026-06-13 13:21:20,291 [INFO] MainUpdater:289 - Updater Check For Update Now.
2026-06-13 13:21:20,292 [INFO] MicroXplorer:498 - Change Database Version : DB.6.0.141
2026-06-13 13:21:20,298 [INFO] McuFinderGlobals:63 - Set McuFinder mode to 2 (CubeIDE integrated)
2026-06-13 13:21:20,300 [INFO] UserAuth:484 - Internet connection configuration mode: 1
2026-06-13 13:21:20,321 [INFO] JxBrowserEngine:152 - Initiate JxBrowser Engine with user profile folder
2026-06-13 13:21:20,504 [INFO] CheckServerUpdateThread:120 - End of CheckServer Thread
2026-06-13 13:21:21,329 [INFO] WebApp:169 - Instantiating new browser for Auth
2026-06-13 13:21:21,923 [INFO] WebApp:463 - Apply proxy settings
2026-06-13 13:21:21,924 [INFO] WebApp:548 - Chromium requires no authentication
2026-06-13 13:21:21,932 [INFO] WebApp:491 - Direct internet connection detected
2026-06-13 13:21:21,956 [INFO] WebApp:894 - Register for checkConnection events
2026-06-13 13:21:21,956 [INFO] WebApp:463 - Apply proxy settings
2026-06-13 13:21:21,956 [INFO] WebApp:548 - Chromium requires no authentication
2026-06-13 13:21:21,957 [INFO] WebApp:491 - Direct internet connection detected
2026-06-13 13:21:22,099 [INFO] WebApp:225 - Starting web application
2026-06-13 13:21:22,099 [INFO] WebApp:593 - Web application path used C:\ST\STM32CubeIDE_1.18.1\STM32CubeIDE\plugins\com.st.stm32cube.common.mx_6.14.1.202504091515\db\plugins\mcufinder\reactClient1\index.html
2026-06-13 13:21:22,473 [INFO] UserAuth:484 - Internet connection configuration mode: 1
2026-06-13 13:21:23,293 [WARN] PackLoader:240 - Cannot read IP mode file for STMicroelectronics.X-CUBE-AZRTOS-H7.3.5.0
2026-06-13 13:21:23,311 [WARN] PackLoader:240 - Cannot read IP mode file for STMicroelectronics.FP-SNS-MOTENVWB1.1.4.0
2026-06-13 13:21:23,320 [WARN] PackLoader:240 - Cannot read IP mode file for STMicroelectronics.FP-ATR-ASTRA1.2.0.2
2026-06-13 13:21:23,327 [WARN] PackLoader:240 - Cannot read IP mode file for STMicroelectronics.FP-ATR-ASTRA1.2.0.1
2026-06-13 13:21:23,336 [ERROR] Engine:466 - C:\Users\furkan\.stm32cubemx\thirdparties\pdsc\STMicroelectronics.X-CUBE-SMBUS.2.1.1.pdsc: PDSC version is not supported
2026-06-13 13:21:23,341 [WARN] PackLoader:240 - Cannot read IP mode file for STMicroelectronics.X-CUBE-SMBUS.2.1.0
2026-06-13 13:21:23,351 [WARN] PackLoader:240 - Cannot read IP mode file for STMicroelectronics.X-CUBE-WB05N.1.1.0
2026-06-13 13:21:23,359 [WARN] PackLoader:240 - Cannot read IP mode file for STMicroelectronics.X-CUBE-ST60.1.0.0
2026-06-13 13:21:23,392 [WARN] PackLoader:240 - Cannot read IP mode file for STMicroelectronics.X-CUBE-TOUCHGFX.4.23.1
2026-06-13 13:21:23,397 [WARN] PackLoader:240 - Cannot read IP mode file for STMicroelectronics.X-CUBE-TOUCHGFX.4.23.0
2026-06-13 13:21:23,400 [WARN] PackLoader:240 - Cannot read IP mode file for STMicroelectronics.X-CUBE-TOUCHGFX.4.23.2
2026-06-13 13:21:23,434 [WARN] PackLoader:240 - Cannot read IP mode file for STMicroelectronics.X-CUBE-AZRTOS-F7.1.1.0
2026-06-13 13:21:23,444 [WARN] PackLoader:240 - Cannot read IP mode file for STMicroelectronics.FP-SNS-MOTENV1.4.3.2
2026-06-13 13:21:23,503 [WARN] PackLoader:240 - Cannot read IP mode file for STMicroelectronics.X-CUBE-MEMS1.11.0.0
2026-06-13 13:21:23,510 [INFO] WebApp:191 - Connection restablished
2026-06-13 13:21:23,675 [ERROR] Engine:466 - C:\Users\furkan\.stm32cubemx\thirdparties\pdsc\STMicroelectronics.FP-SNS-MOTENV1.5.1.0.pdsc: PDSC version is not supported
2026-06-13 13:21:23,680 [WARN] PackLoader:240 - Cannot read IP mode file for STMicroelectronics.FP-SNS-FLIGHT1.5.0.2
2026-06-13 13:21:23,701 [WARN] PackLoader:240 - Cannot read IP mode file for STMicroelectronics.X-CUBE-AZRTOS-H7.3.4.0
2026-06-13 13:21:23,710 [WARN] PackLoader:240 - Cannot read IP mode file for STMicroelectronics.X-CUBE-DISPLAY.3.0.0
2026-06-13 13:21:23,719 [WARN] PackLoader:240 - Cannot read IP mode file for STMicroelectronics.X-CUBE-GNSS1.7.1.1
2026-06-13 13:21:23,723 [ERROR] Engine:466 - C:\Users\furkan\.stm32cubemx\thirdparties\pdsc\STMicroelectronics.FP-SNS-MOTENVWB1.1.5.0.pdsc: PDSC version is not supported
2026-06-13 13:21:23,728 [WARN] PackLoader:240 - Cannot read IP mode file for STMicroelectronics.X-CUBE-BLE1.7.0.0
2026-06-13 13:21:23,734 [WARN] PackLoader:240 - Cannot read IP mode file for STMicroelectronics.X-CUBE-NFC10.1.0.0
2026-06-13 13:21:23,746 [WARN] PackLoader:240 - Cannot read IP mode file for STMicroelectronics.X-CUBE-BLEMGR.4.0.0
2026-06-13 13:21:23,755 [WARN] PackLoader:240 - Cannot read IP mode file for STMicroelectronics.X-CUBE-ST60.1.1.0
2026-06-13 13:21:23,764 [WARN] PackLoader:240 - Cannot read IP mode file for emotas.I-CUBE-CANOPEN.1.3.0
2026-06-13 13:21:23,770 [WARN] PackLoader:240 - Cannot read IP mode file for STMicroelectronics.X-CUBE-GNSS1.7.1.0
2026-06-13 13:21:23,800 [WARN] PackLoader:240 - Cannot read IP mode file for STMicroelectronics.X-CUBE-BLEMGR.3.1.0
2026-06-13 13:21:23,818 [ERROR] Engine:466 - C:\Users\furkan\.stm32cubemx\thirdparties\pdsc\STMicroelectronics.FP-SNS-STBOX1.2.1.0.pdsc: PDSC version is not supported
2026-06-13 13:21:23,826 [WARN] PackLoader:240 - Cannot read IP mode file for STMicroelectronics.FP-SNS-SMARTAG2.1.2.0
2026-06-13 13:21:23,847 [WARN] PackLoader:240 - Cannot read IP mode file for STMicroelectronics.FP-SNS-FLIGHT1.5.1.0
2026-06-13 13:21:23,956 [WARN] PackLoader:240 - Cannot read IP mode file for STMicroelectronics.X-CUBE-MEMS1.11.1.0
2026-06-13 13:21:24,233 [INFO] LogOutputStream:77 - [STDOUT_REDIRECT] 1 : Invalid condition id : UX_CORESTACK_Condition cause : null
2026-06-13 13:21:24,233 [INFO] LogOutputStream:77 - [STDOUT_REDIRECT] 1 : Invalid condition id : UX_CORESTACK_Condition cause : null
2026-06-13 13:21:24,235 [INFO] LogOutputStream:77 - [STDOUT_REDIRECT] 1 : Invalid condition id : UX_CORESTACK_Condition cause : null
2026-06-13 13:21:24,236 [INFO] LogOutputStream:77 - [STDOUT_REDIRECT] 1 : Invalid condition id : UX_CORESTACK_Condition cause : null
2026-06-13 13:21:24,238 [INFO] LogOutputStream:77 - [STDOUT_REDIRECT] 1 : Invalid condition id : UX_CORESTACK_Condition cause : null
2026-06-13 13:21:24,240 [WARN] PackLoader:240 - Cannot read IP mode file for STMicroelectronics.X-CUBE-AZRTOS-WL.2.0.0
2026-06-13 13:21:24,254 [WARN] PackLoader:240 - Cannot read IP mode file for STMicroelectronics.FP-SNS-MOTENV1.5.0.0
2026-06-13 13:21:24,292 [WARN] PackLoader:240 - Cannot read IP mode file for STMicroelectronics.X-CUBE-AZRTOS-H7RS.1.2.0
2026-06-13 13:21:24,313 [WARN] PackLoader:240 - Cannot read IP mode file for wolfSSL.I-CUBE-wolfMQTT.1.19.0
2026-06-13 13:21:24,323 [WARN] PackLoader:240 - Cannot read IP mode file for WES.I-CUBE-Cesium.1.3.0
2026-06-13 13:21:24,329 [WARN] PackLoader:240 - Cannot read IP mode file for STMicroelectronics.X-CUBE-BLE2.3.3.0
2026-06-13 13:21:24,364 [WARN] PackLoader:240 - Cannot read IP mode file for STMicroelectronics.X-CUBE-NFC9.1.0.0
2026-06-13 13:21:24,366 [WARN] PackLoader:240 - Cannot read IP mode file for STMicroelectronics.X-CUBE-BLE1.7.1.0
2026-06-13 13:21:24,377 [WARN] PackLoader:240 - Cannot read IP mode file for STMicroelectronics.X-CUBE-TCPP.4.1.0
2026-06-13 13:21:24,381 [ERROR] Engine:466 - C:\Users\furkan\.stm32cubemx\thirdparties\pdsc\STMicroelectronics.X-CUBE-FREERTOS.1.4.0.pdsc: PDSC version is not supported
2026-06-13 13:21:24,393 [WARN] PackLoader:240 - Cannot read IP mode file for STMicroelectronics.X-CUBE-EEPRMA1.5.2.0
2026-06-13 13:21:24,400 [ERROR] Engine:466 - C:\Users\furkan\.stm32cubemx\thirdparties\pdsc\STMicroelectronics.X-CUBE-ST67W61.1.1.0.pdsc: PDSC version is not supported
2026-06-13 13:21:24,410 [WARN] PackLoader:240 - Cannot read IP mode file for STMicroelectronics.X-CUBE-AI.10.1.0
2026-06-13 13:21:24,414 [ERROR] Engine:466 - C:\Users\furkan\.stm32cubemx\thirdparties\pdsc\STMicroelectronics.FP-SNS-STAIOTCFT.1.1.0.pdsc: PDSC version is not supported
2026-06-13 13:21:24,824 [WARN] PackLoader:240 - Cannot read IP mode file for STMicroelectronics.X-CUBE-MEMS1.12.0.0
2026-06-13 13:21:24,904 [WARN] PackLoader:240 - Cannot read IP mode file for STMicroelectronics.X-CUBE-ALGOBUILD.1.3.0
2026-06-13 13:21:24,922 [WARN] PackLoader:240 - Cannot read IP mode file for STMicroelectronics.X-CUBE-AZRTOS-G0.1.1.0
2026-06-13 13:21:24,931 [WARN] PackLoader:240 - Cannot read IP mode file for STMicroelectronics.X-CUBE-SAFEA1.1.2.2
2026-06-13 13:21:24,938 [WARN] PackLoader:240 - Cannot read IP mode file for STMicroelectronics.X-CUBE-NFC4.3.0.0
2026-06-13 13:21:24,951 [WARN] PackLoader:240 - Cannot read IP mode file for EmbeddedOffice.I-CUBE-FS-RTOS.1.0.1
2026-06-13 13:21:24,956 [WARN] PackLoader:240 - Cannot read IP mode file for STMicroelectronics.X-CUBE-WB05N.2.0.0
2026-06-13 13:21:24,964 [WARN] PackLoader:240 - Cannot read IP mode file for STMicroelectronics.X-CUBE-BLEMGR.3.0.0
2026-06-13 13:21:24,971 [WARN] PackLoader:240 - Cannot read IP mode file for STMicroelectronics.X-CUBE-TCPP.4.2.0
2026-06-13 13:21:24,976 [WARN] PackLoader:240 - Cannot read IP mode file for RealThread.X-CUBE-RT-Thread_Nano.4.1.1
2026-06-13 13:21:24,978 [WARN] PackLoader:240 - Cannot read IP mode file for STMicroelectronics.FP-ATR-SIGFOX1.3.2.0
2026-06-13 13:21:24,988 [WARN] ConditionMgr:438 - getConditionDescription Invalid condition id : Cortex-A Device cause : null
2026-06-13 13:21:25,002 [WARN] ConditionMgr:1044 - genDependencies : Invalid condition id : Cortex-A Device cause : null
2026-06-13 13:21:25,002 [WARN] ConditionMgr:1044 - genDependencies : Invalid condition id : Cortex-A Device cause : null
2026-06-13 13:21:25,002 [WARN] ConditionMgr:1044 - genDependencies : Invalid condition id : Cortex-A Device cause : null
2026-06-13 13:21:25,030 [WARN] PackLoader:240 - Cannot read IP mode file for STMicroelectronics.X-CUBE-EEPRMA1.5.1.0
2026-06-13 13:21:25,049 [ERROR] Engine:466 - C:\Users\furkan\.stm32cubemx\thirdparties\pdsc\STMicroelectronics.X-CUBE-FREERTOS.1.5.0.pdsc: PDSC version is not supported
2026-06-13 13:21:25,060 [WARN] PackLoader:240 - Cannot read IP mode file for STMicroelectronics.X-CUBE-NFC6.3.2.0
2026-06-13 13:21:25,070 [WARN] PackLoader:240 - Cannot read IP mode file for STMicroelectronics.X-CUBE-ST67W61.1.0.0
2026-06-13 13:21:25,075 [WARN] PackLoader:240 - Cannot read IP mode file for STMicroelectronics.X-CUBE-AI.10.2.0
2026-06-13 13:21:25,112 [WARN] PackLoader:240 - Cannot read IP mode file for STMicroelectronics.X-CUBE-MEMS1.12.1.0
2026-06-13 13:21:25,182 [WARN] PackLoader:240 - Cannot read IP mode file for SEGGER.I-CUBE-embOS.1.3.1
2026-06-13 13:21:25,213 [WARN] PackLoader:240 - Cannot read IP mode file for STMicroelectronics.X-CUBE-ALGOBUILD.1.4.0
2026-06-13 13:21:25,247 [WARN] PackLoader:240 - Cannot read IP mode file for STMicroelectronics.X-CUBE-MEMS1.11.3.0
2026-06-13 13:21:25,336 [WARN] PackLoader:240 - Cannot read IP mode file for STMicroelectronics.X-CUBE-AI.9.1.0
2026-06-13 13:21:25,340 [WARN] PackLoader:240 - Cannot read IP mode file for STMicroelectronics.X-CUBE-PM33A1.1.0.0
2026-06-13 13:21:25,342 [WARN] PackLoader:240 - Cannot read IP mode file for STMicroelectronics.X-CUBE-GNSS1.6.0.0
2026-06-13 13:21:25,352 [WARN] PackLoader:240 - Cannot read IP mode file for STMicroelectronics.X-CUBE-AZRTOS-F4.1.1.0
2026-06-13 13:21:25,362 [WARN] PackLoader:240 - Cannot read IP mode file for Avnet-IotConnect.X-CUBE-IoTC-DA16k-PMOD.1.0.0
2026-06-13 13:21:25,368 [WARN] PackLoader:240 - Cannot read IP mode file for STMicroelectronics.X-CUBE-ISPU.2.1.0
2026-06-13 13:21:25,368 [ERROR] Engine:466 - C:\Users\furkan\.stm32cubemx\thirdparties\pdsc\STMicroelectronics.X-CUBE-IPS.3.2.0.pdsc: PDSC version is not supported
2026-06-13 13:21:25,378 [WARN] PackLoader:240 - Cannot read IP mode file for STMicroelectronics.eDS-WB_DPC_TT-BIDIR.2.1.1
2026-06-13 13:21:25,382 [WARN] PackLoader:240 - Cannot read IP mode file for STMicroelectronics.X-CUBE-FREERTOS.1.2.0
2026-06-13 13:21:25,388 [WARN] PackLoader:240 - Cannot read IP mode file for wolfSSL.I-CUBE-wolfSSL.5.6.6
2026-06-13 13:21:25,394 [WARN] PackLoader:240 - Cannot read IP mode file for STMicroelectronics.X-CUBE-NFC12.1.0.0
2026-06-13 13:21:25,411 [WARN] PackLoader:240 - Cannot read IP mode file for STMicroelectronics.X-CUBE-AZRTOS-L5.2.0.0
2026-06-13 13:21:25,419 [WARN] PackLoader:240 - Cannot read IP mode file for STMicroelectronics.X-CUBE-NFC6.3.1.0
2026-06-13 13:21:25,427 [WARN] PackLoader:240 - Cannot read IP mode file for ITTIA_DB.I-CUBE-ITTIADB.8.8.0
2026-06-13 13:21:25,435 [WARN] PackLoader:240 - Cannot read IP mode file for STMicroelectronics.X-CUBE-ALGOBUILD.1.5.0
2026-06-13 13:21:25,441 [WARN] PackLoader:240 - Cannot read IP mode file for STMicroelectronics.X-CUBE-DPower.1.2.0
2026-06-13 13:21:25,447 [WARN] PackLoader:240 - Cannot read IP mode file for STMicroelectronics.eDS-WB_DPC_VIENNA.1.2.0
2026-06-13 13:21:25,449 [WARN] PackLoader:240 - Cannot read IP mode file for STMicroelectronics.eDS-WB_DPC_3PH2L-BIDIR.1.1.1
2026-06-13 13:21:25,453 [WARN] PackLoader:240 - Cannot read IP mode file for STMicroelectronics.X-CUBE-AI.9.0.0
2026-06-13 13:21:25,458 [ERROR] Engine:466 - C:\Users\furkan\.stm32cubemx\thirdparties\pdsc\STMicroelectronics.X-CUBE-ST67W61.1.3.0.pdsc: PDSC version is not supported
2026-06-13 13:21:25,467 [WARN] PackLoader:240 - Cannot read IP mode file for STMicroelectronics.X-CUBE-FREERTOS.1.3.1
2026-06-13 13:21:25,472 [WARN] PackLoader:240 - Cannot read IP mode file for STMicroelectronics.X-CUBE-FREERTOS.1.3.0
2026-06-13 13:21:25,478 [WARN] PackLoader:240 - Cannot read IP mode file for STMicroelectronics.X-CUBE-NFC7.1.0.1
2026-06-13 13:21:25,484 [WARN] PackLoader:240 - Cannot read IP mode file for wolfSSL.I-CUBE-wolfTPM.3.2.0
2026-06-13 13:21:25,486 [WARN] PackLoader:240 - Cannot read IP mode file for STMicroelectronics.X-CUBE-TOUCHGFX.4.26.0
2026-06-13 13:21:25,494 [WARN] PackLoader:240 - Cannot read IP mode file for STMicroelectronics.X-CUBE-NFC6.3.0.0
2026-06-13 13:21:25,498 [WARN] PackLoader:240 - Cannot read IP mode file for STMicroelectronics.X-CUBE-TOUCHGFX.4.26.1
2026-06-13 13:21:25,504 [WARN] PackLoader:240 - Cannot read IP mode file for STMicroelectronics.FP-SNS-STAIOTCFT.1.0.0
2026-06-13 13:21:25,504 [WARN] PackLoader:240 - Cannot read IP mode file for STMicroelectronics.X-CUBE-DPower.1.3.0
2026-06-13 13:21:25,512 [WARN] PackLoader:240 - Cannot read IP mode file for STMicroelectronics.X-CUBE-AI.8.1.0
2026-06-13 13:21:25,523 [WARN] ConditionMgr:438 - getConditionDescription Invalid condition id : LAN8742 Phy interface Condition cause : null
2026-06-13 13:21:25,524 [WARN] PackLoader:240 - Cannot read IP mode file for STMicroelectronics.X-CUBE-AZRTOS-L4.2.0.0
2026-06-13 13:21:25,526 [WARN] ConditionMgr:1044 - genDependencies : Invalid condition id : LAN8742 Phy interface Condition cause : null
2026-06-13 13:21:25,526 [WARN] ConditionMgr:1044 - genDependencies : Invalid condition id : LAN8742 Phy interface Condition cause : null
2026-06-13 13:21:25,527 [WARN] ConditionMgr:1044 - genDependencies : Invalid condition id : LAN8742 Phy interface Condition cause : null
2026-06-13 13:21:25,532 [WARN] PackLoader:240 - Cannot read IP mode file for STMicroelectronics.X-CUBE-SFXS2LP1.4.0.0
2026-06-13 13:21:25,535 [WARN] PackLoader:240 - Cannot read IP mode file for STMicroelectronics.X-CUBE-WB05N.2.1.0
2026-06-13 13:21:25,539 [ERROR] Engine:466 - C:\Users\furkan\.stm32cubemx\thirdparties\pdsc\STMicroelectronics.X-CUBE-ST67W61.1.2.0.pdsc: PDSC version is not supported
2026-06-13 13:21:25,550 [WARN] PackLoader:240 - Cannot read IP mode file for STMicroelectronics.X-CUBE-AZRTOS-H7.3.3.0
2026-06-13 13:21:25,562 [WARN] PackLoader:240 - Cannot read IP mode file for STMicroelectronics.X-CUBE-BLEMGR.4.1.0
2026-06-13 13:21:25,574 [WARN] PackLoader:240 - Cannot read IP mode file for STMicroelectronics.X-CUBE-IPS.3.0.0
2026-06-13 13:21:25,591 [WARN] ConditionMgr:438 - getConditionDescription Invalid condition id : UX DEVICE CLASS RTOS Condition cause : null
2026-06-13 13:21:25,591 [WARN] ConditionMgr:438 - getConditionDescription Invalid condition id : UX DEVICE CLASS RTOS Condition cause : null
2026-06-13 13:21:25,592 [WARN] PackLoader:240 - Cannot read IP mode file for STMicroelectronics.X-CUBE-AZRTOS-WB.2.0.0
2026-06-13 13:21:25,593 [WARN] ConditionMgr:1044 - genDependencies : Invalid condition id : UX DEVICE CLASS RTOS Condition cause : null
2026-06-13 13:21:25,593 [WARN] ConditionMgr:1044 - genDependencies : Invalid condition id : UX DEVICE CLASS RTOS Condition cause : null
2026-06-13 13:21:25,593 [WARN] ConditionMgr:1044 - genDependencies : Invalid condition id : UX DEVICE CLASS RTOS Condition cause : null
2026-06-13 13:21:25,594 [WARN] ConditionMgr:1044 - genDependencies : Invalid condition id : UX DEVICE CLASS RTOS Condition cause : null
2026-06-13 13:21:25,594 [WARN] ConditionMgr:1044 - genDependencies : Invalid condition id : UX DEVICE CLASS RTOS Condition cause : null
2026-06-13 13:21:25,598 [WARN] PackLoader:240 - Cannot read IP mode file for STMicroelectronics.X-CUBE-GNSS1.7.0.0
2026-06-13 13:21:25,603 [WARN] PackLoader:240 - Cannot read IP mode file for STMicroelectronics.X-CUBE-GNSS1.7.0.1
2026-06-13 13:21:25,606 [WARN] PackLoader:240 - Cannot read IP mode file for STMicroelectronics.X-CUBE-TOUCHGFX.4.25.0
2026-06-13 13:21:25,612 [WARN] PackLoader:240 - Cannot read IP mode file for STMicroelectronics.FP-SNS-STBOX1.2.0.0
2026-06-13 13:21:25,620 [WARN] PackLoader:240 - Cannot read IP mode file for STMicroelectronics.X-CUBE-STSE01.2.0.0
2026-06-13 13:21:25,629 [WARN] PackLoader:240 - Cannot read IP mode file for STMicroelectronics.X-CUBE-SUBG2.5.0.0
2026-06-13 13:21:25,655 [WARN] PackLoader:240 - Cannot read IP mode file for STMicroelectronics.X-CUBE-AZRTOS-H7RS.1.1.0
2026-06-13 13:21:25,662 [WARN] PackLoader:240 - Cannot read IP mode file for Cesanta.I-CUBE-Mongoose.7.13.0
2026-06-13 13:21:25,672 [WARN] PackLoader:240 - Cannot read IP mode file for STMicroelectronics.X-CUBE-AZRTOS-G4.2.0.0
2026-06-13 13:21:25,678 [WARN] PackLoader:240 - Cannot read IP mode file for Infineon.AIROC-Wi-Fi-Bluetooth-STM32.1.5.1
2026-06-13 13:21:25,678 [WARN] PackLoader:240 - Cannot read IP mode file for STMicroelectronics.X-CUBE-NFC7.2.0.0
2026-06-13 13:21:25,694 [WARN] PackLoader:240 - Cannot read IP mode file for STMicroelectronics.FP-SNS-MOTENVWB1.1.3.1
2026-06-13 13:21:25,699 [WARN] PackLoader:240 - Cannot read IP mode file for STMicroelectronics.X-CUBE-ISPU.2.0.0
2026-06-13 13:21:25,705 [WARN] PackLoader:240 - Cannot read IP mode file for STMicroelectronics.X-CUBE-IPS.3.1.0
2026-06-13 13:21:25,722 [WARN] PackLoader:240 - Cannot read IP mode file for STMicroelectronics.X-CUBE-ALS.1.0.2
2026-06-13 13:21:25,749 [WARN] PackLoader:240 - Cannot read IP mode file for STMicroelectronics.X-CUBE-MEMS1.10.0.0
2026-06-13 13:21:25,825 [WARN] PackLoader:240 - Cannot read IP mode file for STMicroelectronics.X-CUBE-FREERTOS.1.1.0
2026-06-13 13:21:25,830 [WARN] PackLoader:240 - Cannot read IP mode file for STMicroelectronics.X-CUBE-TOUCHGFX.4.24.0
2026-06-13 13:21:25,833 [WARN] PackLoader:240 - Cannot read IP mode file for STMicroelectronics.X-CUBE-TOUCHGFX.4.24.1
2026-06-13 13:21:25,836 [WARN] PackLoader:240 - Cannot read IP mode file for STMicroelectronics.X-CUBE-STSE01.1.0.0
2026-06-13 13:21:25,843 [WARN] PackLoader:240 - Cannot read IP mode file for portGmbH.I-Cube-SoM-uGOAL.1.1.0
2026-06-13 13:21:25,846 [WARN] PackLoader:240 - Cannot read IP mode file for STMicroelectronics.X-CUBE-ALS.1.0.1
2026-06-13 13:21:25,866 [WARN] PackLoader:240 - Cannot read IP mode file for STMicroelectronics.X-CUBE-AZRTOS-H7RS.1.0.0
2026-06-13 13:21:25,874 [WARN] PackLoader:240 - Cannot read IP mode file for STMicroelectronics.FP-ATR-ASTRA1.2.0.0
2026-06-13 13:21:25,883 [WARN] PackLoader:240 - Cannot read IP mode file for STMicroelectronics.X-CUBE-TOF1.3.4.2
2026-06-13 13:21:25,900 [WARN] PackLoader:240 - Cannot read IP mode file for STMicroelectronics.X-CUBE-TOF1.3.4.3
2026-06-13 13:21:25,916 [WARN] PackLoader:240 - Cannot read IP mode file for STMicroelectronics.X-CUBE-TOF1.3.4.0
2026-06-13 13:21:25,922 [WARN] PackLoader:240 - Cannot read IP mode file for STMicroelectronics.X-CUBE-TOF1.3.4.1
2026-06-13 13:21:25,949 [WARN] PackLoader:240 - Cannot read IP mode file for STMicroelectronics.X-CUBE-AZRTOS-H7.3.2.0
2026-06-13 13:21:25,953 [WARN] PackLoader:240 - Cannot read IP mode file for wolfSSL.I-CUBE-wolfSSH.1.4.17
2026-06-13 13:21:25,953 [INFO] ThirdParty:978 - Integrity check success = true
2026-06-13 13:21:25,953 [INFO] IntegrityCheckThread:100 - exiting critical section [integrity check]
2026-06-13 13:21:25,953 [INFO] IntegrityCheckThread:103 - End integrity checks thread
2026-06-13 15:44:02,363 [INFO] WebApp:194 - Connection lost
2026-06-13 15:44:09,897 [INFO] WebApp:191 - Connection restablished
2026-06-13 17:38:32,546 [ERROR] LogOutputStream:75 - [STDERR_REDIRECT] 
