2026-06-15 10:00:45,223 [INFO] Activator:176 - 


2026-06-15 10:00:45,230 [INFO] Activator:177 - !SESSION log4j initialized
2026-06-15 10:00:53,926 [INFO] LogOutputStream:77 - [STDOUT_REDIRECT] 
2026-06-15 10:00:56,264 [INFO] ApplicationProperties:184 - Using Application install path: C:\ST\STM32CubeIDE_1.18.1\STM32CubeIDE\plugins\com.st.stm32cube.common.mx_6.14.1.202504091515
2026-06-15 10:00:56,295 [INFO] DbMcusXml:78 - Set database path to: C:\ST\STM32CubeIDE_1.18.1\STM32CubeIDE\plugins\com.st.stm32cube.common.mx_6.14.1.202504091515\\db\/mcu/
2026-06-15 10:00:56,295 [INFO] ApiDb:274 - Set plugin database path to: C:\ST\STM32CubeIDE_1.18.1\STM32CubeIDE\plugins\com.st.stm32cube.common.mx_6.14.1.202504091515\\db\/plugins/boardmanager/
2026-06-15 10:00:56,299 [WARN] ApiDb:259 - Overriding images path with different value:  => C:\ST\STM32CubeIDE_1.18.1\STM32CubeIDE\plugins\com.st.stm32cube.common.mx_6.14.1.202504091515\\db\/plugins/mcufinder/images/
2026-06-15 10:00:56,309 [INFO] ApiDb:250 - Set database path to: C:\Users\furkan\.stmcufinder\plugins\mcufinder//mcu/
2026-06-15 10:00:56,318 [INFO] DbMcusAds:125 - Set database path to: C:\Users\furkan\.stmcufinder\plugins\mcufinder//mcu/
2026-06-15 10:00:56,322 [INFO] CrossReferenceDbSqlite:203 - Set database path to: C:\Users\furkan\.stmcufinder\plugins\mcufinder//mcu/cs/
2026-06-15 10:00:56,511 [INFO] RulesReader:64 - Compatibility file has been processed (302 Rules)
2026-06-15 10:00:56,625 [INFO] DbMcusXml:78 - Set database path to: C:\ST\STM32CubeIDE_1.18.1\STM32CubeIDE\plugins\com.st.stm32cube.common.mx_6.14.1.202504091515\\db\/mcu/
2026-06-15 10:00:56,625 [INFO] ApiDb:274 - Set plugin database path to: C:\ST\STM32CubeIDE_1.18.1\STM32CubeIDE\plugins\com.st.stm32cube.common.mx_6.14.1.202504091515\\db\/plugins/boardmanager/
2026-06-15 10:00:56,625 [INFO] ApiDb:261 - Set plugin images path to: C:\ST\STM32CubeIDE_1.18.1\STM32CubeIDE\plugins\com.st.stm32cube.common.mx_6.14.1.202504091515\\db\/plugins/mcufinder/images/
2026-06-15 10:00:56,625 [WARN] DbFile:41 - Overriding database path with different value: C:\Users\furkan\.stmcufinder\plugins\mcufinder/ => C:\Users\furkan\.stmcufinder\plugins\mcufinder
2026-06-15 10:00:56,625 [INFO] ApiDb:250 - Set database path to: C:\Users\furkan\.stmcufinder\plugins\mcufinder//mcu/
2026-06-15 10:00:56,625 [WARN] DbFile:41 - Overriding database path with different value: C:\Users\furkan\.stmcufinder\plugins\mcufinder/ => C:\Users\furkan\.stmcufinder\plugins\mcufinder
2026-06-15 10:00:56,625 [INFO] DbMcusAds:125 - Set database path to: C:\Users\furkan\.stmcufinder\plugins\mcufinder//mcu/
2026-06-15 10:00:56,625 [WARN] DbFile:41 - Overriding database path with different value: C:\Users\furkan\.stmcufinder\plugins\mcufinder/ => C:\Users\furkan\.stmcufinder\plugins\mcufinder
2026-06-15 10:00:56,625 [WARN] DbFile:41 - Overriding database path with different value: C:\Users\furkan\.stmcufinder\plugins\mcufinder/ => C:\Users\furkan\.stmcufinder\plugins\mcufinder
2026-06-15 10:00:56,625 [INFO] CrossReferenceDbSqlite:203 - Set database path to: C:\Users\furkan\.stmcufinder\plugins\mcufinder//mcu/cs/
2026-06-15 10:00:56,756 [INFO] MainPanel:272 - HeapMemory: 268435456
2026-06-15 10:00:56,903 [INFO] DbMcusXml:78 - Set database path to: C:\ST\STM32CubeIDE_1.18.1\STM32CubeIDE\plugins\com.st.stm32cube.common.mx_6.14.1.202504091515\\db\/mcu/
2026-06-15 10:00:56,903 [INFO] ApiDb:274 - Set plugin database path to: C:\ST\STM32CubeIDE_1.18.1\STM32CubeIDE\plugins\com.st.stm32cube.common.mx_6.14.1.202504091515\\db\/plugins/boardmanager/
2026-06-15 10:00:56,903 [INFO] ApiDb:261 - Set plugin images path to: C:\ST\STM32CubeIDE_1.18.1\STM32CubeIDE\plugins\com.st.stm32cube.common.mx_6.14.1.202504091515\\db\/plugins/mcufinder/images/
2026-06-15 10:00:56,905 [WARN] DbFile:41 - Overriding database path with different value: C:\Users\furkan\.stmcufinder\plugins\mcufinder/ => C:\Users\furkan\.stmcufinder\plugins\mcufinder
2026-06-15 10:00:56,905 [INFO] ApiDb:250 - Set database path to: C:\Users\furkan\.stmcufinder\plugins\mcufinder//mcu/
2026-06-15 10:00:56,905 [WARN] DbFile:41 - Overriding database path with different value: C:\Users\furkan\.stmcufinder\plugins\mcufinder/ => C:\Users\furkan\.stmcufinder\plugins\mcufinder
2026-06-15 10:00:56,905 [INFO] DbMcusAds:125 - Set database path to: C:\Users\furkan\.stmcufinder\plugins\mcufinder//mcu/
2026-06-15 10:00:56,905 [WARN] DbFile:41 - Overriding database path with different value: C:\Users\furkan\.stmcufinder\plugins\mcufinder/ => C:\Users\furkan\.stmcufinder\plugins\mcufinder
2026-06-15 10:00:56,905 [WARN] DbFile:41 - Overriding database path with different value: C:\Users\furkan\.stmcufinder\plugins\mcufinder/ => C:\Users\furkan\.stmcufinder\plugins\mcufinder
2026-06-15 10:00:56,905 [INFO] CrossReferenceDbSqlite:203 - Set database path to: C:\Users\furkan\.stmcufinder\plugins\mcufinder//mcu/cs/
2026-06-15 10:00:56,959 [INFO] ApplicationProperties:184 - Using Application install path: C:\ST\STM32CubeIDE_1.18.1\STM32CubeIDE\plugins\com.st.stm32cube.common.mx_6.14.1.202504091515
2026-06-15 10:00:56,964 [INFO] PluginManage:196 - Search for loadable plugins [exclusion list=, ]
2026-06-15 10:00:56,966 [INFO] PluginManage:310 - Check plugin analytics
2026-06-15 10:00:57,327 [INFO] AnalyticsPlugin:253 - Accepted Software Licenses: 
2026-06-15 10:00:57,327 [INFO] AnalyticsPlugin:255 - Accepted CMSIS Pack Licenses: 
2026-06-15 10:00:57,328 [INFO] AnalyticsPlugin:257 - Accepted Firmware Licenses: FW.F4.1.28.0,FW.F7.1.17.0
2026-06-15 10:00:57,341 [INFO] PluginManage:359 - Loaded plugin analytics (category:tool,tabindex:-1)
2026-06-15 10:00:57,343 [INFO] PluginManage:310 - Check plugin cadmodel
2026-06-15 10:00:57,355 [INFO] CADModel:105 - Init CAD model plugin
2026-06-15 10:00:57,355 [INFO] PluginManage:359 - Loaded plugin cadmodel (category:power,tabindex:5)
2026-06-15 10:00:57,357 [INFO] PluginManage:310 - Check plugin clock
2026-06-15 10:00:57,378 [INFO] PluginManage:359 - Loaded plugin clock (category:base,tabindex:2)
2026-06-15 10:00:57,378 [INFO] PluginManage:310 - Check plugin ddr
2026-06-15 10:00:57,382 [INFO] PluginManage:359 - Loaded plugin ddr (category:tool,tabindex:6)
2026-06-15 10:00:57,386 [INFO] PluginManage:310 - Check plugin filemanager
2026-06-15 10:00:57,618 [INFO] PluginManage:359 - Loaded plugin filemanager (category:base,tabindex:10)
2026-06-15 10:00:57,618 [INFO] PluginManage:310 - Check plugin ipmanager
2026-06-15 10:00:57,628 [INFO] PluginManage:359 - Loaded plugin ipmanager (category:base,tabindex:5)
2026-06-15 10:00:57,629 [INFO] PluginManage:310 - Check plugin lpbam
2026-06-15 10:00:57,643 [INFO] PluginManage:359 - Loaded plugin lpbam (category:base,tabindex:0)
2026-06-15 10:00:57,643 [INFO] PluginManage:310 - Check plugin memorymap
2026-06-15 10:00:57,679 [INFO] PluginManage:359 - Loaded plugin memorymap (category:base,tabindex:4)
2026-06-15 10:00:57,679 [INFO] PluginManage:310 - Check plugin pinoutandconfiguration
2026-06-15 10:00:57,697 [INFO] PluginManage:359 - Loaded plugin pinoutandconfiguration (category:base,tabindex:1)
2026-06-15 10:00:57,698 [INFO] PluginManage:310 - Check plugin pinoutconfig
2026-06-15 10:00:57,909 [WARN] SupportedApi:132 - Cannot load RTOS API schema: s4s-elt-must-match.1: The content of 'definitions' must match (annotation?, (simpleType | complexType)?, (unique | key | keyref)*)). A problem was found starting at: attribute.
2026-06-15 10:00:58,171 [INFO] PluginManage:359 - Loaded plugin pinoutconfig (category:base,tabindex:0)
2026-06-15 10:00:58,171 [INFO] PluginManage:310 - Check plugin power
2026-06-15 10:00:58,184 [INFO] PluginManage:359 - Loaded plugin power (category:power,tabindex:4)
2026-06-15 10:00:58,184 [INFO] PluginManage:310 - Check plugin projectmanager
2026-06-15 10:00:58,208 [INFO] PluginManage:359 - Loaded plugin projectmanager (category:projectmanager,tabindex:4)
2026-06-15 10:00:58,208 [INFO] PluginManage:310 - Check plugin rif
2026-06-15 10:00:58,216 [INFO] PluginManage:359 - Loaded plugin rif (category:base,tabindex:3)
2026-06-15 10:00:58,216 [INFO] PluginManage:310 - Check plugin thirdparty
2026-06-15 10:00:58,408 [INFO] PluginManage:359 - Loaded plugin thirdparty (category:base,tabindex:-1)
2026-06-15 10:00:58,408 [WARN] IntegrityCheckThread:84 - waiting for thirdparty lock release [integrity check]
2026-06-15 10:00:58,408 [INFO] IntegrityCheckThread:86 - entering critical section [integrity check]
2026-06-15 10:00:58,408 [INFO] PluginManage:310 - Check plugin tools
2026-06-15 10:00:58,408 [INFO] ThirdPartyUpdaterWithRetryManager:70 - Updater plugin not ready yet. [1/15]
2026-06-15 10:00:58,413 [INFO] PluginManage:359 - Loaded plugin tools (category:base,tabindex:7)
2026-06-15 10:00:58,413 [INFO] PluginManage:310 - Check plugin tutovideos
2026-06-15 10:00:58,672 [INFO] PluginManage:359 - Loaded plugin tutovideos (category:base,tabindex:-1)
2026-06-15 10:00:58,672 [INFO] PluginManage:310 - Check plugin updater
2026-06-15 10:00:58,705 [INFO] PluginManage:359 - Loaded plugin updater (category:base,tabindex:12)
2026-06-15 10:00:58,705 [INFO] PluginManage:310 - Check plugin userauth
2026-06-15 10:00:58,719 [INFO] UserAuth:118 - Init User Auth plugin
2026-06-15 10:00:58,719 [INFO] PluginManage:359 - Loaded plugin userauth (category:base,tabindex:14)
2026-06-15 10:00:58,719 [INFO] PluginManage:283 - PluginManage : Loaded plugins [18]
2026-06-15 10:00:59,045 [INFO] PinOutPanel:1589 - setPackage(No Configuration,No Configuration)
2026-06-15 10:00:59,308 [INFO] CADModel:165 - CPN selected for project level
2026-06-15 10:00:59,308 [INFO] CADModel:114 - Register for checkConnection events
2026-06-15 10:00:59,360 [INFO] IPUIPlugin:80 - create IPUIPlugin
2026-06-15 10:00:59,360 [INFO] PluginManager:220 - loadIPPluginJar : add adc
2026-06-15 10:00:59,368 [INFO] IPUIPlugin:80 - create IPUIPlugin
2026-06-15 10:00:59,368 [INFO] PluginManager:220 - loadIPPluginJar : add aes
2026-06-15 10:00:59,373 [INFO] IPUIPlugin:80 - create IPUIPlugin
2026-06-15 10:00:59,373 [INFO] PluginManager:220 - loadIPPluginJar : add can
2026-06-15 10:00:59,376 [INFO] IPUIPlugin:80 - create IPUIPlugin
2026-06-15 10:00:59,376 [INFO] PluginManager:220 - loadIPPluginJar : add comp
2026-06-15 10:00:59,382 [INFO] IPUIPlugin:80 - create IPUIPlugin
2026-06-15 10:00:59,383 [INFO] PluginManager:220 - loadIPPluginJar : add cryp
2026-06-15 10:00:59,388 [INFO] IPUIPlugin:80 - create IPUIPlugin
2026-06-15 10:00:59,389 [INFO] PluginManager:220 - loadIPPluginJar : add ddr_ctrl_phy
2026-06-15 10:00:59,394 [INFO] IPUIPlugin:80 - create IPUIPlugin
2026-06-15 10:00:59,395 [INFO] PluginManager:220 - loadIPPluginJar : add dfsdm
2026-06-15 10:00:59,403 [INFO] IPUIPlugin:80 - create IPUIPlugin
2026-06-15 10:00:59,404 [INFO] PluginManager:220 - loadIPPluginJar : add dma
2026-06-15 10:00:59,409 [INFO] IPUIPlugin:80 - create IPUIPlugin
2026-06-15 10:00:59,410 [INFO] PluginManager:220 - loadIPPluginJar : add dma3
2026-06-15 10:00:59,416 [INFO] IPUIPlugin:80 - create IPUIPlugin
2026-06-15 10:00:59,416 [INFO] PluginManager:220 - loadIPPluginJar : add extmemmanager
2026-06-15 10:00:59,419 [INFO] IPUIPlugin:80 - create IPUIPlugin
2026-06-15 10:00:59,420 [INFO] PluginManager:220 - loadIPPluginJar : add fatfs
2026-06-15 10:00:59,428 [INFO] IPUIPlugin:80 - create IPUIPlugin
2026-06-15 10:00:59,428 [INFO] PluginManager:220 - loadIPPluginJar : add fmc
2026-06-15 10:00:59,441 [INFO] IPUIPlugin:80 - create IPUIPlugin
2026-06-15 10:00:59,441 [INFO] PluginManager:220 - loadIPPluginJar : add freertos
2026-06-15 10:00:59,445 [INFO] IPUIPlugin:80 - create IPUIPlugin
2026-06-15 10:00:59,445 [INFO] PluginManager:220 - loadIPPluginJar : add genericplugin
2026-06-15 10:00:59,449 [INFO] IPUIPlugin:80 - create IPUIPlugin
2026-06-15 10:00:59,450 [INFO] PluginManager:220 - loadIPPluginJar : add gfxmmu
2026-06-15 10:00:59,459 [INFO] IPUIPlugin:80 - create IPUIPlugin
2026-06-15 10:00:59,459 [INFO] PluginManager:220 - loadIPPluginJar : add gic
2026-06-15 10:00:59,467 [INFO] IPUIPlugin:80 - create IPUIPlugin
2026-06-15 10:00:59,467 [INFO] PluginManager:220 - loadIPPluginJar : add gpio
2026-06-15 10:00:59,472 [INFO] IPUIPlugin:80 - create IPUIPlugin
2026-06-15 10:00:59,473 [INFO] PluginManager:220 - loadIPPluginJar : add gtzc
2026-06-15 10:00:59,481 [INFO] IPUIPlugin:80 - create IPUIPlugin
2026-06-15 10:00:59,482 [INFO] PluginManager:220 - loadIPPluginJar : add hash
2026-06-15 10:00:59,487 [INFO] IPUIPlugin:80 - create IPUIPlugin
2026-06-15 10:00:59,487 [INFO] PluginManager:220 - loadIPPluginJar : add i2c
2026-06-15 10:00:59,491 [INFO] IPUIPlugin:80 - create IPUIPlugin
2026-06-15 10:00:59,491 [INFO] PluginManager:220 - loadIPPluginJar : add i2s
2026-06-15 10:00:59,496 [INFO] IPUIPlugin:80 - create IPUIPlugin
2026-06-15 10:00:59,496 [INFO] PluginManager:220 - loadIPPluginJar : add i3c
2026-06-15 10:00:59,502 [INFO] IPUIPlugin:80 - create IPUIPlugin
2026-06-15 10:00:59,502 [INFO] PluginManager:220 - loadIPPluginJar : add ipddr
2026-06-15 10:00:59,524 [INFO] IPUIPlugin:80 - create IPUIPlugin
2026-06-15 10:00:59,524 [INFO] PluginManager:220 - loadIPPluginJar : add linkedlist
2026-06-15 10:00:59,530 [INFO] IPUIPlugin:80 - create IPUIPlugin
2026-06-15 10:00:59,530 [INFO] PluginManager:220 - loadIPPluginJar : add lorawan
2026-06-15 10:00:59,537 [INFO] IPUIPlugin:80 - create IPUIPlugin
2026-06-15 10:00:59,537 [INFO] PluginManager:220 - loadIPPluginJar : add ltdc
2026-06-15 10:00:59,553 [INFO] IPUIPlugin:80 - create IPUIPlugin
2026-06-15 10:00:59,553 [INFO] PluginManager:220 - loadIPPluginJar : add mdma
2026-06-15 10:00:59,561 [INFO] IPUIPlugin:80 - create IPUIPlugin
2026-06-15 10:00:59,562 [INFO] PluginManager:220 - loadIPPluginJar : add nvic
2026-06-15 10:00:59,570 [INFO] IPUIPlugin:80 - create IPUIPlugin
2026-06-15 10:00:59,570 [INFO] PluginManager:220 - loadIPPluginJar : add opamp
2026-06-15 10:00:59,575 [INFO] IPUIPlugin:80 - create IPUIPlugin
2026-06-15 10:00:59,575 [INFO] PluginManager:220 - loadIPPluginJar : add openamp
2026-06-15 10:00:59,599 [INFO] IPUIPlugin:80 - create IPUIPlugin
2026-06-15 10:00:59,599 [INFO] PluginManager:220 - loadIPPluginJar : add pdm2pcm
2026-06-15 10:00:59,615 [INFO] IPUIPlugin:80 - create IPUIPlugin
2026-06-15 10:00:59,621 [INFO] PluginManager:220 - loadIPPluginJar : add plateformsettings
2026-06-15 10:00:59,625 [INFO] IPUIPlugin:80 - create IPUIPlugin
2026-06-15 10:00:59,625 [INFO] PluginManager:220 - loadIPPluginJar : add quadspi
2026-06-15 10:00:59,628 [INFO] IPUIPlugin:80 - create IPUIPlugin
2026-06-15 10:00:59,630 [INFO] PluginManager:220 - loadIPPluginJar : add radio
2026-06-15 10:00:59,637 [INFO] IPUIPlugin:80 - create IPUIPlugin
2026-06-15 10:00:59,637 [INFO] PluginManager:220 - loadIPPluginJar : add resmgrutility
2026-06-15 10:00:59,643 [INFO] IPUIPlugin:80 - create IPUIPlugin
2026-06-15 10:00:59,643 [INFO] PluginManager:220 - loadIPPluginJar : add sai
2026-06-15 10:00:59,648 [INFO] IPUIPlugin:80 - create IPUIPlugin
2026-06-15 10:00:59,648 [INFO] PluginManager:220 - loadIPPluginJar : add spi
2026-06-15 10:00:59,656 [INFO] IPUIPlugin:80 - create IPUIPlugin
2026-06-15 10:00:59,657 [INFO] PluginManager:220 - loadIPPluginJar : add stm32_wpan
2026-06-15 10:00:59,662 [INFO] IPUIPlugin:80 - create IPUIPlugin
2026-06-15 10:00:59,662 [INFO] PluginManager:220 - loadIPPluginJar : add tim
2026-06-15 10:00:59,669 [INFO] IPUIPlugin:80 - create IPUIPlugin
2026-06-15 10:00:59,669 [INFO] PluginManager:220 - loadIPPluginJar : add touchsensing
2026-06-15 10:00:59,673 [INFO] IPUIPlugin:80 - create IPUIPlugin
2026-06-15 10:00:59,675 [INFO] PluginManager:220 - loadIPPluginJar : add tracer_emb
2026-06-15 10:00:59,676 [INFO] IPUIPlugin:80 - create IPUIPlugin
2026-06-15 10:00:59,676 [INFO] PluginManager:220 - loadIPPluginJar : add ts
2026-06-15 10:00:59,676 [INFO] IPUIPlugin:80 - create IPUIPlugin
2026-06-15 10:00:59,676 [INFO] PluginManager:220 - loadIPPluginJar : add tsc
2026-06-15 10:00:59,684 [INFO] IPUIPlugin:80 - create IPUIPlugin
2026-06-15 10:00:59,684 [INFO] PluginManager:220 - loadIPPluginJar : add ucpd
2026-06-15 10:00:59,690 [INFO] IPUIPlugin:80 - create IPUIPlugin
2026-06-15 10:00:59,690 [INFO] PluginManager:220 - loadIPPluginJar : add usart
2026-06-15 10:00:59,697 [INFO] IPUIPlugin:80 - create IPUIPlugin
2026-06-15 10:00:59,697 [INFO] PluginManager:220 - loadIPPluginJar : add usbx
2026-06-15 10:00:59,887 [FATAL] Updater:351 - Updater called before beeing initialized
2026-06-15 10:00:59,926 [INFO] RulesReader:64 - Compatibility file has been processed (302 Rules)
2026-06-15 10:00:59,954 [INFO] RulesReader:64 - Compatibility file has been processed (302 Rules)
2026-06-15 10:00:59,971 [INFO] CADModel:165 - CPN selected for project level
2026-06-15 10:00:59,971 [INFO] CADModel:114 - Register for checkConnection events
2026-06-15 10:00:59,971 [FATAL] Updater:351 - Updater called before beeing initialized
2026-06-15 10:00:59,971 [ERROR] CADModel:125 - Updater not yet initialized, retry later 
2026-06-15 10:01:00,321 [FATAL] Updater:351 - Updater called before beeing initialized
2026-06-15 10:01:00,325 [INFO] CADModel:165 - CPN selected for project level
2026-06-15 10:01:00,325 [INFO] CADModel:114 - Register for checkConnection events
2026-06-15 10:01:00,325 [FATAL] Updater:351 - Updater called before beeing initialized
2026-06-15 10:01:00,325 [ERROR] CADModel:125 - Updater not yet initialized, retry later 
2026-06-15 10:01:00,331 [FATAL] Updater:351 - Updater called before beeing initialized
2026-06-15 10:01:00,511 [FATAL] Updater:351 - Updater called before beeing initialized
2026-06-15 10:01:00,517 [INFO] DbMcusAds:53 - JSON generation date=Thu May 28 19:08:17 TRT 2026 (1779984497073)
2026-06-15 10:01:00,517 [FATAL] Updater:351 - Updater called before beeing initialized
2026-06-15 10:01:00,581 [WARN] DetailPanel:346 - Failed to get advertising image, set to default
2026-06-15 10:01:01,048 [FATAL] Updater:351 - Updater called before beeing initialized
2026-06-15 10:01:01,052 [FATAL] Updater:351 - Updater called before beeing initialized
2026-06-15 10:01:01,052 [FATAL] Updater:351 - Updater called before beeing initialized
2026-06-15 10:01:01,052 [WARN] DetailPanel:346 - Failed to get advertising image, set to default
2026-06-15 10:01:01,059 [FATAL] Updater:351 - Updater called before beeing initialized
2026-06-15 10:01:01,169 [ERROR] Updater:1198 - MainUpdater not yet initialized. External WinMGr cannot be set.
2026-06-15 10:01:01,169 [INFO] Updater:1134 - Updater Version found : 6.14.1
2026-06-15 10:01:01,203 [INFO] ApplicationProperties:184 - Using Application install path: C:\ST\STM32CubeIDE_1.18.1\STM32CubeIDE\plugins\com.st.stm32cube.common.mx_6.14.1.202504091515
2026-06-15 10:01:01,412 [INFO] ThirdPartyUpdaterWithRetryManager:70 - Updater plugin not ready yet. [2/15]
2026-06-15 10:01:02,821 [ERROR] LogOutputStream:75 - [STDERR_REDIRECT] Jun 15, 2026 10:01:02 AM java.util.prefs.WindowsPreferences <init>
2026-06-15 10:01:02,823 [ERROR] LogOutputStream:75 - [STDERR_REDIRECT] WARNING: Could not open/create prefs root node Software\JavaSoft\Prefs at root 0xffffffff80000002. Windows RegCreateKeyEx(...) returned error code 5.
2026-06-15 10:01:02,823 [ERROR] LogOutputStream:75 - [STDERR_REDIRECT] 
2026-06-15 10:01:03,632 [INFO] MainUpdater:2872 - connection check result : 10
2026-06-15 10:01:03,633 [INFO] MainUpdater:289 - Updater Check For Update Now.
2026-06-15 10:01:03,633 [INFO] MicroXplorer:498 - Change Database Version : DB.6.0.141
2026-06-15 10:01:03,642 [INFO] McuFinderGlobals:63 - Set McuFinder mode to 2 (CubeIDE integrated)
2026-06-15 10:01:03,644 [INFO] UserAuth:484 - Internet connection configuration mode: 1
2026-06-15 10:01:03,677 [INFO] JxBrowserEngine:152 - Initiate JxBrowser Engine with user profile folder
2026-06-15 10:01:03,927 [INFO] CheckServerUpdateThread:120 - End of CheckServer Thread
2026-06-15 10:01:05,208 [WARN] PackLoader:240 - Cannot read IP mode file for STMicroelectronics.X-CUBE-AZRTOS-H7.3.5.0
2026-06-15 10:01:05,528 [WARN] PackLoader:240 - Cannot read IP mode file for STMicroelectronics.FP-SNS-MOTENVWB1.1.4.0
2026-06-15 10:01:05,603 [WARN] PackLoader:240 - Cannot read IP mode file for STMicroelectronics.FP-ATR-ASTRA1.2.0.2
2026-06-15 10:01:05,640 [WARN] PackLoader:240 - Cannot read IP mode file for STMicroelectronics.FP-ATR-ASTRA1.2.0.1
2026-06-15 10:01:05,672 [ERROR] Engine:466 - C:\Users\furkan\.stm32cubemx\thirdparties\pdsc\STMicroelectronics.X-CUBE-SMBUS.2.1.1.pdsc: PDSC version is not supported
2026-06-15 10:01:05,689 [WARN] PackLoader:240 - Cannot read IP mode file for STMicroelectronics.X-CUBE-SMBUS.2.1.0
2026-06-15 10:01:05,784 [WARN] PackLoader:240 - Cannot read IP mode file for STMicroelectronics.X-CUBE-WB05N.1.1.0
2026-06-15 10:01:05,866 [WARN] PackLoader:240 - Cannot read IP mode file for STMicroelectronics.X-CUBE-ST60.1.0.0
2026-06-15 10:01:05,896 [WARN] PackLoader:240 - Cannot read IP mode file for STMicroelectronics.X-CUBE-TOUCHGFX.4.23.1
2026-06-15 10:01:05,902 [WARN] PackLoader:240 - Cannot read IP mode file for STMicroelectronics.X-CUBE-TOUCHGFX.4.23.0
2026-06-15 10:01:05,910 [WARN] PackLoader:240 - Cannot read IP mode file for STMicroelectronics.X-CUBE-TOUCHGFX.4.23.2
2026-06-15 10:01:06,037 [WARN] PackLoader:240 - Cannot read IP mode file for STMicroelectronics.X-CUBE-AZRTOS-F7.1.1.0
2026-06-15 10:01:06,130 [WARN] PackLoader:240 - Cannot read IP mode file for STMicroelectronics.FP-SNS-MOTENV1.4.3.2
2026-06-15 10:01:06,300 [WARN] PackLoader:240 - Cannot read IP mode file for STMicroelectronics.X-CUBE-MEMS1.11.0.0
2026-06-15 10:01:06,326 [INFO] WebApp:169 - Instantiating new browser for Auth
2026-06-15 10:01:07,043 [ERROR] Engine:466 - C:\Users\furkan\.stm32cubemx\thirdparties\pdsc\STMicroelectronics.FP-SNS-MOTENV1.5.1.0.pdsc: PDSC version is not supported
2026-06-15 10:01:07,052 [WARN] PackLoader:240 - Cannot read IP mode file for STMicroelectronics.FP-SNS-FLIGHT1.5.0.2
2026-06-15 10:01:07,091 [WARN] PackLoader:240 - Cannot read IP mode file for STMicroelectronics.X-CUBE-AZRTOS-H7.3.4.0
2026-06-15 10:01:07,139 [WARN] PackLoader:240 - Cannot read IP mode file for STMicroelectronics.X-CUBE-DISPLAY.3.0.0
2026-06-15 10:01:07,184 [WARN] PackLoader:240 - Cannot read IP mode file for STMicroelectronics.X-CUBE-GNSS1.7.1.1
2026-06-15 10:01:07,235 [ERROR] Engine:466 - C:\Users\furkan\.stm32cubemx\thirdparties\pdsc\STMicroelectronics.FP-SNS-MOTENVWB1.1.5.0.pdsc: PDSC version is not supported
2026-06-15 10:01:07,254 [WARN] PackLoader:240 - Cannot read IP mode file for STMicroelectronics.X-CUBE-BLE1.7.0.0
2026-06-15 10:01:07,290 [WARN] PackLoader:240 - Cannot read IP mode file for STMicroelectronics.X-CUBE-NFC10.1.0.0
2026-06-15 10:01:07,391 [WARN] PackLoader:240 - Cannot read IP mode file for STMicroelectronics.X-CUBE-BLEMGR.4.0.0
2026-06-15 10:01:07,429 [WARN] PackLoader:240 - Cannot read IP mode file for STMicroelectronics.X-CUBE-ST60.1.1.0
2026-06-15 10:01:07,465 [WARN] PackLoader:240 - Cannot read IP mode file for emotas.I-CUBE-CANOPEN.1.3.0
2026-06-15 10:01:07,491 [WARN] PackLoader:240 - Cannot read IP mode file for STMicroelectronics.X-CUBE-GNSS1.7.1.0
2026-06-15 10:01:07,532 [WARN] PackLoader:240 - Cannot read IP mode file for STMicroelectronics.X-CUBE-BLEMGR.3.1.0
2026-06-15 10:01:07,556 [ERROR] Engine:466 - C:\Users\furkan\.stm32cubemx\thirdparties\pdsc\STMicroelectronics.FP-SNS-STBOX1.2.1.0.pdsc: PDSC version is not supported
2026-06-15 10:01:07,580 [WARN] PackLoader:240 - Cannot read IP mode file for STMicroelectronics.FP-SNS-SMARTAG2.1.2.0
2026-06-15 10:01:07,597 [WARN] PackLoader:240 - Cannot read IP mode file for STMicroelectronics.FP-SNS-FLIGHT1.5.1.0
2026-06-15 10:01:07,742 [WARN] PackLoader:240 - Cannot read IP mode file for STMicroelectronics.X-CUBE-MEMS1.11.1.0
2026-06-15 10:01:08,385 [INFO] LogOutputStream:77 - [STDOUT_REDIRECT] 1 : Invalid condition id : UX_CORESTACK_Condition cause : null
2026-06-15 10:01:08,385 [INFO] LogOutputStream:77 - [STDOUT_REDIRECT] 1 : Invalid condition id : UX_CORESTACK_Condition cause : null
2026-06-15 10:01:08,391 [INFO] LogOutputStream:77 - [STDOUT_REDIRECT] 1 : Invalid condition id : UX_CORESTACK_Condition cause : null
2026-06-15 10:01:08,399 [INFO] LogOutputStream:77 - [STDOUT_REDIRECT] 1 : Invalid condition id : UX_CORESTACK_Condition cause : null
2026-06-15 10:01:08,410 [INFO] LogOutputStream:77 - [STDOUT_REDIRECT] 1 : Invalid condition id : UX_CORESTACK_Condition cause : null
2026-06-15 10:01:08,420 [WARN] PackLoader:240 - Cannot read IP mode file for STMicroelectronics.X-CUBE-AZRTOS-WL.2.0.0
2026-06-15 10:01:08,434 [WARN] PackLoader:240 - Cannot read IP mode file for STMicroelectronics.FP-SNS-MOTENV1.5.0.0
2026-06-15 10:01:08,541 [WARN] PackLoader:240 - Cannot read IP mode file for STMicroelectronics.X-CUBE-AZRTOS-H7RS.1.2.0
2026-06-15 10:01:08,559 [WARN] PackLoader:240 - Cannot read IP mode file for wolfSSL.I-CUBE-wolfMQTT.1.19.0
2026-06-15 10:01:08,604 [WARN] PackLoader:240 - Cannot read IP mode file for WES.I-CUBE-Cesium.1.3.0
2026-06-15 10:01:08,624 [WARN] PackLoader:240 - Cannot read IP mode file for STMicroelectronics.X-CUBE-BLE2.3.3.0
2026-06-15 10:01:08,780 [WARN] PackLoader:240 - Cannot read IP mode file for STMicroelectronics.X-CUBE-NFC9.1.0.0
2026-06-15 10:01:08,802 [WARN] PackLoader:240 - Cannot read IP mode file for STMicroelectronics.X-CUBE-BLE1.7.1.0
2026-06-15 10:01:08,831 [WARN] PackLoader:240 - Cannot read IP mode file for STMicroelectronics.X-CUBE-TCPP.4.1.0
2026-06-15 10:01:08,845 [ERROR] Engine:466 - C:\Users\furkan\.stm32cubemx\thirdparties\pdsc\STMicroelectronics.X-CUBE-FREERTOS.1.4.0.pdsc: PDSC version is not supported
2026-06-15 10:01:08,866 [WARN] PackLoader:240 - Cannot read IP mode file for STMicroelectronics.X-CUBE-EEPRMA1.5.2.0
2026-06-15 10:01:08,877 [ERROR] Engine:466 - C:\Users\furkan\.stm32cubemx\thirdparties\pdsc\STMicroelectronics.X-CUBE-ST67W61.1.1.0.pdsc: PDSC version is not supported
2026-06-15 10:01:08,898 [WARN] PackLoader:240 - Cannot read IP mode file for STMicroelectronics.X-CUBE-AI.10.1.0
2026-06-15 10:01:08,936 [ERROR] Engine:466 - C:\Users\furkan\.stm32cubemx\thirdparties\pdsc\STMicroelectronics.FP-SNS-STAIOTCFT.1.1.0.pdsc: PDSC version is not supported
2026-06-15 10:01:10,024 [WARN] PackLoader:240 - Cannot read IP mode file for STMicroelectronics.X-CUBE-MEMS1.12.0.0
2026-06-15 10:01:10,055 [INFO] WebApp:463 - Apply proxy settings
2026-06-15 10:01:10,056 [INFO] WebApp:548 - Chromium requires no authentication
2026-06-15 10:01:10,081 [INFO] WebApp:491 - Direct internet connection detected
2026-06-15 10:01:10,140 [INFO] WebApp:894 - Register for checkConnection events
2026-06-15 10:01:10,140 [INFO] WebApp:463 - Apply proxy settings
2026-06-15 10:01:10,140 [INFO] WebApp:548 - Chromium requires no authentication
2026-06-15 10:01:10,142 [INFO] WebApp:491 - Direct internet connection detected
2026-06-15 10:01:10,270 [WARN] PackLoader:240 - Cannot read IP mode file for STMicroelectronics.X-CUBE-ALGOBUILD.1.3.0
2026-06-15 10:01:10,315 [WARN] PackLoader:240 - Cannot read IP mode file for STMicroelectronics.X-CUBE-AZRTOS-G0.1.1.0
2026-06-15 10:01:10,340 [WARN] PackLoader:240 - Cannot read IP mode file for STMicroelectronics.X-CUBE-SAFEA1.1.2.2
2026-06-15 10:01:10,352 [WARN] PackLoader:240 - Cannot read IP mode file for STMicroelectronics.X-CUBE-NFC4.3.0.0
2026-06-15 10:01:10,412 [WARN] PackLoader:240 - Cannot read IP mode file for EmbeddedOffice.I-CUBE-FS-RTOS.1.0.1
2026-06-15 10:01:10,433 [WARN] PackLoader:240 - Cannot read IP mode file for STMicroelectronics.X-CUBE-WB05N.2.0.0
2026-06-15 10:01:10,478 [WARN] PackLoader:240 - Cannot read IP mode file for STMicroelectronics.X-CUBE-BLEMGR.3.0.0
2026-06-15 10:01:10,492 [WARN] PackLoader:240 - Cannot read IP mode file for STMicroelectronics.X-CUBE-TCPP.4.2.0
2026-06-15 10:01:10,592 [WARN] PackLoader:240 - Cannot read IP mode file for RealThread.X-CUBE-RT-Thread_Nano.4.1.1
2026-06-15 10:01:10,603 [WARN] PackLoader:240 - Cannot read IP mode file for STMicroelectronics.FP-ATR-SIGFOX1.3.2.0
2026-06-15 10:01:10,638 [WARN] ConditionMgr:438 - getConditionDescription Invalid condition id : Cortex-A Device cause : null
2026-06-15 10:01:10,674 [INFO] WebApp:225 - Starting web application
2026-06-15 10:01:10,674 [INFO] WebApp:593 - Web application path used C:\ST\STM32CubeIDE_1.18.1\STM32CubeIDE\plugins\com.st.stm32cube.common.mx_6.14.1.202504091515\db\plugins\mcufinder\reactClient1\index.html
2026-06-15 10:01:10,693 [WARN] ConditionMgr:1044 - genDependencies : Invalid condition id : Cortex-A Device cause : null
2026-06-15 10:01:10,693 [WARN] ConditionMgr:1044 - genDependencies : Invalid condition id : Cortex-A Device cause : null
2026-06-15 10:01:10,693 [WARN] ConditionMgr:1044 - genDependencies : Invalid condition id : Cortex-A Device cause : null
2026-06-15 10:01:10,734 [WARN] PackLoader:240 - Cannot read IP mode file for STMicroelectronics.X-CUBE-EEPRMA1.5.1.0
2026-06-15 10:01:10,749 [ERROR] Engine:466 - C:\Users\furkan\.stm32cubemx\thirdparties\pdsc\STMicroelectronics.X-CUBE-FREERTOS.1.5.0.pdsc: PDSC version is not supported
2026-06-15 10:01:10,839 [WARN] PackLoader:240 - Cannot read IP mode file for STMicroelectronics.X-CUBE-NFC6.3.2.0
2026-06-15 10:01:10,871 [WARN] PackLoader:240 - Cannot read IP mode file for STMicroelectronics.X-CUBE-ST67W61.1.0.0
2026-06-15 10:01:10,885 [WARN] PackLoader:240 - Cannot read IP mode file for STMicroelectronics.X-CUBE-AI.10.2.0
2026-06-15 10:01:11,133 [WARN] PackLoader:240 - Cannot read IP mode file for STMicroelectronics.X-CUBE-MEMS1.12.1.0
2026-06-15 10:01:11,576 [WARN] PackLoader:240 - Cannot read IP mode file for SEGGER.I-CUBE-embOS.1.3.1
2026-06-15 10:01:11,787 [WARN] PackLoader:240 - Cannot read IP mode file for STMicroelectronics.X-CUBE-ALGOBUILD.1.4.0
2026-06-15 10:01:11,836 [INFO] WebApp:191 - Connection restablished
2026-06-15 10:01:12,603 [WARN] PackLoader:240 - Cannot read IP mode file for STMicroelectronics.X-CUBE-MEMS1.11.3.0
2026-06-15 10:01:13,316 [WARN] PackLoader:240 - Cannot read IP mode file for STMicroelectronics.X-CUBE-AI.9.1.0
2026-06-15 10:01:13,328 [WARN] PackLoader:240 - Cannot read IP mode file for STMicroelectronics.X-CUBE-PM33A1.1.0.0
2026-06-15 10:01:13,345 [INFO] UserAuth:484 - Internet connection configuration mode: 1
2026-06-15 10:01:13,351 [WARN] PackLoader:240 - Cannot read IP mode file for STMicroelectronics.X-CUBE-GNSS1.6.0.0
2026-06-15 10:01:13,412 [WARN] PackLoader:240 - Cannot read IP mode file for STMicroelectronics.X-CUBE-AZRTOS-F4.1.1.0
2026-06-15 10:01:13,423 [WARN] PackLoader:240 - Cannot read IP mode file for Avnet-IotConnect.X-CUBE-IoTC-DA16k-PMOD.1.0.0
2026-06-15 10:01:13,432 [WARN] PackLoader:240 - Cannot read IP mode file for STMicroelectronics.X-CUBE-ISPU.2.1.0
2026-06-15 10:01:13,444 [ERROR] Engine:466 - C:\Users\furkan\.stm32cubemx\thirdparties\pdsc\STMicroelectronics.X-CUBE-IPS.3.2.0.pdsc: PDSC version is not supported
2026-06-15 10:01:13,453 [WARN] PackLoader:240 - Cannot read IP mode file for STMicroelectronics.eDS-WB_DPC_TT-BIDIR.2.1.1
2026-06-15 10:01:13,464 [WARN] PackLoader:240 - Cannot read IP mode file for STMicroelectronics.X-CUBE-FREERTOS.1.2.0
2026-06-15 10:01:13,515 [WARN] PackLoader:240 - Cannot read IP mode file for wolfSSL.I-CUBE-wolfSSL.5.6.6
2026-06-15 10:01:13,528 [WARN] PackLoader:240 - Cannot read IP mode file for STMicroelectronics.X-CUBE-NFC12.1.0.0
2026-06-15 10:01:13,570 [WARN] PackLoader:240 - Cannot read IP mode file for STMicroelectronics.X-CUBE-AZRTOS-L5.2.0.0
2026-06-15 10:01:13,605 [WARN] PackLoader:240 - Cannot read IP mode file for STMicroelectronics.X-CUBE-NFC6.3.1.0
2026-06-15 10:01:13,628 [WARN] PackLoader:240 - Cannot read IP mode file for ITTIA_DB.I-CUBE-ITTIADB.8.8.0
2026-06-15 10:01:13,654 [WARN] PackLoader:240 - Cannot read IP mode file for STMicroelectronics.X-CUBE-ALGOBUILD.1.5.0
2026-06-15 10:01:13,704 [WARN] PackLoader:240 - Cannot read IP mode file for STMicroelectronics.X-CUBE-DPower.1.2.0
2026-06-15 10:01:13,723 [WARN] PackLoader:240 - Cannot read IP mode file for STMicroelectronics.eDS-WB_DPC_VIENNA.1.2.0
2026-06-15 10:01:13,741 [WARN] PackLoader:240 - Cannot read IP mode file for STMicroelectronics.eDS-WB_DPC_3PH2L-BIDIR.1.1.1
2026-06-15 10:01:13,772 [WARN] PackLoader:240 - Cannot read IP mode file for STMicroelectronics.X-CUBE-AI.9.0.0
2026-06-15 10:01:13,783 [ERROR] Engine:466 - C:\Users\furkan\.stm32cubemx\thirdparties\pdsc\STMicroelectronics.X-CUBE-ST67W61.1.3.0.pdsc: PDSC version is not supported
2026-06-15 10:01:13,813 [WARN] PackLoader:240 - Cannot read IP mode file for STMicroelectronics.X-CUBE-FREERTOS.1.3.1
2026-06-15 10:01:13,832 [WARN] PackLoader:240 - Cannot read IP mode file for STMicroelectronics.X-CUBE-FREERTOS.1.3.0
2026-06-15 10:01:13,848 [WARN] PackLoader:240 - Cannot read IP mode file for STMicroelectronics.X-CUBE-NFC7.1.0.1
2026-06-15 10:01:13,861 [WARN] PackLoader:240 - Cannot read IP mode file for wolfSSL.I-CUBE-wolfTPM.3.2.0
2026-06-15 10:01:13,870 [WARN] PackLoader:240 - Cannot read IP mode file for STMicroelectronics.X-CUBE-TOUCHGFX.4.26.0
2026-06-15 10:01:13,889 [WARN] PackLoader:240 - Cannot read IP mode file for STMicroelectronics.X-CUBE-NFC6.3.0.0
2026-06-15 10:01:13,903 [WARN] PackLoader:240 - Cannot read IP mode file for STMicroelectronics.X-CUBE-TOUCHGFX.4.26.1
2026-06-15 10:01:14,032 [WARN] PackLoader:240 - Cannot read IP mode file for STMicroelectronics.FP-SNS-STAIOTCFT.1.0.0
2026-06-15 10:01:14,080 [WARN] PackLoader:240 - Cannot read IP mode file for STMicroelectronics.X-CUBE-DPower.1.3.0
2026-06-15 10:01:14,087 [WARN] PackLoader:240 - Cannot read IP mode file for STMicroelectronics.X-CUBE-AI.8.1.0
2026-06-15 10:01:14,260 [WARN] ConditionMgr:438 - getConditionDescription Invalid condition id : LAN8742 Phy interface Condition cause : null
2026-06-15 10:01:14,262 [WARN] PackLoader:240 - Cannot read IP mode file for STMicroelectronics.X-CUBE-AZRTOS-L4.2.0.0
2026-06-15 10:01:14,267 [WARN] ConditionMgr:1044 - genDependencies : Invalid condition id : LAN8742 Phy interface Condition cause : null
2026-06-15 10:01:14,267 [WARN] ConditionMgr:1044 - genDependencies : Invalid condition id : LAN8742 Phy interface Condition cause : null
2026-06-15 10:01:14,267 [WARN] ConditionMgr:1044 - genDependencies : Invalid condition id : LAN8742 Phy interface Condition cause : null
2026-06-15 10:01:14,289 [WARN] PackLoader:240 - Cannot read IP mode file for STMicroelectronics.X-CUBE-SFXS2LP1.4.0.0
2026-06-15 10:01:14,301 [WARN] PackLoader:240 - Cannot read IP mode file for STMicroelectronics.X-CUBE-WB05N.2.1.0
2026-06-15 10:01:14,310 [ERROR] Engine:466 - C:\Users\furkan\.stm32cubemx\thirdparties\pdsc\STMicroelectronics.X-CUBE-ST67W61.1.2.0.pdsc: PDSC version is not supported
2026-06-15 10:01:14,374 [WARN] PackLoader:240 - Cannot read IP mode file for STMicroelectronics.X-CUBE-AZRTOS-H7.3.3.0
2026-06-15 10:01:14,396 [WARN] PackLoader:240 - Cannot read IP mode file for STMicroelectronics.X-CUBE-BLEMGR.4.1.0
2026-06-15 10:01:14,420 [WARN] PackLoader:240 - Cannot read IP mode file for STMicroelectronics.X-CUBE-IPS.3.0.0
2026-06-15 10:01:14,452 [WARN] ConditionMgr:438 - getConditionDescription Invalid condition id : UX DEVICE CLASS RTOS Condition cause : null
2026-06-15 10:01:14,452 [WARN] ConditionMgr:438 - getConditionDescription Invalid condition id : UX DEVICE CLASS RTOS Condition cause : null
2026-06-15 10:01:14,455 [WARN] PackLoader:240 - Cannot read IP mode file for STMicroelectronics.X-CUBE-AZRTOS-WB.2.0.0
2026-06-15 10:01:14,456 [WARN] ConditionMgr:1044 - genDependencies : Invalid condition id : UX DEVICE CLASS RTOS Condition cause : null
2026-06-15 10:01:14,456 [WARN] ConditionMgr:1044 - genDependencies : Invalid condition id : UX DEVICE CLASS RTOS Condition cause : null
2026-06-15 10:01:14,458 [WARN] ConditionMgr:1044 - genDependencies : Invalid condition id : UX DEVICE CLASS RTOS Condition cause : null
2026-06-15 10:01:14,458 [WARN] ConditionMgr:1044 - genDependencies : Invalid condition id : UX DEVICE CLASS RTOS Condition cause : null
2026-06-15 10:01:14,459 [WARN] ConditionMgr:1044 - genDependencies : Invalid condition id : UX DEVICE CLASS RTOS Condition cause : null
2026-06-15 10:01:14,468 [WARN] PackLoader:240 - Cannot read IP mode file for STMicroelectronics.X-CUBE-GNSS1.7.0.0
2026-06-15 10:01:14,478 [WARN] PackLoader:240 - Cannot read IP mode file for STMicroelectronics.X-CUBE-GNSS1.7.0.1
2026-06-15 10:01:14,484 [WARN] PackLoader:240 - Cannot read IP mode file for STMicroelectronics.X-CUBE-TOUCHGFX.4.25.0
2026-06-15 10:01:14,503 [WARN] PackLoader:240 - Cannot read IP mode file for STMicroelectronics.FP-SNS-STBOX1.2.0.0
2026-06-15 10:01:14,524 [WARN] PackLoader:240 - Cannot read IP mode file for STMicroelectronics.X-CUBE-STSE01.2.0.0
2026-06-15 10:01:14,554 [WARN] PackLoader:240 - Cannot read IP mode file for STMicroelectronics.X-CUBE-SUBG2.5.0.0
2026-06-15 10:01:14,620 [WARN] PackLoader:240 - Cannot read IP mode file for STMicroelectronics.X-CUBE-AZRTOS-H7RS.1.1.0
2026-06-15 10:01:14,634 [WARN] PackLoader:240 - Cannot read IP mode file for Cesanta.I-CUBE-Mongoose.7.13.0
2026-06-15 10:01:14,670 [WARN] PackLoader:240 - Cannot read IP mode file for STMicroelectronics.X-CUBE-AZRTOS-G4.2.0.0
2026-06-15 10:01:14,708 [WARN] PackLoader:240 - Cannot read IP mode file for Infineon.AIROC-Wi-Fi-Bluetooth-STM32.1.5.1
2026-06-15 10:01:14,726 [WARN] PackLoader:240 - Cannot read IP mode file for STMicroelectronics.X-CUBE-NFC7.2.0.0
2026-06-15 10:01:14,733 [WARN] PackLoader:240 - Cannot read IP mode file for STMicroelectronics.FP-SNS-MOTENVWB1.1.3.1
2026-06-15 10:01:14,741 [WARN] PackLoader:240 - Cannot read IP mode file for STMicroelectronics.X-CUBE-ISPU.2.0.0
2026-06-15 10:01:14,760 [WARN] PackLoader:240 - Cannot read IP mode file for STMicroelectronics.X-CUBE-IPS.3.1.0
2026-06-15 10:01:14,836 [WARN] PackLoader:240 - Cannot read IP mode file for STMicroelectronics.X-CUBE-ALS.1.0.2
2026-06-15 10:01:14,918 [WARN] PackLoader:240 - Cannot read IP mode file for STMicroelectronics.X-CUBE-MEMS1.10.0.0
2026-06-15 10:01:15,502 [WARN] PackLoader:240 - Cannot read IP mode file for STMicroelectronics.X-CUBE-FREERTOS.1.1.0
2026-06-15 10:01:15,513 [WARN] PackLoader:240 - Cannot read IP mode file for STMicroelectronics.X-CUBE-TOUCHGFX.4.24.0
2026-06-15 10:01:15,527 [WARN] PackLoader:240 - Cannot read IP mode file for STMicroelectronics.X-CUBE-TOUCHGFX.4.24.1
2026-06-15 10:01:15,537 [WARN] PackLoader:240 - Cannot read IP mode file for STMicroelectronics.X-CUBE-STSE01.1.0.0
2026-06-15 10:01:15,553 [WARN] PackLoader:240 - Cannot read IP mode file for portGmbH.I-Cube-SoM-uGOAL.1.1.0
2026-06-15 10:01:15,560 [WARN] PackLoader:240 - Cannot read IP mode file for STMicroelectronics.X-CUBE-ALS.1.0.1
2026-06-15 10:01:15,601 [WARN] PackLoader:240 - Cannot read IP mode file for STMicroelectronics.X-CUBE-AZRTOS-H7RS.1.0.0
2026-06-15 10:01:15,611 [WARN] PackLoader:240 - Cannot read IP mode file for STMicroelectronics.FP-ATR-ASTRA1.2.0.0
2026-06-15 10:01:15,682 [WARN] PackLoader:240 - Cannot read IP mode file for STMicroelectronics.X-CUBE-TOF1.3.4.2
2026-06-15 10:01:15,784 [WARN] PackLoader:240 - Cannot read IP mode file for STMicroelectronics.X-CUBE-TOF1.3.4.3
2026-06-15 10:01:15,839 [WARN] PackLoader:240 - Cannot read IP mode file for STMicroelectronics.X-CUBE-TOF1.3.4.0
2026-06-15 10:01:15,891 [WARN] PackLoader:240 - Cannot read IP mode file for STMicroelectronics.X-CUBE-TOF1.3.4.1
2026-06-15 10:01:15,961 [WARN] PackLoader:240 - Cannot read IP mode file for STMicroelectronics.X-CUBE-AZRTOS-H7.3.2.0
2026-06-15 10:01:15,983 [WARN] PackLoader:240 - Cannot read IP mode file for wolfSSL.I-CUBE-wolfSSH.1.4.17
2026-06-15 10:01:15,983 [INFO] ThirdParty:978 - Integrity check success = true
2026-06-15 10:01:15,983 [INFO] IntegrityCheckThread:100 - exiting critical section [integrity check]
2026-06-15 10:01:15,983 [INFO] IntegrityCheckThread:103 - End integrity checks thread
2026-06-15 11:20:46,259 [INFO] WebApp:194 - Connection lost
2026-06-15 11:20:47,561 [INFO] WebApp:191 - Connection restablished
2026-06-15 11:44:07,243 [INFO] WebApp:194 - Connection lost
2026-06-15 11:44:24,112 [INFO] WebApp:191 - Connection restablished
2026-06-15 14:00:08,286 [INFO] WebApp:194 - Connection lost
2026-06-15 14:00:21,316 [INFO] WebApp:191 - Connection restablished
2026-06-15 14:01:03,278 [INFO] WebApp:194 - Connection lost
2026-06-15 14:01:05,933 [INFO] WebApp:191 - Connection restablished
2026-06-15 14:01:57,263 [INFO] WebApp:194 - Connection lost
2026-06-15 14:02:07,023 [INFO] WebApp:191 - Connection restablished
2026-06-15 15:44:07,296 [INFO] WebApp:194 - Connection lost
2026-06-15 15:44:20,174 [INFO] WebApp:191 - Connection restablished
2026-06-15 16:46:30,350 [INFO] WebApp:194 - Connection lost
2026-06-15 16:46:33,064 [INFO] WebApp:191 - Connection restablished
2026-06-15 17:59:56,679 [INFO] WebApp:194 - Connection lost
2026-06-15 18:00:00,616 [INFO] WebApp:191 - Connection restablished
2026-06-15 18:28:17,061 [ERROR] LogOutputStream:75 - [STDERR_REDIRECT] 
2026-06-15 18:28:17,065 [ERROR] LogOutputStream:75 - [STDERR_REDIRECT] 
