2026-06-16 10:18:42,547 [INFO] Activator:176 - 


2026-06-16 10:18:42,553 [INFO] Activator:177 - !SESSION log4j initialized
2026-06-16 10:18:50,211 [INFO] LogOutputStream:77 - [STDOUT_REDIRECT] 
2026-06-16 10:18:51,054 [INFO] ApplicationProperties:184 - Using Application install path: C:\ST\STM32CubeIDE_1.18.1\STM32CubeIDE\plugins\com.st.stm32cube.common.mx_6.14.1.202504091515
2026-06-16 10:18:51,073 [INFO] DbMcusXml:78 - Set database path to: C:\ST\STM32CubeIDE_1.18.1\STM32CubeIDE\plugins\com.st.stm32cube.common.mx_6.14.1.202504091515\\db\/mcu/
2026-06-16 10:18:51,073 [INFO] ApiDb:274 - Set plugin database path to: C:\ST\STM32CubeIDE_1.18.1\STM32CubeIDE\plugins\com.st.stm32cube.common.mx_6.14.1.202504091515\\db\/plugins/boardmanager/
2026-06-16 10:18:51,073 [WARN] ApiDb:259 - Overriding images path with different value:  => C:\ST\STM32CubeIDE_1.18.1\STM32CubeIDE\plugins\com.st.stm32cube.common.mx_6.14.1.202504091515\\db\/plugins/mcufinder/images/
2026-06-16 10:18:51,087 [INFO] ApiDb:250 - Set database path to: C:\Users\furkan\.stmcufinder\plugins\mcufinder//mcu/
2026-06-16 10:18:51,088 [INFO] DbMcusAds:125 - Set database path to: C:\Users\furkan\.stmcufinder\plugins\mcufinder//mcu/
2026-06-16 10:18:51,091 [INFO] CrossReferenceDbSqlite:203 - Set database path to: C:\Users\furkan\.stmcufinder\plugins\mcufinder//mcu/cs/
2026-06-16 10:18:51,185 [INFO] RulesReader:64 - Compatibility file has been processed (302 Rules)
2026-06-16 10:18:51,253 [INFO] DbMcusXml:78 - Set database path to: C:\ST\STM32CubeIDE_1.18.1\STM32CubeIDE\plugins\com.st.stm32cube.common.mx_6.14.1.202504091515\\db\/mcu/
2026-06-16 10:18:51,253 [INFO] ApiDb:274 - Set plugin database path to: C:\ST\STM32CubeIDE_1.18.1\STM32CubeIDE\plugins\com.st.stm32cube.common.mx_6.14.1.202504091515\\db\/plugins/boardmanager/
2026-06-16 10:18:51,253 [INFO] ApiDb:261 - Set plugin images path to: C:\ST\STM32CubeIDE_1.18.1\STM32CubeIDE\plugins\com.st.stm32cube.common.mx_6.14.1.202504091515\\db\/plugins/mcufinder/images/
2026-06-16 10:18:51,253 [WARN] DbFile:41 - Overriding database path with different value: C:\Users\furkan\.stmcufinder\plugins\mcufinder/ => C:\Users\furkan\.stmcufinder\plugins\mcufinder
2026-06-16 10:18:51,253 [INFO] ApiDb:250 - Set database path to: C:\Users\furkan\.stmcufinder\plugins\mcufinder//mcu/
2026-06-16 10:18:51,253 [WARN] DbFile:41 - Overriding database path with different value: C:\Users\furkan\.stmcufinder\plugins\mcufinder/ => C:\Users\furkan\.stmcufinder\plugins\mcufinder
2026-06-16 10:18:51,253 [INFO] DbMcusAds:125 - Set database path to: C:\Users\furkan\.stmcufinder\plugins\mcufinder//mcu/
2026-06-16 10:18:51,253 [WARN] DbFile:41 - Overriding database path with different value: C:\Users\furkan\.stmcufinder\plugins\mcufinder/ => C:\Users\furkan\.stmcufinder\plugins\mcufinder
2026-06-16 10:18:51,253 [WARN] DbFile:41 - Overriding database path with different value: C:\Users\furkan\.stmcufinder\plugins\mcufinder/ => C:\Users\furkan\.stmcufinder\plugins\mcufinder
2026-06-16 10:18:51,253 [INFO] CrossReferenceDbSqlite:203 - Set database path to: C:\Users\furkan\.stmcufinder\plugins\mcufinder//mcu/cs/
2026-06-16 10:18:51,322 [INFO] MainPanel:272 - HeapMemory: 268435456
2026-06-16 10:18:51,412 [INFO] DbMcusXml:78 - Set database path to: C:\ST\STM32CubeIDE_1.18.1\STM32CubeIDE\plugins\com.st.stm32cube.common.mx_6.14.1.202504091515\\db\/mcu/
2026-06-16 10:18:51,412 [INFO] ApiDb:274 - Set plugin database path to: C:\ST\STM32CubeIDE_1.18.1\STM32CubeIDE\plugins\com.st.stm32cube.common.mx_6.14.1.202504091515\\db\/plugins/boardmanager/
2026-06-16 10:18:51,412 [INFO] ApiDb:261 - Set plugin images path to: C:\ST\STM32CubeIDE_1.18.1\STM32CubeIDE\plugins\com.st.stm32cube.common.mx_6.14.1.202504091515\\db\/plugins/mcufinder/images/
2026-06-16 10:18:51,413 [WARN] DbFile:41 - Overriding database path with different value: C:\Users\furkan\.stmcufinder\plugins\mcufinder/ => C:\Users\furkan\.stmcufinder\plugins\mcufinder
2026-06-16 10:18:51,413 [INFO] ApiDb:250 - Set database path to: C:\Users\furkan\.stmcufinder\plugins\mcufinder//mcu/
2026-06-16 10:18:51,413 [WARN] DbFile:41 - Overriding database path with different value: C:\Users\furkan\.stmcufinder\plugins\mcufinder/ => C:\Users\furkan\.stmcufinder\plugins\mcufinder
2026-06-16 10:18:51,413 [INFO] DbMcusAds:125 - Set database path to: C:\Users\furkan\.stmcufinder\plugins\mcufinder//mcu/
2026-06-16 10:18:51,413 [WARN] DbFile:41 - Overriding database path with different value: C:\Users\furkan\.stmcufinder\plugins\mcufinder/ => C:\Users\furkan\.stmcufinder\plugins\mcufinder
2026-06-16 10:18:51,413 [WARN] DbFile:41 - Overriding database path with different value: C:\Users\furkan\.stmcufinder\plugins\mcufinder/ => C:\Users\furkan\.stmcufinder\plugins\mcufinder
2026-06-16 10:18:51,413 [INFO] CrossReferenceDbSqlite:203 - Set database path to: C:\Users\furkan\.stmcufinder\plugins\mcufinder//mcu/cs/
2026-06-16 10:18:51,430 [INFO] ApplicationProperties:184 - Using Application install path: C:\ST\STM32CubeIDE_1.18.1\STM32CubeIDE\plugins\com.st.stm32cube.common.mx_6.14.1.202504091515
2026-06-16 10:18:51,431 [INFO] PluginManage:196 - Search for loadable plugins [exclusion list=, ]
2026-06-16 10:18:51,432 [INFO] PluginManage:310 - Check plugin analytics
2026-06-16 10:18:51,641 [INFO] AnalyticsPlugin:253 - Accepted Software Licenses: 
2026-06-16 10:18:51,641 [INFO] AnalyticsPlugin:255 - Accepted CMSIS Pack Licenses: 
2026-06-16 10:18:51,642 [INFO] AnalyticsPlugin:257 - Accepted Firmware Licenses: FW.F4.1.28.0,FW.F7.1.17.0
2026-06-16 10:18:51,644 [INFO] PluginManage:359 - Loaded plugin analytics (category:tool,tabindex:-1)
2026-06-16 10:18:51,644 [INFO] PluginManage:310 - Check plugin cadmodel
2026-06-16 10:18:51,651 [INFO] CADModel:105 - Init CAD model plugin
2026-06-16 10:18:51,651 [INFO] PluginManage:359 - Loaded plugin cadmodel (category:power,tabindex:5)
2026-06-16 10:18:51,651 [INFO] PluginManage:310 - Check plugin clock
2026-06-16 10:18:51,662 [INFO] PluginManage:359 - Loaded plugin clock (category:base,tabindex:2)
2026-06-16 10:18:51,662 [INFO] PluginManage:310 - Check plugin ddr
2026-06-16 10:18:51,665 [INFO] PluginManage:359 - Loaded plugin ddr (category:tool,tabindex:6)
2026-06-16 10:18:51,665 [INFO] PluginManage:310 - Check plugin filemanager
2026-06-16 10:18:51,802 [INFO] PluginManage:359 - Loaded plugin filemanager (category:base,tabindex:10)
2026-06-16 10:18:51,802 [INFO] PluginManage:310 - Check plugin ipmanager
2026-06-16 10:18:51,809 [INFO] PluginManage:359 - Loaded plugin ipmanager (category:base,tabindex:5)
2026-06-16 10:18:51,809 [INFO] PluginManage:310 - Check plugin lpbam
2026-06-16 10:18:51,816 [INFO] PluginManage:359 - Loaded plugin lpbam (category:base,tabindex:0)
2026-06-16 10:18:51,816 [INFO] PluginManage:310 - Check plugin memorymap
2026-06-16 10:18:51,831 [INFO] PluginManage:359 - Loaded plugin memorymap (category:base,tabindex:4)
2026-06-16 10:18:51,832 [INFO] PluginManage:310 - Check plugin pinoutandconfiguration
2026-06-16 10:18:51,842 [INFO] PluginManage:359 - Loaded plugin pinoutandconfiguration (category:base,tabindex:1)
2026-06-16 10:18:51,842 [INFO] PluginManage:310 - Check plugin pinoutconfig
2026-06-16 10:18:51,930 [WARN] SupportedApi:132 - Cannot load RTOS API schema: s4s-elt-must-match.1: The content of 'definitions' must match (annotation?, (simpleType | complexType)?, (unique | key | keyref)*)). A problem was found starting at: attribute.
2026-06-16 10:18:52,072 [INFO] PluginManage:359 - Loaded plugin pinoutconfig (category:base,tabindex:0)
2026-06-16 10:18:52,072 [INFO] PluginManage:310 - Check plugin power
2026-06-16 10:18:52,080 [INFO] PluginManage:359 - Loaded plugin power (category:power,tabindex:4)
2026-06-16 10:18:52,081 [INFO] PluginManage:310 - Check plugin projectmanager
2026-06-16 10:18:52,095 [INFO] PluginManage:359 - Loaded plugin projectmanager (category:projectmanager,tabindex:4)
2026-06-16 10:18:52,095 [INFO] PluginManage:310 - Check plugin rif
2026-06-16 10:18:52,101 [INFO] PluginManage:359 - Loaded plugin rif (category:base,tabindex:3)
2026-06-16 10:18:52,102 [INFO] PluginManage:310 - Check plugin thirdparty
2026-06-16 10:18:52,224 [INFO] PluginManage:359 - Loaded plugin thirdparty (category:base,tabindex:-1)
2026-06-16 10:18:52,224 [WARN] IntegrityCheckThread:84 - waiting for thirdparty lock release [integrity check]
2026-06-16 10:18:52,224 [INFO] IntegrityCheckThread:86 - entering critical section [integrity check]
2026-06-16 10:18:52,224 [INFO] PluginManage:310 - Check plugin tools
2026-06-16 10:18:52,226 [INFO] ThirdPartyUpdaterWithRetryManager:70 - Updater plugin not ready yet. [1/15]
2026-06-16 10:18:52,228 [INFO] PluginManage:359 - Loaded plugin tools (category:base,tabindex:7)
2026-06-16 10:18:52,228 [INFO] PluginManage:310 - Check plugin tutovideos
2026-06-16 10:18:52,381 [INFO] PluginManage:359 - Loaded plugin tutovideos (category:base,tabindex:-1)
2026-06-16 10:18:52,382 [INFO] PluginManage:310 - Check plugin updater
2026-06-16 10:18:52,401 [INFO] PluginManage:359 - Loaded plugin updater (category:base,tabindex:12)
2026-06-16 10:18:52,401 [INFO] PluginManage:310 - Check plugin userauth
2026-06-16 10:18:52,405 [INFO] UserAuth:118 - Init User Auth plugin
2026-06-16 10:18:52,405 [INFO] PluginManage:359 - Loaded plugin userauth (category:base,tabindex:14)
2026-06-16 10:18:52,406 [INFO] PluginManage:283 - PluginManage : Loaded plugins [18]
2026-06-16 10:18:52,575 [INFO] PinOutPanel:1589 - setPackage(No Configuration,No Configuration)
2026-06-16 10:18:52,650 [INFO] CADModel:165 - CPN selected for project level
2026-06-16 10:18:52,651 [INFO] CADModel:114 - Register for checkConnection events
2026-06-16 10:18:52,669 [INFO] IPUIPlugin:80 - create IPUIPlugin
2026-06-16 10:18:52,669 [INFO] PluginManager:220 - loadIPPluginJar : add adc
2026-06-16 10:18:52,672 [INFO] IPUIPlugin:80 - create IPUIPlugin
2026-06-16 10:18:52,673 [INFO] PluginManager:220 - loadIPPluginJar : add aes
2026-06-16 10:18:52,675 [INFO] IPUIPlugin:80 - create IPUIPlugin
2026-06-16 10:18:52,675 [INFO] PluginManager:220 - loadIPPluginJar : add can
2026-06-16 10:18:52,677 [INFO] IPUIPlugin:80 - create IPUIPlugin
2026-06-16 10:18:52,677 [INFO] PluginManager:220 - loadIPPluginJar : add comp
2026-06-16 10:18:52,679 [INFO] IPUIPlugin:80 - create IPUIPlugin
2026-06-16 10:18:52,680 [INFO] PluginManager:220 - loadIPPluginJar : add cryp
2026-06-16 10:18:52,681 [INFO] IPUIPlugin:80 - create IPUIPlugin
2026-06-16 10:18:52,682 [INFO] PluginManager:220 - loadIPPluginJar : add ddr_ctrl_phy
2026-06-16 10:18:52,684 [INFO] IPUIPlugin:80 - create IPUIPlugin
2026-06-16 10:18:52,684 [INFO] PluginManager:220 - loadIPPluginJar : add dfsdm
2026-06-16 10:18:52,689 [INFO] IPUIPlugin:80 - create IPUIPlugin
2026-06-16 10:18:52,689 [INFO] PluginManager:220 - loadIPPluginJar : add dma
2026-06-16 10:18:52,691 [INFO] IPUIPlugin:80 - create IPUIPlugin
2026-06-16 10:18:52,691 [INFO] PluginManager:220 - loadIPPluginJar : add dma3
2026-06-16 10:18:52,694 [INFO] IPUIPlugin:80 - create IPUIPlugin
2026-06-16 10:18:52,694 [INFO] PluginManager:220 - loadIPPluginJar : add extmemmanager
2026-06-16 10:18:52,696 [INFO] IPUIPlugin:80 - create IPUIPlugin
2026-06-16 10:18:52,696 [INFO] PluginManager:220 - loadIPPluginJar : add fatfs
2026-06-16 10:18:52,700 [INFO] IPUIPlugin:80 - create IPUIPlugin
2026-06-16 10:18:52,700 [INFO] PluginManager:220 - loadIPPluginJar : add fmc
2026-06-16 10:18:52,705 [INFO] IPUIPlugin:80 - create IPUIPlugin
2026-06-16 10:18:52,705 [INFO] PluginManager:220 - loadIPPluginJar : add freertos
2026-06-16 10:18:52,707 [INFO] IPUIPlugin:80 - create IPUIPlugin
2026-06-16 10:18:52,707 [INFO] PluginManager:220 - loadIPPluginJar : add genericplugin
2026-06-16 10:18:52,710 [INFO] IPUIPlugin:80 - create IPUIPlugin
2026-06-16 10:18:52,710 [INFO] PluginManager:220 - loadIPPluginJar : add gfxmmu
2026-06-16 10:18:52,715 [INFO] IPUIPlugin:80 - create IPUIPlugin
2026-06-16 10:18:52,715 [INFO] PluginManager:220 - loadIPPluginJar : add gic
2026-06-16 10:18:52,719 [INFO] IPUIPlugin:80 - create IPUIPlugin
2026-06-16 10:18:52,719 [INFO] PluginManager:220 - loadIPPluginJar : add gpio
2026-06-16 10:18:52,722 [INFO] IPUIPlugin:80 - create IPUIPlugin
2026-06-16 10:18:52,722 [INFO] PluginManager:220 - loadIPPluginJar : add gtzc
2026-06-16 10:18:52,724 [INFO] IPUIPlugin:80 - create IPUIPlugin
2026-06-16 10:18:52,724 [INFO] PluginManager:220 - loadIPPluginJar : add hash
2026-06-16 10:18:52,727 [INFO] IPUIPlugin:80 - create IPUIPlugin
2026-06-16 10:18:52,727 [INFO] PluginManager:220 - loadIPPluginJar : add i2c
2026-06-16 10:18:52,730 [INFO] IPUIPlugin:80 - create IPUIPlugin
2026-06-16 10:18:52,730 [INFO] PluginManager:220 - loadIPPluginJar : add i2s
2026-06-16 10:18:52,733 [INFO] IPUIPlugin:80 - create IPUIPlugin
2026-06-16 10:18:52,733 [INFO] PluginManager:220 - loadIPPluginJar : add i3c
2026-06-16 10:18:52,736 [INFO] IPUIPlugin:80 - create IPUIPlugin
2026-06-16 10:18:52,736 [INFO] PluginManager:220 - loadIPPluginJar : add ipddr
2026-06-16 10:18:52,742 [INFO] IPUIPlugin:80 - create IPUIPlugin
2026-06-16 10:18:52,742 [INFO] PluginManager:220 - loadIPPluginJar : add linkedlist
2026-06-16 10:18:52,745 [INFO] IPUIPlugin:80 - create IPUIPlugin
2026-06-16 10:18:52,745 [INFO] PluginManager:220 - loadIPPluginJar : add lorawan
2026-06-16 10:18:52,746 [INFO] IPUIPlugin:80 - create IPUIPlugin
2026-06-16 10:18:52,746 [INFO] PluginManager:220 - loadIPPluginJar : add ltdc
2026-06-16 10:18:52,751 [INFO] IPUIPlugin:80 - create IPUIPlugin
2026-06-16 10:18:52,751 [INFO] PluginManager:220 - loadIPPluginJar : add mdma
2026-06-16 10:18:52,754 [INFO] IPUIPlugin:80 - create IPUIPlugin
2026-06-16 10:18:52,754 [INFO] PluginManager:220 - loadIPPluginJar : add nvic
2026-06-16 10:18:52,757 [INFO] IPUIPlugin:80 - create IPUIPlugin
2026-06-16 10:18:52,758 [INFO] PluginManager:220 - loadIPPluginJar : add opamp
2026-06-16 10:18:52,761 [INFO] IPUIPlugin:80 - create IPUIPlugin
2026-06-16 10:18:52,762 [INFO] PluginManager:220 - loadIPPluginJar : add openamp
2026-06-16 10:18:52,765 [INFO] IPUIPlugin:80 - create IPUIPlugin
2026-06-16 10:18:52,765 [INFO] PluginManager:220 - loadIPPluginJar : add pdm2pcm
2026-06-16 10:18:52,770 [INFO] IPUIPlugin:80 - create IPUIPlugin
2026-06-16 10:18:52,772 [INFO] PluginManager:220 - loadIPPluginJar : add plateformsettings
2026-06-16 10:18:52,774 [INFO] IPUIPlugin:80 - create IPUIPlugin
2026-06-16 10:18:52,774 [INFO] PluginManager:220 - loadIPPluginJar : add quadspi
2026-06-16 10:18:52,776 [INFO] IPUIPlugin:80 - create IPUIPlugin
2026-06-16 10:18:52,777 [INFO] PluginManager:220 - loadIPPluginJar : add radio
2026-06-16 10:18:52,780 [INFO] IPUIPlugin:80 - create IPUIPlugin
2026-06-16 10:18:52,780 [INFO] PluginManager:220 - loadIPPluginJar : add resmgrutility
2026-06-16 10:18:52,784 [INFO] IPUIPlugin:80 - create IPUIPlugin
2026-06-16 10:18:52,784 [INFO] PluginManager:220 - loadIPPluginJar : add sai
2026-06-16 10:18:52,787 [INFO] IPUIPlugin:80 - create IPUIPlugin
2026-06-16 10:18:52,787 [INFO] PluginManager:220 - loadIPPluginJar : add spi
2026-06-16 10:18:52,794 [INFO] IPUIPlugin:80 - create IPUIPlugin
2026-06-16 10:18:52,794 [INFO] PluginManager:220 - loadIPPluginJar : add stm32_wpan
2026-06-16 10:18:52,796 [INFO] IPUIPlugin:80 - create IPUIPlugin
2026-06-16 10:18:52,796 [INFO] PluginManager:220 - loadIPPluginJar : add tim
2026-06-16 10:18:52,799 [INFO] IPUIPlugin:80 - create IPUIPlugin
2026-06-16 10:18:52,799 [INFO] PluginManager:220 - loadIPPluginJar : add touchsensing
2026-06-16 10:18:52,801 [INFO] IPUIPlugin:80 - create IPUIPlugin
2026-06-16 10:18:52,801 [INFO] PluginManager:220 - loadIPPluginJar : add tracer_emb
2026-06-16 10:18:52,803 [INFO] IPUIPlugin:80 - create IPUIPlugin
2026-06-16 10:18:52,804 [INFO] PluginManager:220 - loadIPPluginJar : add ts
2026-06-16 10:18:52,805 [INFO] IPUIPlugin:80 - create IPUIPlugin
2026-06-16 10:18:52,805 [INFO] PluginManager:220 - loadIPPluginJar : add tsc
2026-06-16 10:18:52,808 [INFO] IPUIPlugin:80 - create IPUIPlugin
2026-06-16 10:18:52,808 [INFO] PluginManager:220 - loadIPPluginJar : add ucpd
2026-06-16 10:18:52,811 [INFO] IPUIPlugin:80 - create IPUIPlugin
2026-06-16 10:18:52,811 [INFO] PluginManager:220 - loadIPPluginJar : add usart
2026-06-16 10:18:52,814 [INFO] IPUIPlugin:80 - create IPUIPlugin
2026-06-16 10:18:52,814 [INFO] PluginManager:220 - loadIPPluginJar : add usbx
2026-06-16 10:18:52,933 [FATAL] Updater:351 - Updater called before beeing initialized
2026-06-16 10:18:52,967 [INFO] RulesReader:64 - Compatibility file has been processed (302 Rules)
2026-06-16 10:18:52,978 [INFO] RulesReader:64 - Compatibility file has been processed (302 Rules)
2026-06-16 10:18:52,986 [INFO] CADModel:165 - CPN selected for project level
2026-06-16 10:18:52,986 [INFO] CADModel:114 - Register for checkConnection events
2026-06-16 10:18:52,986 [FATAL] Updater:351 - Updater called before beeing initialized
2026-06-16 10:18:52,986 [ERROR] CADModel:125 - Updater not yet initialized, retry later 
2026-06-16 10:18:53,111 [FATAL] Updater:351 - Updater called before beeing initialized
2026-06-16 10:18:53,113 [INFO] CADModel:165 - CPN selected for project level
2026-06-16 10:18:53,113 [INFO] CADModel:114 - Register for checkConnection events
2026-06-16 10:18:53,113 [FATAL] Updater:351 - Updater called before beeing initialized
2026-06-16 10:18:53,113 [ERROR] CADModel:125 - Updater not yet initialized, retry later 
2026-06-16 10:18:53,117 [FATAL] Updater:351 - Updater called before beeing initialized
2026-06-16 10:18:53,202 [FATAL] Updater:351 - Updater called before beeing initialized
2026-06-16 10:18:53,205 [INFO] DbMcusAds:53 - JSON generation date=Thu May 28 19:08:17 TRT 2026 (1779984497073)
2026-06-16 10:18:53,205 [FATAL] Updater:351 - Updater called before beeing initialized
2026-06-16 10:18:53,241 [WARN] DetailPanel:346 - Failed to get advertising image, set to default
2026-06-16 10:18:53,474 [FATAL] Updater:351 - Updater called before beeing initialized
2026-06-16 10:18:53,476 [FATAL] Updater:351 - Updater called before beeing initialized
2026-06-16 10:18:53,476 [FATAL] Updater:351 - Updater called before beeing initialized
2026-06-16 10:18:53,476 [WARN] DetailPanel:346 - Failed to get advertising image, set to default
2026-06-16 10:18:53,477 [FATAL] Updater:351 - Updater called before beeing initialized
2026-06-16 10:18:53,518 [ERROR] Updater:1198 - MainUpdater not yet initialized. External WinMGr cannot be set.
2026-06-16 10:18:53,520 [INFO] Updater:1134 - Updater Version found : 6.14.1
2026-06-16 10:18:53,535 [INFO] ApplicationProperties:184 - Using Application install path: C:\ST\STM32CubeIDE_1.18.1\STM32CubeIDE\plugins\com.st.stm32cube.common.mx_6.14.1.202504091515
2026-06-16 10:18:55,104 [ERROR] LogOutputStream:75 - [STDERR_REDIRECT] Jun 16, 2026 10:18:55 AM java.util.prefs.WindowsPreferences <init>
2026-06-16 10:18:55,106 [ERROR] LogOutputStream:75 - [STDERR_REDIRECT] WARNING: Could not open/create prefs root node Software\JavaSoft\Prefs at root 0xffffffff80000002. Windows RegCreateKeyEx(...) returned error code 5.
2026-06-16 10:18:55,106 [ERROR] LogOutputStream:75 - [STDERR_REDIRECT] 
2026-06-16 10:18:55,227 [INFO] ThirdPartyUpdaterWithRetryManager:70 - Updater plugin not ready yet. [2/15]
2026-06-16 10:18:55,659 [INFO] MainUpdater:2872 - connection check result : 10
2026-06-16 10:18:55,659 [INFO] MainUpdater:3566 - Updater definition file requires update
2026-06-16 10:18:55,661 [INFO] MainUpdater:289 - Updater Check For Update Now.
2026-06-16 10:18:55,661 [INFO] MicroXplorer:498 - Change Database Version : DB.6.0.141
2026-06-16 10:18:55,668 [INFO] McuFinderGlobals:63 - Set McuFinder mode to 2 (CubeIDE integrated)
2026-06-16 10:18:55,669 [INFO] UserAuth:484 - Internet connection configuration mode: 1
2026-06-16 10:18:55,686 [INFO] JxBrowserEngine:152 - Initiate JxBrowser Engine with user profile folder
2026-06-16 10:18:55,749 [INFO] ServerAccessManage:473 - Download File updaters.zip
2026-06-16 10:18:56,105 [INFO] FileExtend:242 - Unzip File : updaters.zip
2026-06-16 10:18:56,106 [INFO] FileExtend:257 - Standard Zip Deflate
2026-06-16 10:18:56,594 [INFO] ServerAccessManage:473 - Download File PacksControlFlags.xml
2026-06-16 10:18:56,771 [INFO] ServerAccessManage:473 - Download File cubemx.pidx
2026-06-16 10:18:57,339 [INFO] WebApp:169 - Instantiating new browser for Auth
2026-06-16 10:18:58,005 [INFO] ServerAccessManage:473 - Download File STMicroelectronics.X-CUBE-NFC13.pdsc
2026-06-16 10:18:58,227 [WARN] MainUpdater:1193 - Updater busy. Cannot search thirdparties
2026-06-16 10:18:58,227 [INFO] ThirdPartyUpdaterWithRetryManager:96 - Updater plugin is busy. [1/15]
2026-06-16 10:18:58,494 [INFO] WebApp:463 - Apply proxy settings
2026-06-16 10:18:58,494 [INFO] WebApp:548 - Chromium requires no authentication
2026-06-16 10:18:58,505 [INFO] WebApp:491 - Direct internet connection detected
2026-06-16 10:18:58,532 [INFO] WebApp:894 - Register for checkConnection events
2026-06-16 10:18:58,532 [INFO] WebApp:463 - Apply proxy settings
2026-06-16 10:18:58,532 [INFO] WebApp:548 - Chromium requires no authentication
2026-06-16 10:18:58,533 [INFO] WebApp:491 - Direct internet connection detected
2026-06-16 10:18:58,752 [INFO] WebApp:225 - Starting web application
2026-06-16 10:18:58,752 [INFO] WebApp:593 - Web application path used C:\ST\STM32CubeIDE_1.18.1\STM32CubeIDE\plugins\com.st.stm32cube.common.mx_6.14.1.202504091515\db\plugins\mcufinder\reactClient1\index.html
2026-06-16 10:18:59,055 [WARN] PackLoader:240 - Cannot read IP mode file for STMicroelectronics.X-CUBE-NFC13.1.0.0
2026-06-16 10:18:59,063 [INFO] PopulateThirdPartyThread:66 - Ending populate Thread
2026-06-16 10:18:59,066 [INFO] ThirdParty:1030 - CMSIS Pack Vendor :STMicroelectronics X-CUBE-NFC13 1.0.0
2026-06-16 10:18:59,067 [INFO] LoadServerUpdatesThread:375 - End of LoadServerUpdate Thread
2026-06-16 10:18:59,228 [INFO] CheckServerUpdateThread:120 - End of CheckServer Thread
2026-06-16 10:18:59,324 [INFO] UserAuth:484 - Internet connection configuration mode: 1
2026-06-16 10:18:59,913 [INFO] WebApp:191 - Connection restablished
2026-06-16 10:19:01,867 [WARN] PackLoader:240 - Cannot read IP mode file for STMicroelectronics.X-CUBE-AZRTOS-H7.3.5.0
2026-06-16 10:19:01,892 [WARN] PackLoader:240 - Cannot read IP mode file for STMicroelectronics.FP-SNS-MOTENVWB1.1.4.0
2026-06-16 10:19:01,908 [WARN] PackLoader:240 - Cannot read IP mode file for STMicroelectronics.FP-ATR-ASTRA1.2.0.2
2026-06-16 10:19:01,919 [WARN] PackLoader:240 - Cannot read IP mode file for STMicroelectronics.FP-ATR-ASTRA1.2.0.1
2026-06-16 10:19:01,931 [ERROR] Engine:466 - C:\Users\furkan\.stm32cubemx\thirdparties\pdsc\STMicroelectronics.X-CUBE-SMBUS.2.1.1.pdsc: PDSC version is not supported
2026-06-16 10:19:01,947 [WARN] PackLoader:240 - Cannot read IP mode file for STMicroelectronics.X-CUBE-SMBUS.2.1.0
2026-06-16 10:19:01,957 [WARN] PackLoader:240 - Cannot read IP mode file for STMicroelectronics.X-CUBE-WB05N.1.1.0
2026-06-16 10:19:02,045 [WARN] PackLoader:240 - Cannot read IP mode file for STMicroelectronics.X-CUBE-ST60.1.0.0
2026-06-16 10:19:02,053 [WARN] PackLoader:240 - Cannot read IP mode file for STMicroelectronics.X-CUBE-TOUCHGFX.4.23.1
2026-06-16 10:19:02,056 [WARN] PackLoader:240 - Cannot read IP mode file for STMicroelectronics.X-CUBE-TOUCHGFX.4.23.0
2026-06-16 10:19:02,060 [WARN] PackLoader:240 - Cannot read IP mode file for STMicroelectronics.X-CUBE-TOUCHGFX.4.23.2
2026-06-16 10:19:02,085 [WARN] PackLoader:240 - Cannot read IP mode file for STMicroelectronics.X-CUBE-AZRTOS-F7.1.1.0
2026-06-16 10:19:02,095 [WARN] PackLoader:240 - Cannot read IP mode file for STMicroelectronics.FP-SNS-MOTENV1.4.3.2
2026-06-16 10:19:02,163 [WARN] PackLoader:240 - Cannot read IP mode file for STMicroelectronics.X-CUBE-MEMS1.11.0.0
2026-06-16 10:19:02,572 [ERROR] Engine:466 - C:\Users\furkan\.stm32cubemx\thirdparties\pdsc\STMicroelectronics.FP-SNS-MOTENV1.5.1.0.pdsc: PDSC version is not supported
2026-06-16 10:19:02,577 [WARN] PackLoader:240 - Cannot read IP mode file for STMicroelectronics.FP-SNS-FLIGHT1.5.0.2
2026-06-16 10:19:02,613 [WARN] PackLoader:240 - Cannot read IP mode file for STMicroelectronics.X-CUBE-AZRTOS-H7.3.4.0
2026-06-16 10:19:02,622 [WARN] PackLoader:240 - Cannot read IP mode file for STMicroelectronics.X-CUBE-DISPLAY.3.0.0
2026-06-16 10:19:02,631 [WARN] PackLoader:240 - Cannot read IP mode file for STMicroelectronics.X-CUBE-GNSS1.7.1.1
2026-06-16 10:19:02,636 [ERROR] Engine:466 - C:\Users\furkan\.stm32cubemx\thirdparties\pdsc\STMicroelectronics.FP-SNS-MOTENVWB1.1.5.0.pdsc: PDSC version is not supported
2026-06-16 10:19:02,640 [WARN] PackLoader:240 - Cannot read IP mode file for STMicroelectronics.X-CUBE-BLE1.7.0.0
2026-06-16 10:19:02,645 [WARN] PackLoader:240 - Cannot read IP mode file for STMicroelectronics.X-CUBE-NFC10.1.0.0
2026-06-16 10:19:02,656 [WARN] PackLoader:240 - Cannot read IP mode file for STMicroelectronics.X-CUBE-BLEMGR.4.0.0
2026-06-16 10:19:02,662 [WARN] PackLoader:240 - Cannot read IP mode file for STMicroelectronics.X-CUBE-ST60.1.1.0
2026-06-16 10:19:02,668 [WARN] PackLoader:240 - Cannot read IP mode file for emotas.I-CUBE-CANOPEN.1.3.0
2026-06-16 10:19:02,673 [WARN] PackLoader:240 - Cannot read IP mode file for STMicroelectronics.X-CUBE-GNSS1.7.1.0
2026-06-16 10:19:02,681 [WARN] PackLoader:240 - Cannot read IP mode file for STMicroelectronics.X-CUBE-BLEMGR.3.1.0
2026-06-16 10:19:02,686 [ERROR] Engine:466 - C:\Users\furkan\.stm32cubemx\thirdparties\pdsc\STMicroelectronics.FP-SNS-STBOX1.2.1.0.pdsc: PDSC version is not supported
2026-06-16 10:19:02,689 [WARN] PackLoader:240 - Cannot read IP mode file for STMicroelectronics.FP-SNS-SMARTAG2.1.2.0
2026-06-16 10:19:02,693 [WARN] PackLoader:240 - Cannot read IP mode file for STMicroelectronics.FP-SNS-FLIGHT1.5.1.0
2026-06-16 10:19:02,730 [WARN] PackLoader:240 - Cannot read IP mode file for STMicroelectronics.X-CUBE-MEMS1.11.1.0
2026-06-16 10:19:02,920 [INFO] LogOutputStream:77 - [STDOUT_REDIRECT] 1 : Invalid condition id : UX_CORESTACK_Condition cause : null
2026-06-16 10:19:02,920 [INFO] LogOutputStream:77 - [STDOUT_REDIRECT] 1 : Invalid condition id : UX_CORESTACK_Condition cause : null
2026-06-16 10:19:02,926 [INFO] LogOutputStream:77 - [STDOUT_REDIRECT] 1 : Invalid condition id : UX_CORESTACK_Condition cause : null
2026-06-16 10:19:02,928 [INFO] LogOutputStream:77 - [STDOUT_REDIRECT] 1 : Invalid condition id : UX_CORESTACK_Condition cause : null
2026-06-16 10:19:02,929 [INFO] LogOutputStream:77 - [STDOUT_REDIRECT] 1 : Invalid condition id : UX_CORESTACK_Condition cause : null
2026-06-16 10:19:02,935 [WARN] PackLoader:240 - Cannot read IP mode file for STMicroelectronics.X-CUBE-AZRTOS-WL.2.0.0
2026-06-16 10:19:02,941 [WARN] PackLoader:240 - Cannot read IP mode file for STMicroelectronics.FP-SNS-MOTENV1.5.0.0
2026-06-16 10:19:02,982 [WARN] PackLoader:240 - Cannot read IP mode file for STMicroelectronics.X-CUBE-AZRTOS-H7RS.1.2.0
2026-06-16 10:19:02,991 [WARN] PackLoader:240 - Cannot read IP mode file for wolfSSL.I-CUBE-wolfMQTT.1.19.0
2026-06-16 10:19:02,999 [WARN] PackLoader:240 - Cannot read IP mode file for WES.I-CUBE-Cesium.1.3.0
2026-06-16 10:19:03,006 [WARN] PackLoader:240 - Cannot read IP mode file for STMicroelectronics.X-CUBE-BLE2.3.3.0
2026-06-16 10:19:03,037 [WARN] PackLoader:240 - Cannot read IP mode file for STMicroelectronics.X-CUBE-NFC9.1.0.0
2026-06-16 10:19:03,046 [WARN] PackLoader:240 - Cannot read IP mode file for STMicroelectronics.X-CUBE-BLE1.7.1.0
2026-06-16 10:19:03,054 [WARN] PackLoader:240 - Cannot read IP mode file for STMicroelectronics.X-CUBE-TCPP.4.1.0
2026-06-16 10:19:03,060 [ERROR] Engine:466 - C:\Users\furkan\.stm32cubemx\thirdparties\pdsc\STMicroelectronics.X-CUBE-FREERTOS.1.4.0.pdsc: PDSC version is not supported
2026-06-16 10:19:03,068 [WARN] PackLoader:240 - Cannot read IP mode file for STMicroelectronics.X-CUBE-EEPRMA1.5.2.0
2026-06-16 10:19:03,073 [ERROR] Engine:466 - C:\Users\furkan\.stm32cubemx\thirdparties\pdsc\STMicroelectronics.X-CUBE-ST67W61.1.1.0.pdsc: PDSC version is not supported
2026-06-16 10:19:03,079 [WARN] PackLoader:240 - Cannot read IP mode file for STMicroelectronics.X-CUBE-AI.10.1.0
2026-06-16 10:19:03,082 [ERROR] Engine:466 - C:\Users\furkan\.stm32cubemx\thirdparties\pdsc\STMicroelectronics.FP-SNS-STAIOTCFT.1.1.0.pdsc: PDSC version is not supported
2026-06-16 10:19:03,156 [WARN] PackLoader:240 - Cannot read IP mode file for STMicroelectronics.X-CUBE-MEMS1.12.0.0
2026-06-16 10:19:03,331 [WARN] PackLoader:240 - Cannot read IP mode file for STMicroelectronics.X-CUBE-ALGOBUILD.1.3.0
2026-06-16 10:19:03,351 [WARN] PackLoader:240 - Cannot read IP mode file for STMicroelectronics.X-CUBE-AZRTOS-G0.1.1.0
2026-06-16 10:19:03,359 [WARN] PackLoader:240 - Cannot read IP mode file for STMicroelectronics.X-CUBE-SAFEA1.1.2.2
2026-06-16 10:19:03,372 [WARN] PackLoader:240 - Cannot read IP mode file for STMicroelectronics.X-CUBE-NFC4.3.0.0
2026-06-16 10:19:03,386 [WARN] PackLoader:240 - Cannot read IP mode file for EmbeddedOffice.I-CUBE-FS-RTOS.1.0.1
2026-06-16 10:19:03,395 [WARN] PackLoader:240 - Cannot read IP mode file for STMicroelectronics.X-CUBE-WB05N.2.0.0
2026-06-16 10:19:03,413 [WARN] PackLoader:240 - Cannot read IP mode file for STMicroelectronics.X-CUBE-BLEMGR.3.0.0
2026-06-16 10:19:03,420 [WARN] PackLoader:240 - Cannot read IP mode file for STMicroelectronics.X-CUBE-TCPP.4.2.0
2026-06-16 10:19:03,434 [WARN] PackLoader:240 - Cannot read IP mode file for RealThread.X-CUBE-RT-Thread_Nano.4.1.1
2026-06-16 10:19:03,441 [WARN] PackLoader:240 - Cannot read IP mode file for STMicroelectronics.FP-ATR-SIGFOX1.3.2.0
2026-06-16 10:19:03,450 [WARN] ConditionMgr:438 - getConditionDescription Invalid condition id : Cortex-A Device cause : null
2026-06-16 10:19:03,458 [WARN] ConditionMgr:1044 - genDependencies : Invalid condition id : Cortex-A Device cause : null
2026-06-16 10:19:03,458 [WARN] ConditionMgr:1044 - genDependencies : Invalid condition id : Cortex-A Device cause : null
2026-06-16 10:19:03,459 [WARN] ConditionMgr:1044 - genDependencies : Invalid condition id : Cortex-A Device cause : null
2026-06-16 10:19:03,469 [WARN] PackLoader:240 - Cannot read IP mode file for STMicroelectronics.X-CUBE-EEPRMA1.5.1.0
2026-06-16 10:19:03,475 [ERROR] Engine:466 - C:\Users\furkan\.stm32cubemx\thirdparties\pdsc\STMicroelectronics.X-CUBE-FREERTOS.1.5.0.pdsc: PDSC version is not supported
2026-06-16 10:19:03,485 [WARN] PackLoader:240 - Cannot read IP mode file for STMicroelectronics.X-CUBE-NFC6.3.2.0
2026-06-16 10:19:03,499 [WARN] PackLoader:240 - Cannot read IP mode file for STMicroelectronics.X-CUBE-ST67W61.1.0.0
2026-06-16 10:19:03,504 [WARN] PackLoader:240 - Cannot read IP mode file for STMicroelectronics.X-CUBE-AI.10.2.0
2026-06-16 10:19:03,565 [WARN] PackLoader:240 - Cannot read IP mode file for STMicroelectronics.X-CUBE-MEMS1.12.1.0
2026-06-16 10:19:03,682 [WARN] PackLoader:240 - Cannot read IP mode file for SEGGER.I-CUBE-embOS.1.3.1
2026-06-16 10:19:03,721 [WARN] PackLoader:240 - Cannot read IP mode file for STMicroelectronics.X-CUBE-ALGOBUILD.1.4.0
2026-06-16 10:19:03,796 [WARN] PackLoader:240 - Cannot read IP mode file for STMicroelectronics.X-CUBE-MEMS1.11.3.0
2026-06-16 10:19:04,013 [WARN] PackLoader:240 - Cannot read IP mode file for STMicroelectronics.X-CUBE-AI.9.1.0
2026-06-16 10:19:04,017 [WARN] PackLoader:240 - Cannot read IP mode file for STMicroelectronics.X-CUBE-NFC13.1.0.0
2026-06-16 10:19:04,023 [WARN] PackLoader:240 - Cannot read IP mode file for STMicroelectronics.X-CUBE-PM33A1.1.0.0
2026-06-16 10:19:04,027 [WARN] PackLoader:240 - Cannot read IP mode file for STMicroelectronics.X-CUBE-GNSS1.6.0.0
2026-06-16 10:19:04,045 [WARN] PackLoader:240 - Cannot read IP mode file for STMicroelectronics.X-CUBE-AZRTOS-F4.1.1.0
2026-06-16 10:19:04,050 [WARN] PackLoader:240 - Cannot read IP mode file for Avnet-IotConnect.X-CUBE-IoTC-DA16k-PMOD.1.0.0
2026-06-16 10:19:04,056 [WARN] PackLoader:240 - Cannot read IP mode file for STMicroelectronics.X-CUBE-ISPU.2.1.0
2026-06-16 10:19:04,062 [ERROR] Engine:466 - C:\Users\furkan\.stm32cubemx\thirdparties\pdsc\STMicroelectronics.X-CUBE-IPS.3.2.0.pdsc: PDSC version is not supported
2026-06-16 10:19:04,067 [WARN] PackLoader:240 - Cannot read IP mode file for STMicroelectronics.eDS-WB_DPC_TT-BIDIR.2.1.1
2026-06-16 10:19:04,071 [WARN] PackLoader:240 - Cannot read IP mode file for STMicroelectronics.X-CUBE-FREERTOS.1.2.0
2026-06-16 10:19:04,076 [WARN] PackLoader:240 - Cannot read IP mode file for wolfSSL.I-CUBE-wolfSSL.5.6.6
2026-06-16 10:19:04,084 [WARN] PackLoader:240 - Cannot read IP mode file for STMicroelectronics.X-CUBE-NFC12.1.0.0
2026-06-16 10:19:04,101 [WARN] PackLoader:240 - Cannot read IP mode file for STMicroelectronics.X-CUBE-AZRTOS-L5.2.0.0
2026-06-16 10:19:04,108 [WARN] PackLoader:240 - Cannot read IP mode file for STMicroelectronics.X-CUBE-NFC6.3.1.0
2026-06-16 10:19:04,116 [WARN] PackLoader:240 - Cannot read IP mode file for ITTIA_DB.I-CUBE-ITTIADB.8.8.0
2026-06-16 10:19:04,121 [WARN] PackLoader:240 - Cannot read IP mode file for STMicroelectronics.X-CUBE-ALGOBUILD.1.5.0
2026-06-16 10:19:04,127 [WARN] PackLoader:240 - Cannot read IP mode file for STMicroelectronics.X-CUBE-DPower.1.2.0
2026-06-16 10:19:04,132 [WARN] PackLoader:240 - Cannot read IP mode file for STMicroelectronics.eDS-WB_DPC_VIENNA.1.2.0
2026-06-16 10:19:04,135 [WARN] PackLoader:240 - Cannot read IP mode file for STMicroelectronics.eDS-WB_DPC_3PH2L-BIDIR.1.1.1
2026-06-16 10:19:04,138 [WARN] PackLoader:240 - Cannot read IP mode file for STMicroelectronics.X-CUBE-AI.9.0.0
2026-06-16 10:19:04,141 [ERROR] Engine:466 - C:\Users\furkan\.stm32cubemx\thirdparties\pdsc\STMicroelectronics.X-CUBE-ST67W61.1.3.0.pdsc: PDSC version is not supported
2026-06-16 10:19:04,145 [WARN] PackLoader:240 - Cannot read IP mode file for STMicroelectronics.X-CUBE-FREERTOS.1.3.1
2026-06-16 10:19:04,150 [WARN] PackLoader:240 - Cannot read IP mode file for STMicroelectronics.X-CUBE-FREERTOS.1.3.0
2026-06-16 10:19:04,155 [WARN] PackLoader:240 - Cannot read IP mode file for STMicroelectronics.X-CUBE-NFC7.1.0.1
2026-06-16 10:19:04,159 [WARN] PackLoader:240 - Cannot read IP mode file for wolfSSL.I-CUBE-wolfTPM.3.2.0
2026-06-16 10:19:04,162 [WARN] PackLoader:240 - Cannot read IP mode file for STMicroelectronics.X-CUBE-TOUCHGFX.4.26.0
2026-06-16 10:19:04,167 [WARN] PackLoader:240 - Cannot read IP mode file for STMicroelectronics.X-CUBE-NFC6.3.0.0
2026-06-16 10:19:04,172 [WARN] PackLoader:240 - Cannot read IP mode file for STMicroelectronics.X-CUBE-TOUCHGFX.4.26.1
2026-06-16 10:19:04,178 [WARN] PackLoader:240 - Cannot read IP mode file for STMicroelectronics.FP-SNS-STAIOTCFT.1.0.0
2026-06-16 10:19:04,184 [WARN] PackLoader:240 - Cannot read IP mode file for STMicroelectronics.X-CUBE-DPower.1.3.0
2026-06-16 10:19:04,188 [WARN] PackLoader:240 - Cannot read IP mode file for STMicroelectronics.X-CUBE-AI.8.1.0
2026-06-16 10:19:04,208 [WARN] ConditionMgr:438 - getConditionDescription Invalid condition id : LAN8742 Phy interface Condition cause : null
2026-06-16 10:19:04,209 [WARN] PackLoader:240 - Cannot read IP mode file for STMicroelectronics.X-CUBE-AZRTOS-L4.2.0.0
2026-06-16 10:19:04,210 [WARN] ConditionMgr:1044 - genDependencies : Invalid condition id : LAN8742 Phy interface Condition cause : null
2026-06-16 10:19:04,210 [WARN] ConditionMgr:1044 - genDependencies : Invalid condition id : LAN8742 Phy interface Condition cause : null
2026-06-16 10:19:04,212 [WARN] ConditionMgr:1044 - genDependencies : Invalid condition id : LAN8742 Phy interface Condition cause : null
2026-06-16 10:19:04,220 [WARN] PackLoader:240 - Cannot read IP mode file for STMicroelectronics.X-CUBE-SFXS2LP1.4.0.0
2026-06-16 10:19:04,228 [WARN] PackLoader:240 - Cannot read IP mode file for STMicroelectronics.X-CUBE-WB05N.2.1.0
2026-06-16 10:19:04,232 [ERROR] Engine:466 - C:\Users\furkan\.stm32cubemx\thirdparties\pdsc\STMicroelectronics.X-CUBE-ST67W61.1.2.0.pdsc: PDSC version is not supported
2026-06-16 10:19:04,255 [WARN] PackLoader:240 - Cannot read IP mode file for STMicroelectronics.X-CUBE-AZRTOS-H7.3.3.0
2026-06-16 10:19:04,267 [WARN] PackLoader:240 - Cannot read IP mode file for STMicroelectronics.X-CUBE-BLEMGR.4.1.0
2026-06-16 10:19:04,278 [WARN] PackLoader:240 - Cannot read IP mode file for STMicroelectronics.X-CUBE-IPS.3.0.0
2026-06-16 10:19:04,290 [WARN] ConditionMgr:438 - getConditionDescription Invalid condition id : UX DEVICE CLASS RTOS Condition cause : null
2026-06-16 10:19:04,291 [WARN] ConditionMgr:438 - getConditionDescription Invalid condition id : UX DEVICE CLASS RTOS Condition cause : null
2026-06-16 10:19:04,293 [WARN] PackLoader:240 - Cannot read IP mode file for STMicroelectronics.X-CUBE-AZRTOS-WB.2.0.0
2026-06-16 10:19:04,293 [WARN] ConditionMgr:1044 - genDependencies : Invalid condition id : UX DEVICE CLASS RTOS Condition cause : null
2026-06-16 10:19:04,293 [WARN] ConditionMgr:1044 - genDependencies : Invalid condition id : UX DEVICE CLASS RTOS Condition cause : null
2026-06-16 10:19:04,294 [WARN] ConditionMgr:1044 - genDependencies : Invalid condition id : UX DEVICE CLASS RTOS Condition cause : null
2026-06-16 10:19:04,294 [WARN] ConditionMgr:1044 - genDependencies : Invalid condition id : UX DEVICE CLASS RTOS Condition cause : null
2026-06-16 10:19:04,294 [WARN] ConditionMgr:1044 - genDependencies : Invalid condition id : UX DEVICE CLASS RTOS Condition cause : null
2026-06-16 10:19:04,300 [WARN] PackLoader:240 - Cannot read IP mode file for STMicroelectronics.X-CUBE-GNSS1.7.0.0
2026-06-16 10:19:04,305 [WARN] PackLoader:240 - Cannot read IP mode file for STMicroelectronics.X-CUBE-GNSS1.7.0.1
2026-06-16 10:19:04,310 [WARN] PackLoader:240 - Cannot read IP mode file for STMicroelectronics.X-CUBE-TOUCHGFX.4.25.0
2026-06-16 10:19:04,316 [WARN] PackLoader:240 - Cannot read IP mode file for STMicroelectronics.FP-SNS-STBOX1.2.0.0
2026-06-16 10:19:04,328 [WARN] PackLoader:240 - Cannot read IP mode file for STMicroelectronics.X-CUBE-STSE01.2.0.0
2026-06-16 10:19:04,339 [WARN] PackLoader:240 - Cannot read IP mode file for STMicroelectronics.X-CUBE-SUBG2.5.0.0
2026-06-16 10:19:04,360 [WARN] PackLoader:240 - Cannot read IP mode file for STMicroelectronics.X-CUBE-AZRTOS-H7RS.1.1.0
2026-06-16 10:19:04,366 [WARN] PackLoader:240 - Cannot read IP mode file for Cesanta.I-CUBE-Mongoose.7.13.0
2026-06-16 10:19:04,379 [WARN] PackLoader:240 - Cannot read IP mode file for STMicroelectronics.X-CUBE-AZRTOS-G4.2.0.0
2026-06-16 10:19:04,401 [WARN] PackLoader:240 - Cannot read IP mode file for Infineon.AIROC-Wi-Fi-Bluetooth-STM32.1.5.1
2026-06-16 10:19:04,408 [WARN] PackLoader:240 - Cannot read IP mode file for STMicroelectronics.X-CUBE-NFC7.2.0.0
2026-06-16 10:19:04,412 [WARN] PackLoader:240 - Cannot read IP mode file for STMicroelectronics.FP-SNS-MOTENVWB1.1.3.1
2026-06-16 10:19:04,415 [WARN] PackLoader:240 - Cannot read IP mode file for STMicroelectronics.X-CUBE-ISPU.2.0.0
2026-06-16 10:19:04,426 [WARN] PackLoader:240 - Cannot read IP mode file for STMicroelectronics.X-CUBE-IPS.3.1.0
2026-06-16 10:19:04,437 [WARN] PackLoader:240 - Cannot read IP mode file for STMicroelectronics.X-CUBE-ALS.1.0.2
2026-06-16 10:19:04,475 [WARN] PackLoader:240 - Cannot read IP mode file for STMicroelectronics.X-CUBE-MEMS1.10.0.0
2026-06-16 10:19:04,577 [WARN] PackLoader:240 - Cannot read IP mode file for STMicroelectronics.X-CUBE-FREERTOS.1.1.0
2026-06-16 10:19:04,580 [WARN] PackLoader:240 - Cannot read IP mode file for STMicroelectronics.X-CUBE-TOUCHGFX.4.24.0
2026-06-16 10:19:04,582 [WARN] PackLoader:240 - Cannot read IP mode file for STMicroelectronics.X-CUBE-TOUCHGFX.4.24.1
2026-06-16 10:19:04,587 [WARN] PackLoader:240 - Cannot read IP mode file for STMicroelectronics.X-CUBE-STSE01.1.0.0
2026-06-16 10:19:04,594 [WARN] PackLoader:240 - Cannot read IP mode file for portGmbH.I-Cube-SoM-uGOAL.1.1.0
2026-06-16 10:19:04,598 [WARN] PackLoader:240 - Cannot read IP mode file for STMicroelectronics.X-CUBE-ALS.1.0.1
2026-06-16 10:19:04,614 [WARN] PackLoader:240 - Cannot read IP mode file for STMicroelectronics.X-CUBE-AZRTOS-H7RS.1.0.0
2026-06-16 10:19:04,619 [WARN] PackLoader:240 - Cannot read IP mode file for STMicroelectronics.FP-ATR-ASTRA1.2.0.0
2026-06-16 10:19:04,631 [WARN] PackLoader:240 - Cannot read IP mode file for STMicroelectronics.X-CUBE-TOF1.3.4.2
2026-06-16 10:19:04,647 [WARN] PackLoader:240 - Cannot read IP mode file for STMicroelectronics.X-CUBE-TOF1.3.4.3
2026-06-16 10:19:04,667 [WARN] PackLoader:240 - Cannot read IP mode file for STMicroelectronics.X-CUBE-TOF1.3.4.0
2026-06-16 10:19:04,698 [WARN] PackLoader:240 - Cannot read IP mode file for STMicroelectronics.X-CUBE-TOF1.3.4.1
2026-06-16 10:19:04,724 [WARN] PackLoader:240 - Cannot read IP mode file for STMicroelectronics.X-CUBE-AZRTOS-H7.3.2.0
2026-06-16 10:19:04,731 [WARN] PackLoader:240 - Cannot read IP mode file for wolfSSL.I-CUBE-wolfSSH.1.4.17
2026-06-16 10:19:04,732 [INFO] ThirdParty:978 - Integrity check success = true
2026-06-16 10:19:04,732 [INFO] IntegrityCheckThread:100 - exiting critical section [integrity check]
2026-06-16 10:19:04,732 [INFO] IntegrityCheckThread:103 - End integrity checks thread
2026-06-16 11:44:09,877 [INFO] WebApp:194 - Connection lost
2026-06-16 11:44:15,558 [INFO] WebApp:191 - Connection restablished
2026-06-16 12:28:45,094 [ERROR] LogOutputStream:75 - [STDERR_REDIRECT] 
