2026-06-04 00:57:02,594 [ERROR] LogOutputStream:75 - [STDERR_REDIRECT] 
2026-06-04 15:51:47,442 [INFO] Activator:176 - 


2026-06-04 15:51:47,446 [INFO] Activator:177 - !SESSION log4j initialized
2026-06-04 15:52:01,119 [INFO] LogOutputStream:77 - [STDOUT_REDIRECT] 
2026-06-04 15:52:03,178 [INFO] ApplicationProperties:184 - Using Application install path: C:\ST\STM32CubeIDE_1.18.1\STM32CubeIDE\plugins\com.st.stm32cube.common.mx_6.14.1.202504091515
2026-06-04 15:52:03,202 [INFO] DbMcusXml:78 - Set database path to: C:\ST\STM32CubeIDE_1.18.1\STM32CubeIDE\plugins\com.st.stm32cube.common.mx_6.14.1.202504091515\\db\/mcu/
2026-06-04 15:52:03,203 [INFO] ApiDb:274 - Set plugin database path to: C:\ST\STM32CubeIDE_1.18.1\STM32CubeIDE\plugins\com.st.stm32cube.common.mx_6.14.1.202504091515\\db\/plugins/boardmanager/
2026-06-04 15:52:03,203 [WARN] ApiDb:259 - Overriding images path with different value:  => C:\ST\STM32CubeIDE_1.18.1\STM32CubeIDE\plugins\com.st.stm32cube.common.mx_6.14.1.202504091515\\db\/plugins/mcufinder/images/
2026-06-04 15:52:03,220 [INFO] ApiDb:250 - Set database path to: C:\Users\furkan\.stmcufinder\plugins\mcufinder//mcu/
2026-06-04 15:52:03,222 [INFO] DbMcusAds:125 - Set database path to: C:\Users\furkan\.stmcufinder\plugins\mcufinder//mcu/
2026-06-04 15:52:03,227 [INFO] CrossReferenceDbSqlite:203 - Set database path to: C:\Users\furkan\.stmcufinder\plugins\mcufinder//mcu/cs/
2026-06-04 15:52:03,409 [INFO] RulesReader:64 - Compatibility file has been processed (302 Rules)
2026-06-04 15:52:03,541 [INFO] DbMcusXml:78 - Set database path to: C:\ST\STM32CubeIDE_1.18.1\STM32CubeIDE\plugins\com.st.stm32cube.common.mx_6.14.1.202504091515\\db\/mcu/
2026-06-04 15:52:03,542 [INFO] ApiDb:274 - Set plugin database path to: C:\ST\STM32CubeIDE_1.18.1\STM32CubeIDE\plugins\com.st.stm32cube.common.mx_6.14.1.202504091515\\db\/plugins/boardmanager/
2026-06-04 15:52:03,542 [INFO] ApiDb:261 - Set plugin images path to: C:\ST\STM32CubeIDE_1.18.1\STM32CubeIDE\plugins\com.st.stm32cube.common.mx_6.14.1.202504091515\\db\/plugins/mcufinder/images/
2026-06-04 15:52:03,542 [WARN] DbFile:41 - Overriding database path with different value: C:\Users\furkan\.stmcufinder\plugins\mcufinder/ => C:\Users\furkan\.stmcufinder\plugins\mcufinder
2026-06-04 15:52:03,542 [INFO] ApiDb:250 - Set database path to: C:\Users\furkan\.stmcufinder\plugins\mcufinder//mcu/
2026-06-04 15:52:03,543 [WARN] DbFile:41 - Overriding database path with different value: C:\Users\furkan\.stmcufinder\plugins\mcufinder/ => C:\Users\furkan\.stmcufinder\plugins\mcufinder
2026-06-04 15:52:03,543 [INFO] DbMcusAds:125 - Set database path to: C:\Users\furkan\.stmcufinder\plugins\mcufinder//mcu/
2026-06-04 15:52:03,543 [WARN] DbFile:41 - Overriding database path with different value: C:\Users\furkan\.stmcufinder\plugins\mcufinder/ => C:\Users\furkan\.stmcufinder\plugins\mcufinder
2026-06-04 15:52:03,543 [WARN] DbFile:41 - Overriding database path with different value: C:\Users\furkan\.stmcufinder\plugins\mcufinder/ => C:\Users\furkan\.stmcufinder\plugins\mcufinder
2026-06-04 15:52:03,543 [INFO] CrossReferenceDbSqlite:203 - Set database path to: C:\Users\furkan\.stmcufinder\plugins\mcufinder//mcu/cs/
2026-06-04 15:52:03,657 [INFO] MainPanel:272 - HeapMemory: 268435456
2026-06-04 15:52:03,800 [INFO] DbMcusXml:78 - Set database path to: C:\ST\STM32CubeIDE_1.18.1\STM32CubeIDE\plugins\com.st.stm32cube.common.mx_6.14.1.202504091515\\db\/mcu/
2026-06-04 15:52:03,801 [INFO] ApiDb:274 - Set plugin database path to: C:\ST\STM32CubeIDE_1.18.1\STM32CubeIDE\plugins\com.st.stm32cube.common.mx_6.14.1.202504091515\\db\/plugins/boardmanager/
2026-06-04 15:52:03,801 [INFO] ApiDb:261 - Set plugin images path to: C:\ST\STM32CubeIDE_1.18.1\STM32CubeIDE\plugins\com.st.stm32cube.common.mx_6.14.1.202504091515\\db\/plugins/mcufinder/images/
2026-06-04 15:52:03,801 [WARN] DbFile:41 - Overriding database path with different value: C:\Users\furkan\.stmcufinder\plugins\mcufinder/ => C:\Users\furkan\.stmcufinder\plugins\mcufinder
2026-06-04 15:52:03,801 [INFO] ApiDb:250 - Set database path to: C:\Users\furkan\.stmcufinder\plugins\mcufinder//mcu/
2026-06-04 15:52:03,801 [WARN] DbFile:41 - Overriding database path with different value: C:\Users\furkan\.stmcufinder\plugins\mcufinder/ => C:\Users\furkan\.stmcufinder\plugins\mcufinder
2026-06-04 15:52:03,802 [INFO] DbMcusAds:125 - Set database path to: C:\Users\furkan\.stmcufinder\plugins\mcufinder//mcu/
2026-06-04 15:52:03,802 [WARN] DbFile:41 - Overriding database path with different value: C:\Users\furkan\.stmcufinder\plugins\mcufinder/ => C:\Users\furkan\.stmcufinder\plugins\mcufinder
2026-06-04 15:52:03,802 [WARN] DbFile:41 - Overriding database path with different value: C:\Users\furkan\.stmcufinder\plugins\mcufinder/ => C:\Users\furkan\.stmcufinder\plugins\mcufinder
2026-06-04 15:52:03,802 [INFO] CrossReferenceDbSqlite:203 - Set database path to: C:\Users\furkan\.stmcufinder\plugins\mcufinder//mcu/cs/
2026-06-04 15:52:03,825 [INFO] ApplicationProperties:184 - Using Application install path: C:\ST\STM32CubeIDE_1.18.1\STM32CubeIDE\plugins\com.st.stm32cube.common.mx_6.14.1.202504091515
2026-06-04 15:52:03,826 [INFO] PluginManage:196 - Search for loadable plugins [exclusion list=, ]
2026-06-04 15:52:03,828 [INFO] PluginManage:310 - Check plugin analytics
2026-06-04 15:52:04,099 [INFO] AnalyticsPlugin:253 - Accepted Software Licenses: 
2026-06-04 15:52:04,099 [INFO] AnalyticsPlugin:255 - Accepted CMSIS Pack Licenses: 
2026-06-04 15:52:04,100 [INFO] AnalyticsPlugin:257 - Accepted Firmware Licenses: FW.F4.1.28.0,FW.F7.1.17.0
2026-06-04 15:52:04,104 [INFO] PluginManage:359 - Loaded plugin analytics (category:tool,tabindex:-1)
2026-06-04 15:52:04,104 [INFO] PluginManage:310 - Check plugin cadmodel
2026-06-04 15:52:04,110 [INFO] CADModel:105 - Init CAD model plugin
2026-06-04 15:52:04,112 [INFO] PluginManage:359 - Loaded plugin cadmodel (category:power,tabindex:5)
2026-06-04 15:52:04,112 [INFO] PluginManage:310 - Check plugin clock
2026-06-04 15:52:04,125 [INFO] PluginManage:359 - Loaded plugin clock (category:base,tabindex:2)
2026-06-04 15:52:04,125 [INFO] PluginManage:310 - Check plugin ddr
2026-06-04 15:52:04,129 [INFO] PluginManage:359 - Loaded plugin ddr (category:tool,tabindex:6)
2026-06-04 15:52:04,129 [INFO] PluginManage:310 - Check plugin filemanager
2026-06-04 15:52:04,342 [INFO] PluginManage:359 - Loaded plugin filemanager (category:base,tabindex:10)
2026-06-04 15:52:04,342 [INFO] PluginManage:310 - Check plugin ipmanager
2026-06-04 15:52:04,352 [INFO] PluginManage:359 - Loaded plugin ipmanager (category:base,tabindex:5)
2026-06-04 15:52:04,353 [INFO] PluginManage:310 - Check plugin lpbam
2026-06-04 15:52:04,366 [INFO] PluginManage:359 - Loaded plugin lpbam (category:base,tabindex:0)
2026-06-04 15:52:04,366 [INFO] PluginManage:310 - Check plugin memorymap
2026-06-04 15:52:04,385 [INFO] PluginManage:359 - Loaded plugin memorymap (category:base,tabindex:4)
2026-06-04 15:52:04,385 [INFO] PluginManage:310 - Check plugin pinoutandconfiguration
2026-06-04 15:52:04,398 [INFO] PluginManage:359 - Loaded plugin pinoutandconfiguration (category:base,tabindex:1)
2026-06-04 15:52:04,398 [INFO] PluginManage:310 - Check plugin pinoutconfig
2026-06-04 15:52:04,536 [WARN] SupportedApi:132 - Cannot load RTOS API schema: s4s-elt-must-match.1: The content of 'definitions' must match (annotation?, (simpleType | complexType)?, (unique | key | keyref)*)). A problem was found starting at: attribute.
2026-06-04 15:52:04,751 [INFO] PluginManage:359 - Loaded plugin pinoutconfig (category:base,tabindex:0)
2026-06-04 15:52:04,751 [INFO] PluginManage:310 - Check plugin power
2026-06-04 15:52:04,769 [INFO] PluginManage:359 - Loaded plugin power (category:power,tabindex:4)
2026-06-04 15:52:04,770 [INFO] PluginManage:310 - Check plugin projectmanager
2026-06-04 15:52:04,796 [INFO] PluginManage:359 - Loaded plugin projectmanager (category:projectmanager,tabindex:4)
2026-06-04 15:52:04,796 [INFO] PluginManage:310 - Check plugin rif
2026-06-04 15:52:04,808 [INFO] PluginManage:359 - Loaded plugin rif (category:base,tabindex:3)
2026-06-04 15:52:04,808 [INFO] PluginManage:310 - Check plugin thirdparty
2026-06-04 15:52:04,999 [INFO] PluginManage:359 - Loaded plugin thirdparty (category:base,tabindex:-1)
2026-06-04 15:52:04,999 [WARN] IntegrityCheckThread:84 - waiting for thirdparty lock release [integrity check]
2026-06-04 15:52:04,999 [INFO] PluginManage:310 - Check plugin tools
2026-06-04 15:52:05,000 [INFO] IntegrityCheckThread:86 - entering critical section [integrity check]
2026-06-04 15:52:05,000 [INFO] ThirdPartyUpdaterWithRetryManager:70 - Updater plugin not ready yet. [1/15]
2026-06-04 15:52:05,003 [INFO] PluginManage:359 - Loaded plugin tools (category:base,tabindex:7)
2026-06-04 15:52:05,004 [INFO] PluginManage:310 - Check plugin tutovideos
2026-06-04 15:52:05,217 [INFO] PluginManage:359 - Loaded plugin tutovideos (category:base,tabindex:-1)
2026-06-04 15:52:05,217 [INFO] PluginManage:310 - Check plugin updater
2026-06-04 15:52:05,242 [INFO] PluginManage:359 - Loaded plugin updater (category:base,tabindex:12)
2026-06-04 15:52:05,242 [INFO] PluginManage:310 - Check plugin userauth
2026-06-04 15:52:05,246 [INFO] UserAuth:118 - Init User Auth plugin
2026-06-04 15:52:05,247 [INFO] PluginManage:359 - Loaded plugin userauth (category:base,tabindex:14)
2026-06-04 15:52:05,248 [INFO] PluginManage:283 - PluginManage : Loaded plugins [18]
2026-06-04 15:52:05,558 [INFO] PinOutPanel:1589 - setPackage(No Configuration,No Configuration)
2026-06-04 15:52:05,858 [INFO] CADModel:165 - CPN selected for project level
2026-06-04 15:52:05,859 [INFO] CADModel:114 - Register for checkConnection events
2026-06-04 15:52:05,924 [INFO] IPUIPlugin:80 - create IPUIPlugin
2026-06-04 15:52:05,925 [INFO] PluginManager:220 - loadIPPluginJar : add adc
2026-06-04 15:52:05,931 [INFO] IPUIPlugin:80 - create IPUIPlugin
2026-06-04 15:52:05,931 [INFO] PluginManager:220 - loadIPPluginJar : add aes
2026-06-04 15:52:05,938 [INFO] IPUIPlugin:80 - create IPUIPlugin
2026-06-04 15:52:05,939 [INFO] PluginManager:220 - loadIPPluginJar : add can
2026-06-04 15:52:05,943 [INFO] IPUIPlugin:80 - create IPUIPlugin
2026-06-04 15:52:05,943 [INFO] PluginManager:220 - loadIPPluginJar : add comp
2026-06-04 15:52:05,951 [INFO] IPUIPlugin:80 - create IPUIPlugin
2026-06-04 15:52:05,951 [INFO] PluginManager:220 - loadIPPluginJar : add cryp
2026-06-04 15:52:05,960 [INFO] IPUIPlugin:80 - create IPUIPlugin
2026-06-04 15:52:05,960 [INFO] PluginManager:220 - loadIPPluginJar : add ddr_ctrl_phy
2026-06-04 15:52:05,970 [INFO] IPUIPlugin:80 - create IPUIPlugin
2026-06-04 15:52:05,970 [INFO] PluginManager:220 - loadIPPluginJar : add dfsdm
2026-06-04 15:52:05,981 [INFO] IPUIPlugin:80 - create IPUIPlugin
2026-06-04 15:52:05,983 [INFO] PluginManager:220 - loadIPPluginJar : add dma
2026-06-04 15:52:05,989 [INFO] IPUIPlugin:80 - create IPUIPlugin
2026-06-04 15:52:05,989 [INFO] PluginManager:220 - loadIPPluginJar : add dma3
2026-06-04 15:52:05,999 [INFO] IPUIPlugin:80 - create IPUIPlugin
2026-06-04 15:52:05,999 [INFO] PluginManager:220 - loadIPPluginJar : add extmemmanager
2026-06-04 15:52:06,005 [INFO] IPUIPlugin:80 - create IPUIPlugin
2026-06-04 15:52:06,005 [INFO] PluginManager:220 - loadIPPluginJar : add fatfs
2026-06-04 15:52:06,015 [INFO] IPUIPlugin:80 - create IPUIPlugin
2026-06-04 15:52:06,015 [INFO] PluginManager:220 - loadIPPluginJar : add fmc
2026-06-04 15:52:06,028 [INFO] IPUIPlugin:80 - create IPUIPlugin
2026-06-04 15:52:06,028 [INFO] PluginManager:220 - loadIPPluginJar : add freertos
2026-06-04 15:52:06,035 [INFO] IPUIPlugin:80 - create IPUIPlugin
2026-06-04 15:52:06,036 [INFO] PluginManager:220 - loadIPPluginJar : add genericplugin
2026-06-04 15:52:06,049 [INFO] IPUIPlugin:80 - create IPUIPlugin
2026-06-04 15:52:06,049 [INFO] PluginManager:220 - loadIPPluginJar : add gfxmmu
2026-06-04 15:52:06,061 [INFO] IPUIPlugin:80 - create IPUIPlugin
2026-06-04 15:52:06,062 [INFO] PluginManager:220 - loadIPPluginJar : add gic
2026-06-04 15:52:06,071 [INFO] IPUIPlugin:80 - create IPUIPlugin
2026-06-04 15:52:06,072 [INFO] PluginManager:220 - loadIPPluginJar : add gpio
2026-06-04 15:52:06,079 [INFO] IPUIPlugin:80 - create IPUIPlugin
2026-06-04 15:52:06,079 [INFO] PluginManager:220 - loadIPPluginJar : add gtzc
2026-06-04 15:52:06,085 [INFO] IPUIPlugin:80 - create IPUIPlugin
2026-06-04 15:52:06,085 [INFO] PluginManager:220 - loadIPPluginJar : add hash
2026-06-04 15:52:06,095 [INFO] IPUIPlugin:80 - create IPUIPlugin
2026-06-04 15:52:06,096 [INFO] PluginManager:220 - loadIPPluginJar : add i2c
2026-06-04 15:52:06,103 [INFO] IPUIPlugin:80 - create IPUIPlugin
2026-06-04 15:52:06,104 [INFO] PluginManager:220 - loadIPPluginJar : add i2s
2026-06-04 15:52:06,113 [INFO] IPUIPlugin:80 - create IPUIPlugin
2026-06-04 15:52:06,113 [INFO] PluginManager:220 - loadIPPluginJar : add i3c
2026-06-04 15:52:06,121 [INFO] IPUIPlugin:80 - create IPUIPlugin
2026-06-04 15:52:06,122 [INFO] PluginManager:220 - loadIPPluginJar : add ipddr
2026-06-04 15:52:06,141 [INFO] IPUIPlugin:80 - create IPUIPlugin
2026-06-04 15:52:06,142 [INFO] PluginManager:220 - loadIPPluginJar : add linkedlist
2026-06-04 15:52:06,151 [INFO] IPUIPlugin:80 - create IPUIPlugin
2026-06-04 15:52:06,152 [INFO] PluginManager:220 - loadIPPluginJar : add lorawan
2026-06-04 15:52:06,156 [INFO] IPUIPlugin:80 - create IPUIPlugin
2026-06-04 15:52:06,157 [INFO] PluginManager:220 - loadIPPluginJar : add ltdc
2026-06-04 15:52:06,173 [INFO] IPUIPlugin:80 - create IPUIPlugin
2026-06-04 15:52:06,173 [INFO] PluginManager:220 - loadIPPluginJar : add mdma
2026-06-04 15:52:06,182 [INFO] IPUIPlugin:80 - create IPUIPlugin
2026-06-04 15:52:06,183 [INFO] PluginManager:220 - loadIPPluginJar : add nvic
2026-06-04 15:52:06,194 [INFO] IPUIPlugin:80 - create IPUIPlugin
2026-06-04 15:52:06,195 [INFO] PluginManager:220 - loadIPPluginJar : add opamp
2026-06-04 15:52:06,203 [INFO] IPUIPlugin:80 - create IPUIPlugin
2026-06-04 15:52:06,203 [INFO] PluginManager:220 - loadIPPluginJar : add openamp
2026-06-04 15:52:06,215 [INFO] IPUIPlugin:80 - create IPUIPlugin
2026-06-04 15:52:06,215 [INFO] PluginManager:220 - loadIPPluginJar : add pdm2pcm
2026-06-04 15:52:06,233 [INFO] IPUIPlugin:80 - create IPUIPlugin
2026-06-04 15:52:06,243 [INFO] PluginManager:220 - loadIPPluginJar : add plateformsettings
2026-06-04 15:52:06,248 [INFO] IPUIPlugin:80 - create IPUIPlugin
2026-06-04 15:52:06,249 [INFO] PluginManager:220 - loadIPPluginJar : add quadspi
2026-06-04 15:52:06,254 [INFO] IPUIPlugin:80 - create IPUIPlugin
2026-06-04 15:52:06,257 [INFO] PluginManager:220 - loadIPPluginJar : add radio
2026-06-04 15:52:06,266 [INFO] IPUIPlugin:80 - create IPUIPlugin
2026-06-04 15:52:06,267 [INFO] PluginManager:220 - loadIPPluginJar : add resmgrutility
2026-06-04 15:52:06,275 [INFO] IPUIPlugin:80 - create IPUIPlugin
2026-06-04 15:52:06,275 [INFO] PluginManager:220 - loadIPPluginJar : add sai
2026-06-04 15:52:06,284 [INFO] IPUIPlugin:80 - create IPUIPlugin
2026-06-04 15:52:06,284 [INFO] PluginManager:220 - loadIPPluginJar : add spi
2026-06-04 15:52:06,301 [INFO] IPUIPlugin:80 - create IPUIPlugin
2026-06-04 15:52:06,301 [INFO] PluginManager:220 - loadIPPluginJar : add stm32_wpan
2026-06-04 15:52:06,308 [INFO] IPUIPlugin:80 - create IPUIPlugin
2026-06-04 15:52:06,308 [INFO] PluginManager:220 - loadIPPluginJar : add tim
2026-06-04 15:52:06,318 [INFO] IPUIPlugin:80 - create IPUIPlugin
2026-06-04 15:52:06,319 [INFO] PluginManager:220 - loadIPPluginJar : add touchsensing
2026-06-04 15:52:06,328 [INFO] IPUIPlugin:80 - create IPUIPlugin
2026-06-04 15:52:06,330 [INFO] PluginManager:220 - loadIPPluginJar : add tracer_emb
2026-06-04 15:52:06,337 [INFO] IPUIPlugin:80 - create IPUIPlugin
2026-06-04 15:52:06,338 [INFO] PluginManager:220 - loadIPPluginJar : add ts
2026-06-04 15:52:06,344 [INFO] IPUIPlugin:80 - create IPUIPlugin
2026-06-04 15:52:06,345 [INFO] PluginManager:220 - loadIPPluginJar : add tsc
2026-06-04 15:52:06,353 [INFO] IPUIPlugin:80 - create IPUIPlugin
2026-06-04 15:52:06,354 [INFO] PluginManager:220 - loadIPPluginJar : add ucpd
2026-06-04 15:52:06,361 [INFO] IPUIPlugin:80 - create IPUIPlugin
2026-06-04 15:52:06,361 [INFO] PluginManager:220 - loadIPPluginJar : add usart
2026-06-04 15:52:06,368 [INFO] IPUIPlugin:80 - create IPUIPlugin
2026-06-04 15:52:06,368 [INFO] PluginManager:220 - loadIPPluginJar : add usbx
2026-06-04 15:52:06,582 [FATAL] Updater:351 - Updater called before beeing initialized
2026-06-04 15:52:06,642 [INFO] RulesReader:64 - Compatibility file has been processed (302 Rules)
2026-06-04 15:52:06,669 [INFO] RulesReader:64 - Compatibility file has been processed (302 Rules)
2026-06-04 15:52:06,697 [INFO] CADModel:165 - CPN selected for project level
2026-06-04 15:52:06,698 [INFO] CADModel:114 - Register for checkConnection events
2026-06-04 15:52:06,698 [FATAL] Updater:351 - Updater called before beeing initialized
2026-06-04 15:52:06,698 [ERROR] CADModel:125 - Updater not yet initialized, retry later 
2026-06-04 15:52:07,068 [FATAL] Updater:351 - Updater called before beeing initialized
2026-06-04 15:52:07,074 [INFO] CADModel:165 - CPN selected for project level
2026-06-04 15:52:07,074 [INFO] CADModel:114 - Register for checkConnection events
2026-06-04 15:52:07,075 [FATAL] Updater:351 - Updater called before beeing initialized
2026-06-04 15:52:07,075 [ERROR] CADModel:125 - Updater not yet initialized, retry later 
2026-06-04 15:52:07,083 [FATAL] Updater:351 - Updater called before beeing initialized
2026-06-04 15:52:07,315 [FATAL] Updater:351 - Updater called before beeing initialized
2026-06-04 15:52:07,321 [INFO] DbMcusAds:53 - JSON generation date=Thu May 28 19:08:17 TRT 2026 (1779984497073)
2026-06-04 15:52:07,321 [FATAL] Updater:351 - Updater called before beeing initialized
2026-06-04 15:52:07,389 [WARN] DetailPanel:346 - Failed to get advertising image, set to default
2026-06-04 15:52:07,829 [FATAL] Updater:351 - Updater called before beeing initialized
2026-06-04 15:52:07,832 [FATAL] Updater:351 - Updater called before beeing initialized
2026-06-04 15:52:07,832 [FATAL] Updater:351 - Updater called before beeing initialized
2026-06-04 15:52:07,832 [WARN] DetailPanel:346 - Failed to get advertising image, set to default
2026-06-04 15:52:07,833 [FATAL] Updater:351 - Updater called before beeing initialized
2026-06-04 15:52:07,900 [ERROR] Updater:1198 - MainUpdater not yet initialized. External WinMGr cannot be set.
2026-06-04 15:52:07,903 [INFO] Updater:1134 - Updater Version found : 6.14.1
2026-06-04 15:52:07,928 [INFO] ApplicationProperties:184 - Using Application install path: C:\ST\STM32CubeIDE_1.18.1\STM32CubeIDE\plugins\com.st.stm32cube.common.mx_6.14.1.202504091515
2026-06-04 15:52:08,001 [INFO] ThirdPartyUpdaterWithRetryManager:70 - Updater plugin not ready yet. [2/15]
2026-06-04 15:52:09,503 [ERROR] LogOutputStream:75 - [STDERR_REDIRECT] Jun 04, 2026 3:52:09 PM java.util.prefs.WindowsPreferences <init>
2026-06-04 15:52:09,505 [ERROR] LogOutputStream:75 - [STDERR_REDIRECT] WARNING: Could not open/create prefs root node Software\JavaSoft\Prefs at root 0xffffffff80000002. Windows RegCreateKeyEx(...) returned error code 5.
2026-06-04 15:52:09,505 [ERROR] LogOutputStream:75 - [STDERR_REDIRECT] 
2026-06-04 15:52:10,171 [INFO] MainUpdater:2872 - connection check result : 10
2026-06-04 15:52:10,172 [INFO] MainUpdater:3566 - Updater definition file requires update
2026-06-04 15:52:10,172 [INFO] MainUpdater:289 - Updater Check For Update Now.
2026-06-04 15:52:10,173 [INFO] MicroXplorer:498 - Change Database Version : DB.6.0.141
2026-06-04 15:52:10,179 [INFO] McuFinderGlobals:63 - Set McuFinder mode to 2 (CubeIDE integrated)
2026-06-04 15:52:10,180 [INFO] UserAuth:484 - Internet connection configuration mode: 1
2026-06-04 15:52:10,201 [INFO] JxBrowserEngine:152 - Initiate JxBrowser Engine with user profile folder
2026-06-04 15:52:10,508 [INFO] ServerAccessManage:473 - Download File updaters.zip
2026-06-04 15:52:10,957 [INFO] FileExtend:242 - Unzip File : updaters.zip
2026-06-04 15:52:10,957 [INFO] FileExtend:257 - Standard Zip Deflate
2026-06-04 15:52:11,002 [WARN] MainUpdater:1193 - Updater busy. Cannot search thirdparties
2026-06-04 15:52:11,002 [INFO] ThirdPartyUpdaterWithRetryManager:96 - Updater plugin is busy. [1/15]
2026-06-04 15:52:11,820 [INFO] ServerAccessManage:473 - Download File PacksControlFlags.xml
2026-06-04 15:52:12,023 [INFO] ServerAccessManage:473 - Download File cubemx.pidx
2026-06-04 15:52:12,094 [INFO] WebApp:169 - Instantiating new browser for Auth
2026-06-04 15:52:14,003 [WARN] MainUpdater:1193 - Updater busy. Cannot search thirdparties
2026-06-04 15:52:14,003 [INFO] ThirdPartyUpdaterWithRetryManager:96 - Updater plugin is busy. [2/15]
2026-06-04 15:52:14,053 [INFO] ServerAccessManage:473 - Download File STMicroelectronics.X-CUBE-SMBUS.pdsc
2026-06-04 15:52:14,683 [ERROR] ServerAccessManage:1089 - Problem, file not found on Server
2026-06-04 15:52:14,727 [INFO] WebApp:463 - Apply proxy settings
2026-06-04 15:52:14,732 [INFO] WebApp:548 - Chromium requires no authentication
2026-06-04 15:52:14,802 [INFO] WebApp:491 - Direct internet connection detected
2026-06-04 15:52:14,981 [INFO] WebApp:894 - Register for checkConnection events
2026-06-04 15:52:14,990 [INFO] WebApp:463 - Apply proxy settings
2026-06-04 15:52:14,993 [INFO] WebApp:548 - Chromium requires no authentication
2026-06-04 15:52:14,996 [INFO] WebApp:491 - Direct internet connection detected
2026-06-04 15:52:15,848 [INFO] WebApp:225 - Starting web application
2026-06-04 15:52:15,849 [INFO] WebApp:593 - Web application path used C:\ST\STM32CubeIDE_1.18.1\STM32CubeIDE\plugins\com.st.stm32cube.common.mx_6.14.1.202504091515\db\plugins\mcufinder\reactClient1\index.html
2026-06-04 15:52:16,536 [WARN] PopulateThirdPartyThread:106 - Error when creating pack: C:/Users/furkan/.stm32cubemx/thirdparties/pdsc/STMicroelectronics.X-CUBE-SMBUS.pdsc
2026-06-04 15:52:16,536 [INFO] PopulateThirdPartyThread:66 - Ending populate Thread
2026-06-04 15:52:16,536 [INFO] LoadServerUpdatesThread:375 - End of LoadServerUpdate Thread
2026-06-04 15:52:16,738 [INFO] WebApp:191 - Connection restablished
2026-06-04 15:52:16,770 [INFO] CheckServerUpdateThread:120 - End of CheckServer Thread
2026-06-04 15:52:17,562 [INFO] UserAuth:484 - Internet connection configuration mode: 1
2026-06-04 15:52:20,200 [WARN] PackLoader:240 - Cannot read IP mode file for STMicroelectronics.X-CUBE-AZRTOS-H7.3.5.0
2026-06-04 15:52:20,249 [WARN] PackLoader:240 - Cannot read IP mode file for STMicroelectronics.FP-SNS-MOTENVWB1.1.4.0
2026-06-04 15:52:20,269 [WARN] PackLoader:240 - Cannot read IP mode file for STMicroelectronics.FP-ATR-ASTRA1.2.0.2
2026-06-04 15:52:20,276 [WARN] PackLoader:240 - Cannot read IP mode file for STMicroelectronics.FP-ATR-ASTRA1.2.0.1
2026-06-04 15:52:20,281 [ERROR] Engine:466 - C:\Users\furkan\.stm32cubemx\thirdparties\pdsc\STMicroelectronics.X-CUBE-SMBUS.2.1.1.pdsc: PDSC version is not supported
2026-06-04 15:52:20,297 [WARN] PackLoader:240 - Cannot read IP mode file for STMicroelectronics.X-CUBE-SMBUS.2.1.0
2026-06-04 15:52:20,316 [WARN] PackLoader:240 - Cannot read IP mode file for STMicroelectronics.X-CUBE-WB05N.1.1.0
2026-06-04 15:52:20,345 [WARN] PackLoader:240 - Cannot read IP mode file for STMicroelectronics.X-CUBE-ST60.1.0.0
2026-06-04 15:52:20,371 [WARN] PackLoader:240 - Cannot read IP mode file for STMicroelectronics.X-CUBE-TOUCHGFX.4.23.1
2026-06-04 15:52:20,378 [WARN] PackLoader:240 - Cannot read IP mode file for STMicroelectronics.X-CUBE-TOUCHGFX.4.23.0
2026-06-04 15:52:20,399 [WARN] PackLoader:240 - Cannot read IP mode file for STMicroelectronics.X-CUBE-TOUCHGFX.4.23.2
2026-06-04 15:52:20,512 [WARN] PackLoader:240 - Cannot read IP mode file for STMicroelectronics.X-CUBE-AZRTOS-F7.1.1.0
2026-06-04 15:52:20,560 [WARN] PackLoader:240 - Cannot read IP mode file for STMicroelectronics.FP-SNS-MOTENV1.4.3.2
2026-06-04 15:52:20,754 [WARN] PackLoader:240 - Cannot read IP mode file for STMicroelectronics.X-CUBE-MEMS1.11.0.0
2026-06-04 15:52:21,162 [ERROR] Engine:466 - C:\Users\furkan\.stm32cubemx\thirdparties\pdsc\STMicroelectronics.FP-SNS-MOTENV1.5.1.0.pdsc: PDSC version is not supported
2026-06-04 15:52:21,175 [WARN] PackLoader:240 - Cannot read IP mode file for STMicroelectronics.FP-SNS-FLIGHT1.5.0.2
2026-06-04 15:52:21,237 [WARN] PackLoader:240 - Cannot read IP mode file for STMicroelectronics.X-CUBE-AZRTOS-H7.3.4.0
2026-06-04 15:52:21,262 [WARN] PackLoader:240 - Cannot read IP mode file for STMicroelectronics.X-CUBE-DISPLAY.3.0.0
2026-06-04 15:52:21,283 [WARN] PackLoader:240 - Cannot read IP mode file for STMicroelectronics.X-CUBE-GNSS1.7.1.1
2026-06-04 15:52:21,291 [ERROR] Engine:466 - C:\Users\furkan\.stm32cubemx\thirdparties\pdsc\STMicroelectronics.FP-SNS-MOTENVWB1.1.5.0.pdsc: PDSC version is not supported
2026-06-04 15:52:21,301 [WARN] PackLoader:240 - Cannot read IP mode file for STMicroelectronics.X-CUBE-BLE1.7.0.0
2026-06-04 15:52:21,317 [WARN] PackLoader:240 - Cannot read IP mode file for STMicroelectronics.X-CUBE-NFC10.1.0.0
2026-06-04 15:52:21,352 [WARN] PackLoader:240 - Cannot read IP mode file for STMicroelectronics.X-CUBE-BLEMGR.4.0.0
2026-06-04 15:52:21,372 [WARN] PackLoader:240 - Cannot read IP mode file for STMicroelectronics.X-CUBE-ST60.1.1.0
2026-06-04 15:52:21,391 [WARN] PackLoader:240 - Cannot read IP mode file for emotas.I-CUBE-CANOPEN.1.3.0
2026-06-04 15:52:21,401 [WARN] PackLoader:240 - Cannot read IP mode file for STMicroelectronics.X-CUBE-GNSS1.7.1.0
2026-06-04 15:52:21,421 [WARN] PackLoader:240 - Cannot read IP mode file for STMicroelectronics.X-CUBE-BLEMGR.3.1.0
2026-06-04 15:52:21,593 [ERROR] Engine:466 - C:\Users\furkan\.stm32cubemx\thirdparties\pdsc\STMicroelectronics.FP-SNS-STBOX1.2.1.0.pdsc: PDSC version is not supported
2026-06-04 15:52:21,613 [WARN] PackLoader:240 - Cannot read IP mode file for STMicroelectronics.FP-SNS-SMARTAG2.1.2.0
2026-06-04 15:52:21,673 [WARN] PackLoader:240 - Cannot read IP mode file for STMicroelectronics.FP-SNS-FLIGHT1.5.1.0
2026-06-04 15:52:21,939 [WARN] PackLoader:240 - Cannot read IP mode file for STMicroelectronics.X-CUBE-MEMS1.11.1.0
2026-06-04 15:52:22,536 [INFO] LogOutputStream:77 - [STDOUT_REDIRECT] 1 : Invalid condition id : UX_CORESTACK_Condition cause : null
2026-06-04 15:52:22,538 [INFO] LogOutputStream:77 - [STDOUT_REDIRECT] 1 : Invalid condition id : UX_CORESTACK_Condition cause : null
2026-06-04 15:52:22,557 [INFO] LogOutputStream:77 - [STDOUT_REDIRECT] 1 : Invalid condition id : UX_CORESTACK_Condition cause : null
2026-06-04 15:52:22,565 [INFO] LogOutputStream:77 - [STDOUT_REDIRECT] 1 : Invalid condition id : UX_CORESTACK_Condition cause : null
2026-06-04 15:52:22,577 [INFO] LogOutputStream:77 - [STDOUT_REDIRECT] 1 : Invalid condition id : UX_CORESTACK_Condition cause : null
2026-06-04 15:52:22,586 [WARN] PackLoader:240 - Cannot read IP mode file for STMicroelectronics.X-CUBE-AZRTOS-WL.2.0.0
2026-06-04 15:52:22,606 [WARN] PackLoader:240 - Cannot read IP mode file for STMicroelectronics.FP-SNS-MOTENV1.5.0.0
2026-06-04 15:52:22,794 [WARN] PackLoader:240 - Cannot read IP mode file for STMicroelectronics.X-CUBE-AZRTOS-H7RS.1.2.0
2026-06-04 15:52:22,810 [WARN] PackLoader:240 - Cannot read IP mode file for wolfSSL.I-CUBE-wolfMQTT.1.19.0
2026-06-04 15:52:22,828 [WARN] PackLoader:240 - Cannot read IP mode file for WES.I-CUBE-Cesium.1.3.0
2026-06-04 15:52:22,840 [WARN] PackLoader:240 - Cannot read IP mode file for STMicroelectronics.X-CUBE-BLE2.3.3.0
2026-06-04 15:52:22,890 [WARN] PackLoader:240 - Cannot read IP mode file for STMicroelectronics.X-CUBE-NFC9.1.0.0
2026-06-04 15:52:22,902 [WARN] PackLoader:240 - Cannot read IP mode file for STMicroelectronics.X-CUBE-BLE1.7.1.0
2026-06-04 15:52:22,918 [WARN] PackLoader:240 - Cannot read IP mode file for STMicroelectronics.X-CUBE-TCPP.4.1.0
2026-06-04 15:52:22,926 [ERROR] Engine:466 - C:\Users\furkan\.stm32cubemx\thirdparties\pdsc\STMicroelectronics.X-CUBE-FREERTOS.1.4.0.pdsc: PDSC version is not supported
2026-06-04 15:52:22,938 [WARN] PackLoader:240 - Cannot read IP mode file for STMicroelectronics.X-CUBE-EEPRMA1.5.2.0
2026-06-04 15:52:22,950 [ERROR] Engine:466 - C:\Users\furkan\.stm32cubemx\thirdparties\pdsc\STMicroelectronics.X-CUBE-ST67W61.1.1.0.pdsc: PDSC version is not supported
2026-06-04 15:52:22,960 [WARN] PackLoader:240 - Cannot read IP mode file for STMicroelectronics.X-CUBE-AI.10.1.0
2026-06-04 15:52:22,968 [ERROR] Engine:466 - C:\Users\furkan\.stm32cubemx\thirdparties\pdsc\STMicroelectronics.FP-SNS-STAIOTCFT.1.1.0.pdsc: PDSC version is not supported
2026-06-04 15:52:23,293 [WARN] PackLoader:240 - Cannot read IP mode file for STMicroelectronics.X-CUBE-MEMS1.12.0.0
2026-06-04 15:52:23,463 [WARN] PackLoader:240 - Cannot read IP mode file for STMicroelectronics.X-CUBE-ALGOBUILD.1.3.0
2026-06-04 15:52:23,525 [WARN] PackLoader:240 - Cannot read IP mode file for STMicroelectronics.X-CUBE-AZRTOS-G0.1.1.0
2026-06-04 15:52:23,544 [WARN] PackLoader:240 - Cannot read IP mode file for STMicroelectronics.X-CUBE-SAFEA1.1.2.2
2026-06-04 15:52:23,557 [WARN] PackLoader:240 - Cannot read IP mode file for STMicroelectronics.X-CUBE-NFC4.3.0.0
2026-06-04 15:52:23,579 [WARN] PackLoader:240 - Cannot read IP mode file for EmbeddedOffice.I-CUBE-FS-RTOS.1.0.1
2026-06-04 15:52:23,587 [WARN] PackLoader:240 - Cannot read IP mode file for STMicroelectronics.X-CUBE-WB05N.2.0.0
2026-06-04 15:52:23,602 [WARN] PackLoader:240 - Cannot read IP mode file for STMicroelectronics.X-CUBE-BLEMGR.3.0.0
2026-06-04 15:52:23,616 [WARN] PackLoader:240 - Cannot read IP mode file for STMicroelectronics.X-CUBE-TCPP.4.2.0
2026-06-04 15:52:23,632 [WARN] PackLoader:240 - Cannot read IP mode file for RealThread.X-CUBE-RT-Thread_Nano.4.1.1
2026-06-04 15:52:23,640 [WARN] PackLoader:240 - Cannot read IP mode file for STMicroelectronics.FP-ATR-SIGFOX1.3.2.0
2026-06-04 15:52:23,685 [WARN] ConditionMgr:438 - getConditionDescription Invalid condition id : Cortex-A Device cause : null
2026-06-04 15:52:23,700 [WARN] ConditionMgr:1044 - genDependencies : Invalid condition id : Cortex-A Device cause : null
2026-06-04 15:52:23,700 [WARN] ConditionMgr:1044 - genDependencies : Invalid condition id : Cortex-A Device cause : null
2026-06-04 15:52:23,700 [WARN] ConditionMgr:1044 - genDependencies : Invalid condition id : Cortex-A Device cause : null
2026-06-04 15:52:23,710 [WARN] PackLoader:240 - Cannot read IP mode file for STMicroelectronics.X-CUBE-EEPRMA1.5.1.0
2026-06-04 15:52:23,716 [ERROR] Engine:466 - C:\Users\furkan\.stm32cubemx\thirdparties\pdsc\STMicroelectronics.X-CUBE-FREERTOS.1.5.0.pdsc: PDSC version is not supported
2026-06-04 15:52:23,731 [WARN] PackLoader:240 - Cannot read IP mode file for STMicroelectronics.X-CUBE-NFC6.3.2.0
2026-06-04 15:52:23,748 [WARN] PackLoader:240 - Cannot read IP mode file for STMicroelectronics.X-CUBE-ST67W61.1.0.0
2026-06-04 15:52:23,757 [WARN] PackLoader:240 - Cannot read IP mode file for STMicroelectronics.X-CUBE-AI.10.2.0
2026-06-04 15:52:23,849 [WARN] PackLoader:240 - Cannot read IP mode file for STMicroelectronics.X-CUBE-MEMS1.12.1.0
2026-06-04 15:52:24,090 [WARN] PackLoader:240 - Cannot read IP mode file for SEGGER.I-CUBE-embOS.1.3.1
2026-06-04 15:52:24,171 [WARN] PackLoader:240 - Cannot read IP mode file for STMicroelectronics.X-CUBE-ALGOBUILD.1.4.0
2026-06-04 15:52:24,255 [WARN] PackLoader:240 - Cannot read IP mode file for STMicroelectronics.X-CUBE-MEMS1.11.3.0
2026-06-04 15:52:24,534 [WARN] PackLoader:240 - Cannot read IP mode file for STMicroelectronics.X-CUBE-AI.9.1.0
2026-06-04 15:52:24,544 [WARN] PackLoader:240 - Cannot read IP mode file for STMicroelectronics.X-CUBE-PM33A1.1.0.0
2026-06-04 15:52:24,552 [WARN] PackLoader:240 - Cannot read IP mode file for STMicroelectronics.X-CUBE-GNSS1.6.0.0
2026-06-04 15:52:24,585 [WARN] PackLoader:240 - Cannot read IP mode file for STMicroelectronics.X-CUBE-AZRTOS-F4.1.1.0
2026-06-04 15:52:24,594 [WARN] PackLoader:240 - Cannot read IP mode file for Avnet-IotConnect.X-CUBE-IoTC-DA16k-PMOD.1.0.0
2026-06-04 15:52:24,602 [WARN] PackLoader:240 - Cannot read IP mode file for STMicroelectronics.X-CUBE-ISPU.2.1.0
2026-06-04 15:52:24,613 [ERROR] Engine:466 - C:\Users\furkan\.stm32cubemx\thirdparties\pdsc\STMicroelectronics.X-CUBE-IPS.3.2.0.pdsc: PDSC version is not supported
2026-06-04 15:52:24,619 [WARN] PackLoader:240 - Cannot read IP mode file for STMicroelectronics.eDS-WB_DPC_TT-BIDIR.2.1.1
2026-06-04 15:52:24,629 [WARN] PackLoader:240 - Cannot read IP mode file for STMicroelectronics.X-CUBE-FREERTOS.1.2.0
2026-06-04 15:52:24,654 [WARN] PackLoader:240 - Cannot read IP mode file for wolfSSL.I-CUBE-wolfSSL.5.6.6
2026-06-04 15:52:24,667 [WARN] PackLoader:240 - Cannot read IP mode file for STMicroelectronics.X-CUBE-NFC12.1.0.0
2026-06-04 15:52:24,706 [WARN] PackLoader:240 - Cannot read IP mode file for STMicroelectronics.X-CUBE-AZRTOS-L5.2.0.0
2026-06-04 15:52:24,725 [WARN] PackLoader:240 - Cannot read IP mode file for STMicroelectronics.X-CUBE-NFC6.3.1.0
2026-06-04 15:52:24,738 [WARN] PackLoader:240 - Cannot read IP mode file for ITTIA_DB.I-CUBE-ITTIADB.8.8.0
2026-06-04 15:52:24,748 [WARN] PackLoader:240 - Cannot read IP mode file for STMicroelectronics.X-CUBE-ALGOBUILD.1.5.0
2026-06-04 15:52:24,760 [WARN] PackLoader:240 - Cannot read IP mode file for STMicroelectronics.X-CUBE-DPower.1.2.0
2026-06-04 15:52:24,768 [WARN] PackLoader:240 - Cannot read IP mode file for STMicroelectronics.eDS-WB_DPC_VIENNA.1.2.0
2026-06-04 15:52:24,774 [WARN] PackLoader:240 - Cannot read IP mode file for STMicroelectronics.eDS-WB_DPC_3PH2L-BIDIR.1.1.1
2026-06-04 15:52:24,779 [WARN] PackLoader:240 - Cannot read IP mode file for STMicroelectronics.X-CUBE-AI.9.0.0
2026-06-04 15:52:24,785 [ERROR] Engine:466 - C:\Users\furkan\.stm32cubemx\thirdparties\pdsc\STMicroelectronics.X-CUBE-ST67W61.1.3.0.pdsc: PDSC version is not supported
2026-06-04 15:52:24,794 [WARN] PackLoader:240 - Cannot read IP mode file for STMicroelectronics.X-CUBE-FREERTOS.1.3.1
2026-06-04 15:52:24,802 [WARN] PackLoader:240 - Cannot read IP mode file for STMicroelectronics.X-CUBE-FREERTOS.1.3.0
2026-06-04 15:52:24,813 [WARN] PackLoader:240 - Cannot read IP mode file for STMicroelectronics.X-CUBE-NFC7.1.0.1
2026-06-04 15:52:24,821 [WARN] PackLoader:240 - Cannot read IP mode file for wolfSSL.I-CUBE-wolfTPM.3.2.0
2026-06-04 15:52:24,826 [WARN] PackLoader:240 - Cannot read IP mode file for STMicroelectronics.X-CUBE-TOUCHGFX.4.26.0
2026-06-04 15:52:24,837 [WARN] PackLoader:240 - Cannot read IP mode file for STMicroelectronics.X-CUBE-NFC6.3.0.0
2026-06-04 15:52:24,846 [WARN] PackLoader:240 - Cannot read IP mode file for STMicroelectronics.X-CUBE-TOUCHGFX.4.26.1
2026-06-04 15:52:24,856 [WARN] PackLoader:240 - Cannot read IP mode file for STMicroelectronics.FP-SNS-STAIOTCFT.1.0.0
2026-06-04 15:52:24,865 [WARN] PackLoader:240 - Cannot read IP mode file for STMicroelectronics.X-CUBE-DPower.1.3.0
2026-06-04 15:52:24,872 [WARN] PackLoader:240 - Cannot read IP mode file for STMicroelectronics.X-CUBE-AI.8.1.0
2026-06-04 15:52:24,905 [WARN] ConditionMgr:438 - getConditionDescription Invalid condition id : LAN8742 Phy interface Condition cause : null
2026-06-04 15:52:24,906 [WARN] PackLoader:240 - Cannot read IP mode file for STMicroelectronics.X-CUBE-AZRTOS-L4.2.0.0
2026-06-04 15:52:24,908 [WARN] ConditionMgr:1044 - genDependencies : Invalid condition id : LAN8742 Phy interface Condition cause : null
2026-06-04 15:52:24,909 [WARN] ConditionMgr:1044 - genDependencies : Invalid condition id : LAN8742 Phy interface Condition cause : null
2026-06-04 15:52:24,911 [WARN] ConditionMgr:1044 - genDependencies : Invalid condition id : LAN8742 Phy interface Condition cause : null
2026-06-04 15:52:24,924 [WARN] PackLoader:240 - Cannot read IP mode file for STMicroelectronics.X-CUBE-SFXS2LP1.4.0.0
2026-06-04 15:52:24,935 [WARN] PackLoader:240 - Cannot read IP mode file for STMicroelectronics.X-CUBE-WB05N.2.1.0
2026-06-04 15:52:24,943 [ERROR] Engine:466 - C:\Users\furkan\.stm32cubemx\thirdparties\pdsc\STMicroelectronics.X-CUBE-ST67W61.1.2.0.pdsc: PDSC version is not supported
2026-06-04 15:52:24,977 [WARN] PackLoader:240 - Cannot read IP mode file for STMicroelectronics.X-CUBE-AZRTOS-H7.3.3.0
2026-06-04 15:52:25,001 [WARN] PackLoader:240 - Cannot read IP mode file for STMicroelectronics.X-CUBE-BLEMGR.4.1.0
2026-06-04 15:52:25,026 [WARN] PackLoader:240 - Cannot read IP mode file for STMicroelectronics.X-CUBE-IPS.3.0.0
2026-06-04 15:52:25,057 [WARN] ConditionMgr:438 - getConditionDescription Invalid condition id : UX DEVICE CLASS RTOS Condition cause : null
2026-06-04 15:52:25,057 [WARN] ConditionMgr:438 - getConditionDescription Invalid condition id : UX DEVICE CLASS RTOS Condition cause : null
2026-06-04 15:52:25,062 [WARN] PackLoader:240 - Cannot read IP mode file for STMicroelectronics.X-CUBE-AZRTOS-WB.2.0.0
2026-06-04 15:52:25,063 [WARN] ConditionMgr:1044 - genDependencies : Invalid condition id : UX DEVICE CLASS RTOS Condition cause : null
2026-06-04 15:52:25,063 [WARN] ConditionMgr:1044 - genDependencies : Invalid condition id : UX DEVICE CLASS RTOS Condition cause : null
2026-06-04 15:52:25,064 [WARN] ConditionMgr:1044 - genDependencies : Invalid condition id : UX DEVICE CLASS RTOS Condition cause : null
2026-06-04 15:52:25,064 [WARN] ConditionMgr:1044 - genDependencies : Invalid condition id : UX DEVICE CLASS RTOS Condition cause : null
2026-06-04 15:52:25,065 [WARN] ConditionMgr:1044 - genDependencies : Invalid condition id : UX DEVICE CLASS RTOS Condition cause : null
2026-06-04 15:52:25,074 [WARN] PackLoader:240 - Cannot read IP mode file for STMicroelectronics.X-CUBE-GNSS1.7.0.0
2026-06-04 15:52:25,083 [WARN] PackLoader:240 - Cannot read IP mode file for STMicroelectronics.X-CUBE-GNSS1.7.0.1
2026-06-04 15:52:25,090 [WARN] PackLoader:240 - Cannot read IP mode file for STMicroelectronics.X-CUBE-TOUCHGFX.4.25.0
2026-06-04 15:52:25,100 [WARN] PackLoader:240 - Cannot read IP mode file for STMicroelectronics.FP-SNS-STBOX1.2.0.0
2026-06-04 15:52:25,117 [WARN] PackLoader:240 - Cannot read IP mode file for STMicroelectronics.X-CUBE-STSE01.2.0.0
2026-06-04 15:52:25,158 [WARN] PackLoader:240 - Cannot read IP mode file for STMicroelectronics.X-CUBE-SUBG2.5.0.0
2026-06-04 15:52:25,198 [WARN] PackLoader:240 - Cannot read IP mode file for STMicroelectronics.X-CUBE-AZRTOS-H7RS.1.1.0
2026-06-04 15:52:25,210 [WARN] PackLoader:240 - Cannot read IP mode file for Cesanta.I-CUBE-Mongoose.7.13.0
2026-06-04 15:52:25,235 [WARN] PackLoader:240 - Cannot read IP mode file for STMicroelectronics.X-CUBE-AZRTOS-G4.2.0.0
2026-06-04 15:52:25,261 [WARN] PackLoader:240 - Cannot read IP mode file for Infineon.AIROC-Wi-Fi-Bluetooth-STM32.1.5.1
2026-06-04 15:52:25,272 [WARN] PackLoader:240 - Cannot read IP mode file for STMicroelectronics.X-CUBE-NFC7.2.0.0
2026-06-04 15:52:25,279 [WARN] PackLoader:240 - Cannot read IP mode file for STMicroelectronics.FP-SNS-MOTENVWB1.1.3.1
2026-06-04 15:52:25,285 [WARN] PackLoader:240 - Cannot read IP mode file for STMicroelectronics.X-CUBE-ISPU.2.0.0
2026-06-04 15:52:25,302 [WARN] PackLoader:240 - Cannot read IP mode file for STMicroelectronics.X-CUBE-IPS.3.1.0
2026-06-04 15:52:25,319 [WARN] PackLoader:240 - Cannot read IP mode file for STMicroelectronics.X-CUBE-ALS.1.0.2
2026-06-04 15:52:25,379 [WARN] PackLoader:240 - Cannot read IP mode file for STMicroelectronics.X-CUBE-MEMS1.10.0.0
2026-06-04 15:52:25,585 [WARN] PackLoader:240 - Cannot read IP mode file for STMicroelectronics.X-CUBE-FREERTOS.1.1.0
2026-06-04 15:52:25,590 [WARN] PackLoader:240 - Cannot read IP mode file for STMicroelectronics.X-CUBE-TOUCHGFX.4.24.0
2026-06-04 15:52:25,595 [WARN] PackLoader:240 - Cannot read IP mode file for STMicroelectronics.X-CUBE-TOUCHGFX.4.24.1
2026-06-04 15:52:25,605 [WARN] PackLoader:240 - Cannot read IP mode file for STMicroelectronics.X-CUBE-STSE01.1.0.0
2026-06-04 15:52:25,619 [WARN] PackLoader:240 - Cannot read IP mode file for portGmbH.I-Cube-SoM-uGOAL.1.1.0
2026-06-04 15:52:25,626 [WARN] PackLoader:240 - Cannot read IP mode file for STMicroelectronics.X-CUBE-ALS.1.0.1
2026-06-04 15:52:25,660 [WARN] PackLoader:240 - Cannot read IP mode file for STMicroelectronics.X-CUBE-AZRTOS-H7RS.1.0.0
2026-06-04 15:52:25,671 [WARN] PackLoader:240 - Cannot read IP mode file for STMicroelectronics.FP-ATR-ASTRA1.2.0.0
2026-06-04 15:52:25,690 [WARN] PackLoader:240 - Cannot read IP mode file for STMicroelectronics.X-CUBE-TOF1.3.4.2
2026-06-04 15:52:25,725 [WARN] PackLoader:240 - Cannot read IP mode file for STMicroelectronics.X-CUBE-TOF1.3.4.3
2026-06-04 15:52:25,763 [WARN] PackLoader:240 - Cannot read IP mode file for STMicroelectronics.X-CUBE-TOF1.3.4.0
2026-06-04 15:52:25,799 [WARN] PackLoader:240 - Cannot read IP mode file for STMicroelectronics.X-CUBE-TOF1.3.4.1
2026-06-04 15:52:25,848 [WARN] PackLoader:240 - Cannot read IP mode file for STMicroelectronics.X-CUBE-AZRTOS-H7.3.2.0
2026-06-04 15:52:25,859 [WARN] PackLoader:240 - Cannot read IP mode file for wolfSSL.I-CUBE-wolfSSH.1.4.17
2026-06-04 15:52:25,860 [INFO] ThirdParty:978 - Integrity check success = true
2026-06-04 15:52:25,860 [INFO] IntegrityCheckThread:100 - exiting critical section [integrity check]
2026-06-04 15:52:25,861 [INFO] IntegrityCheckThread:103 - End integrity checks thread
2026-06-04 16:57:55,307 [ERROR] LogOutputStream:75 - [STDERR_REDIRECT] 
2026-06-04 22:33:52,208 [INFO] Activator:176 - 


2026-06-04 22:33:52,210 [INFO] Activator:177 - !SESSION log4j initialized
2026-06-04 22:34:04,209 [INFO] LogOutputStream:77 - [STDOUT_REDIRECT] 
2026-06-04 22:34:05,389 [INFO] ApplicationProperties:184 - Using Application install path: C:\ST\STM32CubeIDE_1.18.1\STM32CubeIDE\plugins\com.st.stm32cube.common.mx_6.14.1.202504091515
2026-06-04 22:34:05,407 [INFO] DbMcusXml:78 - Set database path to: C:\ST\STM32CubeIDE_1.18.1\STM32CubeIDE\plugins\com.st.stm32cube.common.mx_6.14.1.202504091515\\db\/mcu/
2026-06-04 22:34:05,407 [INFO] ApiDb:274 - Set plugin database path to: C:\ST\STM32CubeIDE_1.18.1\STM32CubeIDE\plugins\com.st.stm32cube.common.mx_6.14.1.202504091515\\db\/plugins/boardmanager/
2026-06-04 22:34:05,408 [WARN] ApiDb:259 - Overriding images path with different value:  => C:\ST\STM32CubeIDE_1.18.1\STM32CubeIDE\plugins\com.st.stm32cube.common.mx_6.14.1.202504091515\\db\/plugins/mcufinder/images/
2026-06-04 22:34:05,419 [INFO] ApiDb:250 - Set database path to: C:\Users\furkan\.stmcufinder\plugins\mcufinder//mcu/
2026-06-04 22:34:05,420 [INFO] DbMcusAds:125 - Set database path to: C:\Users\furkan\.stmcufinder\plugins\mcufinder//mcu/
2026-06-04 22:34:05,423 [INFO] CrossReferenceDbSqlite:203 - Set database path to: C:\Users\furkan\.stmcufinder\plugins\mcufinder//mcu/cs/
2026-06-04 22:34:05,565 [INFO] RulesReader:64 - Compatibility file has been processed (302 Rules)
2026-06-04 22:34:05,689 [INFO] DbMcusXml:78 - Set database path to: C:\ST\STM32CubeIDE_1.18.1\STM32CubeIDE\plugins\com.st.stm32cube.common.mx_6.14.1.202504091515\\db\/mcu/
2026-06-04 22:34:05,689 [INFO] ApiDb:274 - Set plugin database path to: C:\ST\STM32CubeIDE_1.18.1\STM32CubeIDE\plugins\com.st.stm32cube.common.mx_6.14.1.202504091515\\db\/plugins/boardmanager/
2026-06-04 22:34:05,689 [INFO] ApiDb:261 - Set plugin images path to: C:\ST\STM32CubeIDE_1.18.1\STM32CubeIDE\plugins\com.st.stm32cube.common.mx_6.14.1.202504091515\\db\/plugins/mcufinder/images/
2026-06-04 22:34:05,689 [WARN] DbFile:41 - Overriding database path with different value: C:\Users\furkan\.stmcufinder\plugins\mcufinder/ => C:\Users\furkan\.stmcufinder\plugins\mcufinder
2026-06-04 22:34:05,689 [INFO] ApiDb:250 - Set database path to: C:\Users\furkan\.stmcufinder\plugins\mcufinder//mcu/
2026-06-04 22:34:05,689 [WARN] DbFile:41 - Overriding database path with different value: C:\Users\furkan\.stmcufinder\plugins\mcufinder/ => C:\Users\furkan\.stmcufinder\plugins\mcufinder
2026-06-04 22:34:05,689 [INFO] DbMcusAds:125 - Set database path to: C:\Users\furkan\.stmcufinder\plugins\mcufinder//mcu/
2026-06-04 22:34:05,689 [WARN] DbFile:41 - Overriding database path with different value: C:\Users\furkan\.stmcufinder\plugins\mcufinder/ => C:\Users\furkan\.stmcufinder\plugins\mcufinder
2026-06-04 22:34:05,690 [WARN] DbFile:41 - Overriding database path with different value: C:\Users\furkan\.stmcufinder\plugins\mcufinder/ => C:\Users\furkan\.stmcufinder\plugins\mcufinder
2026-06-04 22:34:05,690 [INFO] CrossReferenceDbSqlite:203 - Set database path to: C:\Users\furkan\.stmcufinder\plugins\mcufinder//mcu/cs/
2026-06-04 22:34:05,794 [INFO] MainPanel:272 - HeapMemory: 268435456
2026-06-04 22:34:05,921 [INFO] DbMcusXml:78 - Set database path to: C:\ST\STM32CubeIDE_1.18.1\STM32CubeIDE\plugins\com.st.stm32cube.common.mx_6.14.1.202504091515\\db\/mcu/
2026-06-04 22:34:05,921 [INFO] ApiDb:274 - Set plugin database path to: C:\ST\STM32CubeIDE_1.18.1\STM32CubeIDE\plugins\com.st.stm32cube.common.mx_6.14.1.202504091515\\db\/plugins/boardmanager/
2026-06-04 22:34:05,922 [INFO] ApiDb:261 - Set plugin images path to: C:\ST\STM32CubeIDE_1.18.1\STM32CubeIDE\plugins\com.st.stm32cube.common.mx_6.14.1.202504091515\\db\/plugins/mcufinder/images/
2026-06-04 22:34:05,922 [WARN] DbFile:41 - Overriding database path with different value: C:\Users\furkan\.stmcufinder\plugins\mcufinder/ => C:\Users\furkan\.stmcufinder\plugins\mcufinder
2026-06-04 22:34:05,922 [INFO] ApiDb:250 - Set database path to: C:\Users\furkan\.stmcufinder\plugins\mcufinder//mcu/
2026-06-04 22:34:05,922 [WARN] DbFile:41 - Overriding database path with different value: C:\Users\furkan\.stmcufinder\plugins\mcufinder/ => C:\Users\furkan\.stmcufinder\plugins\mcufinder
2026-06-04 22:34:05,923 [INFO] DbMcusAds:125 - Set database path to: C:\Users\furkan\.stmcufinder\plugins\mcufinder//mcu/
2026-06-04 22:34:05,923 [WARN] DbFile:41 - Overriding database path with different value: C:\Users\furkan\.stmcufinder\plugins\mcufinder/ => C:\Users\furkan\.stmcufinder\plugins\mcufinder
2026-06-04 22:34:05,923 [WARN] DbFile:41 - Overriding database path with different value: C:\Users\furkan\.stmcufinder\plugins\mcufinder/ => C:\Users\furkan\.stmcufinder\plugins\mcufinder
2026-06-04 22:34:05,923 [INFO] CrossReferenceDbSqlite:203 - Set database path to: C:\Users\furkan\.stmcufinder\plugins\mcufinder//mcu/cs/
2026-06-04 22:34:05,942 [INFO] ApplicationProperties:184 - Using Application install path: C:\ST\STM32CubeIDE_1.18.1\STM32CubeIDE\plugins\com.st.stm32cube.common.mx_6.14.1.202504091515
2026-06-04 22:34:05,942 [INFO] PluginManage:196 - Search for loadable plugins [exclusion list=, ]
2026-06-04 22:34:05,948 [INFO] PluginManage:310 - Check plugin analytics
2026-06-04 22:34:06,251 [INFO] AnalyticsPlugin:253 - Accepted Software Licenses: 
2026-06-04 22:34:06,251 [INFO] AnalyticsPlugin:255 - Accepted CMSIS Pack Licenses: 
2026-06-04 22:34:06,251 [INFO] AnalyticsPlugin:257 - Accepted Firmware Licenses: FW.F4.1.28.0,FW.F7.1.17.0
2026-06-04 22:34:06,256 [INFO] PluginManage:359 - Loaded plugin analytics (category:tool,tabindex:-1)
2026-06-04 22:34:06,256 [INFO] PluginManage:310 - Check plugin cadmodel
2026-06-04 22:34:06,267 [INFO] CADModel:105 - Init CAD model plugin
2026-06-04 22:34:06,267 [INFO] PluginManage:359 - Loaded plugin cadmodel (category:power,tabindex:5)
2026-06-04 22:34:06,267 [INFO] PluginManage:310 - Check plugin clock
2026-06-04 22:34:06,285 [INFO] PluginManage:359 - Loaded plugin clock (category:base,tabindex:2)
2026-06-04 22:34:06,285 [INFO] PluginManage:310 - Check plugin ddr
2026-06-04 22:34:06,289 [INFO] PluginManage:359 - Loaded plugin ddr (category:tool,tabindex:6)
2026-06-04 22:34:06,289 [INFO] PluginManage:310 - Check plugin filemanager
2026-06-04 22:34:06,732 [INFO] PluginManage:359 - Loaded plugin filemanager (category:base,tabindex:10)
2026-06-04 22:34:06,733 [INFO] PluginManage:310 - Check plugin ipmanager
2026-06-04 22:34:06,752 [INFO] PluginManage:359 - Loaded plugin ipmanager (category:base,tabindex:5)
2026-06-04 22:34:06,752 [INFO] PluginManage:310 - Check plugin lpbam
2026-06-04 22:34:06,770 [INFO] PluginManage:359 - Loaded plugin lpbam (category:base,tabindex:0)
2026-06-04 22:34:06,773 [INFO] PluginManage:310 - Check plugin memorymap
2026-06-04 22:34:06,807 [INFO] PluginManage:359 - Loaded plugin memorymap (category:base,tabindex:4)
2026-06-04 22:34:06,808 [INFO] PluginManage:310 - Check plugin pinoutandconfiguration
2026-06-04 22:34:06,827 [INFO] PluginManage:359 - Loaded plugin pinoutandconfiguration (category:base,tabindex:1)
2026-06-04 22:34:06,827 [INFO] PluginManage:310 - Check plugin pinoutconfig
2026-06-04 22:34:07,201 [WARN] SupportedApi:132 - Cannot load RTOS API schema: s4s-elt-must-match.1: The content of 'definitions' must match (annotation?, (simpleType | complexType)?, (unique | key | keyref)*)). A problem was found starting at: attribute.
2026-06-04 22:34:07,466 [INFO] PluginManage:359 - Loaded plugin pinoutconfig (category:base,tabindex:0)
2026-06-04 22:34:07,467 [INFO] PluginManage:310 - Check plugin power
2026-06-04 22:34:07,482 [INFO] PluginManage:359 - Loaded plugin power (category:power,tabindex:4)
2026-06-04 22:34:07,482 [INFO] PluginManage:310 - Check plugin projectmanager
2026-06-04 22:34:07,504 [INFO] PluginManage:359 - Loaded plugin projectmanager (category:projectmanager,tabindex:4)
2026-06-04 22:34:07,504 [INFO] PluginManage:310 - Check plugin rif
2026-06-04 22:34:07,516 [INFO] PluginManage:359 - Loaded plugin rif (category:base,tabindex:3)
2026-06-04 22:34:07,516 [INFO] PluginManage:310 - Check plugin thirdparty
2026-06-04 22:34:07,819 [INFO] PluginManage:359 - Loaded plugin thirdparty (category:base,tabindex:-1)
2026-06-04 22:34:07,819 [WARN] IntegrityCheckThread:84 - waiting for thirdparty lock release [integrity check]
2026-06-04 22:34:07,819 [INFO] PluginManage:310 - Check plugin tools
2026-06-04 22:34:07,819 [INFO] IntegrityCheckThread:86 - entering critical section [integrity check]
2026-06-04 22:34:07,820 [INFO] ThirdPartyUpdaterWithRetryManager:70 - Updater plugin not ready yet. [1/15]
2026-06-04 22:34:07,824 [INFO] PluginManage:359 - Loaded plugin tools (category:base,tabindex:7)
2026-06-04 22:34:07,824 [INFO] PluginManage:310 - Check plugin tutovideos
2026-06-04 22:34:08,103 [INFO] PluginManage:359 - Loaded plugin tutovideos (category:base,tabindex:-1)
2026-06-04 22:34:08,103 [INFO] PluginManage:310 - Check plugin updater
2026-06-04 22:34:08,140 [INFO] PluginManage:359 - Loaded plugin updater (category:base,tabindex:12)
2026-06-04 22:34:08,141 [INFO] PluginManage:310 - Check plugin userauth
2026-06-04 22:34:08,147 [INFO] UserAuth:118 - Init User Auth plugin
2026-06-04 22:34:08,149 [INFO] PluginManage:359 - Loaded plugin userauth (category:base,tabindex:14)
2026-06-04 22:34:08,150 [INFO] PluginManage:283 - PluginManage : Loaded plugins [18]
2026-06-04 22:34:08,495 [INFO] PinOutPanel:1589 - setPackage(No Configuration,No Configuration)
2026-06-04 22:34:08,629 [INFO] CADModel:165 - CPN selected for project level
2026-06-04 22:34:08,629 [INFO] CADModel:114 - Register for checkConnection events
2026-06-04 22:34:08,657 [INFO] IPUIPlugin:80 - create IPUIPlugin
2026-06-04 22:34:08,657 [INFO] PluginManager:220 - loadIPPluginJar : add adc
2026-06-04 22:34:08,661 [INFO] IPUIPlugin:80 - create IPUIPlugin
2026-06-04 22:34:08,661 [INFO] PluginManager:220 - loadIPPluginJar : add aes
2026-06-04 22:34:08,666 [INFO] IPUIPlugin:80 - create IPUIPlugin
2026-06-04 22:34:08,666 [INFO] PluginManager:220 - loadIPPluginJar : add can
2026-06-04 22:34:08,669 [INFO] IPUIPlugin:80 - create IPUIPlugin
2026-06-04 22:34:08,670 [INFO] PluginManager:220 - loadIPPluginJar : add comp
2026-06-04 22:34:08,673 [INFO] IPUIPlugin:80 - create IPUIPlugin
2026-06-04 22:34:08,674 [INFO] PluginManager:220 - loadIPPluginJar : add cryp
2026-06-04 22:34:08,679 [INFO] IPUIPlugin:80 - create IPUIPlugin
2026-06-04 22:34:08,679 [INFO] PluginManager:220 - loadIPPluginJar : add ddr_ctrl_phy
2026-06-04 22:34:08,683 [INFO] IPUIPlugin:80 - create IPUIPlugin
2026-06-04 22:34:08,683 [INFO] PluginManager:220 - loadIPPluginJar : add dfsdm
2026-06-04 22:34:08,690 [INFO] IPUIPlugin:80 - create IPUIPlugin
2026-06-04 22:34:08,690 [INFO] PluginManager:220 - loadIPPluginJar : add dma
2026-06-04 22:34:08,695 [INFO] IPUIPlugin:80 - create IPUIPlugin
2026-06-04 22:34:08,695 [INFO] PluginManager:220 - loadIPPluginJar : add dma3
2026-06-04 22:34:08,698 [INFO] IPUIPlugin:80 - create IPUIPlugin
2026-06-04 22:34:08,698 [INFO] PluginManager:220 - loadIPPluginJar : add extmemmanager
2026-06-04 22:34:08,702 [INFO] IPUIPlugin:80 - create IPUIPlugin
2026-06-04 22:34:08,702 [INFO] PluginManager:220 - loadIPPluginJar : add fatfs
2026-06-04 22:34:08,707 [INFO] IPUIPlugin:80 - create IPUIPlugin
2026-06-04 22:34:08,708 [INFO] PluginManager:220 - loadIPPluginJar : add fmc
2026-06-04 22:34:08,711 [INFO] IPUIPlugin:80 - create IPUIPlugin
2026-06-04 22:34:08,711 [INFO] PluginManager:220 - loadIPPluginJar : add freertos
2026-06-04 22:34:08,722 [INFO] IPUIPlugin:80 - create IPUIPlugin
2026-06-04 22:34:08,722 [INFO] PluginManager:220 - loadIPPluginJar : add genericplugin
2026-06-04 22:34:08,726 [INFO] IPUIPlugin:80 - create IPUIPlugin
2026-06-04 22:34:08,726 [INFO] PluginManager:220 - loadIPPluginJar : add gfxmmu
2026-06-04 22:34:08,732 [INFO] IPUIPlugin:80 - create IPUIPlugin
2026-06-04 22:34:08,732 [INFO] PluginManager:220 - loadIPPluginJar : add gic
2026-06-04 22:34:08,741 [INFO] IPUIPlugin:80 - create IPUIPlugin
2026-06-04 22:34:08,741 [INFO] PluginManager:220 - loadIPPluginJar : add gpio
2026-06-04 22:34:08,747 [INFO] IPUIPlugin:80 - create IPUIPlugin
2026-06-04 22:34:08,747 [INFO] PluginManager:220 - loadIPPluginJar : add gtzc
2026-06-04 22:34:08,751 [INFO] IPUIPlugin:80 - create IPUIPlugin
2026-06-04 22:34:08,751 [INFO] PluginManager:220 - loadIPPluginJar : add hash
2026-06-04 22:34:08,753 [INFO] IPUIPlugin:80 - create IPUIPlugin
2026-06-04 22:34:08,753 [INFO] PluginManager:220 - loadIPPluginJar : add i2c
2026-06-04 22:34:08,760 [INFO] IPUIPlugin:80 - create IPUIPlugin
2026-06-04 22:34:08,760 [INFO] PluginManager:220 - loadIPPluginJar : add i2s
2026-06-04 22:34:08,765 [INFO] IPUIPlugin:80 - create IPUIPlugin
2026-06-04 22:34:08,766 [INFO] PluginManager:220 - loadIPPluginJar : add i3c
2026-06-04 22:34:08,771 [INFO] IPUIPlugin:80 - create IPUIPlugin
2026-06-04 22:34:08,771 [INFO] PluginManager:220 - loadIPPluginJar : add ipddr
2026-06-04 22:34:08,781 [INFO] IPUIPlugin:80 - create IPUIPlugin
2026-06-04 22:34:08,782 [INFO] PluginManager:220 - loadIPPluginJar : add linkedlist
2026-06-04 22:34:08,785 [INFO] IPUIPlugin:80 - create IPUIPlugin
2026-06-04 22:34:08,786 [INFO] PluginManager:220 - loadIPPluginJar : add lorawan
2026-06-04 22:34:08,789 [INFO] IPUIPlugin:80 - create IPUIPlugin
2026-06-04 22:34:08,789 [INFO] PluginManager:220 - loadIPPluginJar : add ltdc
2026-06-04 22:34:08,795 [INFO] IPUIPlugin:80 - create IPUIPlugin
2026-06-04 22:34:08,795 [INFO] PluginManager:220 - loadIPPluginJar : add mdma
2026-06-04 22:34:08,804 [INFO] IPUIPlugin:80 - create IPUIPlugin
2026-06-04 22:34:08,804 [INFO] PluginManager:220 - loadIPPluginJar : add nvic
2026-06-04 22:34:08,812 [INFO] IPUIPlugin:80 - create IPUIPlugin
2026-06-04 22:34:08,812 [INFO] PluginManager:220 - loadIPPluginJar : add opamp
2026-06-04 22:34:08,816 [INFO] IPUIPlugin:80 - create IPUIPlugin
2026-06-04 22:34:08,816 [INFO] PluginManager:220 - loadIPPluginJar : add openamp
2026-06-04 22:34:08,822 [INFO] IPUIPlugin:80 - create IPUIPlugin
2026-06-04 22:34:08,822 [INFO] PluginManager:220 - loadIPPluginJar : add pdm2pcm
2026-06-04 22:34:08,832 [INFO] IPUIPlugin:80 - create IPUIPlugin
2026-06-04 22:34:08,835 [INFO] PluginManager:220 - loadIPPluginJar : add plateformsettings
2026-06-04 22:34:08,837 [INFO] IPUIPlugin:80 - create IPUIPlugin
2026-06-04 22:34:08,838 [INFO] PluginManager:220 - loadIPPluginJar : add quadspi
2026-06-04 22:34:08,840 [INFO] IPUIPlugin:80 - create IPUIPlugin
2026-06-04 22:34:08,841 [INFO] PluginManager:220 - loadIPPluginJar : add radio
2026-06-04 22:34:08,844 [INFO] IPUIPlugin:80 - create IPUIPlugin
2026-06-04 22:34:08,844 [INFO] PluginManager:220 - loadIPPluginJar : add resmgrutility
2026-06-04 22:34:08,852 [INFO] IPUIPlugin:80 - create IPUIPlugin
2026-06-04 22:34:08,852 [INFO] PluginManager:220 - loadIPPluginJar : add sai
2026-06-04 22:34:08,856 [INFO] IPUIPlugin:80 - create IPUIPlugin
2026-06-04 22:34:08,856 [INFO] PluginManager:220 - loadIPPluginJar : add spi
2026-06-04 22:34:08,864 [INFO] IPUIPlugin:80 - create IPUIPlugin
2026-06-04 22:34:08,864 [INFO] PluginManager:220 - loadIPPluginJar : add stm32_wpan
2026-06-04 22:34:08,864 [INFO] IPUIPlugin:80 - create IPUIPlugin
2026-06-04 22:34:08,864 [INFO] PluginManager:220 - loadIPPluginJar : add tim
2026-06-04 22:34:08,873 [INFO] IPUIPlugin:80 - create IPUIPlugin
2026-06-04 22:34:08,874 [INFO] PluginManager:220 - loadIPPluginJar : add touchsensing
2026-06-04 22:34:08,876 [INFO] IPUIPlugin:80 - create IPUIPlugin
2026-06-04 22:34:08,876 [INFO] PluginManager:220 - loadIPPluginJar : add tracer_emb
2026-06-04 22:34:08,880 [INFO] IPUIPlugin:80 - create IPUIPlugin
2026-06-04 22:34:08,880 [INFO] PluginManager:220 - loadIPPluginJar : add ts
2026-06-04 22:34:08,882 [INFO] IPUIPlugin:80 - create IPUIPlugin
2026-06-04 22:34:08,882 [INFO] PluginManager:220 - loadIPPluginJar : add tsc
2026-06-04 22:34:08,885 [INFO] IPUIPlugin:80 - create IPUIPlugin
2026-06-04 22:34:08,885 [INFO] PluginManager:220 - loadIPPluginJar : add ucpd
2026-06-04 22:34:08,889 [INFO] IPUIPlugin:80 - create IPUIPlugin
2026-06-04 22:34:08,889 [INFO] PluginManager:220 - loadIPPluginJar : add usart
2026-06-04 22:34:08,893 [INFO] IPUIPlugin:80 - create IPUIPlugin
2026-06-04 22:34:08,893 [INFO] PluginManager:220 - loadIPPluginJar : add usbx
2026-06-04 22:34:09,049 [FATAL] Updater:351 - Updater called before beeing initialized
2026-06-04 22:34:09,118 [INFO] RulesReader:64 - Compatibility file has been processed (302 Rules)
2026-06-04 22:34:09,133 [INFO] RulesReader:64 - Compatibility file has been processed (302 Rules)
2026-06-04 22:34:09,142 [INFO] CADModel:165 - CPN selected for project level
2026-06-04 22:34:09,142 [INFO] CADModel:114 - Register for checkConnection events
2026-06-04 22:34:09,142 [FATAL] Updater:351 - Updater called before beeing initialized
2026-06-04 22:34:09,142 [ERROR] CADModel:125 - Updater not yet initialized, retry later 
2026-06-04 22:34:09,315 [FATAL] Updater:351 - Updater called before beeing initialized
2026-06-04 22:34:09,315 [INFO] CADModel:165 - CPN selected for project level
2026-06-04 22:34:09,315 [INFO] CADModel:114 - Register for checkConnection events
2026-06-04 22:34:09,315 [FATAL] Updater:351 - Updater called before beeing initialized
2026-06-04 22:34:09,315 [ERROR] CADModel:125 - Updater not yet initialized, retry later 
2026-06-04 22:34:09,315 [FATAL] Updater:351 - Updater called before beeing initialized
2026-06-04 22:34:09,474 [FATAL] Updater:351 - Updater called before beeing initialized
2026-06-04 22:34:09,479 [INFO] DbMcusAds:53 - JSON generation date=Thu May 28 19:08:17 TRT 2026 (1779984497073)
2026-06-04 22:34:09,479 [FATAL] Updater:351 - Updater called before beeing initialized
2026-06-04 22:34:09,529 [WARN] DetailPanel:346 - Failed to get advertising image, set to default
2026-06-04 22:34:09,854 [FATAL] Updater:351 - Updater called before beeing initialized
2026-06-04 22:34:09,857 [FATAL] Updater:351 - Updater called before beeing initialized
2026-06-04 22:34:09,857 [FATAL] Updater:351 - Updater called before beeing initialized
2026-06-04 22:34:09,857 [WARN] DetailPanel:346 - Failed to get advertising image, set to default
2026-06-04 22:34:09,858 [FATAL] Updater:351 - Updater called before beeing initialized
2026-06-04 22:34:09,914 [ERROR] Updater:1198 - MainUpdater not yet initialized. External WinMGr cannot be set.
2026-06-04 22:34:09,920 [INFO] Updater:1134 - Updater Version found : 6.14.1
2026-06-04 22:34:09,943 [INFO] ApplicationProperties:184 - Using Application install path: C:\ST\STM32CubeIDE_1.18.1\STM32CubeIDE\plugins\com.st.stm32cube.common.mx_6.14.1.202504091515
2026-06-04 22:34:10,825 [INFO] ThirdPartyUpdaterWithRetryManager:70 - Updater plugin not ready yet. [2/15]
2026-06-04 22:34:11,536 [ERROR] LogOutputStream:75 - [STDERR_REDIRECT] Jun 04, 2026 10:34:11 PM java.util.prefs.WindowsPreferences <init>
2026-06-04 22:34:11,538 [ERROR] LogOutputStream:75 - [STDERR_REDIRECT] WARNING: Could not open/create prefs root node Software\JavaSoft\Prefs at root 0xffffffff80000002. Windows RegCreateKeyEx(...) returned error code 5.
2026-06-04 22:34:11,538 [ERROR] LogOutputStream:75 - [STDERR_REDIRECT] 
2026-06-04 22:34:12,215 [INFO] MainUpdater:2872 - connection check result : 10
2026-06-04 22:34:12,216 [INFO] MainUpdater:289 - Updater Check For Update Now.
2026-06-04 22:34:12,216 [INFO] MicroXplorer:498 - Change Database Version : DB.6.0.141
2026-06-04 22:34:12,223 [INFO] McuFinderGlobals:63 - Set McuFinder mode to 2 (CubeIDE integrated)
2026-06-04 22:34:12,224 [INFO] UserAuth:484 - Internet connection configuration mode: 1
2026-06-04 22:34:12,255 [INFO] JxBrowserEngine:152 - Initiate JxBrowser Engine with user profile folder
2026-06-04 22:34:12,540 [INFO] CheckServerUpdateThread:120 - End of CheckServer Thread
2026-06-04 22:34:15,338 [INFO] WebApp:169 - Instantiating new browser for Auth
2026-06-04 22:34:16,185 [WARN] PackLoader:240 - Cannot read IP mode file for STMicroelectronics.X-CUBE-AZRTOS-H7.3.5.0
2026-06-04 22:34:16,269 [WARN] PackLoader:240 - Cannot read IP mode file for STMicroelectronics.FP-SNS-MOTENVWB1.1.4.0
2026-06-04 22:34:16,287 [WARN] PackLoader:240 - Cannot read IP mode file for STMicroelectronics.FP-ATR-ASTRA1.2.0.2
2026-06-04 22:34:16,302 [WARN] PackLoader:240 - Cannot read IP mode file for STMicroelectronics.FP-ATR-ASTRA1.2.0.1
2026-06-04 22:34:16,323 [ERROR] Engine:466 - C:\Users\furkan\.stm32cubemx\thirdparties\pdsc\STMicroelectronics.X-CUBE-SMBUS.2.1.1.pdsc: PDSC version is not supported
2026-06-04 22:34:16,333 [WARN] PackLoader:240 - Cannot read IP mode file for STMicroelectronics.X-CUBE-SMBUS.2.1.0
2026-06-04 22:34:16,356 [WARN] PackLoader:240 - Cannot read IP mode file for STMicroelectronics.X-CUBE-WB05N.1.1.0
2026-06-04 22:34:16,381 [WARN] PackLoader:240 - Cannot read IP mode file for STMicroelectronics.X-CUBE-ST60.1.0.0
2026-06-04 22:34:16,398 [WARN] PackLoader:240 - Cannot read IP mode file for STMicroelectronics.X-CUBE-TOUCHGFX.4.23.1
2026-06-04 22:34:16,404 [WARN] PackLoader:240 - Cannot read IP mode file for STMicroelectronics.X-CUBE-TOUCHGFX.4.23.0
2026-06-04 22:34:16,411 [WARN] PackLoader:240 - Cannot read IP mode file for STMicroelectronics.X-CUBE-TOUCHGFX.4.23.2
2026-06-04 22:34:16,561 [WARN] PackLoader:240 - Cannot read IP mode file for STMicroelectronics.X-CUBE-AZRTOS-F7.1.1.0
2026-06-04 22:34:16,601 [WARN] PackLoader:240 - Cannot read IP mode file for STMicroelectronics.FP-SNS-MOTENV1.4.3.2
2026-06-04 22:34:16,940 [WARN] PackLoader:240 - Cannot read IP mode file for STMicroelectronics.X-CUBE-MEMS1.11.0.0
2026-06-04 22:34:17,498 [ERROR] Engine:466 - C:\Users\furkan\.stm32cubemx\thirdparties\pdsc\STMicroelectronics.FP-SNS-MOTENV1.5.1.0.pdsc: PDSC version is not supported
2026-06-04 22:34:17,509 [WARN] PackLoader:240 - Cannot read IP mode file for STMicroelectronics.FP-SNS-FLIGHT1.5.0.2
2026-06-04 22:34:17,568 [WARN] PackLoader:240 - Cannot read IP mode file for STMicroelectronics.X-CUBE-AZRTOS-H7.3.4.0
2026-06-04 22:34:17,592 [WARN] PackLoader:240 - Cannot read IP mode file for STMicroelectronics.X-CUBE-DISPLAY.3.0.0
2026-06-04 22:34:17,613 [WARN] PackLoader:240 - Cannot read IP mode file for STMicroelectronics.X-CUBE-GNSS1.7.1.1
2026-06-04 22:34:17,625 [ERROR] Engine:466 - C:\Users\furkan\.stm32cubemx\thirdparties\pdsc\STMicroelectronics.FP-SNS-MOTENVWB1.1.5.0.pdsc: PDSC version is not supported
2026-06-04 22:34:17,636 [WARN] PackLoader:240 - Cannot read IP mode file for STMicroelectronics.X-CUBE-BLE1.7.0.0
2026-06-04 22:34:17,714 [WARN] PackLoader:240 - Cannot read IP mode file for STMicroelectronics.X-CUBE-NFC10.1.0.0
2026-06-04 22:34:17,853 [WARN] PackLoader:240 - Cannot read IP mode file for STMicroelectronics.X-CUBE-BLEMGR.4.0.0
2026-06-04 22:34:17,883 [WARN] PackLoader:240 - Cannot read IP mode file for STMicroelectronics.X-CUBE-ST60.1.1.0
2026-06-04 22:34:17,915 [WARN] PackLoader:240 - Cannot read IP mode file for emotas.I-CUBE-CANOPEN.1.3.0
2026-06-04 22:34:17,935 [WARN] PackLoader:240 - Cannot read IP mode file for STMicroelectronics.X-CUBE-GNSS1.7.1.0
2026-06-04 22:34:17,964 [WARN] PackLoader:240 - Cannot read IP mode file for STMicroelectronics.X-CUBE-BLEMGR.3.1.0
2026-06-04 22:34:17,981 [ERROR] Engine:466 - C:\Users\furkan\.stm32cubemx\thirdparties\pdsc\STMicroelectronics.FP-SNS-STBOX1.2.1.0.pdsc: PDSC version is not supported
2026-06-04 22:34:18,020 [WARN] PackLoader:240 - Cannot read IP mode file for STMicroelectronics.FP-SNS-SMARTAG2.1.2.0
2026-06-04 22:34:18,033 [WARN] PackLoader:240 - Cannot read IP mode file for STMicroelectronics.FP-SNS-FLIGHT1.5.1.0
2026-06-04 22:34:18,079 [INFO] WebApp:463 - Apply proxy settings
2026-06-04 22:34:18,080 [INFO] WebApp:548 - Chromium requires no authentication
2026-06-04 22:34:18,102 [INFO] WebApp:491 - Direct internet connection detected
2026-06-04 22:34:18,161 [INFO] WebApp:894 - Register for checkConnection events
2026-06-04 22:34:18,162 [INFO] WebApp:463 - Apply proxy settings
2026-06-04 22:34:18,162 [INFO] WebApp:548 - Chromium requires no authentication
2026-06-04 22:34:18,163 [INFO] WebApp:491 - Direct internet connection detected
2026-06-04 22:34:18,232 [WARN] PackLoader:240 - Cannot read IP mode file for STMicroelectronics.X-CUBE-MEMS1.11.1.0
2026-06-04 22:34:18,704 [INFO] LogOutputStream:77 - [STDOUT_REDIRECT] 1 : Invalid condition id : UX_CORESTACK_Condition cause : null
2026-06-04 22:34:18,706 [INFO] LogOutputStream:77 - [STDOUT_REDIRECT] 1 : Invalid condition id : UX_CORESTACK_Condition cause : null
2026-06-04 22:34:18,711 [INFO] LogOutputStream:77 - [STDOUT_REDIRECT] 1 : Invalid condition id : UX_CORESTACK_Condition cause : null
2026-06-04 22:34:18,715 [INFO] LogOutputStream:77 - [STDOUT_REDIRECT] 1 : Invalid condition id : UX_CORESTACK_Condition cause : null
2026-06-04 22:34:18,720 [INFO] LogOutputStream:77 - [STDOUT_REDIRECT] 1 : Invalid condition id : UX_CORESTACK_Condition cause : null
2026-06-04 22:34:18,734 [WARN] PackLoader:240 - Cannot read IP mode file for STMicroelectronics.X-CUBE-AZRTOS-WL.2.0.0
2026-06-04 22:34:18,751 [WARN] PackLoader:240 - Cannot read IP mode file for STMicroelectronics.FP-SNS-MOTENV1.5.0.0
2026-06-04 22:34:18,780 [INFO] WebApp:225 - Starting web application
2026-06-04 22:34:18,780 [INFO] WebApp:593 - Web application path used C:\ST\STM32CubeIDE_1.18.1\STM32CubeIDE\plugins\com.st.stm32cube.common.mx_6.14.1.202504091515\db\plugins\mcufinder\reactClient1\index.html
2026-06-04 22:34:18,831 [WARN] PackLoader:240 - Cannot read IP mode file for STMicroelectronics.X-CUBE-AZRTOS-H7RS.1.2.0
2026-06-04 22:34:18,856 [WARN] PackLoader:240 - Cannot read IP mode file for wolfSSL.I-CUBE-wolfMQTT.1.19.0
2026-06-04 22:34:18,886 [WARN] PackLoader:240 - Cannot read IP mode file for WES.I-CUBE-Cesium.1.3.0
2026-06-04 22:34:18,920 [WARN] PackLoader:240 - Cannot read IP mode file for STMicroelectronics.X-CUBE-BLE2.3.3.0
2026-06-04 22:34:18,992 [WARN] PackLoader:240 - Cannot read IP mode file for STMicroelectronics.X-CUBE-NFC9.1.0.0
2026-06-04 22:34:19,016 [WARN] PackLoader:240 - Cannot read IP mode file for STMicroelectronics.X-CUBE-BLE1.7.1.0
2026-06-04 22:34:19,032 [WARN] PackLoader:240 - Cannot read IP mode file for STMicroelectronics.X-CUBE-TCPP.4.1.0
2026-06-04 22:34:19,053 [ERROR] Engine:466 - C:\Users\furkan\.stm32cubemx\thirdparties\pdsc\STMicroelectronics.X-CUBE-FREERTOS.1.4.0.pdsc: PDSC version is not supported
2026-06-04 22:34:19,088 [WARN] PackLoader:240 - Cannot read IP mode file for STMicroelectronics.X-CUBE-EEPRMA1.5.2.0
2026-06-04 22:34:19,103 [ERROR] Engine:466 - C:\Users\furkan\.stm32cubemx\thirdparties\pdsc\STMicroelectronics.X-CUBE-ST67W61.1.1.0.pdsc: PDSC version is not supported
2026-06-04 22:34:19,136 [WARN] PackLoader:240 - Cannot read IP mode file for STMicroelectronics.X-CUBE-AI.10.1.0
2026-06-04 22:34:19,149 [ERROR] Engine:466 - C:\Users\furkan\.stm32cubemx\thirdparties\pdsc\STMicroelectronics.FP-SNS-STAIOTCFT.1.1.0.pdsc: PDSC version is not supported
2026-06-04 22:34:19,443 [WARN] PackLoader:240 - Cannot read IP mode file for STMicroelectronics.X-CUBE-MEMS1.12.0.0
2026-06-04 22:34:19,999 [WARN] PackLoader:240 - Cannot read IP mode file for STMicroelectronics.X-CUBE-ALGOBUILD.1.3.0
2026-06-04 22:34:20,040 [WARN] PackLoader:240 - Cannot read IP mode file for STMicroelectronics.X-CUBE-AZRTOS-G0.1.1.0
2026-06-04 22:34:20,062 [WARN] PackLoader:240 - Cannot read IP mode file for STMicroelectronics.X-CUBE-SAFEA1.1.2.2
2026-06-04 22:34:20,075 [WARN] PackLoader:240 - Cannot read IP mode file for STMicroelectronics.X-CUBE-NFC4.3.0.0
2026-06-04 22:34:20,116 [WARN] PackLoader:240 - Cannot read IP mode file for EmbeddedOffice.I-CUBE-FS-RTOS.1.0.1
2026-06-04 22:34:20,131 [WARN] PackLoader:240 - Cannot read IP mode file for STMicroelectronics.X-CUBE-WB05N.2.0.0
2026-06-04 22:34:20,158 [WARN] PackLoader:240 - Cannot read IP mode file for STMicroelectronics.X-CUBE-BLEMGR.3.0.0
2026-06-04 22:34:20,185 [WARN] PackLoader:240 - Cannot read IP mode file for STMicroelectronics.X-CUBE-TCPP.4.2.0
2026-06-04 22:34:20,207 [WARN] PackLoader:240 - Cannot read IP mode file for RealThread.X-CUBE-RT-Thread_Nano.4.1.1
2026-06-04 22:34:20,219 [WARN] PackLoader:240 - Cannot read IP mode file for STMicroelectronics.FP-ATR-SIGFOX1.3.2.0
2026-06-04 22:34:20,233 [WARN] ConditionMgr:438 - getConditionDescription Invalid condition id : Cortex-A Device cause : null
2026-06-04 22:34:20,273 [WARN] ConditionMgr:1044 - genDependencies : Invalid condition id : Cortex-A Device cause : null
2026-06-04 22:34:20,274 [WARN] ConditionMgr:1044 - genDependencies : Invalid condition id : Cortex-A Device cause : null
2026-06-04 22:34:20,274 [WARN] ConditionMgr:1044 - genDependencies : Invalid condition id : Cortex-A Device cause : null
2026-06-04 22:34:20,283 [WARN] PackLoader:240 - Cannot read IP mode file for STMicroelectronics.X-CUBE-EEPRMA1.5.1.0
2026-06-04 22:34:20,290 [ERROR] Engine:466 - C:\Users\furkan\.stm32cubemx\thirdparties\pdsc\STMicroelectronics.X-CUBE-FREERTOS.1.5.0.pdsc: PDSC version is not supported
2026-06-04 22:34:20,305 [WARN] PackLoader:240 - Cannot read IP mode file for STMicroelectronics.X-CUBE-NFC6.3.2.0
2026-06-04 22:34:20,331 [WARN] PackLoader:240 - Cannot read IP mode file for STMicroelectronics.X-CUBE-ST67W61.1.0.0
2026-06-04 22:34:20,351 [WARN] PackLoader:240 - Cannot read IP mode file for STMicroelectronics.X-CUBE-AI.10.2.0
2026-06-04 22:34:20,483 [WARN] PackLoader:240 - Cannot read IP mode file for STMicroelectronics.X-CUBE-MEMS1.12.1.0
2026-06-04 22:34:20,619 [INFO] UserAuth:484 - Internet connection configuration mode: 1
2026-06-04 22:34:20,783 [WARN] PackLoader:240 - Cannot read IP mode file for SEGGER.I-CUBE-embOS.1.3.1
2026-06-04 22:34:20,948 [WARN] PackLoader:240 - Cannot read IP mode file for STMicroelectronics.X-CUBE-ALGOBUILD.1.4.0
2026-06-04 22:34:21,136 [WARN] PackLoader:240 - Cannot read IP mode file for STMicroelectronics.X-CUBE-MEMS1.11.3.0
2026-06-04 22:34:21,464 [WARN] PackLoader:240 - Cannot read IP mode file for STMicroelectronics.X-CUBE-AI.9.1.0
2026-06-04 22:34:21,473 [WARN] PackLoader:240 - Cannot read IP mode file for STMicroelectronics.X-CUBE-PM33A1.1.0.0
2026-06-04 22:34:21,479 [WARN] PackLoader:240 - Cannot read IP mode file for STMicroelectronics.X-CUBE-GNSS1.6.0.0
2026-06-04 22:34:21,500 [WARN] PackLoader:240 - Cannot read IP mode file for STMicroelectronics.X-CUBE-AZRTOS-F4.1.1.0
2026-06-04 22:34:21,511 [WARN] PackLoader:240 - Cannot read IP mode file for Avnet-IotConnect.X-CUBE-IoTC-DA16k-PMOD.1.0.0
2026-06-04 22:34:21,520 [WARN] PackLoader:240 - Cannot read IP mode file for STMicroelectronics.X-CUBE-ISPU.2.1.0
2026-06-04 22:34:21,527 [ERROR] Engine:466 - C:\Users\furkan\.stm32cubemx\thirdparties\pdsc\STMicroelectronics.X-CUBE-IPS.3.2.0.pdsc: PDSC version is not supported
2026-06-04 22:34:21,535 [WARN] PackLoader:240 - Cannot read IP mode file for STMicroelectronics.eDS-WB_DPC_TT-BIDIR.2.1.1
2026-06-04 22:34:21,545 [WARN] PackLoader:240 - Cannot read IP mode file for STMicroelectronics.X-CUBE-FREERTOS.1.2.0
2026-06-04 22:34:21,552 [WARN] PackLoader:240 - Cannot read IP mode file for wolfSSL.I-CUBE-wolfSSL.5.6.6
2026-06-04 22:34:21,564 [WARN] PackLoader:240 - Cannot read IP mode file for STMicroelectronics.X-CUBE-NFC12.1.0.0
2026-06-04 22:34:21,616 [WARN] PackLoader:240 - Cannot read IP mode file for STMicroelectronics.X-CUBE-AZRTOS-L5.2.0.0
2026-06-04 22:34:21,647 [WARN] PackLoader:240 - Cannot read IP mode file for STMicroelectronics.X-CUBE-NFC6.3.1.0
2026-06-04 22:34:21,693 [WARN] PackLoader:240 - Cannot read IP mode file for ITTIA_DB.I-CUBE-ITTIADB.8.8.0
2026-06-04 22:34:21,744 [WARN] PackLoader:240 - Cannot read IP mode file for STMicroelectronics.X-CUBE-ALGOBUILD.1.5.0
2026-06-04 22:34:21,779 [WARN] PackLoader:240 - Cannot read IP mode file for STMicroelectronics.X-CUBE-DPower.1.2.0
2026-06-04 22:34:21,800 [WARN] PackLoader:240 - Cannot read IP mode file for STMicroelectronics.eDS-WB_DPC_VIENNA.1.2.0
2026-06-04 22:34:21,817 [WARN] PackLoader:240 - Cannot read IP mode file for STMicroelectronics.eDS-WB_DPC_3PH2L-BIDIR.1.1.1
2026-06-04 22:34:21,883 [WARN] PackLoader:240 - Cannot read IP mode file for STMicroelectronics.X-CUBE-AI.9.0.0
2026-06-04 22:34:21,894 [ERROR] Engine:466 - C:\Users\furkan\.stm32cubemx\thirdparties\pdsc\STMicroelectronics.X-CUBE-ST67W61.1.3.0.pdsc: PDSC version is not supported
2026-06-04 22:34:21,907 [WARN] PackLoader:240 - Cannot read IP mode file for STMicroelectronics.X-CUBE-FREERTOS.1.3.1
2026-06-04 22:34:21,921 [WARN] PackLoader:240 - Cannot read IP mode file for STMicroelectronics.X-CUBE-FREERTOS.1.3.0
2026-06-04 22:34:21,936 [WARN] PackLoader:240 - Cannot read IP mode file for STMicroelectronics.X-CUBE-NFC7.1.0.1
2026-06-04 22:34:21,948 [WARN] PackLoader:240 - Cannot read IP mode file for wolfSSL.I-CUBE-wolfTPM.3.2.0
2026-06-04 22:34:21,954 [WARN] PackLoader:240 - Cannot read IP mode file for STMicroelectronics.X-CUBE-TOUCHGFX.4.26.0
2026-06-04 22:34:21,968 [WARN] PackLoader:240 - Cannot read IP mode file for STMicroelectronics.X-CUBE-NFC6.3.0.0
2026-06-04 22:34:21,980 [WARN] PackLoader:240 - Cannot read IP mode file for STMicroelectronics.X-CUBE-TOUCHGFX.4.26.1
2026-06-04 22:34:22,003 [WARN] PackLoader:240 - Cannot read IP mode file for STMicroelectronics.FP-SNS-STAIOTCFT.1.0.0
2026-06-04 22:34:22,009 [WARN] PackLoader:240 - Cannot read IP mode file for STMicroelectronics.X-CUBE-DPower.1.3.0
2026-06-04 22:34:22,020 [WARN] PackLoader:240 - Cannot read IP mode file for STMicroelectronics.X-CUBE-AI.8.1.0
2026-06-04 22:34:22,052 [WARN] ConditionMgr:438 - getConditionDescription Invalid condition id : LAN8742 Phy interface Condition cause : null
2026-06-04 22:34:22,053 [WARN] PackLoader:240 - Cannot read IP mode file for STMicroelectronics.X-CUBE-AZRTOS-L4.2.0.0
2026-06-04 22:34:22,054 [WARN] ConditionMgr:1044 - genDependencies : Invalid condition id : LAN8742 Phy interface Condition cause : null
2026-06-04 22:34:22,055 [WARN] ConditionMgr:1044 - genDependencies : Invalid condition id : LAN8742 Phy interface Condition cause : null
2026-06-04 22:34:22,058 [WARN] ConditionMgr:1044 - genDependencies : Invalid condition id : LAN8742 Phy interface Condition cause : null
2026-06-04 22:34:22,076 [WARN] PackLoader:240 - Cannot read IP mode file for STMicroelectronics.X-CUBE-SFXS2LP1.4.0.0
2026-06-04 22:34:22,090 [WARN] PackLoader:240 - Cannot read IP mode file for STMicroelectronics.X-CUBE-WB05N.2.1.0
2026-06-04 22:34:22,100 [ERROR] Engine:466 - C:\Users\furkan\.stm32cubemx\thirdparties\pdsc\STMicroelectronics.X-CUBE-ST67W61.1.2.0.pdsc: PDSC version is not supported
2026-06-04 22:34:22,143 [WARN] PackLoader:240 - Cannot read IP mode file for STMicroelectronics.X-CUBE-AZRTOS-H7.3.3.0
2026-06-04 22:34:22,171 [WARN] PackLoader:240 - Cannot read IP mode file for STMicroelectronics.X-CUBE-BLEMGR.4.1.0
2026-06-04 22:34:22,198 [WARN] PackLoader:240 - Cannot read IP mode file for STMicroelectronics.X-CUBE-IPS.3.0.0
2026-06-04 22:34:22,218 [WARN] ConditionMgr:438 - getConditionDescription Invalid condition id : UX DEVICE CLASS RTOS Condition cause : null
2026-06-04 22:34:22,219 [WARN] ConditionMgr:438 - getConditionDescription Invalid condition id : UX DEVICE CLASS RTOS Condition cause : null
2026-06-04 22:34:22,220 [WARN] PackLoader:240 - Cannot read IP mode file for STMicroelectronics.X-CUBE-AZRTOS-WB.2.0.0
2026-06-04 22:34:22,221 [WARN] ConditionMgr:1044 - genDependencies : Invalid condition id : UX DEVICE CLASS RTOS Condition cause : null
2026-06-04 22:34:22,222 [WARN] ConditionMgr:1044 - genDependencies : Invalid condition id : UX DEVICE CLASS RTOS Condition cause : null
2026-06-04 22:34:22,222 [WARN] ConditionMgr:1044 - genDependencies : Invalid condition id : UX DEVICE CLASS RTOS Condition cause : null
2026-06-04 22:34:22,223 [WARN] ConditionMgr:1044 - genDependencies : Invalid condition id : UX DEVICE CLASS RTOS Condition cause : null
2026-06-04 22:34:22,223 [WARN] ConditionMgr:1044 - genDependencies : Invalid condition id : UX DEVICE CLASS RTOS Condition cause : null
2026-06-04 22:34:22,231 [WARN] PackLoader:240 - Cannot read IP mode file for STMicroelectronics.X-CUBE-GNSS1.7.0.0
2026-06-04 22:34:22,236 [WARN] PackLoader:240 - Cannot read IP mode file for STMicroelectronics.X-CUBE-GNSS1.7.0.1
2026-06-04 22:34:22,240 [WARN] PackLoader:240 - Cannot read IP mode file for STMicroelectronics.X-CUBE-TOUCHGFX.4.25.0
2026-06-04 22:34:22,249 [WARN] PackLoader:240 - Cannot read IP mode file for STMicroelectronics.FP-SNS-STBOX1.2.0.0
2026-06-04 22:34:22,261 [WARN] PackLoader:240 - Cannot read IP mode file for STMicroelectronics.X-CUBE-STSE01.2.0.0
2026-06-04 22:34:22,273 [WARN] PackLoader:240 - Cannot read IP mode file for STMicroelectronics.X-CUBE-SUBG2.5.0.0
2026-06-04 22:34:22,299 [WARN] PackLoader:240 - Cannot read IP mode file for STMicroelectronics.X-CUBE-AZRTOS-H7RS.1.1.0
2026-06-04 22:34:22,315 [WARN] PackLoader:240 - Cannot read IP mode file for Cesanta.I-CUBE-Mongoose.7.13.0
2026-06-04 22:34:22,340 [WARN] PackLoader:240 - Cannot read IP mode file for STMicroelectronics.X-CUBE-AZRTOS-G4.2.0.0
2026-06-04 22:34:22,378 [WARN] PackLoader:240 - Cannot read IP mode file for Infineon.AIROC-Wi-Fi-Bluetooth-STM32.1.5.1
2026-06-04 22:34:22,397 [WARN] PackLoader:240 - Cannot read IP mode file for STMicroelectronics.X-CUBE-NFC7.2.0.0
2026-06-04 22:34:22,406 [WARN] PackLoader:240 - Cannot read IP mode file for STMicroelectronics.FP-SNS-MOTENVWB1.1.3.1
2026-06-04 22:34:22,413 [WARN] PackLoader:240 - Cannot read IP mode file for STMicroelectronics.X-CUBE-ISPU.2.0.0
2026-06-04 22:34:22,437 [WARN] PackLoader:240 - Cannot read IP mode file for STMicroelectronics.X-CUBE-IPS.3.1.0
2026-06-04 22:34:22,462 [WARN] PackLoader:240 - Cannot read IP mode file for STMicroelectronics.X-CUBE-ALS.1.0.2
2026-06-04 22:34:22,571 [WARN] PackLoader:240 - Cannot read IP mode file for STMicroelectronics.X-CUBE-MEMS1.10.0.0
2026-06-04 22:34:22,864 [WARN] PackLoader:240 - Cannot read IP mode file for STMicroelectronics.X-CUBE-FREERTOS.1.1.0
2026-06-04 22:34:22,870 [WARN] PackLoader:240 - Cannot read IP mode file for STMicroelectronics.X-CUBE-TOUCHGFX.4.24.0
2026-06-04 22:34:22,876 [WARN] PackLoader:240 - Cannot read IP mode file for STMicroelectronics.X-CUBE-TOUCHGFX.4.24.1
2026-06-04 22:34:22,886 [WARN] PackLoader:240 - Cannot read IP mode file for STMicroelectronics.X-CUBE-STSE01.1.0.0
2026-06-04 22:34:22,900 [WARN] PackLoader:240 - Cannot read IP mode file for portGmbH.I-Cube-SoM-uGOAL.1.1.0
2026-06-04 22:34:22,906 [WARN] PackLoader:240 - Cannot read IP mode file for STMicroelectronics.X-CUBE-ALS.1.0.1
2026-06-04 22:34:22,936 [WARN] PackLoader:240 - Cannot read IP mode file for STMicroelectronics.X-CUBE-AZRTOS-H7RS.1.0.0
2026-06-04 22:34:22,946 [WARN] PackLoader:240 - Cannot read IP mode file for STMicroelectronics.FP-ATR-ASTRA1.2.0.0
2026-06-04 22:34:22,980 [WARN] PackLoader:240 - Cannot read IP mode file for STMicroelectronics.X-CUBE-TOF1.3.4.2
2026-06-04 22:34:23,017 [WARN] PackLoader:240 - Cannot read IP mode file for STMicroelectronics.X-CUBE-TOF1.3.4.3
2026-06-04 22:34:23,061 [WARN] PackLoader:240 - Cannot read IP mode file for STMicroelectronics.X-CUBE-TOF1.3.4.0
2026-06-04 22:34:23,101 [WARN] PackLoader:240 - Cannot read IP mode file for STMicroelectronics.X-CUBE-TOF1.3.4.1
2026-06-04 22:34:23,189 [WARN] PackLoader:240 - Cannot read IP mode file for STMicroelectronics.X-CUBE-AZRTOS-H7.3.2.0
2026-06-04 22:34:23,212 [WARN] PackLoader:240 - Cannot read IP mode file for wolfSSL.I-CUBE-wolfSSH.1.4.17
2026-06-04 22:34:23,213 [INFO] ThirdParty:978 - Integrity check success = true
2026-06-04 22:34:23,214 [INFO] IntegrityCheckThread:100 - exiting critical section [integrity check]
2026-06-04 22:34:23,214 [INFO] IntegrityCheckThread:103 - End integrity checks thread
2026-06-04 22:34:25,805 [INFO] WebApp:191 - Connection restablished
2026-06-04 23:07:32,388 [INFO] WebApp:194 - Connection lost
2026-06-04 23:07:39,119 [INFO] WebApp:191 - Connection restablished
