2026-06-12 14:00:57,636 [INFO] Activator:176 - 


2026-06-12 14:00:57,643 [INFO] Activator:177 - !SESSION log4j initialized
2026-06-12 14:01:07,662 [INFO] LogOutputStream:77 - [STDOUT_REDIRECT] 
2026-06-12 14:01:08,736 [INFO] ApplicationProperties:184 - Using Application install path: C:\ST\STM32CubeIDE_1.18.1\STM32CubeIDE\plugins\com.st.stm32cube.common.mx_6.14.1.202504091515
2026-06-12 14:01:08,758 [INFO] DbMcusXml:78 - Set database path to: C:\ST\STM32CubeIDE_1.18.1\STM32CubeIDE\plugins\com.st.stm32cube.common.mx_6.14.1.202504091515\\db\/mcu/
2026-06-12 14:01:08,758 [INFO] ApiDb:274 - Set plugin database path to: C:\ST\STM32CubeIDE_1.18.1\STM32CubeIDE\plugins\com.st.stm32cube.common.mx_6.14.1.202504091515\\db\/plugins/boardmanager/
2026-06-12 14:01:08,759 [WARN] ApiDb:259 - Overriding images path with different value:  => C:\ST\STM32CubeIDE_1.18.1\STM32CubeIDE\plugins\com.st.stm32cube.common.mx_6.14.1.202504091515\\db\/plugins/mcufinder/images/
2026-06-12 14:01:08,771 [INFO] ApiDb:250 - Set database path to: C:\Users\furkan\.stmcufinder\plugins\mcufinder//mcu/
2026-06-12 14:01:08,773 [INFO] DbMcusAds:125 - Set database path to: C:\Users\furkan\.stmcufinder\plugins\mcufinder//mcu/
2026-06-12 14:01:08,776 [INFO] CrossReferenceDbSqlite:203 - Set database path to: C:\Users\furkan\.stmcufinder\plugins\mcufinder//mcu/cs/
2026-06-12 14:01:08,971 [INFO] RulesReader:64 - Compatibility file has been processed (302 Rules)
2026-06-12 14:01:09,095 [INFO] DbMcusXml:78 - Set database path to: C:\ST\STM32CubeIDE_1.18.1\STM32CubeIDE\plugins\com.st.stm32cube.common.mx_6.14.1.202504091515\\db\/mcu/
2026-06-12 14:01:09,095 [INFO] ApiDb:274 - Set plugin database path to: C:\ST\STM32CubeIDE_1.18.1\STM32CubeIDE\plugins\com.st.stm32cube.common.mx_6.14.1.202504091515\\db\/plugins/boardmanager/
2026-06-12 14:01:09,096 [INFO] ApiDb:261 - Set plugin images path to: C:\ST\STM32CubeIDE_1.18.1\STM32CubeIDE\plugins\com.st.stm32cube.common.mx_6.14.1.202504091515\\db\/plugins/mcufinder/images/
2026-06-12 14:01:09,096 [WARN] DbFile:41 - Overriding database path with different value: C:\Users\furkan\.stmcufinder\plugins\mcufinder/ => C:\Users\furkan\.stmcufinder\plugins\mcufinder
2026-06-12 14:01:09,096 [INFO] ApiDb:250 - Set database path to: C:\Users\furkan\.stmcufinder\plugins\mcufinder//mcu/
2026-06-12 14:01:09,096 [WARN] DbFile:41 - Overriding database path with different value: C:\Users\furkan\.stmcufinder\plugins\mcufinder/ => C:\Users\furkan\.stmcufinder\plugins\mcufinder
2026-06-12 14:01:09,096 [INFO] DbMcusAds:125 - Set database path to: C:\Users\furkan\.stmcufinder\plugins\mcufinder//mcu/
2026-06-12 14:01:09,096 [WARN] DbFile:41 - Overriding database path with different value: C:\Users\furkan\.stmcufinder\plugins\mcufinder/ => C:\Users\furkan\.stmcufinder\plugins\mcufinder
2026-06-12 14:01:09,096 [WARN] DbFile:41 - Overriding database path with different value: C:\Users\furkan\.stmcufinder\plugins\mcufinder/ => C:\Users\furkan\.stmcufinder\plugins\mcufinder
2026-06-12 14:01:09,097 [INFO] CrossReferenceDbSqlite:203 - Set database path to: C:\Users\furkan\.stmcufinder\plugins\mcufinder//mcu/cs/
2026-06-12 14:01:09,197 [INFO] MainPanel:272 - HeapMemory: 268435456
2026-06-12 14:01:09,312 [INFO] DbMcusXml:78 - Set database path to: C:\ST\STM32CubeIDE_1.18.1\STM32CubeIDE\plugins\com.st.stm32cube.common.mx_6.14.1.202504091515\\db\/mcu/
2026-06-12 14:01:09,312 [INFO] ApiDb:274 - Set plugin database path to: C:\ST\STM32CubeIDE_1.18.1\STM32CubeIDE\plugins\com.st.stm32cube.common.mx_6.14.1.202504091515\\db\/plugins/boardmanager/
2026-06-12 14:01:09,312 [INFO] ApiDb:261 - Set plugin images path to: C:\ST\STM32CubeIDE_1.18.1\STM32CubeIDE\plugins\com.st.stm32cube.common.mx_6.14.1.202504091515\\db\/plugins/mcufinder/images/
2026-06-12 14:01:09,312 [WARN] DbFile:41 - Overriding database path with different value: C:\Users\furkan\.stmcufinder\plugins\mcufinder/ => C:\Users\furkan\.stmcufinder\plugins\mcufinder
2026-06-12 14:01:09,312 [INFO] ApiDb:250 - Set database path to: C:\Users\furkan\.stmcufinder\plugins\mcufinder//mcu/
2026-06-12 14:01:09,312 [WARN] DbFile:41 - Overriding database path with different value: C:\Users\furkan\.stmcufinder\plugins\mcufinder/ => C:\Users\furkan\.stmcufinder\plugins\mcufinder
2026-06-12 14:01:09,313 [INFO] DbMcusAds:125 - Set database path to: C:\Users\furkan\.stmcufinder\plugins\mcufinder//mcu/
2026-06-12 14:01:09,313 [WARN] DbFile:41 - Overriding database path with different value: C:\Users\furkan\.stmcufinder\plugins\mcufinder/ => C:\Users\furkan\.stmcufinder\plugins\mcufinder
2026-06-12 14:01:09,313 [WARN] DbFile:41 - Overriding database path with different value: C:\Users\furkan\.stmcufinder\plugins\mcufinder/ => C:\Users\furkan\.stmcufinder\plugins\mcufinder
2026-06-12 14:01:09,313 [INFO] CrossReferenceDbSqlite:203 - Set database path to: C:\Users\furkan\.stmcufinder\plugins\mcufinder//mcu/cs/
2026-06-12 14:01:09,334 [INFO] ApplicationProperties:184 - Using Application install path: C:\ST\STM32CubeIDE_1.18.1\STM32CubeIDE\plugins\com.st.stm32cube.common.mx_6.14.1.202504091515
2026-06-12 14:01:09,335 [INFO] PluginManage:196 - Search for loadable plugins [exclusion list=, ]
2026-06-12 14:01:09,337 [INFO] PluginManage:310 - Check plugin analytics
2026-06-12 14:01:09,559 [INFO] AnalyticsPlugin:253 - Accepted Software Licenses: 
2026-06-12 14:01:09,559 [INFO] AnalyticsPlugin:255 - Accepted CMSIS Pack Licenses: 
2026-06-12 14:01:09,559 [INFO] AnalyticsPlugin:257 - Accepted Firmware Licenses: FW.F4.1.28.0,FW.F7.1.17.0
2026-06-12 14:01:09,562 [INFO] PluginManage:359 - Loaded plugin analytics (category:tool,tabindex:-1)
2026-06-12 14:01:09,564 [INFO] PluginManage:310 - Check plugin cadmodel
2026-06-12 14:01:09,571 [INFO] CADModel:105 - Init CAD model plugin
2026-06-12 14:01:09,571 [INFO] PluginManage:359 - Loaded plugin cadmodel (category:power,tabindex:5)
2026-06-12 14:01:09,571 [INFO] PluginManage:310 - Check plugin clock
2026-06-12 14:01:09,585 [INFO] PluginManage:359 - Loaded plugin clock (category:base,tabindex:2)
2026-06-12 14:01:09,585 [INFO] PluginManage:310 - Check plugin ddr
2026-06-12 14:01:09,588 [INFO] PluginManage:359 - Loaded plugin ddr (category:tool,tabindex:6)
2026-06-12 14:01:09,588 [INFO] PluginManage:310 - Check plugin filemanager
2026-06-12 14:01:09,798 [INFO] PluginManage:359 - Loaded plugin filemanager (category:base,tabindex:10)
2026-06-12 14:01:09,798 [INFO] PluginManage:310 - Check plugin ipmanager
2026-06-12 14:01:09,808 [INFO] PluginManage:359 - Loaded plugin ipmanager (category:base,tabindex:5)
2026-06-12 14:01:09,808 [INFO] PluginManage:310 - Check plugin lpbam
2026-06-12 14:01:09,819 [INFO] PluginManage:359 - Loaded plugin lpbam (category:base,tabindex:0)
2026-06-12 14:01:09,820 [INFO] PluginManage:310 - Check plugin memorymap
2026-06-12 14:01:09,839 [INFO] PluginManage:359 - Loaded plugin memorymap (category:base,tabindex:4)
2026-06-12 14:01:09,839 [INFO] PluginManage:310 - Check plugin pinoutandconfiguration
2026-06-12 14:01:09,852 [INFO] PluginManage:359 - Loaded plugin pinoutandconfiguration (category:base,tabindex:1)
2026-06-12 14:01:09,852 [INFO] PluginManage:310 - Check plugin pinoutconfig
2026-06-12 14:01:09,985 [WARN] SupportedApi:132 - Cannot load RTOS API schema: s4s-elt-must-match.1: The content of 'definitions' must match (annotation?, (simpleType | complexType)?, (unique | key | keyref)*)). A problem was found starting at: attribute.
2026-06-12 14:01:10,197 [INFO] PluginManage:359 - Loaded plugin pinoutconfig (category:base,tabindex:0)
2026-06-12 14:01:10,197 [INFO] PluginManage:310 - Check plugin power
2026-06-12 14:01:10,211 [INFO] PluginManage:359 - Loaded plugin power (category:power,tabindex:4)
2026-06-12 14:01:10,212 [INFO] PluginManage:310 - Check plugin projectmanager
2026-06-12 14:01:10,239 [INFO] PluginManage:359 - Loaded plugin projectmanager (category:projectmanager,tabindex:4)
2026-06-12 14:01:10,240 [INFO] PluginManage:310 - Check plugin rif
2026-06-12 14:01:10,253 [INFO] PluginManage:359 - Loaded plugin rif (category:base,tabindex:3)
2026-06-12 14:01:10,253 [INFO] PluginManage:310 - Check plugin thirdparty
2026-06-12 14:01:10,471 [INFO] PluginManage:359 - Loaded plugin thirdparty (category:base,tabindex:-1)
2026-06-12 14:01:10,471 [WARN] IntegrityCheckThread:84 - waiting for thirdparty lock release [integrity check]
2026-06-12 14:01:10,472 [INFO] PluginManage:310 - Check plugin tools
2026-06-12 14:01:10,472 [INFO] IntegrityCheckThread:86 - entering critical section [integrity check]
2026-06-12 14:01:10,473 [INFO] ThirdPartyUpdaterWithRetryManager:70 - Updater plugin not ready yet. [1/15]
2026-06-12 14:01:10,476 [INFO] PluginManage:359 - Loaded plugin tools (category:base,tabindex:7)
2026-06-12 14:01:10,476 [INFO] PluginManage:310 - Check plugin tutovideos
2026-06-12 14:01:10,673 [INFO] PluginManage:359 - Loaded plugin tutovideos (category:base,tabindex:-1)
2026-06-12 14:01:10,673 [INFO] PluginManage:310 - Check plugin updater
2026-06-12 14:01:10,696 [INFO] PluginManage:359 - Loaded plugin updater (category:base,tabindex:12)
2026-06-12 14:01:10,697 [INFO] PluginManage:310 - Check plugin userauth
2026-06-12 14:01:10,702 [INFO] UserAuth:118 - Init User Auth plugin
2026-06-12 14:01:10,703 [INFO] PluginManage:359 - Loaded plugin userauth (category:base,tabindex:14)
2026-06-12 14:01:10,703 [INFO] PluginManage:283 - PluginManage : Loaded plugins [18]
2026-06-12 14:01:10,959 [INFO] PinOutPanel:1589 - setPackage(No Configuration,No Configuration)
2026-06-12 14:01:11,058 [INFO] CADModel:165 - CPN selected for project level
2026-06-12 14:01:11,059 [INFO] CADModel:114 - Register for checkConnection events
2026-06-12 14:01:11,082 [INFO] IPUIPlugin:80 - create IPUIPlugin
2026-06-12 14:01:11,082 [INFO] PluginManager:220 - loadIPPluginJar : add adc
2026-06-12 14:01:11,085 [INFO] IPUIPlugin:80 - create IPUIPlugin
2026-06-12 14:01:11,086 [INFO] PluginManager:220 - loadIPPluginJar : add aes
2026-06-12 14:01:11,089 [INFO] IPUIPlugin:80 - create IPUIPlugin
2026-06-12 14:01:11,090 [INFO] PluginManager:220 - loadIPPluginJar : add can
2026-06-12 14:01:11,092 [INFO] IPUIPlugin:80 - create IPUIPlugin
2026-06-12 14:01:11,092 [INFO] PluginManager:220 - loadIPPluginJar : add comp
2026-06-12 14:01:11,096 [INFO] IPUIPlugin:80 - create IPUIPlugin
2026-06-12 14:01:11,096 [INFO] PluginManager:220 - loadIPPluginJar : add cryp
2026-06-12 14:01:11,099 [INFO] IPUIPlugin:80 - create IPUIPlugin
2026-06-12 14:01:11,099 [INFO] PluginManager:220 - loadIPPluginJar : add ddr_ctrl_phy
2026-06-12 14:01:11,104 [INFO] IPUIPlugin:80 - create IPUIPlugin
2026-06-12 14:01:11,104 [INFO] PluginManager:220 - loadIPPluginJar : add dfsdm
2026-06-12 14:01:11,110 [INFO] IPUIPlugin:80 - create IPUIPlugin
2026-06-12 14:01:11,110 [INFO] PluginManager:220 - loadIPPluginJar : add dma
2026-06-12 14:01:11,114 [INFO] IPUIPlugin:80 - create IPUIPlugin
2026-06-12 14:01:11,114 [INFO] PluginManager:220 - loadIPPluginJar : add dma3
2026-06-12 14:01:11,117 [INFO] IPUIPlugin:80 - create IPUIPlugin
2026-06-12 14:01:11,117 [INFO] PluginManager:220 - loadIPPluginJar : add extmemmanager
2026-06-12 14:01:11,120 [INFO] IPUIPlugin:80 - create IPUIPlugin
2026-06-12 14:01:11,120 [INFO] PluginManager:220 - loadIPPluginJar : add fatfs
2026-06-12 14:01:11,126 [INFO] IPUIPlugin:80 - create IPUIPlugin
2026-06-12 14:01:11,126 [INFO] PluginManager:220 - loadIPPluginJar : add fmc
2026-06-12 14:01:11,133 [INFO] IPUIPlugin:80 - create IPUIPlugin
2026-06-12 14:01:11,134 [INFO] PluginManager:220 - loadIPPluginJar : add freertos
2026-06-12 14:01:11,136 [INFO] IPUIPlugin:80 - create IPUIPlugin
2026-06-12 14:01:11,136 [INFO] PluginManager:220 - loadIPPluginJar : add genericplugin
2026-06-12 14:01:11,139 [INFO] IPUIPlugin:80 - create IPUIPlugin
2026-06-12 14:01:11,139 [INFO] PluginManager:220 - loadIPPluginJar : add gfxmmu
2026-06-12 14:01:11,145 [INFO] IPUIPlugin:80 - create IPUIPlugin
2026-06-12 14:01:11,145 [INFO] PluginManager:220 - loadIPPluginJar : add gic
2026-06-12 14:01:11,150 [INFO] IPUIPlugin:80 - create IPUIPlugin
2026-06-12 14:01:11,151 [INFO] PluginManager:220 - loadIPPluginJar : add gpio
2026-06-12 14:01:11,154 [INFO] IPUIPlugin:80 - create IPUIPlugin
2026-06-12 14:01:11,155 [INFO] PluginManager:220 - loadIPPluginJar : add gtzc
2026-06-12 14:01:11,158 [INFO] IPUIPlugin:80 - create IPUIPlugin
2026-06-12 14:01:11,158 [INFO] PluginManager:220 - loadIPPluginJar : add hash
2026-06-12 14:01:11,162 [INFO] IPUIPlugin:80 - create IPUIPlugin
2026-06-12 14:01:11,162 [INFO] PluginManager:220 - loadIPPluginJar : add i2c
2026-06-12 14:01:11,165 [INFO] IPUIPlugin:80 - create IPUIPlugin
2026-06-12 14:01:11,165 [INFO] PluginManager:220 - loadIPPluginJar : add i2s
2026-06-12 14:01:11,169 [INFO] IPUIPlugin:80 - create IPUIPlugin
2026-06-12 14:01:11,169 [INFO] PluginManager:220 - loadIPPluginJar : add i3c
2026-06-12 14:01:11,174 [INFO] IPUIPlugin:80 - create IPUIPlugin
2026-06-12 14:01:11,174 [INFO] PluginManager:220 - loadIPPluginJar : add ipddr
2026-06-12 14:01:11,183 [INFO] IPUIPlugin:80 - create IPUIPlugin
2026-06-12 14:01:11,183 [INFO] PluginManager:220 - loadIPPluginJar : add linkedlist
2026-06-12 14:01:11,187 [INFO] IPUIPlugin:80 - create IPUIPlugin
2026-06-12 14:01:11,187 [INFO] PluginManager:220 - loadIPPluginJar : add lorawan
2026-06-12 14:01:11,190 [INFO] IPUIPlugin:80 - create IPUIPlugin
2026-06-12 14:01:11,190 [INFO] PluginManager:220 - loadIPPluginJar : add ltdc
2026-06-12 14:01:11,196 [INFO] IPUIPlugin:80 - create IPUIPlugin
2026-06-12 14:01:11,196 [INFO] PluginManager:220 - loadIPPluginJar : add mdma
2026-06-12 14:01:11,201 [INFO] IPUIPlugin:80 - create IPUIPlugin
2026-06-12 14:01:11,201 [INFO] PluginManager:220 - loadIPPluginJar : add nvic
2026-06-12 14:01:11,206 [INFO] IPUIPlugin:80 - create IPUIPlugin
2026-06-12 14:01:11,206 [INFO] PluginManager:220 - loadIPPluginJar : add opamp
2026-06-12 14:01:11,210 [INFO] IPUIPlugin:80 - create IPUIPlugin
2026-06-12 14:01:11,210 [INFO] PluginManager:220 - loadIPPluginJar : add openamp
2026-06-12 14:01:11,214 [INFO] IPUIPlugin:80 - create IPUIPlugin
2026-06-12 14:01:11,214 [INFO] PluginManager:220 - loadIPPluginJar : add pdm2pcm
2026-06-12 14:01:11,221 [INFO] IPUIPlugin:80 - create IPUIPlugin
2026-06-12 14:01:11,224 [INFO] PluginManager:220 - loadIPPluginJar : add plateformsettings
2026-06-12 14:01:11,226 [INFO] IPUIPlugin:80 - create IPUIPlugin
2026-06-12 14:01:11,227 [INFO] PluginManager:220 - loadIPPluginJar : add quadspi
2026-06-12 14:01:11,229 [INFO] IPUIPlugin:80 - create IPUIPlugin
2026-06-12 14:01:11,230 [INFO] PluginManager:220 - loadIPPluginJar : add radio
2026-06-12 14:01:11,234 [INFO] IPUIPlugin:80 - create IPUIPlugin
2026-06-12 14:01:11,234 [INFO] PluginManager:220 - loadIPPluginJar : add resmgrutility
2026-06-12 14:01:11,238 [INFO] IPUIPlugin:80 - create IPUIPlugin
2026-06-12 14:01:11,238 [INFO] PluginManager:220 - loadIPPluginJar : add sai
2026-06-12 14:01:11,242 [INFO] IPUIPlugin:80 - create IPUIPlugin
2026-06-12 14:01:11,242 [INFO] PluginManager:220 - loadIPPluginJar : add spi
2026-06-12 14:01:11,250 [INFO] IPUIPlugin:80 - create IPUIPlugin
2026-06-12 14:01:11,250 [INFO] PluginManager:220 - loadIPPluginJar : add stm32_wpan
2026-06-12 14:01:11,252 [INFO] IPUIPlugin:80 - create IPUIPlugin
2026-06-12 14:01:11,253 [INFO] PluginManager:220 - loadIPPluginJar : add tim
2026-06-12 14:01:11,256 [INFO] IPUIPlugin:80 - create IPUIPlugin
2026-06-12 14:01:11,257 [INFO] PluginManager:220 - loadIPPluginJar : add touchsensing
2026-06-12 14:01:11,259 [INFO] IPUIPlugin:80 - create IPUIPlugin
2026-06-12 14:01:11,259 [INFO] PluginManager:220 - loadIPPluginJar : add tracer_emb
2026-06-12 14:01:11,263 [INFO] IPUIPlugin:80 - create IPUIPlugin
2026-06-12 14:01:11,263 [INFO] PluginManager:220 - loadIPPluginJar : add ts
2026-06-12 14:01:11,265 [INFO] IPUIPlugin:80 - create IPUIPlugin
2026-06-12 14:01:11,265 [INFO] PluginManager:220 - loadIPPluginJar : add tsc
2026-06-12 14:01:11,268 [INFO] IPUIPlugin:80 - create IPUIPlugin
2026-06-12 14:01:11,268 [INFO] PluginManager:220 - loadIPPluginJar : add ucpd
2026-06-12 14:01:11,271 [INFO] IPUIPlugin:80 - create IPUIPlugin
2026-06-12 14:01:11,271 [INFO] PluginManager:220 - loadIPPluginJar : add usart
2026-06-12 14:01:11,275 [INFO] IPUIPlugin:80 - create IPUIPlugin
2026-06-12 14:01:11,276 [INFO] PluginManager:220 - loadIPPluginJar : add usbx
2026-06-12 14:01:11,416 [FATAL] Updater:351 - Updater called before beeing initialized
2026-06-12 14:01:11,475 [INFO] RulesReader:64 - Compatibility file has been processed (302 Rules)
2026-06-12 14:01:11,487 [INFO] RulesReader:64 - Compatibility file has been processed (302 Rules)
2026-06-12 14:01:11,495 [INFO] CADModel:165 - CPN selected for project level
2026-06-12 14:01:11,495 [INFO] CADModel:114 - Register for checkConnection events
2026-06-12 14:01:11,495 [FATAL] Updater:351 - Updater called before beeing initialized
2026-06-12 14:01:11,495 [ERROR] CADModel:125 - Updater not yet initialized, retry later 
2026-06-12 14:01:11,656 [FATAL] Updater:351 - Updater called before beeing initialized
2026-06-12 14:01:11,658 [INFO] CADModel:165 - CPN selected for project level
2026-06-12 14:01:11,658 [INFO] CADModel:114 - Register for checkConnection events
2026-06-12 14:01:11,658 [FATAL] Updater:351 - Updater called before beeing initialized
2026-06-12 14:01:11,658 [ERROR] CADModel:125 - Updater not yet initialized, retry later 
2026-06-12 14:01:11,662 [FATAL] Updater:351 - Updater called before beeing initialized
2026-06-12 14:01:11,782 [FATAL] Updater:351 - Updater called before beeing initialized
2026-06-12 14:01:11,786 [INFO] DbMcusAds:53 - JSON generation date=Thu May 28 19:08:17 TRT 2026 (1779984497073)
2026-06-12 14:01:11,786 [FATAL] Updater:351 - Updater called before beeing initialized
2026-06-12 14:01:11,836 [WARN] DetailPanel:346 - Failed to get advertising image, set to default
2026-06-12 14:01:12,128 [FATAL] Updater:351 - Updater called before beeing initialized
2026-06-12 14:01:12,130 [FATAL] Updater:351 - Updater called before beeing initialized
2026-06-12 14:01:12,130 [FATAL] Updater:351 - Updater called before beeing initialized
2026-06-12 14:01:12,130 [WARN] DetailPanel:346 - Failed to get advertising image, set to default
2026-06-12 14:01:12,131 [FATAL] Updater:351 - Updater called before beeing initialized
2026-06-12 14:01:12,179 [ERROR] Updater:1198 - MainUpdater not yet initialized. External WinMGr cannot be set.
2026-06-12 14:01:12,181 [INFO] Updater:1134 - Updater Version found : 6.14.1
2026-06-12 14:01:12,202 [INFO] ApplicationProperties:184 - Using Application install path: C:\ST\STM32CubeIDE_1.18.1\STM32CubeIDE\plugins\com.st.stm32cube.common.mx_6.14.1.202504091515
2026-06-12 14:01:13,473 [INFO] ThirdPartyUpdaterWithRetryManager:70 - Updater plugin not ready yet. [2/15]
2026-06-12 14:01:13,784 [ERROR] LogOutputStream:75 - [STDERR_REDIRECT] Jun 12, 2026 2:01:13 PM java.util.prefs.WindowsPreferences <init>
2026-06-12 14:01:13,787 [ERROR] LogOutputStream:75 - [STDERR_REDIRECT] WARNING: Could not open/create prefs root node Software\JavaSoft\Prefs at root 0xffffffff80000002. Windows RegCreateKeyEx(...) returned error code 5.
2026-06-12 14:01:13,789 [ERROR] LogOutputStream:75 - [STDERR_REDIRECT] 
2026-06-12 14:01:14,346 [INFO] MainUpdater:2872 - connection check result : 10
2026-06-12 14:01:14,347 [INFO] MainUpdater:289 - Updater Check For Update Now.
2026-06-12 14:01:14,347 [INFO] MicroXplorer:498 - Change Database Version : DB.6.0.141
2026-06-12 14:01:14,353 [INFO] McuFinderGlobals:63 - Set McuFinder mode to 2 (CubeIDE integrated)
2026-06-12 14:01:14,355 [INFO] UserAuth:484 - Internet connection configuration mode: 1
2026-06-12 14:01:14,378 [INFO] JxBrowserEngine:152 - Initiate JxBrowser Engine with user profile folder
2026-06-12 14:01:14,552 [INFO] CheckServerUpdateThread:120 - End of CheckServer Thread
2026-06-12 14:01:15,388 [INFO] WebApp:169 - Instantiating new browser for Auth
2026-06-12 14:01:16,398 [INFO] WebApp:463 - Apply proxy settings
2026-06-12 14:01:16,400 [INFO] WebApp:548 - Chromium requires no authentication
2026-06-12 14:01:16,411 [INFO] WebApp:491 - Direct internet connection detected
2026-06-12 14:01:16,446 [INFO] WebApp:894 - Register for checkConnection events
2026-06-12 14:01:16,446 [INFO] WebApp:463 - Apply proxy settings
2026-06-12 14:01:16,447 [INFO] WebApp:548 - Chromium requires no authentication
2026-06-12 14:01:16,447 [INFO] WebApp:491 - Direct internet connection detected
2026-06-12 14:01:16,732 [INFO] WebApp:225 - Starting web application
2026-06-12 14:01:16,732 [INFO] WebApp:593 - Web application path used C:\ST\STM32CubeIDE_1.18.1\STM32CubeIDE\plugins\com.st.stm32cube.common.mx_6.14.1.202504091515\db\plugins\mcufinder\reactClient1\index.html
2026-06-12 14:01:17,080 [WARN] PackLoader:240 - Cannot read IP mode file for STMicroelectronics.X-CUBE-AZRTOS-H7.3.5.0
2026-06-12 14:01:17,108 [WARN] PackLoader:240 - Cannot read IP mode file for STMicroelectronics.FP-SNS-MOTENVWB1.1.4.0
2026-06-12 14:01:17,121 [WARN] PackLoader:240 - Cannot read IP mode file for STMicroelectronics.FP-ATR-ASTRA1.2.0.2
2026-06-12 14:01:17,129 [WARN] PackLoader:240 - Cannot read IP mode file for STMicroelectronics.FP-ATR-ASTRA1.2.0.1
2026-06-12 14:01:17,140 [ERROR] Engine:466 - C:\Users\furkan\.stm32cubemx\thirdparties\pdsc\STMicroelectronics.X-CUBE-SMBUS.2.1.1.pdsc: PDSC version is not supported
2026-06-12 14:01:17,179 [WARN] PackLoader:240 - Cannot read IP mode file for STMicroelectronics.X-CUBE-SMBUS.2.1.0
2026-06-12 14:01:17,197 [WARN] PackLoader:240 - Cannot read IP mode file for STMicroelectronics.X-CUBE-WB05N.1.1.0
2026-06-12 14:01:17,210 [WARN] PackLoader:240 - Cannot read IP mode file for STMicroelectronics.X-CUBE-ST60.1.0.0
2026-06-12 14:01:17,220 [WARN] PackLoader:240 - Cannot read IP mode file for STMicroelectronics.X-CUBE-TOUCHGFX.4.23.1
2026-06-12 14:01:17,226 [WARN] PackLoader:240 - Cannot read IP mode file for STMicroelectronics.X-CUBE-TOUCHGFX.4.23.0
2026-06-12 14:01:17,230 [WARN] PackLoader:240 - Cannot read IP mode file for STMicroelectronics.X-CUBE-TOUCHGFX.4.23.2
2026-06-12 14:01:17,277 [WARN] PackLoader:240 - Cannot read IP mode file for STMicroelectronics.X-CUBE-AZRTOS-F7.1.1.0
2026-06-12 14:01:17,298 [WARN] PackLoader:240 - Cannot read IP mode file for STMicroelectronics.FP-SNS-MOTENV1.4.3.2
2026-06-12 14:01:17,399 [WARN] PackLoader:240 - Cannot read IP mode file for STMicroelectronics.X-CUBE-MEMS1.11.0.0
2026-06-12 14:01:17,667 [ERROR] Engine:466 - C:\Users\furkan\.stm32cubemx\thirdparties\pdsc\STMicroelectronics.FP-SNS-MOTENV1.5.1.0.pdsc: PDSC version is not supported
2026-06-12 14:01:17,675 [WARN] PackLoader:240 - Cannot read IP mode file for STMicroelectronics.FP-SNS-FLIGHT1.5.0.2
2026-06-12 14:01:17,711 [WARN] PackLoader:240 - Cannot read IP mode file for STMicroelectronics.X-CUBE-AZRTOS-H7.3.4.0
2026-06-12 14:01:17,731 [WARN] PackLoader:240 - Cannot read IP mode file for STMicroelectronics.X-CUBE-DISPLAY.3.0.0
2026-06-12 14:01:17,760 [WARN] PackLoader:240 - Cannot read IP mode file for STMicroelectronics.X-CUBE-GNSS1.7.1.1
2026-06-12 14:01:17,768 [ERROR] Engine:466 - C:\Users\furkan\.stm32cubemx\thirdparties\pdsc\STMicroelectronics.FP-SNS-MOTENVWB1.1.5.0.pdsc: PDSC version is not supported
2026-06-12 14:01:17,776 [WARN] PackLoader:240 - Cannot read IP mode file for STMicroelectronics.X-CUBE-BLE1.7.0.0
2026-06-12 14:01:17,788 [WARN] PackLoader:240 - Cannot read IP mode file for STMicroelectronics.X-CUBE-NFC10.1.0.0
2026-06-12 14:01:17,818 [WARN] PackLoader:240 - Cannot read IP mode file for STMicroelectronics.X-CUBE-BLEMGR.4.0.0
2026-06-12 14:01:17,829 [WARN] PackLoader:240 - Cannot read IP mode file for STMicroelectronics.X-CUBE-ST60.1.1.0
2026-06-12 14:01:17,841 [WARN] PackLoader:240 - Cannot read IP mode file for emotas.I-CUBE-CANOPEN.1.3.0
2026-06-12 14:01:17,849 [WARN] PackLoader:240 - Cannot read IP mode file for STMicroelectronics.X-CUBE-GNSS1.7.1.0
2026-06-12 14:01:17,865 [WARN] PackLoader:240 - Cannot read IP mode file for STMicroelectronics.X-CUBE-BLEMGR.3.1.0
2026-06-12 14:01:17,875 [ERROR] Engine:466 - C:\Users\furkan\.stm32cubemx\thirdparties\pdsc\STMicroelectronics.FP-SNS-STBOX1.2.1.0.pdsc: PDSC version is not supported
2026-06-12 14:01:17,889 [WARN] PackLoader:240 - Cannot read IP mode file for STMicroelectronics.FP-SNS-SMARTAG2.1.2.0
2026-06-12 14:01:17,901 [WARN] PackLoader:240 - Cannot read IP mode file for STMicroelectronics.FP-SNS-FLIGHT1.5.1.0
2026-06-12 14:01:18,013 [WARN] PackLoader:240 - Cannot read IP mode file for STMicroelectronics.X-CUBE-MEMS1.11.1.0
2026-06-12 14:01:18,281 [INFO] LogOutputStream:77 - [STDOUT_REDIRECT] 1 : Invalid condition id : UX_CORESTACK_Condition cause : null
2026-06-12 14:01:18,282 [INFO] LogOutputStream:77 - [STDOUT_REDIRECT] 1 : Invalid condition id : UX_CORESTACK_Condition cause : null
2026-06-12 14:01:18,286 [INFO] LogOutputStream:77 - [STDOUT_REDIRECT] 1 : Invalid condition id : UX_CORESTACK_Condition cause : null
2026-06-12 14:01:18,289 [INFO] LogOutputStream:77 - [STDOUT_REDIRECT] 1 : Invalid condition id : UX_CORESTACK_Condition cause : null
2026-06-12 14:01:18,294 [INFO] LogOutputStream:77 - [STDOUT_REDIRECT] 1 : Invalid condition id : UX_CORESTACK_Condition cause : null
2026-06-12 14:01:18,300 [WARN] PackLoader:240 - Cannot read IP mode file for STMicroelectronics.X-CUBE-AZRTOS-WL.2.0.0
2026-06-12 14:01:18,309 [WARN] PackLoader:240 - Cannot read IP mode file for STMicroelectronics.FP-SNS-MOTENV1.5.0.0
2026-06-12 14:01:18,337 [INFO] WebApp:191 - Connection restablished
2026-06-12 14:01:18,346 [WARN] PackLoader:240 - Cannot read IP mode file for STMicroelectronics.X-CUBE-AZRTOS-H7RS.1.2.0
2026-06-12 14:01:18,346 [INFO] UserAuth:484 - Internet connection configuration mode: 1
2026-06-12 14:01:18,361 [WARN] PackLoader:240 - Cannot read IP mode file for wolfSSL.I-CUBE-wolfMQTT.1.19.0
2026-06-12 14:01:18,378 [WARN] PackLoader:240 - Cannot read IP mode file for WES.I-CUBE-Cesium.1.3.0
2026-06-12 14:01:18,388 [WARN] PackLoader:240 - Cannot read IP mode file for STMicroelectronics.X-CUBE-BLE2.3.3.0
2026-06-12 14:01:18,429 [WARN] PackLoader:240 - Cannot read IP mode file for STMicroelectronics.X-CUBE-NFC9.1.0.0
2026-06-12 14:01:18,440 [WARN] PackLoader:240 - Cannot read IP mode file for STMicroelectronics.X-CUBE-BLE1.7.1.0
2026-06-12 14:01:18,453 [WARN] PackLoader:240 - Cannot read IP mode file for STMicroelectronics.X-CUBE-TCPP.4.1.0
2026-06-12 14:01:18,459 [ERROR] Engine:466 - C:\Users\furkan\.stm32cubemx\thirdparties\pdsc\STMicroelectronics.X-CUBE-FREERTOS.1.4.0.pdsc: PDSC version is not supported
2026-06-12 14:01:18,472 [WARN] PackLoader:240 - Cannot read IP mode file for STMicroelectronics.X-CUBE-EEPRMA1.5.2.0
2026-06-12 14:01:18,481 [ERROR] Engine:466 - C:\Users\furkan\.stm32cubemx\thirdparties\pdsc\STMicroelectronics.X-CUBE-ST67W61.1.1.0.pdsc: PDSC version is not supported
2026-06-12 14:01:18,507 [WARN] PackLoader:240 - Cannot read IP mode file for STMicroelectronics.X-CUBE-AI.10.1.0
2026-06-12 14:01:18,518 [ERROR] Engine:466 - C:\Users\furkan\.stm32cubemx\thirdparties\pdsc\STMicroelectronics.FP-SNS-STAIOTCFT.1.1.0.pdsc: PDSC version is not supported
2026-06-12 14:01:18,629 [WARN] PackLoader:240 - Cannot read IP mode file for STMicroelectronics.X-CUBE-MEMS1.12.0.0
2026-06-12 14:01:18,922 [WARN] PackLoader:240 - Cannot read IP mode file for STMicroelectronics.X-CUBE-ALGOBUILD.1.3.0
2026-06-12 14:01:18,952 [WARN] PackLoader:240 - Cannot read IP mode file for STMicroelectronics.X-CUBE-AZRTOS-G0.1.1.0
2026-06-12 14:01:18,967 [WARN] PackLoader:240 - Cannot read IP mode file for STMicroelectronics.X-CUBE-SAFEA1.1.2.2
2026-06-12 14:01:18,977 [WARN] PackLoader:240 - Cannot read IP mode file for STMicroelectronics.X-CUBE-NFC4.3.0.0
2026-06-12 14:01:18,996 [WARN] PackLoader:240 - Cannot read IP mode file for EmbeddedOffice.I-CUBE-FS-RTOS.1.0.1
2026-06-12 14:01:19,004 [WARN] PackLoader:240 - Cannot read IP mode file for STMicroelectronics.X-CUBE-WB05N.2.0.0
2026-06-12 14:01:19,020 [WARN] PackLoader:240 - Cannot read IP mode file for STMicroelectronics.X-CUBE-BLEMGR.3.0.0
2026-06-12 14:01:19,083 [WARN] PackLoader:240 - Cannot read IP mode file for STMicroelectronics.X-CUBE-TCPP.4.2.0
2026-06-12 14:01:19,096 [WARN] PackLoader:240 - Cannot read IP mode file for RealThread.X-CUBE-RT-Thread_Nano.4.1.1
2026-06-12 14:01:19,104 [WARN] PackLoader:240 - Cannot read IP mode file for STMicroelectronics.FP-ATR-SIGFOX1.3.2.0
2026-06-12 14:01:19,113 [WARN] ConditionMgr:438 - getConditionDescription Invalid condition id : Cortex-A Device cause : null
2026-06-12 14:01:19,130 [WARN] ConditionMgr:1044 - genDependencies : Invalid condition id : Cortex-A Device cause : null
2026-06-12 14:01:19,131 [WARN] ConditionMgr:1044 - genDependencies : Invalid condition id : Cortex-A Device cause : null
2026-06-12 14:01:19,131 [WARN] ConditionMgr:1044 - genDependencies : Invalid condition id : Cortex-A Device cause : null
2026-06-12 14:01:19,141 [WARN] PackLoader:240 - Cannot read IP mode file for STMicroelectronics.X-CUBE-EEPRMA1.5.1.0
2026-06-12 14:01:19,147 [ERROR] Engine:466 - C:\Users\furkan\.stm32cubemx\thirdparties\pdsc\STMicroelectronics.X-CUBE-FREERTOS.1.5.0.pdsc: PDSC version is not supported
2026-06-12 14:01:19,164 [WARN] PackLoader:240 - Cannot read IP mode file for STMicroelectronics.X-CUBE-NFC6.3.2.0
2026-06-12 14:01:19,180 [WARN] PackLoader:240 - Cannot read IP mode file for STMicroelectronics.X-CUBE-ST67W61.1.0.0
2026-06-12 14:01:19,188 [WARN] PackLoader:240 - Cannot read IP mode file for STMicroelectronics.X-CUBE-AI.10.2.0
2026-06-12 14:01:19,274 [WARN] PackLoader:240 - Cannot read IP mode file for STMicroelectronics.X-CUBE-MEMS1.12.1.0
2026-06-12 14:01:19,563 [WARN] PackLoader:240 - Cannot read IP mode file for SEGGER.I-CUBE-embOS.1.3.1
2026-06-12 14:01:19,652 [WARN] PackLoader:240 - Cannot read IP mode file for STMicroelectronics.X-CUBE-ALGOBUILD.1.4.0
2026-06-12 14:01:19,743 [WARN] PackLoader:240 - Cannot read IP mode file for STMicroelectronics.X-CUBE-MEMS1.11.3.0
2026-06-12 14:01:19,998 [WARN] PackLoader:240 - Cannot read IP mode file for STMicroelectronics.X-CUBE-AI.9.1.0
2026-06-12 14:01:20,007 [WARN] PackLoader:240 - Cannot read IP mode file for STMicroelectronics.X-CUBE-PM33A1.1.0.0
2026-06-12 14:01:20,016 [WARN] PackLoader:240 - Cannot read IP mode file for STMicroelectronics.X-CUBE-GNSS1.6.0.0
2026-06-12 14:01:20,047 [WARN] PackLoader:240 - Cannot read IP mode file for STMicroelectronics.X-CUBE-AZRTOS-F4.1.1.0
2026-06-12 14:01:20,060 [WARN] PackLoader:240 - Cannot read IP mode file for Avnet-IotConnect.X-CUBE-IoTC-DA16k-PMOD.1.0.0
2026-06-12 14:01:20,068 [WARN] PackLoader:240 - Cannot read IP mode file for STMicroelectronics.X-CUBE-ISPU.2.1.0
2026-06-12 14:01:20,079 [ERROR] Engine:466 - C:\Users\furkan\.stm32cubemx\thirdparties\pdsc\STMicroelectronics.X-CUBE-IPS.3.2.0.pdsc: PDSC version is not supported
2026-06-12 14:01:20,086 [WARN] PackLoader:240 - Cannot read IP mode file for STMicroelectronics.eDS-WB_DPC_TT-BIDIR.2.1.1
2026-06-12 14:01:20,095 [WARN] PackLoader:240 - Cannot read IP mode file for STMicroelectronics.X-CUBE-FREERTOS.1.2.0
2026-06-12 14:01:20,103 [WARN] PackLoader:240 - Cannot read IP mode file for wolfSSL.I-CUBE-wolfSSL.5.6.6
2026-06-12 14:01:20,115 [WARN] PackLoader:240 - Cannot read IP mode file for STMicroelectronics.X-CUBE-NFC12.1.0.0
2026-06-12 14:01:20,148 [WARN] PackLoader:240 - Cannot read IP mode file for STMicroelectronics.X-CUBE-AZRTOS-L5.2.0.0
2026-06-12 14:01:20,162 [WARN] PackLoader:240 - Cannot read IP mode file for STMicroelectronics.X-CUBE-NFC6.3.1.0
2026-06-12 14:01:20,177 [WARN] PackLoader:240 - Cannot read IP mode file for ITTIA_DB.I-CUBE-ITTIADB.8.8.0
2026-06-12 14:01:20,187 [WARN] PackLoader:240 - Cannot read IP mode file for STMicroelectronics.X-CUBE-ALGOBUILD.1.5.0
2026-06-12 14:01:20,200 [WARN] PackLoader:240 - Cannot read IP mode file for STMicroelectronics.X-CUBE-DPower.1.2.0
2026-06-12 14:01:20,207 [WARN] PackLoader:240 - Cannot read IP mode file for STMicroelectronics.eDS-WB_DPC_VIENNA.1.2.0
2026-06-12 14:01:20,214 [WARN] PackLoader:240 - Cannot read IP mode file for STMicroelectronics.eDS-WB_DPC_3PH2L-BIDIR.1.1.1
2026-06-12 14:01:20,220 [WARN] PackLoader:240 - Cannot read IP mode file for STMicroelectronics.X-CUBE-AI.9.0.0
2026-06-12 14:01:20,244 [ERROR] Engine:466 - C:\Users\furkan\.stm32cubemx\thirdparties\pdsc\STMicroelectronics.X-CUBE-ST67W61.1.3.0.pdsc: PDSC version is not supported
2026-06-12 14:01:20,285 [WARN] PackLoader:240 - Cannot read IP mode file for STMicroelectronics.X-CUBE-FREERTOS.1.3.1
2026-06-12 14:01:20,293 [WARN] PackLoader:240 - Cannot read IP mode file for STMicroelectronics.X-CUBE-FREERTOS.1.3.0
2026-06-12 14:01:20,302 [WARN] PackLoader:240 - Cannot read IP mode file for STMicroelectronics.X-CUBE-NFC7.1.0.1
2026-06-12 14:01:20,310 [WARN] PackLoader:240 - Cannot read IP mode file for wolfSSL.I-CUBE-wolfTPM.3.2.0
2026-06-12 14:01:20,314 [WARN] PackLoader:240 - Cannot read IP mode file for STMicroelectronics.X-CUBE-TOUCHGFX.4.26.0
2026-06-12 14:01:20,347 [WARN] PackLoader:240 - Cannot read IP mode file for STMicroelectronics.X-CUBE-NFC6.3.0.0
2026-06-12 14:01:20,356 [WARN] PackLoader:240 - Cannot read IP mode file for STMicroelectronics.X-CUBE-TOUCHGFX.4.26.1
2026-06-12 14:01:20,366 [WARN] PackLoader:240 - Cannot read IP mode file for STMicroelectronics.FP-SNS-STAIOTCFT.1.0.0
2026-06-12 14:01:20,374 [WARN] PackLoader:240 - Cannot read IP mode file for STMicroelectronics.X-CUBE-DPower.1.3.0
2026-06-12 14:01:20,381 [WARN] PackLoader:240 - Cannot read IP mode file for STMicroelectronics.X-CUBE-AI.8.1.0
2026-06-12 14:01:20,435 [WARN] ConditionMgr:438 - getConditionDescription Invalid condition id : LAN8742 Phy interface Condition cause : null
2026-06-12 14:01:20,437 [WARN] PackLoader:240 - Cannot read IP mode file for STMicroelectronics.X-CUBE-AZRTOS-L4.2.0.0
2026-06-12 14:01:20,439 [WARN] ConditionMgr:1044 - genDependencies : Invalid condition id : LAN8742 Phy interface Condition cause : null
2026-06-12 14:01:20,440 [WARN] ConditionMgr:1044 - genDependencies : Invalid condition id : LAN8742 Phy interface Condition cause : null
2026-06-12 14:01:20,441 [WARN] ConditionMgr:1044 - genDependencies : Invalid condition id : LAN8742 Phy interface Condition cause : null
2026-06-12 14:01:20,512 [WARN] PackLoader:240 - Cannot read IP mode file for STMicroelectronics.X-CUBE-SFXS2LP1.4.0.0
2026-06-12 14:01:20,629 [WARN] PackLoader:240 - Cannot read IP mode file for STMicroelectronics.X-CUBE-WB05N.2.1.0
2026-06-12 14:01:20,636 [ERROR] Engine:466 - C:\Users\furkan\.stm32cubemx\thirdparties\pdsc\STMicroelectronics.X-CUBE-ST67W61.1.2.0.pdsc: PDSC version is not supported
2026-06-12 14:01:20,751 [WARN] PackLoader:240 - Cannot read IP mode file for STMicroelectronics.X-CUBE-AZRTOS-H7.3.3.0
2026-06-12 14:01:20,778 [WARN] PackLoader:240 - Cannot read IP mode file for STMicroelectronics.X-CUBE-BLEMGR.4.1.0
2026-06-12 14:01:20,806 [WARN] PackLoader:240 - Cannot read IP mode file for STMicroelectronics.X-CUBE-IPS.3.0.0
2026-06-12 14:01:20,840 [WARN] ConditionMgr:438 - getConditionDescription Invalid condition id : UX DEVICE CLASS RTOS Condition cause : null
2026-06-12 14:01:20,841 [WARN] ConditionMgr:438 - getConditionDescription Invalid condition id : UX DEVICE CLASS RTOS Condition cause : null
2026-06-12 14:01:20,846 [WARN] PackLoader:240 - Cannot read IP mode file for STMicroelectronics.X-CUBE-AZRTOS-WB.2.0.0
2026-06-12 14:01:20,847 [WARN] ConditionMgr:1044 - genDependencies : Invalid condition id : UX DEVICE CLASS RTOS Condition cause : null
2026-06-12 14:01:20,847 [WARN] ConditionMgr:1044 - genDependencies : Invalid condition id : UX DEVICE CLASS RTOS Condition cause : null
2026-06-12 14:01:20,848 [WARN] ConditionMgr:1044 - genDependencies : Invalid condition id : UX DEVICE CLASS RTOS Condition cause : null
2026-06-12 14:01:20,849 [WARN] ConditionMgr:1044 - genDependencies : Invalid condition id : UX DEVICE CLASS RTOS Condition cause : null
2026-06-12 14:01:20,849 [WARN] ConditionMgr:1044 - genDependencies : Invalid condition id : UX DEVICE CLASS RTOS Condition cause : null
2026-06-12 14:01:20,858 [WARN] PackLoader:240 - Cannot read IP mode file for STMicroelectronics.X-CUBE-GNSS1.7.0.0
2026-06-12 14:01:20,868 [WARN] PackLoader:240 - Cannot read IP mode file for STMicroelectronics.X-CUBE-GNSS1.7.0.1
2026-06-12 14:01:20,876 [WARN] PackLoader:240 - Cannot read IP mode file for STMicroelectronics.X-CUBE-TOUCHGFX.4.25.0
2026-06-12 14:01:20,889 [WARN] PackLoader:240 - Cannot read IP mode file for STMicroelectronics.FP-SNS-STBOX1.2.0.0
2026-06-12 14:01:20,907 [WARN] PackLoader:240 - Cannot read IP mode file for STMicroelectronics.X-CUBE-STSE01.2.0.0
2026-06-12 14:01:20,928 [WARN] PackLoader:240 - Cannot read IP mode file for STMicroelectronics.X-CUBE-SUBG2.5.0.0
2026-06-12 14:01:20,972 [WARN] PackLoader:240 - Cannot read IP mode file for STMicroelectronics.X-CUBE-AZRTOS-H7RS.1.1.0
2026-06-12 14:01:20,993 [WARN] PackLoader:240 - Cannot read IP mode file for Cesanta.I-CUBE-Mongoose.7.13.0
2026-06-12 14:01:21,020 [WARN] PackLoader:240 - Cannot read IP mode file for STMicroelectronics.X-CUBE-AZRTOS-G4.2.0.0
2026-06-12 14:01:21,046 [WARN] PackLoader:240 - Cannot read IP mode file for Infineon.AIROC-Wi-Fi-Bluetooth-STM32.1.5.1
2026-06-12 14:01:21,057 [WARN] PackLoader:240 - Cannot read IP mode file for STMicroelectronics.X-CUBE-NFC7.2.0.0
2026-06-12 14:01:21,064 [WARN] PackLoader:240 - Cannot read IP mode file for STMicroelectronics.FP-SNS-MOTENVWB1.1.3.1
2026-06-12 14:01:21,070 [WARN] PackLoader:240 - Cannot read IP mode file for STMicroelectronics.X-CUBE-ISPU.2.0.0
2026-06-12 14:01:21,087 [WARN] PackLoader:240 - Cannot read IP mode file for STMicroelectronics.X-CUBE-IPS.3.1.0
2026-06-12 14:01:21,105 [WARN] PackLoader:240 - Cannot read IP mode file for STMicroelectronics.X-CUBE-ALS.1.0.2
2026-06-12 14:01:21,191 [WARN] PackLoader:240 - Cannot read IP mode file for STMicroelectronics.X-CUBE-MEMS1.10.0.0
2026-06-12 14:01:21,442 [WARN] PackLoader:240 - Cannot read IP mode file for STMicroelectronics.X-CUBE-FREERTOS.1.1.0
2026-06-12 14:01:21,448 [WARN] PackLoader:240 - Cannot read IP mode file for STMicroelectronics.X-CUBE-TOUCHGFX.4.24.0
2026-06-12 14:01:21,454 [WARN] PackLoader:240 - Cannot read IP mode file for STMicroelectronics.X-CUBE-TOUCHGFX.4.24.1
2026-06-12 14:01:21,464 [WARN] PackLoader:240 - Cannot read IP mode file for STMicroelectronics.X-CUBE-STSE01.1.0.0
2026-06-12 14:01:21,478 [WARN] PackLoader:240 - Cannot read IP mode file for portGmbH.I-Cube-SoM-uGOAL.1.1.0
2026-06-12 14:01:21,485 [WARN] PackLoader:240 - Cannot read IP mode file for STMicroelectronics.X-CUBE-ALS.1.0.1
2026-06-12 14:01:21,516 [WARN] PackLoader:240 - Cannot read IP mode file for STMicroelectronics.X-CUBE-AZRTOS-H7RS.1.0.0
2026-06-12 14:01:21,562 [WARN] PackLoader:240 - Cannot read IP mode file for STMicroelectronics.FP-ATR-ASTRA1.2.0.0
2026-06-12 14:01:21,582 [WARN] PackLoader:240 - Cannot read IP mode file for STMicroelectronics.X-CUBE-TOF1.3.4.2
2026-06-12 14:01:21,617 [WARN] PackLoader:240 - Cannot read IP mode file for STMicroelectronics.X-CUBE-TOF1.3.4.3
2026-06-12 14:01:21,658 [WARN] PackLoader:240 - Cannot read IP mode file for STMicroelectronics.X-CUBE-TOF1.3.4.0
2026-06-12 14:01:21,693 [WARN] PackLoader:240 - Cannot read IP mode file for STMicroelectronics.X-CUBE-TOF1.3.4.1
2026-06-12 14:01:21,761 [WARN] PackLoader:240 - Cannot read IP mode file for STMicroelectronics.X-CUBE-AZRTOS-H7.3.2.0
2026-06-12 14:01:21,776 [WARN] PackLoader:240 - Cannot read IP mode file for wolfSSL.I-CUBE-wolfSSH.1.4.17
2026-06-12 14:01:21,777 [INFO] ThirdParty:978 - Integrity check success = true
2026-06-12 14:01:21,777 [INFO] IntegrityCheckThread:100 - exiting critical section [integrity check]
2026-06-12 14:01:21,778 [INFO] IntegrityCheckThread:103 - End integrity checks thread
2026-06-12 15:34:47,797 [INFO] WebApp:194 - Connection lost
2026-06-12 15:34:53,143 [INFO] WebApp:191 - Connection restablished
2026-06-12 15:44:03,254 [INFO] WebApp:194 - Connection lost
2026-06-12 15:44:24,181 [INFO] WebApp:191 - Connection restablished
2026-06-12 17:15:09,798 [ERROR] LogOutputStream:75 - [STDERR_REDIRECT] 
2026-06-12 17:15:09,801 [ERROR] LogOutputStream:75 - [STDERR_REDIRECT] 
