2026-06-17 16:58:33,604 [INFO] Activator:176 - 


2026-06-17 16:58:33,613 [INFO] Activator:177 - !SESSION log4j initialized
2026-06-17 16:58:40,017 [INFO] LogOutputStream:77 - [STDOUT_REDIRECT] 
2026-06-17 16:58:41,252 [INFO] ApplicationProperties:184 - Using Application install path: C:\ST\STM32CubeIDE_1.18.1\STM32CubeIDE\plugins\com.st.stm32cube.common.mx_6.14.1.202504091515
2026-06-17 16:58:41,282 [INFO] DbMcusXml:78 - Set database path to: C:\ST\STM32CubeIDE_1.18.1\STM32CubeIDE\plugins\com.st.stm32cube.common.mx_6.14.1.202504091515\\db\/mcu/
2026-06-17 16:58:41,282 [INFO] ApiDb:274 - Set plugin database path to: C:\ST\STM32CubeIDE_1.18.1\STM32CubeIDE\plugins\com.st.stm32cube.common.mx_6.14.1.202504091515\\db\/plugins/boardmanager/
2026-06-17 16:58:41,283 [WARN] ApiDb:259 - Overriding images path with different value:  => C:\ST\STM32CubeIDE_1.18.1\STM32CubeIDE\plugins\com.st.stm32cube.common.mx_6.14.1.202504091515\\db\/plugins/mcufinder/images/
2026-06-17 16:58:41,300 [INFO] ApiDb:250 - Set database path to: C:\Users\furkan\.stmcufinder\plugins\mcufinder//mcu/
2026-06-17 16:58:41,301 [INFO] DbMcusAds:125 - Set database path to: C:\Users\furkan\.stmcufinder\plugins\mcufinder//mcu/
2026-06-17 16:58:41,305 [INFO] CrossReferenceDbSqlite:203 - Set database path to: C:\Users\furkan\.stmcufinder\plugins\mcufinder//mcu/cs/
2026-06-17 16:58:41,566 [INFO] RulesReader:64 - Compatibility file has been processed (302 Rules)
2026-06-17 16:58:41,774 [INFO] DbMcusXml:78 - Set database path to: C:\ST\STM32CubeIDE_1.18.1\STM32CubeIDE\plugins\com.st.stm32cube.common.mx_6.14.1.202504091515\\db\/mcu/
2026-06-17 16:58:41,774 [INFO] ApiDb:274 - Set plugin database path to: C:\ST\STM32CubeIDE_1.18.1\STM32CubeIDE\plugins\com.st.stm32cube.common.mx_6.14.1.202504091515\\db\/plugins/boardmanager/
2026-06-17 16:58:41,775 [INFO] ApiDb:261 - Set plugin images path to: C:\ST\STM32CubeIDE_1.18.1\STM32CubeIDE\plugins\com.st.stm32cube.common.mx_6.14.1.202504091515\\db\/plugins/mcufinder/images/
2026-06-17 16:58:41,775 [WARN] DbFile:41 - Overriding database path with different value: C:\Users\furkan\.stmcufinder\plugins\mcufinder/ => C:\Users\furkan\.stmcufinder\plugins\mcufinder
2026-06-17 16:58:41,775 [INFO] ApiDb:250 - Set database path to: C:\Users\furkan\.stmcufinder\plugins\mcufinder//mcu/
2026-06-17 16:58:41,775 [WARN] DbFile:41 - Overriding database path with different value: C:\Users\furkan\.stmcufinder\plugins\mcufinder/ => C:\Users\furkan\.stmcufinder\plugins\mcufinder
2026-06-17 16:58:41,776 [INFO] DbMcusAds:125 - Set database path to: C:\Users\furkan\.stmcufinder\plugins\mcufinder//mcu/
2026-06-17 16:58:41,776 [WARN] DbFile:41 - Overriding database path with different value: C:\Users\furkan\.stmcufinder\plugins\mcufinder/ => C:\Users\furkan\.stmcufinder\plugins\mcufinder
2026-06-17 16:58:41,776 [WARN] DbFile:41 - Overriding database path with different value: C:\Users\furkan\.stmcufinder\plugins\mcufinder/ => C:\Users\furkan\.stmcufinder\plugins\mcufinder
2026-06-17 16:58:41,776 [INFO] CrossReferenceDbSqlite:203 - Set database path to: C:\Users\furkan\.stmcufinder\plugins\mcufinder//mcu/cs/
2026-06-17 16:58:41,928 [INFO] MainPanel:272 - HeapMemory: 268435456
2026-06-17 16:58:42,100 [INFO] DbMcusXml:78 - Set database path to: C:\ST\STM32CubeIDE_1.18.1\STM32CubeIDE\plugins\com.st.stm32cube.common.mx_6.14.1.202504091515\\db\/mcu/
2026-06-17 16:58:42,101 [INFO] ApiDb:274 - Set plugin database path to: C:\ST\STM32CubeIDE_1.18.1\STM32CubeIDE\plugins\com.st.stm32cube.common.mx_6.14.1.202504091515\\db\/plugins/boardmanager/
2026-06-17 16:58:42,101 [INFO] ApiDb:261 - Set plugin images path to: C:\ST\STM32CubeIDE_1.18.1\STM32CubeIDE\plugins\com.st.stm32cube.common.mx_6.14.1.202504091515\\db\/plugins/mcufinder/images/
2026-06-17 16:58:42,101 [WARN] DbFile:41 - Overriding database path with different value: C:\Users\furkan\.stmcufinder\plugins\mcufinder/ => C:\Users\furkan\.stmcufinder\plugins\mcufinder
2026-06-17 16:58:42,102 [INFO] ApiDb:250 - Set database path to: C:\Users\furkan\.stmcufinder\plugins\mcufinder//mcu/
2026-06-17 16:58:42,102 [WARN] DbFile:41 - Overriding database path with different value: C:\Users\furkan\.stmcufinder\plugins\mcufinder/ => C:\Users\furkan\.stmcufinder\plugins\mcufinder
2026-06-17 16:58:42,102 [INFO] DbMcusAds:125 - Set database path to: C:\Users\furkan\.stmcufinder\plugins\mcufinder//mcu/
2026-06-17 16:58:42,102 [WARN] DbFile:41 - Overriding database path with different value: C:\Users\furkan\.stmcufinder\plugins\mcufinder/ => C:\Users\furkan\.stmcufinder\plugins\mcufinder
2026-06-17 16:58:42,102 [WARN] DbFile:41 - Overriding database path with different value: C:\Users\furkan\.stmcufinder\plugins\mcufinder/ => C:\Users\furkan\.stmcufinder\plugins\mcufinder
2026-06-17 16:58:42,102 [INFO] CrossReferenceDbSqlite:203 - Set database path to: C:\Users\furkan\.stmcufinder\plugins\mcufinder//mcu/cs/
2026-06-17 16:58:42,134 [INFO] ApplicationProperties:184 - Using Application install path: C:\ST\STM32CubeIDE_1.18.1\STM32CubeIDE\plugins\com.st.stm32cube.common.mx_6.14.1.202504091515
2026-06-17 16:58:42,135 [INFO] PluginManage:196 - Search for loadable plugins [exclusion list=, ]
2026-06-17 16:58:42,137 [INFO] PluginManage:310 - Check plugin analytics
2026-06-17 16:58:42,442 [INFO] AnalyticsPlugin:253 - Accepted Software Licenses: 
2026-06-17 16:58:42,443 [INFO] AnalyticsPlugin:255 - Accepted CMSIS Pack Licenses: 
2026-06-17 16:58:42,444 [INFO] AnalyticsPlugin:257 - Accepted Firmware Licenses: FW.F4.1.28.0,FW.F7.1.17.0
2026-06-17 16:58:42,449 [INFO] PluginManage:359 - Loaded plugin analytics (category:tool,tabindex:-1)
2026-06-17 16:58:42,450 [INFO] PluginManage:310 - Check plugin cadmodel
2026-06-17 16:58:42,460 [INFO] CADModel:105 - Init CAD model plugin
2026-06-17 16:58:42,460 [INFO] PluginManage:359 - Loaded plugin cadmodel (category:power,tabindex:5)
2026-06-17 16:58:42,460 [INFO] PluginManage:310 - Check plugin clock
2026-06-17 16:58:42,479 [INFO] PluginManage:359 - Loaded plugin clock (category:base,tabindex:2)
2026-06-17 16:58:42,479 [INFO] PluginManage:310 - Check plugin ddr
2026-06-17 16:58:42,483 [INFO] PluginManage:359 - Loaded plugin ddr (category:tool,tabindex:6)
2026-06-17 16:58:42,484 [INFO] PluginManage:310 - Check plugin filemanager
2026-06-17 16:58:42,774 [INFO] PluginManage:359 - Loaded plugin filemanager (category:base,tabindex:10)
2026-06-17 16:58:42,774 [INFO] PluginManage:310 - Check plugin ipmanager
2026-06-17 16:58:42,785 [INFO] PluginManage:359 - Loaded plugin ipmanager (category:base,tabindex:5)
2026-06-17 16:58:42,785 [INFO] PluginManage:310 - Check plugin lpbam
2026-06-17 16:58:42,801 [INFO] PluginManage:359 - Loaded plugin lpbam (category:base,tabindex:0)
2026-06-17 16:58:42,801 [INFO] PluginManage:310 - Check plugin memorymap
2026-06-17 16:58:42,824 [INFO] PluginManage:359 - Loaded plugin memorymap (category:base,tabindex:4)
2026-06-17 16:58:42,825 [INFO] PluginManage:310 - Check plugin pinoutandconfiguration
2026-06-17 16:58:42,838 [INFO] PluginManage:359 - Loaded plugin pinoutandconfiguration (category:base,tabindex:1)
2026-06-17 16:58:42,838 [INFO] PluginManage:310 - Check plugin pinoutconfig
2026-06-17 16:58:43,010 [WARN] SupportedApi:132 - Cannot load RTOS API schema: s4s-elt-must-match.1: The content of 'definitions' must match (annotation?, (simpleType | complexType)?, (unique | key | keyref)*)). A problem was found starting at: attribute.
2026-06-17 16:58:43,269 [INFO] PluginManage:359 - Loaded plugin pinoutconfig (category:base,tabindex:0)
2026-06-17 16:58:43,269 [INFO] PluginManage:310 - Check plugin power
2026-06-17 16:58:43,288 [INFO] PluginManage:359 - Loaded plugin power (category:power,tabindex:4)
2026-06-17 16:58:43,288 [INFO] PluginManage:310 - Check plugin projectmanager
2026-06-17 16:58:43,326 [INFO] PluginManage:359 - Loaded plugin projectmanager (category:projectmanager,tabindex:4)
2026-06-17 16:58:43,327 [INFO] PluginManage:310 - Check plugin rif
2026-06-17 16:58:43,343 [INFO] PluginManage:359 - Loaded plugin rif (category:base,tabindex:3)
2026-06-17 16:58:43,343 [INFO] PluginManage:310 - Check plugin thirdparty
2026-06-17 16:58:43,676 [INFO] PluginManage:359 - Loaded plugin thirdparty (category:base,tabindex:-1)
2026-06-17 16:58:43,676 [WARN] IntegrityCheckThread:84 - waiting for thirdparty lock release [integrity check]
2026-06-17 16:58:43,676 [INFO] PluginManage:310 - Check plugin tools
2026-06-17 16:58:43,677 [INFO] IntegrityCheckThread:86 - entering critical section [integrity check]
2026-06-17 16:58:43,677 [INFO] ThirdPartyUpdaterWithRetryManager:70 - Updater plugin not ready yet. [1/15]
2026-06-17 16:58:43,681 [INFO] PluginManage:359 - Loaded plugin tools (category:base,tabindex:7)
2026-06-17 16:58:43,683 [INFO] PluginManage:310 - Check plugin tutovideos
2026-06-17 16:58:43,997 [INFO] PluginManage:359 - Loaded plugin tutovideos (category:base,tabindex:-1)
2026-06-17 16:58:43,997 [INFO] PluginManage:310 - Check plugin updater
2026-06-17 16:58:44,027 [INFO] PluginManage:359 - Loaded plugin updater (category:base,tabindex:12)
2026-06-17 16:58:44,027 [INFO] PluginManage:310 - Check plugin userauth
2026-06-17 16:58:44,032 [INFO] UserAuth:118 - Init User Auth plugin
2026-06-17 16:58:44,034 [INFO] PluginManage:359 - Loaded plugin userauth (category:base,tabindex:14)
2026-06-17 16:58:44,035 [INFO] PluginManage:283 - PluginManage : Loaded plugins [18]
2026-06-17 16:58:44,321 [INFO] PinOutPanel:1589 - setPackage(No Configuration,No Configuration)
2026-06-17 16:58:44,440 [INFO] CADModel:165 - CPN selected for project level
2026-06-17 16:58:44,441 [INFO] CADModel:114 - Register for checkConnection events
2026-06-17 16:58:44,467 [INFO] IPUIPlugin:80 - create IPUIPlugin
2026-06-17 16:58:44,468 [INFO] PluginManager:220 - loadIPPluginJar : add adc
2026-06-17 16:58:44,471 [INFO] IPUIPlugin:80 - create IPUIPlugin
2026-06-17 16:58:44,471 [INFO] PluginManager:220 - loadIPPluginJar : add aes
2026-06-17 16:58:44,476 [INFO] IPUIPlugin:80 - create IPUIPlugin
2026-06-17 16:58:44,476 [INFO] PluginManager:220 - loadIPPluginJar : add can
2026-06-17 16:58:44,478 [INFO] IPUIPlugin:80 - create IPUIPlugin
2026-06-17 16:58:44,478 [INFO] PluginManager:220 - loadIPPluginJar : add comp
2026-06-17 16:58:44,482 [INFO] IPUIPlugin:80 - create IPUIPlugin
2026-06-17 16:58:44,482 [INFO] PluginManager:220 - loadIPPluginJar : add cryp
2026-06-17 16:58:44,486 [INFO] IPUIPlugin:80 - create IPUIPlugin
2026-06-17 16:58:44,486 [INFO] PluginManager:220 - loadIPPluginJar : add ddr_ctrl_phy
2026-06-17 16:58:44,490 [INFO] IPUIPlugin:80 - create IPUIPlugin
2026-06-17 16:58:44,490 [INFO] PluginManager:220 - loadIPPluginJar : add dfsdm
2026-06-17 16:58:44,499 [INFO] IPUIPlugin:80 - create IPUIPlugin
2026-06-17 16:58:44,500 [INFO] PluginManager:220 - loadIPPluginJar : add dma
2026-06-17 16:58:44,505 [INFO] IPUIPlugin:80 - create IPUIPlugin
2026-06-17 16:58:44,505 [INFO] PluginManager:220 - loadIPPluginJar : add dma3
2026-06-17 16:58:44,510 [INFO] IPUIPlugin:80 - create IPUIPlugin
2026-06-17 16:58:44,510 [INFO] PluginManager:220 - loadIPPluginJar : add extmemmanager
2026-06-17 16:58:44,512 [INFO] IPUIPlugin:80 - create IPUIPlugin
2026-06-17 16:58:44,512 [INFO] PluginManager:220 - loadIPPluginJar : add fatfs
2026-06-17 16:58:44,520 [INFO] IPUIPlugin:80 - create IPUIPlugin
2026-06-17 16:58:44,520 [INFO] PluginManager:220 - loadIPPluginJar : add fmc
2026-06-17 16:58:44,529 [INFO] IPUIPlugin:80 - create IPUIPlugin
2026-06-17 16:58:44,529 [INFO] PluginManager:220 - loadIPPluginJar : add freertos
2026-06-17 16:58:44,531 [INFO] IPUIPlugin:80 - create IPUIPlugin
2026-06-17 16:58:44,531 [INFO] PluginManager:220 - loadIPPluginJar : add genericplugin
2026-06-17 16:58:44,536 [INFO] IPUIPlugin:80 - create IPUIPlugin
2026-06-17 16:58:44,536 [INFO] PluginManager:220 - loadIPPluginJar : add gfxmmu
2026-06-17 16:58:44,544 [INFO] IPUIPlugin:80 - create IPUIPlugin
2026-06-17 16:58:44,544 [INFO] PluginManager:220 - loadIPPluginJar : add gic
2026-06-17 16:58:44,550 [INFO] IPUIPlugin:80 - create IPUIPlugin
2026-06-17 16:58:44,551 [INFO] PluginManager:220 - loadIPPluginJar : add gpio
2026-06-17 16:58:44,555 [INFO] IPUIPlugin:80 - create IPUIPlugin
2026-06-17 16:58:44,555 [INFO] PluginManager:220 - loadIPPluginJar : add gtzc
2026-06-17 16:58:44,559 [INFO] IPUIPlugin:80 - create IPUIPlugin
2026-06-17 16:58:44,559 [INFO] PluginManager:220 - loadIPPluginJar : add hash
2026-06-17 16:58:44,564 [INFO] IPUIPlugin:80 - create IPUIPlugin
2026-06-17 16:58:44,564 [INFO] PluginManager:220 - loadIPPluginJar : add i2c
2026-06-17 16:58:44,570 [INFO] IPUIPlugin:80 - create IPUIPlugin
2026-06-17 16:58:44,570 [INFO] PluginManager:220 - loadIPPluginJar : add i2s
2026-06-17 16:58:44,575 [INFO] IPUIPlugin:80 - create IPUIPlugin
2026-06-17 16:58:44,575 [INFO] PluginManager:220 - loadIPPluginJar : add i3c
2026-06-17 16:58:44,581 [INFO] IPUIPlugin:80 - create IPUIPlugin
2026-06-17 16:58:44,581 [INFO] PluginManager:220 - loadIPPluginJar : add ipddr
2026-06-17 16:58:44,590 [INFO] IPUIPlugin:80 - create IPUIPlugin
2026-06-17 16:58:44,591 [INFO] PluginManager:220 - loadIPPluginJar : add linkedlist
2026-06-17 16:58:44,595 [INFO] IPUIPlugin:80 - create IPUIPlugin
2026-06-17 16:58:44,595 [INFO] PluginManager:220 - loadIPPluginJar : add lorawan
2026-06-17 16:58:44,598 [INFO] IPUIPlugin:80 - create IPUIPlugin
2026-06-17 16:58:44,598 [INFO] PluginManager:220 - loadIPPluginJar : add ltdc
2026-06-17 16:58:44,607 [INFO] IPUIPlugin:80 - create IPUIPlugin
2026-06-17 16:58:44,607 [INFO] PluginManager:220 - loadIPPluginJar : add mdma
2026-06-17 16:58:44,613 [INFO] IPUIPlugin:80 - create IPUIPlugin
2026-06-17 16:58:44,613 [INFO] PluginManager:220 - loadIPPluginJar : add nvic
2026-06-17 16:58:44,617 [INFO] IPUIPlugin:80 - create IPUIPlugin
2026-06-17 16:58:44,618 [INFO] PluginManager:220 - loadIPPluginJar : add opamp
2026-06-17 16:58:44,623 [INFO] IPUIPlugin:80 - create IPUIPlugin
2026-06-17 16:58:44,623 [INFO] PluginManager:220 - loadIPPluginJar : add openamp
2026-06-17 16:58:44,629 [INFO] IPUIPlugin:80 - create IPUIPlugin
2026-06-17 16:58:44,629 [INFO] PluginManager:220 - loadIPPluginJar : add pdm2pcm
2026-06-17 16:58:44,638 [INFO] IPUIPlugin:80 - create IPUIPlugin
2026-06-17 16:58:44,642 [INFO] PluginManager:220 - loadIPPluginJar : add plateformsettings
2026-06-17 16:58:44,646 [INFO] IPUIPlugin:80 - create IPUIPlugin
2026-06-17 16:58:44,646 [INFO] PluginManager:220 - loadIPPluginJar : add quadspi
2026-06-17 16:58:44,649 [INFO] IPUIPlugin:80 - create IPUIPlugin
2026-06-17 16:58:44,650 [INFO] PluginManager:220 - loadIPPluginJar : add radio
2026-06-17 16:58:44,655 [INFO] IPUIPlugin:80 - create IPUIPlugin
2026-06-17 16:58:44,656 [INFO] PluginManager:220 - loadIPPluginJar : add resmgrutility
2026-06-17 16:58:44,660 [INFO] IPUIPlugin:80 - create IPUIPlugin
2026-06-17 16:58:44,661 [INFO] PluginManager:220 - loadIPPluginJar : add sai
2026-06-17 16:58:44,666 [INFO] IPUIPlugin:80 - create IPUIPlugin
2026-06-17 16:58:44,666 [INFO] PluginManager:220 - loadIPPluginJar : add spi
2026-06-17 16:58:44,676 [INFO] IPUIPlugin:80 - create IPUIPlugin
2026-06-17 16:58:44,677 [INFO] PluginManager:220 - loadIPPluginJar : add stm32_wpan
2026-06-17 16:58:44,681 [INFO] IPUIPlugin:80 - create IPUIPlugin
2026-06-17 16:58:44,681 [INFO] PluginManager:220 - loadIPPluginJar : add tim
2026-06-17 16:58:44,686 [INFO] IPUIPlugin:80 - create IPUIPlugin
2026-06-17 16:58:44,687 [INFO] PluginManager:220 - loadIPPluginJar : add touchsensing
2026-06-17 16:58:44,690 [INFO] IPUIPlugin:80 - create IPUIPlugin
2026-06-17 16:58:44,690 [INFO] PluginManager:220 - loadIPPluginJar : add tracer_emb
2026-06-17 16:58:44,693 [INFO] IPUIPlugin:80 - create IPUIPlugin
2026-06-17 16:58:44,693 [INFO] PluginManager:220 - loadIPPluginJar : add ts
2026-06-17 16:58:44,698 [INFO] IPUIPlugin:80 - create IPUIPlugin
2026-06-17 16:58:44,698 [INFO] PluginManager:220 - loadIPPluginJar : add tsc
2026-06-17 16:58:44,701 [INFO] IPUIPlugin:80 - create IPUIPlugin
2026-06-17 16:58:44,701 [INFO] PluginManager:220 - loadIPPluginJar : add ucpd
2026-06-17 16:58:44,706 [INFO] IPUIPlugin:80 - create IPUIPlugin
2026-06-17 16:58:44,706 [INFO] PluginManager:220 - loadIPPluginJar : add usart
2026-06-17 16:58:44,710 [INFO] IPUIPlugin:80 - create IPUIPlugin
2026-06-17 16:58:44,711 [INFO] PluginManager:220 - loadIPPluginJar : add usbx
2026-06-17 16:58:44,857 [FATAL] Updater:351 - Updater called before beeing initialized
2026-06-17 16:58:44,918 [INFO] RulesReader:64 - Compatibility file has been processed (302 Rules)
2026-06-17 16:58:44,930 [INFO] RulesReader:64 - Compatibility file has been processed (302 Rules)
2026-06-17 16:58:44,937 [INFO] CADModel:165 - CPN selected for project level
2026-06-17 16:58:44,937 [INFO] CADModel:114 - Register for checkConnection events
2026-06-17 16:58:44,937 [FATAL] Updater:351 - Updater called before beeing initialized
2026-06-17 16:58:44,937 [ERROR] CADModel:125 - Updater not yet initialized, retry later 
2026-06-17 16:58:45,095 [FATAL] Updater:351 - Updater called before beeing initialized
2026-06-17 16:58:45,098 [INFO] CADModel:165 - CPN selected for project level
2026-06-17 16:58:45,098 [INFO] CADModel:114 - Register for checkConnection events
2026-06-17 16:58:45,099 [FATAL] Updater:351 - Updater called before beeing initialized
2026-06-17 16:58:45,099 [ERROR] CADModel:125 - Updater not yet initialized, retry later 
2026-06-17 16:58:45,104 [FATAL] Updater:351 - Updater called before beeing initialized
2026-06-17 16:58:45,265 [FATAL] Updater:351 - Updater called before beeing initialized
2026-06-17 16:58:45,271 [INFO] DbMcusAds:53 - JSON generation date=Thu May 28 19:08:17 TRT 2026 (1779984497073)
2026-06-17 16:58:45,271 [FATAL] Updater:351 - Updater called before beeing initialized
2026-06-17 16:58:45,321 [WARN] DetailPanel:346 - Failed to get advertising image, set to default
2026-06-17 16:58:45,660 [FATAL] Updater:351 - Updater called before beeing initialized
2026-06-17 16:58:45,664 [FATAL] Updater:351 - Updater called before beeing initialized
2026-06-17 16:58:45,665 [FATAL] Updater:351 - Updater called before beeing initialized
2026-06-17 16:58:45,665 [WARN] DetailPanel:346 - Failed to get advertising image, set to default
2026-06-17 16:58:45,666 [FATAL] Updater:351 - Updater called before beeing initialized
2026-06-17 16:58:45,739 [ERROR] Updater:1198 - MainUpdater not yet initialized. External WinMGr cannot be set.
2026-06-17 16:58:45,742 [INFO] Updater:1134 - Updater Version found : 6.14.1
2026-06-17 16:58:45,772 [INFO] ApplicationProperties:184 - Using Application install path: C:\ST\STM32CubeIDE_1.18.1\STM32CubeIDE\plugins\com.st.stm32cube.common.mx_6.14.1.202504091515
2026-06-17 16:58:46,680 [INFO] ThirdPartyUpdaterWithRetryManager:70 - Updater plugin not ready yet. [2/15]
2026-06-17 16:58:47,345 [ERROR] LogOutputStream:75 - [STDERR_REDIRECT] Jun 17, 2026 4:58:47 PM java.util.prefs.WindowsPreferences <init>
2026-06-17 16:58:47,346 [ERROR] LogOutputStream:75 - [STDERR_REDIRECT] WARNING: Could not open/create prefs root node Software\JavaSoft\Prefs at root 0xffffffff80000002. Windows RegCreateKeyEx(...) returned error code 5.
2026-06-17 16:58:47,346 [ERROR] LogOutputStream:75 - [STDERR_REDIRECT] 
2026-06-17 16:58:47,889 [INFO] MainUpdater:2872 - connection check result : 10
2026-06-17 16:58:47,890 [INFO] MainUpdater:289 - Updater Check For Update Now.
2026-06-17 16:58:47,890 [INFO] MicroXplorer:498 - Change Database Version : DB.6.0.141
2026-06-17 16:58:47,896 [INFO] McuFinderGlobals:63 - Set McuFinder mode to 2 (CubeIDE integrated)
2026-06-17 16:58:47,898 [INFO] UserAuth:484 - Internet connection configuration mode: 1
2026-06-17 16:58:47,927 [INFO] JxBrowserEngine:152 - Initiate JxBrowser Engine with user profile folder
2026-06-17 16:58:48,120 [INFO] CheckServerUpdateThread:120 - End of CheckServer Thread
2026-06-17 16:58:49,359 [INFO] WebApp:169 - Instantiating new browser for Auth
2026-06-17 16:58:50,953 [WARN] PackLoader:240 - Cannot read IP mode file for STMicroelectronics.X-CUBE-AZRTOS-H7.3.5.0
2026-06-17 16:58:51,116 [INFO] WebApp:463 - Apply proxy settings
2026-06-17 16:58:51,117 [INFO] WebApp:548 - Chromium requires no authentication
2026-06-17 16:58:51,126 [WARN] PackLoader:240 - Cannot read IP mode file for STMicroelectronics.FP-SNS-MOTENVWB1.1.4.0
2026-06-17 16:58:51,140 [WARN] PackLoader:240 - Cannot read IP mode file for STMicroelectronics.FP-ATR-ASTRA1.2.0.2
2026-06-17 16:58:51,141 [INFO] WebApp:491 - Direct internet connection detected
2026-06-17 16:58:51,157 [WARN] PackLoader:240 - Cannot read IP mode file for STMicroelectronics.FP-ATR-ASTRA1.2.0.1
2026-06-17 16:58:51,171 [ERROR] Engine:466 - C:\Users\furkan\.stm32cubemx\thirdparties\pdsc\STMicroelectronics.X-CUBE-SMBUS.2.1.1.pdsc: PDSC version is not supported
2026-06-17 16:58:51,180 [WARN] PackLoader:240 - Cannot read IP mode file for STMicroelectronics.X-CUBE-SMBUS.2.1.0
2026-06-17 16:58:51,204 [WARN] PackLoader:240 - Cannot read IP mode file for STMicroelectronics.X-CUBE-WB05N.1.1.0
2026-06-17 16:58:51,226 [WARN] PackLoader:240 - Cannot read IP mode file for STMicroelectronics.X-CUBE-ST60.1.0.0
2026-06-17 16:58:51,228 [INFO] WebApp:894 - Register for checkConnection events
2026-06-17 16:58:51,228 [INFO] WebApp:463 - Apply proxy settings
2026-06-17 16:58:51,230 [INFO] WebApp:548 - Chromium requires no authentication
2026-06-17 16:58:51,231 [INFO] WebApp:491 - Direct internet connection detected
2026-06-17 16:58:51,246 [WARN] PackLoader:240 - Cannot read IP mode file for STMicroelectronics.X-CUBE-TOUCHGFX.4.23.1
2026-06-17 16:58:51,256 [WARN] PackLoader:240 - Cannot read IP mode file for STMicroelectronics.X-CUBE-TOUCHGFX.4.23.0
2026-06-17 16:58:51,263 [WARN] PackLoader:240 - Cannot read IP mode file for STMicroelectronics.X-CUBE-TOUCHGFX.4.23.2
2026-06-17 16:58:51,303 [WARN] PackLoader:240 - Cannot read IP mode file for STMicroelectronics.X-CUBE-AZRTOS-F7.1.1.0
2026-06-17 16:58:51,328 [WARN] PackLoader:240 - Cannot read IP mode file for STMicroelectronics.FP-SNS-MOTENV1.4.3.2
2026-06-17 16:58:51,434 [WARN] PackLoader:240 - Cannot read IP mode file for STMicroelectronics.X-CUBE-MEMS1.11.0.0
2026-06-17 16:58:51,673 [INFO] WebApp:225 - Starting web application
2026-06-17 16:58:51,697 [INFO] WebApp:593 - Web application path used C:\ST\STM32CubeIDE_1.18.1\STM32CubeIDE\plugins\com.st.stm32cube.common.mx_6.14.1.202504091515\db\plugins\mcufinder\reactClient1\index.html
2026-06-17 16:58:51,749 [ERROR] Engine:466 - C:\Users\furkan\.stm32cubemx\thirdparties\pdsc\STMicroelectronics.FP-SNS-MOTENV1.5.1.0.pdsc: PDSC version is not supported
2026-06-17 16:58:51,759 [WARN] PackLoader:240 - Cannot read IP mode file for STMicroelectronics.FP-SNS-FLIGHT1.5.0.2
2026-06-17 16:58:51,828 [WARN] PackLoader:240 - Cannot read IP mode file for STMicroelectronics.X-CUBE-AZRTOS-H7.3.4.0
2026-06-17 16:58:51,850 [WARN] PackLoader:240 - Cannot read IP mode file for STMicroelectronics.X-CUBE-DISPLAY.3.0.0
2026-06-17 16:58:51,871 [WARN] PackLoader:240 - Cannot read IP mode file for STMicroelectronics.X-CUBE-GNSS1.7.1.1
2026-06-17 16:58:51,884 [ERROR] Engine:466 - C:\Users\furkan\.stm32cubemx\thirdparties\pdsc\STMicroelectronics.FP-SNS-MOTENVWB1.1.5.0.pdsc: PDSC version is not supported
2026-06-17 16:58:51,898 [WARN] PackLoader:240 - Cannot read IP mode file for STMicroelectronics.X-CUBE-BLE1.7.0.0
2026-06-17 16:58:51,916 [WARN] PackLoader:240 - Cannot read IP mode file for STMicroelectronics.X-CUBE-NFC10.1.0.0
2026-06-17 16:58:51,938 [WARN] PackLoader:240 - Cannot read IP mode file for STMicroelectronics.X-CUBE-BLEMGR.4.0.0
2026-06-17 16:58:51,952 [WARN] PackLoader:240 - Cannot read IP mode file for STMicroelectronics.X-CUBE-ST60.1.1.0
2026-06-17 16:58:51,968 [WARN] PackLoader:240 - Cannot read IP mode file for emotas.I-CUBE-CANOPEN.1.3.0
2026-06-17 16:58:51,979 [WARN] PackLoader:240 - Cannot read IP mode file for STMicroelectronics.X-CUBE-GNSS1.7.1.0
2026-06-17 16:58:51,996 [WARN] PackLoader:240 - Cannot read IP mode file for STMicroelectronics.X-CUBE-BLEMGR.3.1.0
2026-06-17 16:58:52,007 [ERROR] Engine:466 - C:\Users\furkan\.stm32cubemx\thirdparties\pdsc\STMicroelectronics.FP-SNS-STBOX1.2.1.0.pdsc: PDSC version is not supported
2026-06-17 16:58:52,023 [WARN] PackLoader:240 - Cannot read IP mode file for STMicroelectronics.FP-SNS-SMARTAG2.1.2.0
2026-06-17 16:58:52,033 [WARN] PackLoader:240 - Cannot read IP mode file for STMicroelectronics.FP-SNS-FLIGHT1.5.1.0
2026-06-17 16:58:52,142 [WARN] PackLoader:240 - Cannot read IP mode file for STMicroelectronics.X-CUBE-MEMS1.11.1.0
2026-06-17 16:58:52,428 [INFO] LogOutputStream:77 - [STDOUT_REDIRECT] 1 : Invalid condition id : UX_CORESTACK_Condition cause : null
2026-06-17 16:58:52,430 [INFO] LogOutputStream:77 - [STDOUT_REDIRECT] 1 : Invalid condition id : UX_CORESTACK_Condition cause : null
2026-06-17 16:58:52,434 [INFO] LogOutputStream:77 - [STDOUT_REDIRECT] 1 : Invalid condition id : UX_CORESTACK_Condition cause : null
2026-06-17 16:58:52,438 [INFO] LogOutputStream:77 - [STDOUT_REDIRECT] 1 : Invalid condition id : UX_CORESTACK_Condition cause : null
2026-06-17 16:58:52,442 [INFO] LogOutputStream:77 - [STDOUT_REDIRECT] 1 : Invalid condition id : UX_CORESTACK_Condition cause : null
2026-06-17 16:58:52,450 [WARN] PackLoader:240 - Cannot read IP mode file for STMicroelectronics.X-CUBE-AZRTOS-WL.2.0.0
2026-06-17 16:58:52,464 [WARN] PackLoader:240 - Cannot read IP mode file for STMicroelectronics.FP-SNS-MOTENV1.5.0.0
2026-06-17 16:58:52,512 [WARN] PackLoader:240 - Cannot read IP mode file for STMicroelectronics.X-CUBE-AZRTOS-H7RS.1.2.0
2026-06-17 16:58:52,528 [WARN] PackLoader:240 - Cannot read IP mode file for wolfSSL.I-CUBE-wolfMQTT.1.19.0
2026-06-17 16:58:52,548 [WARN] PackLoader:240 - Cannot read IP mode file for WES.I-CUBE-Cesium.1.3.0
2026-06-17 16:58:52,556 [WARN] PackLoader:240 - Cannot read IP mode file for STMicroelectronics.X-CUBE-BLE2.3.3.0
2026-06-17 16:58:52,601 [WARN] PackLoader:240 - Cannot read IP mode file for STMicroelectronics.X-CUBE-NFC9.1.0.0
2026-06-17 16:58:52,610 [WARN] PackLoader:240 - Cannot read IP mode file for STMicroelectronics.X-CUBE-BLE1.7.1.0
2026-06-17 16:58:52,627 [WARN] PackLoader:240 - Cannot read IP mode file for STMicroelectronics.X-CUBE-TCPP.4.1.0
2026-06-17 16:58:52,641 [ERROR] Engine:466 - C:\Users\furkan\.stm32cubemx\thirdparties\pdsc\STMicroelectronics.X-CUBE-FREERTOS.1.4.0.pdsc: PDSC version is not supported
2026-06-17 16:58:52,733 [WARN] PackLoader:240 - Cannot read IP mode file for STMicroelectronics.X-CUBE-EEPRMA1.5.2.0
2026-06-17 16:58:52,763 [ERROR] Engine:466 - C:\Users\furkan\.stm32cubemx\thirdparties\pdsc\STMicroelectronics.X-CUBE-ST67W61.1.1.0.pdsc: PDSC version is not supported
2026-06-17 16:58:52,775 [WARN] PackLoader:240 - Cannot read IP mode file for STMicroelectronics.X-CUBE-AI.10.1.0
2026-06-17 16:58:52,788 [ERROR] Engine:466 - C:\Users\furkan\.stm32cubemx\thirdparties\pdsc\STMicroelectronics.FP-SNS-STAIOTCFT.1.1.0.pdsc: PDSC version is not supported
2026-06-17 16:58:52,952 [WARN] PackLoader:240 - Cannot read IP mode file for STMicroelectronics.X-CUBE-MEMS1.12.0.0
2026-06-17 16:58:53,002 [INFO] UserAuth:484 - Internet connection configuration mode: 1
2026-06-17 16:58:53,186 [WARN] PackLoader:240 - Cannot read IP mode file for STMicroelectronics.X-CUBE-ALGOBUILD.1.3.0
2026-06-17 16:58:53,237 [WARN] PackLoader:240 - Cannot read IP mode file for STMicroelectronics.X-CUBE-AZRTOS-G0.1.1.0
2026-06-17 16:58:53,258 [WARN] PackLoader:240 - Cannot read IP mode file for STMicroelectronics.X-CUBE-SAFEA1.1.2.2
2026-06-17 16:58:53,280 [WARN] PackLoader:240 - Cannot read IP mode file for STMicroelectronics.X-CUBE-NFC4.3.0.0
2026-06-17 16:58:53,322 [WARN] PackLoader:240 - Cannot read IP mode file for EmbeddedOffice.I-CUBE-FS-RTOS.1.0.1
2026-06-17 16:58:53,338 [WARN] PackLoader:240 - Cannot read IP mode file for STMicroelectronics.X-CUBE-WB05N.2.0.0
2026-06-17 16:58:53,370 [WARN] PackLoader:240 - Cannot read IP mode file for STMicroelectronics.X-CUBE-BLEMGR.3.0.0
2026-06-17 16:58:53,395 [WARN] PackLoader:240 - Cannot read IP mode file for STMicroelectronics.X-CUBE-TCPP.4.2.0
2026-06-17 16:58:53,418 [WARN] PackLoader:240 - Cannot read IP mode file for RealThread.X-CUBE-RT-Thread_Nano.4.1.1
2026-06-17 16:58:53,430 [WARN] PackLoader:240 - Cannot read IP mode file for STMicroelectronics.FP-ATR-SIGFOX1.3.2.0
2026-06-17 16:58:53,436 [WARN] ConditionMgr:438 - getConditionDescription Invalid condition id : Cortex-A Device cause : null
2026-06-17 16:58:53,463 [WARN] ConditionMgr:1044 - genDependencies : Invalid condition id : Cortex-A Device cause : null
2026-06-17 16:58:53,463 [WARN] ConditionMgr:1044 - genDependencies : Invalid condition id : Cortex-A Device cause : null
2026-06-17 16:58:53,463 [WARN] ConditionMgr:1044 - genDependencies : Invalid condition id : Cortex-A Device cause : null
2026-06-17 16:58:53,474 [WARN] PackLoader:240 - Cannot read IP mode file for STMicroelectronics.X-CUBE-EEPRMA1.5.1.0
2026-06-17 16:58:53,481 [ERROR] Engine:466 - C:\Users\furkan\.stm32cubemx\thirdparties\pdsc\STMicroelectronics.X-CUBE-FREERTOS.1.5.0.pdsc: PDSC version is not supported
2026-06-17 16:58:53,494 [WARN] PackLoader:240 - Cannot read IP mode file for STMicroelectronics.X-CUBE-NFC6.3.2.0
2026-06-17 16:58:53,512 [WARN] PackLoader:240 - Cannot read IP mode file for STMicroelectronics.X-CUBE-ST67W61.1.0.0
2026-06-17 16:58:53,521 [WARN] PackLoader:240 - Cannot read IP mode file for STMicroelectronics.X-CUBE-AI.10.2.0
2026-06-17 16:58:53,628 [WARN] PackLoader:240 - Cannot read IP mode file for STMicroelectronics.X-CUBE-MEMS1.12.1.0
2026-06-17 16:58:53,853 [WARN] PackLoader:240 - Cannot read IP mode file for SEGGER.I-CUBE-embOS.1.3.1
2026-06-17 16:58:53,937 [WARN] PackLoader:240 - Cannot read IP mode file for STMicroelectronics.X-CUBE-ALGOBUILD.1.4.0
2026-06-17 16:58:54,014 [WARN] PackLoader:240 - Cannot read IP mode file for STMicroelectronics.X-CUBE-MEMS1.11.3.0
2026-06-17 16:58:54,269 [WARN] PackLoader:240 - Cannot read IP mode file for STMicroelectronics.X-CUBE-AI.9.1.0
2026-06-17 16:58:54,286 [WARN] PackLoader:240 - Cannot read IP mode file for STMicroelectronics.X-CUBE-NFC13.1.0.0
2026-06-17 16:58:54,301 [WARN] PackLoader:240 - Cannot read IP mode file for STMicroelectronics.X-CUBE-PM33A1.1.0.0
2026-06-17 16:58:54,320 [WARN] PackLoader:240 - Cannot read IP mode file for STMicroelectronics.X-CUBE-GNSS1.6.0.0
2026-06-17 16:58:54,370 [WARN] PackLoader:240 - Cannot read IP mode file for STMicroelectronics.X-CUBE-AZRTOS-F4.1.1.0
2026-06-17 16:58:54,384 [WARN] PackLoader:240 - Cannot read IP mode file for Avnet-IotConnect.X-CUBE-IoTC-DA16k-PMOD.1.0.0
2026-06-17 16:58:54,398 [WARN] PackLoader:240 - Cannot read IP mode file for STMicroelectronics.X-CUBE-ISPU.2.1.0
2026-06-17 16:58:54,416 [ERROR] Engine:466 - C:\Users\furkan\.stm32cubemx\thirdparties\pdsc\STMicroelectronics.X-CUBE-IPS.3.2.0.pdsc: PDSC version is not supported
2026-06-17 16:58:54,426 [WARN] PackLoader:240 - Cannot read IP mode file for STMicroelectronics.eDS-WB_DPC_TT-BIDIR.2.1.1
2026-06-17 16:58:54,439 [WARN] PackLoader:240 - Cannot read IP mode file for STMicroelectronics.X-CUBE-FREERTOS.1.2.0
2026-06-17 16:58:54,454 [WARN] PackLoader:240 - Cannot read IP mode file for wolfSSL.I-CUBE-wolfSSL.5.6.6
2026-06-17 16:58:54,491 [WARN] PackLoader:240 - Cannot read IP mode file for STMicroelectronics.X-CUBE-NFC12.1.0.0
2026-06-17 16:58:54,547 [WARN] PackLoader:240 - Cannot read IP mode file for STMicroelectronics.X-CUBE-AZRTOS-L5.2.0.0
2026-06-17 16:58:54,571 [WARN] PackLoader:240 - Cannot read IP mode file for STMicroelectronics.X-CUBE-NFC6.3.1.0
2026-06-17 16:58:54,589 [WARN] PackLoader:240 - Cannot read IP mode file for ITTIA_DB.I-CUBE-ITTIADB.8.8.0
2026-06-17 16:58:54,598 [WARN] PackLoader:240 - Cannot read IP mode file for STMicroelectronics.X-CUBE-ALGOBUILD.1.5.0
2026-06-17 16:58:54,610 [WARN] PackLoader:240 - Cannot read IP mode file for STMicroelectronics.X-CUBE-DPower.1.2.0
2026-06-17 16:58:54,617 [WARN] PackLoader:240 - Cannot read IP mode file for STMicroelectronics.eDS-WB_DPC_VIENNA.1.2.0
2026-06-17 16:58:54,624 [WARN] PackLoader:240 - Cannot read IP mode file for STMicroelectronics.eDS-WB_DPC_3PH2L-BIDIR.1.1.1
2026-06-17 16:58:54,630 [WARN] PackLoader:240 - Cannot read IP mode file for STMicroelectronics.X-CUBE-AI.9.0.0
2026-06-17 16:58:54,635 [ERROR] Engine:466 - C:\Users\furkan\.stm32cubemx\thirdparties\pdsc\STMicroelectronics.X-CUBE-ST67W61.1.3.0.pdsc: PDSC version is not supported
2026-06-17 16:58:54,643 [WARN] PackLoader:240 - Cannot read IP mode file for STMicroelectronics.X-CUBE-FREERTOS.1.3.1
2026-06-17 16:58:54,650 [WARN] PackLoader:240 - Cannot read IP mode file for STMicroelectronics.X-CUBE-FREERTOS.1.3.0
2026-06-17 16:58:54,658 [WARN] PackLoader:240 - Cannot read IP mode file for STMicroelectronics.X-CUBE-NFC7.1.0.1
2026-06-17 16:58:54,672 [WARN] PackLoader:240 - Cannot read IP mode file for wolfSSL.I-CUBE-wolfTPM.3.2.0
2026-06-17 16:58:54,682 [WARN] PackLoader:240 - Cannot read IP mode file for STMicroelectronics.X-CUBE-TOUCHGFX.4.26.0
2026-06-17 16:58:54,700 [WARN] PackLoader:240 - Cannot read IP mode file for STMicroelectronics.X-CUBE-NFC6.3.0.0
2026-06-17 16:58:54,717 [WARN] PackLoader:240 - Cannot read IP mode file for STMicroelectronics.X-CUBE-TOUCHGFX.4.26.1
2026-06-17 16:58:54,743 [WARN] PackLoader:240 - Cannot read IP mode file for STMicroelectronics.FP-SNS-STAIOTCFT.1.0.0
2026-06-17 16:58:54,797 [WARN] PackLoader:240 - Cannot read IP mode file for STMicroelectronics.X-CUBE-DPower.1.3.0
2026-06-17 16:58:54,805 [WARN] PackLoader:240 - Cannot read IP mode file for STMicroelectronics.X-CUBE-AI.8.1.0
2026-06-17 16:58:54,855 [WARN] ConditionMgr:438 - getConditionDescription Invalid condition id : LAN8742 Phy interface Condition cause : null
2026-06-17 16:58:54,857 [WARN] PackLoader:240 - Cannot read IP mode file for STMicroelectronics.X-CUBE-AZRTOS-L4.2.0.0
2026-06-17 16:58:54,861 [WARN] ConditionMgr:1044 - genDependencies : Invalid condition id : LAN8742 Phy interface Condition cause : null
2026-06-17 16:58:54,862 [WARN] ConditionMgr:1044 - genDependencies : Invalid condition id : LAN8742 Phy interface Condition cause : null
2026-06-17 16:58:54,863 [WARN] ConditionMgr:1044 - genDependencies : Invalid condition id : LAN8742 Phy interface Condition cause : null
2026-06-17 16:58:54,880 [WARN] PackLoader:240 - Cannot read IP mode file for STMicroelectronics.X-CUBE-SFXS2LP1.4.0.0
2026-06-17 16:58:54,893 [WARN] PackLoader:240 - Cannot read IP mode file for STMicroelectronics.X-CUBE-WB05N.2.1.0
2026-06-17 16:58:54,903 [ERROR] Engine:466 - C:\Users\furkan\.stm32cubemx\thirdparties\pdsc\STMicroelectronics.X-CUBE-ST67W61.1.2.0.pdsc: PDSC version is not supported
2026-06-17 16:58:54,938 [WARN] PackLoader:240 - Cannot read IP mode file for STMicroelectronics.X-CUBE-AZRTOS-H7.3.3.0
2026-06-17 16:58:54,983 [WARN] PackLoader:240 - Cannot read IP mode file for STMicroelectronics.X-CUBE-BLEMGR.4.1.0
2026-06-17 16:58:55,004 [WARN] PackLoader:240 - Cannot read IP mode file for STMicroelectronics.X-CUBE-IPS.3.0.0
2026-06-17 16:58:55,022 [WARN] ConditionMgr:438 - getConditionDescription Invalid condition id : UX DEVICE CLASS RTOS Condition cause : null
2026-06-17 16:58:55,023 [WARN] ConditionMgr:438 - getConditionDescription Invalid condition id : UX DEVICE CLASS RTOS Condition cause : null
2026-06-17 16:58:55,026 [WARN] PackLoader:240 - Cannot read IP mode file for STMicroelectronics.X-CUBE-AZRTOS-WB.2.0.0
2026-06-17 16:58:55,027 [WARN] ConditionMgr:1044 - genDependencies : Invalid condition id : UX DEVICE CLASS RTOS Condition cause : null
2026-06-17 16:58:55,027 [WARN] ConditionMgr:1044 - genDependencies : Invalid condition id : UX DEVICE CLASS RTOS Condition cause : null
2026-06-17 16:58:55,028 [WARN] ConditionMgr:1044 - genDependencies : Invalid condition id : UX DEVICE CLASS RTOS Condition cause : null
2026-06-17 16:58:55,028 [WARN] ConditionMgr:1044 - genDependencies : Invalid condition id : UX DEVICE CLASS RTOS Condition cause : null
2026-06-17 16:58:55,028 [WARN] ConditionMgr:1044 - genDependencies : Invalid condition id : UX DEVICE CLASS RTOS Condition cause : null
2026-06-17 16:58:55,035 [WARN] PackLoader:240 - Cannot read IP mode file for STMicroelectronics.X-CUBE-GNSS1.7.0.0
2026-06-17 16:58:55,042 [WARN] PackLoader:240 - Cannot read IP mode file for STMicroelectronics.X-CUBE-GNSS1.7.0.1
2026-06-17 16:58:55,047 [WARN] PackLoader:240 - Cannot read IP mode file for STMicroelectronics.X-CUBE-TOUCHGFX.4.25.0
2026-06-17 16:58:55,063 [WARN] PackLoader:240 - Cannot read IP mode file for STMicroelectronics.FP-SNS-STBOX1.2.0.0
2026-06-17 16:58:55,078 [WARN] PackLoader:240 - Cannot read IP mode file for STMicroelectronics.X-CUBE-STSE01.2.0.0
2026-06-17 16:58:55,098 [WARN] PackLoader:240 - Cannot read IP mode file for STMicroelectronics.X-CUBE-SUBG2.5.0.0
2026-06-17 16:58:55,166 [WARN] PackLoader:240 - Cannot read IP mode file for STMicroelectronics.X-CUBE-AZRTOS-H7RS.1.1.0
2026-06-17 16:58:55,195 [WARN] PackLoader:240 - Cannot read IP mode file for Cesanta.I-CUBE-Mongoose.7.13.0
2026-06-17 16:58:55,238 [WARN] PackLoader:240 - Cannot read IP mode file for STMicroelectronics.X-CUBE-AZRTOS-G4.2.0.0
2026-06-17 16:58:55,286 [WARN] PackLoader:240 - Cannot read IP mode file for Infineon.AIROC-Wi-Fi-Bluetooth-STM32.1.5.1
2026-06-17 16:58:55,308 [WARN] PackLoader:240 - Cannot read IP mode file for STMicroelectronics.X-CUBE-NFC7.2.0.0
2026-06-17 16:58:55,314 [WARN] PackLoader:240 - Cannot read IP mode file for STMicroelectronics.FP-SNS-MOTENVWB1.1.3.1
2026-06-17 16:58:55,326 [WARN] PackLoader:240 - Cannot read IP mode file for STMicroelectronics.X-CUBE-ISPU.2.0.0
2026-06-17 16:58:55,342 [WARN] PackLoader:240 - Cannot read IP mode file for STMicroelectronics.X-CUBE-IPS.3.1.0
2026-06-17 16:58:55,362 [WARN] PackLoader:240 - Cannot read IP mode file for STMicroelectronics.X-CUBE-ALS.1.0.2
2026-06-17 16:58:55,421 [WARN] PackLoader:240 - Cannot read IP mode file for STMicroelectronics.X-CUBE-MEMS1.10.0.0
2026-06-17 16:58:55,630 [WARN] PackLoader:240 - Cannot read IP mode file for STMicroelectronics.X-CUBE-FREERTOS.1.1.0
2026-06-17 16:58:55,633 [WARN] PackLoader:240 - Cannot read IP mode file for STMicroelectronics.X-CUBE-TOUCHGFX.4.24.0
2026-06-17 16:58:55,643 [WARN] PackLoader:240 - Cannot read IP mode file for STMicroelectronics.X-CUBE-TOUCHGFX.4.24.1
2026-06-17 16:58:55,648 [WARN] PackLoader:240 - Cannot read IP mode file for STMicroelectronics.X-CUBE-STSE01.1.0.0
2026-06-17 16:58:55,656 [WARN] PackLoader:240 - Cannot read IP mode file for portGmbH.I-Cube-SoM-uGOAL.1.1.0
2026-06-17 16:58:55,660 [WARN] PackLoader:240 - Cannot read IP mode file for STMicroelectronics.X-CUBE-ALS.1.0.1
2026-06-17 16:58:55,677 [WARN] PackLoader:240 - Cannot read IP mode file for STMicroelectronics.X-CUBE-AZRTOS-H7RS.1.0.0
2026-06-17 16:58:55,684 [WARN] PackLoader:240 - Cannot read IP mode file for STMicroelectronics.FP-ATR-ASTRA1.2.0.0
2026-06-17 16:58:55,694 [WARN] PackLoader:240 - Cannot read IP mode file for STMicroelectronics.X-CUBE-TOF1.3.4.2
2026-06-17 16:58:55,712 [WARN] PackLoader:240 - Cannot read IP mode file for STMicroelectronics.X-CUBE-TOF1.3.4.3
2026-06-17 16:58:55,730 [WARN] PackLoader:240 - Cannot read IP mode file for STMicroelectronics.X-CUBE-TOF1.3.4.0
2026-06-17 16:58:55,747 [WARN] PackLoader:240 - Cannot read IP mode file for STMicroelectronics.X-CUBE-TOF1.3.4.1
2026-06-17 16:58:55,775 [WARN] PackLoader:240 - Cannot read IP mode file for STMicroelectronics.X-CUBE-AZRTOS-H7.3.2.0
2026-06-17 16:58:55,783 [WARN] PackLoader:240 - Cannot read IP mode file for wolfSSL.I-CUBE-wolfSSH.1.4.17
2026-06-17 16:58:55,783 [INFO] ThirdParty:978 - Integrity check success = true
2026-06-17 16:58:55,784 [INFO] IntegrityCheckThread:100 - exiting critical section [integrity check]
2026-06-17 16:58:55,784 [INFO] IntegrityCheckThread:103 - End integrity checks thread
2026-06-17 16:58:58,772 [INFO] WebApp:191 - Connection restablished
