2026-06-08 12:04:45,260 [INFO] Activator:176 - 


2026-06-08 12:04:45,273 [INFO] Activator:177 - !SESSION log4j initialized
2026-06-08 12:05:00,358 [INFO] LogOutputStream:77 - [STDOUT_REDIRECT] 
2026-06-08 12:05:02,840 [INFO] ApplicationProperties:184 - Using Application install path: C:\ST\STM32CubeIDE_1.18.1\STM32CubeIDE\plugins\com.st.stm32cube.common.mx_6.14.1.202504091515
2026-06-08 12:05:02,871 [INFO] DbMcusXml:78 - Set database path to: C:\ST\STM32CubeIDE_1.18.1\STM32CubeIDE\plugins\com.st.stm32cube.common.mx_6.14.1.202504091515\\db\/mcu/
2026-06-08 12:05:02,873 [INFO] ApiDb:274 - Set plugin database path to: C:\ST\STM32CubeIDE_1.18.1\STM32CubeIDE\plugins\com.st.stm32cube.common.mx_6.14.1.202504091515\\db\/plugins/boardmanager/
2026-06-08 12:05:02,873 [WARN] ApiDb:259 - Overriding images path with different value:  => C:\ST\STM32CubeIDE_1.18.1\STM32CubeIDE\plugins\com.st.stm32cube.common.mx_6.14.1.202504091515\\db\/plugins/mcufinder/images/
2026-06-08 12:05:02,897 [INFO] ApiDb:250 - Set database path to: C:\Users\furkan\.stmcufinder\plugins\mcufinder//mcu/
2026-06-08 12:05:02,899 [INFO] DbMcusAds:125 - Set database path to: C:\Users\furkan\.stmcufinder\plugins\mcufinder//mcu/
2026-06-08 12:05:02,905 [INFO] CrossReferenceDbSqlite:203 - Set database path to: C:\Users\furkan\.stmcufinder\plugins\mcufinder//mcu/cs/
2026-06-08 12:05:03,227 [INFO] RulesReader:64 - Compatibility file has been processed (302 Rules)
2026-06-08 12:05:03,417 [INFO] DbMcusXml:78 - Set database path to: C:\ST\STM32CubeIDE_1.18.1\STM32CubeIDE\plugins\com.st.stm32cube.common.mx_6.14.1.202504091515\\db\/mcu/
2026-06-08 12:05:03,417 [INFO] ApiDb:274 - Set plugin database path to: C:\ST\STM32CubeIDE_1.18.1\STM32CubeIDE\plugins\com.st.stm32cube.common.mx_6.14.1.202504091515\\db\/plugins/boardmanager/
2026-06-08 12:05:03,418 [INFO] ApiDb:261 - Set plugin images path to: C:\ST\STM32CubeIDE_1.18.1\STM32CubeIDE\plugins\com.st.stm32cube.common.mx_6.14.1.202504091515\\db\/plugins/mcufinder/images/
2026-06-08 12:05:03,420 [WARN] DbFile:41 - Overriding database path with different value: C:\Users\furkan\.stmcufinder\plugins\mcufinder/ => C:\Users\furkan\.stmcufinder\plugins\mcufinder
2026-06-08 12:05:03,420 [INFO] ApiDb:250 - Set database path to: C:\Users\furkan\.stmcufinder\plugins\mcufinder//mcu/
2026-06-08 12:05:03,420 [WARN] DbFile:41 - Overriding database path with different value: C:\Users\furkan\.stmcufinder\plugins\mcufinder/ => C:\Users\furkan\.stmcufinder\plugins\mcufinder
2026-06-08 12:05:03,420 [INFO] DbMcusAds:125 - Set database path to: C:\Users\furkan\.stmcufinder\plugins\mcufinder//mcu/
2026-06-08 12:05:03,420 [WARN] DbFile:41 - Overriding database path with different value: C:\Users\furkan\.stmcufinder\plugins\mcufinder/ => C:\Users\furkan\.stmcufinder\plugins\mcufinder
2026-06-08 12:05:03,421 [WARN] DbFile:41 - Overriding database path with different value: C:\Users\furkan\.stmcufinder\plugins\mcufinder/ => C:\Users\furkan\.stmcufinder\plugins\mcufinder
2026-06-08 12:05:03,421 [INFO] CrossReferenceDbSqlite:203 - Set database path to: C:\Users\furkan\.stmcufinder\plugins\mcufinder//mcu/cs/
2026-06-08 12:05:03,621 [INFO] MainPanel:272 - HeapMemory: 268435456
2026-06-08 12:05:03,849 [INFO] DbMcusXml:78 - Set database path to: C:\ST\STM32CubeIDE_1.18.1\STM32CubeIDE\plugins\com.st.stm32cube.common.mx_6.14.1.202504091515\\db\/mcu/
2026-06-08 12:05:03,849 [INFO] ApiDb:274 - Set plugin database path to: C:\ST\STM32CubeIDE_1.18.1\STM32CubeIDE\plugins\com.st.stm32cube.common.mx_6.14.1.202504091515\\db\/plugins/boardmanager/
2026-06-08 12:05:03,849 [INFO] ApiDb:261 - Set plugin images path to: C:\ST\STM32CubeIDE_1.18.1\STM32CubeIDE\plugins\com.st.stm32cube.common.mx_6.14.1.202504091515\\db\/plugins/mcufinder/images/
2026-06-08 12:05:03,849 [WARN] DbFile:41 - Overriding database path with different value: C:\Users\furkan\.stmcufinder\plugins\mcufinder/ => C:\Users\furkan\.stmcufinder\plugins\mcufinder
2026-06-08 12:05:03,849 [INFO] ApiDb:250 - Set database path to: C:\Users\furkan\.stmcufinder\plugins\mcufinder//mcu/
2026-06-08 12:05:03,849 [WARN] DbFile:41 - Overriding database path with different value: C:\Users\furkan\.stmcufinder\plugins\mcufinder/ => C:\Users\furkan\.stmcufinder\plugins\mcufinder
2026-06-08 12:05:03,849 [INFO] DbMcusAds:125 - Set database path to: C:\Users\furkan\.stmcufinder\plugins\mcufinder//mcu/
2026-06-08 12:05:03,849 [WARN] DbFile:41 - Overriding database path with different value: C:\Users\furkan\.stmcufinder\plugins\mcufinder/ => C:\Users\furkan\.stmcufinder\plugins\mcufinder
2026-06-08 12:05:03,849 [WARN] DbFile:41 - Overriding database path with different value: C:\Users\furkan\.stmcufinder\plugins\mcufinder/ => C:\Users\furkan\.stmcufinder\plugins\mcufinder
2026-06-08 12:05:03,852 [INFO] CrossReferenceDbSqlite:203 - Set database path to: C:\Users\furkan\.stmcufinder\plugins\mcufinder//mcu/cs/
2026-06-08 12:05:03,891 [INFO] ApplicationProperties:184 - Using Application install path: C:\ST\STM32CubeIDE_1.18.1\STM32CubeIDE\plugins\com.st.stm32cube.common.mx_6.14.1.202504091515
2026-06-08 12:05:03,894 [INFO] PluginManage:196 - Search for loadable plugins [exclusion list=, ]
2026-06-08 12:05:03,896 [INFO] PluginManage:310 - Check plugin analytics
2026-06-08 12:05:04,300 [INFO] AnalyticsPlugin:253 - Accepted Software Licenses: 
2026-06-08 12:05:04,300 [INFO] AnalyticsPlugin:255 - Accepted CMSIS Pack Licenses: 
2026-06-08 12:05:04,300 [INFO] AnalyticsPlugin:257 - Accepted Firmware Licenses: FW.F4.1.28.0,FW.F7.1.17.0
2026-06-08 12:05:04,307 [INFO] PluginManage:359 - Loaded plugin analytics (category:tool,tabindex:-1)
2026-06-08 12:05:04,307 [INFO] PluginManage:310 - Check plugin cadmodel
2026-06-08 12:05:04,320 [INFO] CADModel:105 - Init CAD model plugin
2026-06-08 12:05:04,321 [INFO] PluginManage:359 - Loaded plugin cadmodel (category:power,tabindex:5)
2026-06-08 12:05:04,321 [INFO] PluginManage:310 - Check plugin clock
2026-06-08 12:05:04,344 [INFO] PluginManage:359 - Loaded plugin clock (category:base,tabindex:2)
2026-06-08 12:05:04,347 [INFO] PluginManage:310 - Check plugin ddr
2026-06-08 12:05:04,357 [INFO] PluginManage:359 - Loaded plugin ddr (category:tool,tabindex:6)
2026-06-08 12:05:04,358 [INFO] PluginManage:310 - Check plugin filemanager
2026-06-08 12:05:04,792 [INFO] PluginManage:359 - Loaded plugin filemanager (category:base,tabindex:10)
2026-06-08 12:05:04,794 [INFO] PluginManage:310 - Check plugin ipmanager
2026-06-08 12:05:04,803 [INFO] PluginManage:359 - Loaded plugin ipmanager (category:base,tabindex:5)
2026-06-08 12:05:04,803 [INFO] PluginManage:310 - Check plugin lpbam
2026-06-08 12:05:04,825 [INFO] PluginManage:359 - Loaded plugin lpbam (category:base,tabindex:0)
2026-06-08 12:05:04,825 [INFO] PluginManage:310 - Check plugin memorymap
2026-06-08 12:05:04,852 [INFO] PluginManage:359 - Loaded plugin memorymap (category:base,tabindex:4)
2026-06-08 12:05:04,852 [INFO] PluginManage:310 - Check plugin pinoutandconfiguration
2026-06-08 12:05:04,868 [INFO] PluginManage:359 - Loaded plugin pinoutandconfiguration (category:base,tabindex:1)
2026-06-08 12:05:04,875 [INFO] PluginManage:310 - Check plugin pinoutconfig
2026-06-08 12:05:05,079 [WARN] SupportedApi:132 - Cannot load RTOS API schema: s4s-elt-must-match.1: The content of 'definitions' must match (annotation?, (simpleType | complexType)?, (unique | key | keyref)*)). A problem was found starting at: attribute.
2026-06-08 12:05:05,289 [INFO] PluginManage:359 - Loaded plugin pinoutconfig (category:base,tabindex:0)
2026-06-08 12:05:05,289 [INFO] PluginManage:310 - Check plugin power
2026-06-08 12:05:05,308 [INFO] PluginManage:359 - Loaded plugin power (category:power,tabindex:4)
2026-06-08 12:05:05,308 [INFO] PluginManage:310 - Check plugin projectmanager
2026-06-08 12:05:05,337 [INFO] PluginManage:359 - Loaded plugin projectmanager (category:projectmanager,tabindex:4)
2026-06-08 12:05:05,337 [INFO] PluginManage:310 - Check plugin rif
2026-06-08 12:05:05,351 [INFO] PluginManage:359 - Loaded plugin rif (category:base,tabindex:3)
2026-06-08 12:05:05,351 [INFO] PluginManage:310 - Check plugin thirdparty
2026-06-08 12:05:05,766 [WARN] IntegrityCheckThread:84 - waiting for thirdparty lock release [integrity check]
2026-06-08 12:05:05,766 [INFO] PluginManage:359 - Loaded plugin thirdparty (category:base,tabindex:-1)
2026-06-08 12:05:05,766 [INFO] IntegrityCheckThread:86 - entering critical section [integrity check]
2026-06-08 12:05:05,766 [INFO] PluginManage:310 - Check plugin tools
2026-06-08 12:05:05,766 [INFO] ThirdPartyUpdaterWithRetryManager:70 - Updater plugin not ready yet. [1/15]
2026-06-08 12:05:05,772 [INFO] PluginManage:359 - Loaded plugin tools (category:base,tabindex:7)
2026-06-08 12:05:05,772 [INFO] PluginManage:310 - Check plugin tutovideos
2026-06-08 12:05:06,080 [INFO] PluginManage:359 - Loaded plugin tutovideos (category:base,tabindex:-1)
2026-06-08 12:05:06,080 [INFO] PluginManage:310 - Check plugin updater
2026-06-08 12:05:06,122 [INFO] PluginManage:359 - Loaded plugin updater (category:base,tabindex:12)
2026-06-08 12:05:06,123 [INFO] PluginManage:310 - Check plugin userauth
2026-06-08 12:05:06,133 [INFO] UserAuth:118 - Init User Auth plugin
2026-06-08 12:05:06,138 [INFO] PluginManage:359 - Loaded plugin userauth (category:base,tabindex:14)
2026-06-08 12:05:06,139 [INFO] PluginManage:283 - PluginManage : Loaded plugins [18]
2026-06-08 12:05:06,625 [INFO] PinOutPanel:1589 - setPackage(No Configuration,No Configuration)
2026-06-08 12:05:06,911 [INFO] CADModel:165 - CPN selected for project level
2026-06-08 12:05:06,911 [INFO] CADModel:114 - Register for checkConnection events
2026-06-08 12:05:06,951 [INFO] IPUIPlugin:80 - create IPUIPlugin
2026-06-08 12:05:06,953 [INFO] PluginManager:220 - loadIPPluginJar : add adc
2026-06-08 12:05:06,959 [INFO] IPUIPlugin:80 - create IPUIPlugin
2026-06-08 12:05:06,959 [INFO] PluginManager:220 - loadIPPluginJar : add aes
2026-06-08 12:05:06,967 [INFO] IPUIPlugin:80 - create IPUIPlugin
2026-06-08 12:05:06,977 [INFO] PluginManager:220 - loadIPPluginJar : add can
2026-06-08 12:05:06,981 [INFO] IPUIPlugin:80 - create IPUIPlugin
2026-06-08 12:05:06,981 [INFO] PluginManager:220 - loadIPPluginJar : add comp
2026-06-08 12:05:06,989 [INFO] IPUIPlugin:80 - create IPUIPlugin
2026-06-08 12:05:06,991 [INFO] PluginManager:220 - loadIPPluginJar : add cryp
2026-06-08 12:05:06,999 [INFO] IPUIPlugin:80 - create IPUIPlugin
2026-06-08 12:05:07,001 [INFO] PluginManager:220 - loadIPPluginJar : add ddr_ctrl_phy
2026-06-08 12:05:07,007 [INFO] IPUIPlugin:80 - create IPUIPlugin
2026-06-08 12:05:07,007 [INFO] PluginManager:220 - loadIPPluginJar : add dfsdm
2026-06-08 12:05:07,018 [INFO] IPUIPlugin:80 - create IPUIPlugin
2026-06-08 12:05:07,020 [INFO] PluginManager:220 - loadIPPluginJar : add dma
2026-06-08 12:05:07,026 [INFO] IPUIPlugin:80 - create IPUIPlugin
2026-06-08 12:05:07,026 [INFO] PluginManager:220 - loadIPPluginJar : add dma3
2026-06-08 12:05:07,034 [INFO] IPUIPlugin:80 - create IPUIPlugin
2026-06-08 12:05:07,034 [INFO] PluginManager:220 - loadIPPluginJar : add extmemmanager
2026-06-08 12:05:07,038 [INFO] IPUIPlugin:80 - create IPUIPlugin
2026-06-08 12:05:07,038 [INFO] PluginManager:220 - loadIPPluginJar : add fatfs
2026-06-08 12:05:07,046 [INFO] IPUIPlugin:80 - create IPUIPlugin
2026-06-08 12:05:07,048 [INFO] PluginManager:220 - loadIPPluginJar : add fmc
2026-06-08 12:05:07,064 [INFO] IPUIPlugin:80 - create IPUIPlugin
2026-06-08 12:05:07,064 [INFO] PluginManager:220 - loadIPPluginJar : add freertos
2026-06-08 12:05:07,066 [INFO] IPUIPlugin:80 - create IPUIPlugin
2026-06-08 12:05:07,068 [INFO] PluginManager:220 - loadIPPluginJar : add genericplugin
2026-06-08 12:05:07,072 [INFO] IPUIPlugin:80 - create IPUIPlugin
2026-06-08 12:05:07,072 [INFO] PluginManager:220 - loadIPPluginJar : add gfxmmu
2026-06-08 12:05:07,085 [INFO] IPUIPlugin:80 - create IPUIPlugin
2026-06-08 12:05:07,086 [INFO] PluginManager:220 - loadIPPluginJar : add gic
2026-06-08 12:05:07,100 [INFO] IPUIPlugin:80 - create IPUIPlugin
2026-06-08 12:05:07,100 [INFO] PluginManager:220 - loadIPPluginJar : add gpio
2026-06-08 12:05:07,107 [INFO] IPUIPlugin:80 - create IPUIPlugin
2026-06-08 12:05:07,107 [INFO] PluginManager:220 - loadIPPluginJar : add gtzc
2026-06-08 12:05:07,114 [INFO] IPUIPlugin:80 - create IPUIPlugin
2026-06-08 12:05:07,114 [INFO] PluginManager:220 - loadIPPluginJar : add hash
2026-06-08 12:05:07,120 [INFO] IPUIPlugin:80 - create IPUIPlugin
2026-06-08 12:05:07,120 [INFO] PluginManager:220 - loadIPPluginJar : add i2c
2026-06-08 12:05:07,126 [INFO] IPUIPlugin:80 - create IPUIPlugin
2026-06-08 12:05:07,126 [INFO] PluginManager:220 - loadIPPluginJar : add i2s
2026-06-08 12:05:07,133 [INFO] IPUIPlugin:80 - create IPUIPlugin
2026-06-08 12:05:07,133 [INFO] PluginManager:220 - loadIPPluginJar : add i3c
2026-06-08 12:05:07,140 [INFO] IPUIPlugin:80 - create IPUIPlugin
2026-06-08 12:05:07,141 [INFO] PluginManager:220 - loadIPPluginJar : add ipddr
2026-06-08 12:05:07,158 [INFO] IPUIPlugin:80 - create IPUIPlugin
2026-06-08 12:05:07,159 [INFO] PluginManager:220 - loadIPPluginJar : add linkedlist
2026-06-08 12:05:07,167 [INFO] IPUIPlugin:80 - create IPUIPlugin
2026-06-08 12:05:07,167 [INFO] PluginManager:220 - loadIPPluginJar : add lorawan
2026-06-08 12:05:07,169 [INFO] IPUIPlugin:80 - create IPUIPlugin
2026-06-08 12:05:07,169 [INFO] PluginManager:220 - loadIPPluginJar : add ltdc
2026-06-08 12:05:07,202 [INFO] IPUIPlugin:80 - create IPUIPlugin
2026-06-08 12:05:07,203 [INFO] PluginManager:220 - loadIPPluginJar : add mdma
2026-06-08 12:05:07,219 [INFO] IPUIPlugin:80 - create IPUIPlugin
2026-06-08 12:05:07,220 [INFO] PluginManager:220 - loadIPPluginJar : add nvic
2026-06-08 12:05:07,231 [INFO] IPUIPlugin:80 - create IPUIPlugin
2026-06-08 12:05:07,231 [INFO] PluginManager:220 - loadIPPluginJar : add opamp
2026-06-08 12:05:07,239 [INFO] IPUIPlugin:80 - create IPUIPlugin
2026-06-08 12:05:07,239 [INFO] PluginManager:220 - loadIPPluginJar : add openamp
2026-06-08 12:05:07,246 [INFO] IPUIPlugin:80 - create IPUIPlugin
2026-06-08 12:05:07,246 [INFO] PluginManager:220 - loadIPPluginJar : add pdm2pcm
2026-06-08 12:05:07,259 [INFO] IPUIPlugin:80 - create IPUIPlugin
2026-06-08 12:05:07,264 [INFO] PluginManager:220 - loadIPPluginJar : add plateformsettings
2026-06-08 12:05:07,267 [INFO] IPUIPlugin:80 - create IPUIPlugin
2026-06-08 12:05:07,268 [INFO] PluginManager:220 - loadIPPluginJar : add quadspi
2026-06-08 12:05:07,272 [INFO] IPUIPlugin:80 - create IPUIPlugin
2026-06-08 12:05:07,273 [INFO] PluginManager:220 - loadIPPluginJar : add radio
2026-06-08 12:05:07,281 [INFO] IPUIPlugin:80 - create IPUIPlugin
2026-06-08 12:05:07,281 [INFO] PluginManager:220 - loadIPPluginJar : add resmgrutility
2026-06-08 12:05:07,289 [INFO] IPUIPlugin:80 - create IPUIPlugin
2026-06-08 12:05:07,289 [INFO] PluginManager:220 - loadIPPluginJar : add sai
2026-06-08 12:05:07,297 [INFO] IPUIPlugin:80 - create IPUIPlugin
2026-06-08 12:05:07,297 [INFO] PluginManager:220 - loadIPPluginJar : add spi
2026-06-08 12:05:07,311 [INFO] IPUIPlugin:80 - create IPUIPlugin
2026-06-08 12:05:07,311 [INFO] PluginManager:220 - loadIPPluginJar : add stm32_wpan
2026-06-08 12:05:07,316 [INFO] IPUIPlugin:80 - create IPUIPlugin
2026-06-08 12:05:07,316 [INFO] PluginManager:220 - loadIPPluginJar : add tim
2026-06-08 12:05:07,322 [INFO] IPUIPlugin:80 - create IPUIPlugin
2026-06-08 12:05:07,322 [INFO] PluginManager:220 - loadIPPluginJar : add touchsensing
2026-06-08 12:05:07,326 [INFO] IPUIPlugin:80 - create IPUIPlugin
2026-06-08 12:05:07,327 [INFO] PluginManager:220 - loadIPPluginJar : add tracer_emb
2026-06-08 12:05:07,331 [INFO] IPUIPlugin:80 - create IPUIPlugin
2026-06-08 12:05:07,331 [INFO] PluginManager:220 - loadIPPluginJar : add ts
2026-06-08 12:05:07,335 [INFO] IPUIPlugin:80 - create IPUIPlugin
2026-06-08 12:05:07,335 [INFO] PluginManager:220 - loadIPPluginJar : add tsc
2026-06-08 12:05:07,339 [INFO] IPUIPlugin:80 - create IPUIPlugin
2026-06-08 12:05:07,339 [INFO] PluginManager:220 - loadIPPluginJar : add ucpd
2026-06-08 12:05:07,344 [INFO] IPUIPlugin:80 - create IPUIPlugin
2026-06-08 12:05:07,346 [INFO] PluginManager:220 - loadIPPluginJar : add usart
2026-06-08 12:05:07,352 [INFO] IPUIPlugin:80 - create IPUIPlugin
2026-06-08 12:05:07,353 [INFO] PluginManager:220 - loadIPPluginJar : add usbx
2026-06-08 12:05:07,579 [FATAL] Updater:351 - Updater called before beeing initialized
2026-06-08 12:05:07,643 [INFO] RulesReader:64 - Compatibility file has been processed (302 Rules)
2026-06-08 12:05:07,678 [INFO] RulesReader:64 - Compatibility file has been processed (302 Rules)
2026-06-08 12:05:07,712 [INFO] CADModel:165 - CPN selected for project level
2026-06-08 12:05:07,713 [INFO] CADModel:114 - Register for checkConnection events
2026-06-08 12:05:07,713 [FATAL] Updater:351 - Updater called before beeing initialized
2026-06-08 12:05:07,714 [ERROR] CADModel:125 - Updater not yet initialized, retry later 
2026-06-08 12:05:08,018 [FATAL] Updater:351 - Updater called before beeing initialized
2026-06-08 12:05:08,022 [INFO] CADModel:165 - CPN selected for project level
2026-06-08 12:05:08,022 [INFO] CADModel:114 - Register for checkConnection events
2026-06-08 12:05:08,022 [FATAL] Updater:351 - Updater called before beeing initialized
2026-06-08 12:05:08,022 [ERROR] CADModel:125 - Updater not yet initialized, retry later 
2026-06-08 12:05:08,028 [FATAL] Updater:351 - Updater called before beeing initialized
2026-06-08 12:05:08,324 [FATAL] Updater:351 - Updater called before beeing initialized
2026-06-08 12:05:08,333 [INFO] DbMcusAds:53 - JSON generation date=Thu May 28 19:08:17 TRT 2026 (1779984497073)
2026-06-08 12:05:08,334 [FATAL] Updater:351 - Updater called before beeing initialized
2026-06-08 12:05:08,412 [WARN] DetailPanel:346 - Failed to get advertising image, set to default
2026-06-08 12:05:08,771 [INFO] ThirdPartyUpdaterWithRetryManager:70 - Updater plugin not ready yet. [2/15]
2026-06-08 12:05:09,113 [FATAL] Updater:351 - Updater called before beeing initialized
2026-06-08 12:05:09,117 [FATAL] Updater:351 - Updater called before beeing initialized
2026-06-08 12:05:09,118 [FATAL] Updater:351 - Updater called before beeing initialized
2026-06-08 12:05:09,118 [WARN] DetailPanel:346 - Failed to get advertising image, set to default
2026-06-08 12:05:09,119 [FATAL] Updater:351 - Updater called before beeing initialized
2026-06-08 12:05:09,205 [ERROR] Updater:1198 - MainUpdater not yet initialized. External WinMGr cannot be set.
2026-06-08 12:05:09,207 [INFO] Updater:1134 - Updater Version found : 6.14.1
2026-06-08 12:05:09,235 [INFO] ApplicationProperties:184 - Using Application install path: C:\ST\STM32CubeIDE_1.18.1\STM32CubeIDE\plugins\com.st.stm32cube.common.mx_6.14.1.202504091515
2026-06-08 12:05:10,832 [ERROR] LogOutputStream:75 - [STDERR_REDIRECT] Jun 08, 2026 12:05:10 PM java.util.prefs.WindowsPreferences <init>
2026-06-08 12:05:10,834 [ERROR] LogOutputStream:75 - [STDERR_REDIRECT] WARNING: Could not open/create prefs root node Software\JavaSoft\Prefs at root 0xffffffff80000002. Windows RegCreateKeyEx(...) returned error code 5.
2026-06-08 12:05:10,835 [ERROR] LogOutputStream:75 - [STDERR_REDIRECT] 
2026-06-08 12:05:11,529 [INFO] MainUpdater:2872 - connection check result : 10
2026-06-08 12:05:11,531 [INFO] MainUpdater:289 - Updater Check For Update Now.
2026-06-08 12:05:11,531 [INFO] MicroXplorer:498 - Change Database Version : DB.6.0.141
2026-06-08 12:05:11,540 [INFO] McuFinderGlobals:63 - Set McuFinder mode to 2 (CubeIDE integrated)
2026-06-08 12:05:11,541 [INFO] UserAuth:484 - Internet connection configuration mode: 1
2026-06-08 12:05:11,570 [INFO] JxBrowserEngine:152 - Initiate JxBrowser Engine with user profile folder
2026-06-08 12:05:11,779 [WARN] MainUpdater:1193 - Updater busy. Cannot search thirdparties
2026-06-08 12:05:11,779 [INFO] ThirdPartyUpdaterWithRetryManager:96 - Updater plugin is busy. [1/15]
2026-06-08 12:05:11,784 [INFO] CheckServerUpdateThread:120 - End of CheckServer Thread
2026-06-08 12:05:12,922 [INFO] WebApp:169 - Instantiating new browser for Auth
2026-06-08 12:05:13,835 [INFO] WebApp:463 - Apply proxy settings
2026-06-08 12:05:13,837 [INFO] WebApp:548 - Chromium requires no authentication
2026-06-08 12:05:13,849 [INFO] WebApp:491 - Direct internet connection detected
2026-06-08 12:05:13,881 [INFO] WebApp:894 - Register for checkConnection events
2026-06-08 12:05:13,882 [INFO] WebApp:463 - Apply proxy settings
2026-06-08 12:05:13,882 [INFO] WebApp:548 - Chromium requires no authentication
2026-06-08 12:05:13,883 [INFO] WebApp:491 - Direct internet connection detected
2026-06-08 12:05:14,077 [INFO] WebApp:225 - Starting web application
2026-06-08 12:05:14,077 [INFO] WebApp:593 - Web application path used C:\ST\STM32CubeIDE_1.18.1\STM32CubeIDE\plugins\com.st.stm32cube.common.mx_6.14.1.202504091515\db\plugins\mcufinder\reactClient1\index.html
2026-06-08 12:05:14,563 [INFO] UserAuth:484 - Internet connection configuration mode: 1
2026-06-08 12:05:15,410 [INFO] WebApp:191 - Connection restablished
2026-06-08 12:05:15,489 [WARN] PackLoader:240 - Cannot read IP mode file for STMicroelectronics.X-CUBE-AZRTOS-H7.3.5.0
2026-06-08 12:05:15,514 [WARN] PackLoader:240 - Cannot read IP mode file for STMicroelectronics.FP-SNS-MOTENVWB1.1.4.0
2026-06-08 12:05:15,526 [WARN] PackLoader:240 - Cannot read IP mode file for STMicroelectronics.FP-ATR-ASTRA1.2.0.2
2026-06-08 12:05:15,534 [WARN] PackLoader:240 - Cannot read IP mode file for STMicroelectronics.FP-ATR-ASTRA1.2.0.1
2026-06-08 12:05:15,546 [ERROR] Engine:466 - C:\Users\furkan\.stm32cubemx\thirdparties\pdsc\STMicroelectronics.X-CUBE-SMBUS.2.1.1.pdsc: PDSC version is not supported
2026-06-08 12:05:15,556 [WARN] PackLoader:240 - Cannot read IP mode file for STMicroelectronics.X-CUBE-SMBUS.2.1.0
2026-06-08 12:05:15,573 [WARN] PackLoader:240 - Cannot read IP mode file for STMicroelectronics.X-CUBE-WB05N.1.1.0
2026-06-08 12:05:15,585 [WARN] PackLoader:240 - Cannot read IP mode file for STMicroelectronics.X-CUBE-ST60.1.0.0
2026-06-08 12:05:15,597 [WARN] PackLoader:240 - Cannot read IP mode file for STMicroelectronics.X-CUBE-TOUCHGFX.4.23.1
2026-06-08 12:05:15,605 [WARN] PackLoader:240 - Cannot read IP mode file for STMicroelectronics.X-CUBE-TOUCHGFX.4.23.0
2026-06-08 12:05:15,611 [WARN] PackLoader:240 - Cannot read IP mode file for STMicroelectronics.X-CUBE-TOUCHGFX.4.23.2
2026-06-08 12:05:15,690 [WARN] PackLoader:240 - Cannot read IP mode file for STMicroelectronics.X-CUBE-AZRTOS-F7.1.1.0
2026-06-08 12:05:15,714 [WARN] PackLoader:240 - Cannot read IP mode file for STMicroelectronics.FP-SNS-MOTENV1.4.3.2
2026-06-08 12:05:15,866 [WARN] PackLoader:240 - Cannot read IP mode file for STMicroelectronics.X-CUBE-MEMS1.11.0.0
2026-06-08 12:05:16,319 [ERROR] Engine:466 - C:\Users\furkan\.stm32cubemx\thirdparties\pdsc\STMicroelectronics.FP-SNS-MOTENV1.5.1.0.pdsc: PDSC version is not supported
2026-06-08 12:05:16,329 [WARN] PackLoader:240 - Cannot read IP mode file for STMicroelectronics.FP-SNS-FLIGHT1.5.0.2
2026-06-08 12:05:16,388 [WARN] PackLoader:240 - Cannot read IP mode file for STMicroelectronics.X-CUBE-AZRTOS-H7.3.4.0
2026-06-08 12:05:16,407 [WARN] PackLoader:240 - Cannot read IP mode file for STMicroelectronics.X-CUBE-DISPLAY.3.0.0
2026-06-08 12:05:16,425 [WARN] PackLoader:240 - Cannot read IP mode file for STMicroelectronics.X-CUBE-GNSS1.7.1.1
2026-06-08 12:05:16,431 [ERROR] Engine:466 - C:\Users\furkan\.stm32cubemx\thirdparties\pdsc\STMicroelectronics.FP-SNS-MOTENVWB1.1.5.0.pdsc: PDSC version is not supported
2026-06-08 12:05:16,443 [WARN] PackLoader:240 - Cannot read IP mode file for STMicroelectronics.X-CUBE-BLE1.7.0.0
2026-06-08 12:05:16,457 [WARN] PackLoader:240 - Cannot read IP mode file for STMicroelectronics.X-CUBE-NFC10.1.0.0
2026-06-08 12:05:16,480 [WARN] PackLoader:240 - Cannot read IP mode file for STMicroelectronics.X-CUBE-BLEMGR.4.0.0
2026-06-08 12:05:16,514 [WARN] PackLoader:240 - Cannot read IP mode file for STMicroelectronics.X-CUBE-ST60.1.1.0
2026-06-08 12:05:16,532 [WARN] PackLoader:240 - Cannot read IP mode file for emotas.I-CUBE-CANOPEN.1.3.0
2026-06-08 12:05:16,540 [WARN] PackLoader:240 - Cannot read IP mode file for STMicroelectronics.X-CUBE-GNSS1.7.1.0
2026-06-08 12:05:16,557 [WARN] PackLoader:240 - Cannot read IP mode file for STMicroelectronics.X-CUBE-BLEMGR.3.1.0
2026-06-08 12:05:16,571 [ERROR] Engine:466 - C:\Users\furkan\.stm32cubemx\thirdparties\pdsc\STMicroelectronics.FP-SNS-STBOX1.2.1.0.pdsc: PDSC version is not supported
2026-06-08 12:05:16,579 [WARN] PackLoader:240 - Cannot read IP mode file for STMicroelectronics.FP-SNS-SMARTAG2.1.2.0
2026-06-08 12:05:16,587 [WARN] PackLoader:240 - Cannot read IP mode file for STMicroelectronics.FP-SNS-FLIGHT1.5.1.0
2026-06-08 12:05:16,711 [WARN] PackLoader:240 - Cannot read IP mode file for STMicroelectronics.X-CUBE-MEMS1.11.1.0
2026-06-08 12:05:17,067 [INFO] LogOutputStream:77 - [STDOUT_REDIRECT] 1 : Invalid condition id : UX_CORESTACK_Condition cause : null
2026-06-08 12:05:17,068 [INFO] LogOutputStream:77 - [STDOUT_REDIRECT] 1 : Invalid condition id : UX_CORESTACK_Condition cause : null
2026-06-08 12:05:17,070 [INFO] LogOutputStream:77 - [STDOUT_REDIRECT] 1 : Invalid condition id : UX_CORESTACK_Condition cause : null
2026-06-08 12:05:17,072 [INFO] LogOutputStream:77 - [STDOUT_REDIRECT] 1 : Invalid condition id : UX_CORESTACK_Condition cause : null
2026-06-08 12:05:17,074 [INFO] LogOutputStream:77 - [STDOUT_REDIRECT] 1 : Invalid condition id : UX_CORESTACK_Condition cause : null
2026-06-08 12:05:17,099 [WARN] PackLoader:240 - Cannot read IP mode file for STMicroelectronics.X-CUBE-AZRTOS-WL.2.0.0
2026-06-08 12:05:17,108 [WARN] PackLoader:240 - Cannot read IP mode file for STMicroelectronics.FP-SNS-MOTENV1.5.0.0
2026-06-08 12:05:17,170 [WARN] PackLoader:240 - Cannot read IP mode file for STMicroelectronics.X-CUBE-AZRTOS-H7RS.1.2.0
2026-06-08 12:05:17,193 [WARN] PackLoader:240 - Cannot read IP mode file for wolfSSL.I-CUBE-wolfMQTT.1.19.0
2026-06-08 12:05:17,212 [WARN] PackLoader:240 - Cannot read IP mode file for WES.I-CUBE-Cesium.1.3.0
2026-06-08 12:05:17,222 [WARN] PackLoader:240 - Cannot read IP mode file for STMicroelectronics.X-CUBE-BLE2.3.3.0
2026-06-08 12:05:17,276 [WARN] PackLoader:240 - Cannot read IP mode file for STMicroelectronics.X-CUBE-NFC9.1.0.0
2026-06-08 12:05:17,289 [WARN] PackLoader:240 - Cannot read IP mode file for STMicroelectronics.X-CUBE-BLE1.7.1.0
2026-06-08 12:05:17,304 [WARN] PackLoader:240 - Cannot read IP mode file for STMicroelectronics.X-CUBE-TCPP.4.1.0
2026-06-08 12:05:17,325 [ERROR] Engine:466 - C:\Users\furkan\.stm32cubemx\thirdparties\pdsc\STMicroelectronics.X-CUBE-FREERTOS.1.4.0.pdsc: PDSC version is not supported
2026-06-08 12:05:17,340 [WARN] PackLoader:240 - Cannot read IP mode file for STMicroelectronics.X-CUBE-EEPRMA1.5.2.0
2026-06-08 12:05:17,349 [ERROR] Engine:466 - C:\Users\furkan\.stm32cubemx\thirdparties\pdsc\STMicroelectronics.X-CUBE-ST67W61.1.1.0.pdsc: PDSC version is not supported
2026-06-08 12:05:17,358 [WARN] PackLoader:240 - Cannot read IP mode file for STMicroelectronics.X-CUBE-AI.10.1.0
2026-06-08 12:05:17,363 [ERROR] Engine:466 - C:\Users\furkan\.stm32cubemx\thirdparties\pdsc\STMicroelectronics.FP-SNS-STAIOTCFT.1.1.0.pdsc: PDSC version is not supported
2026-06-08 12:05:17,490 [WARN] PackLoader:240 - Cannot read IP mode file for STMicroelectronics.X-CUBE-MEMS1.12.0.0
2026-06-08 12:05:17,709 [WARN] PackLoader:240 - Cannot read IP mode file for STMicroelectronics.X-CUBE-ALGOBUILD.1.3.0
2026-06-08 12:05:17,791 [WARN] PackLoader:240 - Cannot read IP mode file for STMicroelectronics.X-CUBE-AZRTOS-G0.1.1.0
2026-06-08 12:05:17,805 [WARN] PackLoader:240 - Cannot read IP mode file for STMicroelectronics.X-CUBE-SAFEA1.1.2.2
2026-06-08 12:05:17,816 [WARN] PackLoader:240 - Cannot read IP mode file for STMicroelectronics.X-CUBE-NFC4.3.0.0
2026-06-08 12:05:17,835 [WARN] PackLoader:240 - Cannot read IP mode file for EmbeddedOffice.I-CUBE-FS-RTOS.1.0.1
2026-06-08 12:05:17,844 [WARN] PackLoader:240 - Cannot read IP mode file for STMicroelectronics.X-CUBE-WB05N.2.0.0
2026-06-08 12:05:17,859 [WARN] PackLoader:240 - Cannot read IP mode file for STMicroelectronics.X-CUBE-BLEMGR.3.0.0
2026-06-08 12:05:17,871 [WARN] PackLoader:240 - Cannot read IP mode file for STMicroelectronics.X-CUBE-TCPP.4.2.0
2026-06-08 12:05:17,883 [WARN] PackLoader:240 - Cannot read IP mode file for RealThread.X-CUBE-RT-Thread_Nano.4.1.1
2026-06-08 12:05:17,891 [WARN] PackLoader:240 - Cannot read IP mode file for STMicroelectronics.FP-ATR-SIGFOX1.3.2.0
2026-06-08 12:05:17,908 [WARN] ConditionMgr:438 - getConditionDescription Invalid condition id : Cortex-A Device cause : null
2026-06-08 12:05:17,956 [WARN] ConditionMgr:1044 - genDependencies : Invalid condition id : Cortex-A Device cause : null
2026-06-08 12:05:17,957 [WARN] ConditionMgr:1044 - genDependencies : Invalid condition id : Cortex-A Device cause : null
2026-06-08 12:05:17,957 [WARN] ConditionMgr:1044 - genDependencies : Invalid condition id : Cortex-A Device cause : null
2026-06-08 12:05:18,078 [WARN] PackLoader:240 - Cannot read IP mode file for STMicroelectronics.X-CUBE-EEPRMA1.5.1.0
2026-06-08 12:05:18,109 [ERROR] Engine:466 - C:\Users\furkan\.stm32cubemx\thirdparties\pdsc\STMicroelectronics.X-CUBE-FREERTOS.1.5.0.pdsc: PDSC version is not supported
2026-06-08 12:05:18,169 [WARN] PackLoader:240 - Cannot read IP mode file for STMicroelectronics.X-CUBE-NFC6.3.2.0
2026-06-08 12:05:18,246 [WARN] PackLoader:240 - Cannot read IP mode file for STMicroelectronics.X-CUBE-ST67W61.1.0.0
2026-06-08 12:05:18,316 [WARN] PackLoader:240 - Cannot read IP mode file for STMicroelectronics.X-CUBE-AI.10.2.0
2026-06-08 12:05:18,738 [WARN] PackLoader:240 - Cannot read IP mode file for STMicroelectronics.X-CUBE-MEMS1.12.1.0
2026-06-08 12:05:19,229 [WARN] PackLoader:240 - Cannot read IP mode file for SEGGER.I-CUBE-embOS.1.3.1
2026-06-08 12:05:19,301 [WARN] PackLoader:240 - Cannot read IP mode file for STMicroelectronics.X-CUBE-ALGOBUILD.1.4.0
2026-06-08 12:05:19,545 [WARN] PackLoader:240 - Cannot read IP mode file for STMicroelectronics.X-CUBE-MEMS1.11.3.0
2026-06-08 12:05:19,771 [ERROR] LogOutputStream:75 - [STDERR_REDIRECT] 
2026-06-08 12:05:19,772 [ERROR] LogOutputStream:75 - [STDERR_REDIRECT] 
