2026-06-09 05:34:11,397 [INFO] Activator:176 - 


2026-06-09 05:34:11,403 [INFO] Activator:177 - !SESSION log4j initialized
2026-06-09 05:34:20,265 [INFO] LogOutputStream:77 - [STDOUT_REDIRECT] 
2026-06-09 05:34:21,184 [INFO] ApplicationProperties:184 - Using Application install path: C:\ST\STM32CubeIDE_1.18.1\STM32CubeIDE\plugins\com.st.stm32cube.common.mx_6.14.1.202504091515
2026-06-09 05:34:21,200 [INFO] DbMcusXml:78 - Set database path to: C:\ST\STM32CubeIDE_1.18.1\STM32CubeIDE\plugins\com.st.stm32cube.common.mx_6.14.1.202504091515\\db\/mcu/
2026-06-09 05:34:21,201 [INFO] ApiDb:274 - Set plugin database path to: C:\ST\STM32CubeIDE_1.18.1\STM32CubeIDE\plugins\com.st.stm32cube.common.mx_6.14.1.202504091515\\db\/plugins/boardmanager/
2026-06-09 05:34:21,201 [WARN] ApiDb:259 - Overriding images path with different value:  => C:\ST\STM32CubeIDE_1.18.1\STM32CubeIDE\plugins\com.st.stm32cube.common.mx_6.14.1.202504091515\\db\/plugins/mcufinder/images/
2026-06-09 05:34:21,207 [INFO] ApiDb:250 - Set database path to: C:\Users\furkan\.stmcufinder\plugins\mcufinder//mcu/
2026-06-09 05:34:21,208 [INFO] DbMcusAds:125 - Set database path to: C:\Users\furkan\.stmcufinder\plugins\mcufinder//mcu/
2026-06-09 05:34:21,210 [INFO] CrossReferenceDbSqlite:203 - Set database path to: C:\Users\furkan\.stmcufinder\plugins\mcufinder//mcu/cs/
2026-06-09 05:34:21,361 [INFO] RulesReader:64 - Compatibility file has been processed (302 Rules)
2026-06-09 05:34:21,445 [INFO] DbMcusXml:78 - Set database path to: C:\ST\STM32CubeIDE_1.18.1\STM32CubeIDE\plugins\com.st.stm32cube.common.mx_6.14.1.202504091515\\db\/mcu/
2026-06-09 05:34:21,445 [INFO] ApiDb:274 - Set plugin database path to: C:\ST\STM32CubeIDE_1.18.1\STM32CubeIDE\plugins\com.st.stm32cube.common.mx_6.14.1.202504091515\\db\/plugins/boardmanager/
2026-06-09 05:34:21,445 [INFO] ApiDb:261 - Set plugin images path to: C:\ST\STM32CubeIDE_1.18.1\STM32CubeIDE\plugins\com.st.stm32cube.common.mx_6.14.1.202504091515\\db\/plugins/mcufinder/images/
2026-06-09 05:34:21,445 [WARN] DbFile:41 - Overriding database path with different value: C:\Users\furkan\.stmcufinder\plugins\mcufinder/ => C:\Users\furkan\.stmcufinder\plugins\mcufinder
2026-06-09 05:34:21,446 [INFO] ApiDb:250 - Set database path to: C:\Users\furkan\.stmcufinder\plugins\mcufinder//mcu/
2026-06-09 05:34:21,446 [WARN] DbFile:41 - Overriding database path with different value: C:\Users\furkan\.stmcufinder\plugins\mcufinder/ => C:\Users\furkan\.stmcufinder\plugins\mcufinder
2026-06-09 05:34:21,446 [INFO] DbMcusAds:125 - Set database path to: C:\Users\furkan\.stmcufinder\plugins\mcufinder//mcu/
2026-06-09 05:34:21,446 [WARN] DbFile:41 - Overriding database path with different value: C:\Users\furkan\.stmcufinder\plugins\mcufinder/ => C:\Users\furkan\.stmcufinder\plugins\mcufinder
2026-06-09 05:34:21,446 [WARN] DbFile:41 - Overriding database path with different value: C:\Users\furkan\.stmcufinder\plugins\mcufinder/ => C:\Users\furkan\.stmcufinder\plugins\mcufinder
2026-06-09 05:34:21,446 [INFO] CrossReferenceDbSqlite:203 - Set database path to: C:\Users\furkan\.stmcufinder\plugins\mcufinder//mcu/cs/
2026-06-09 05:34:21,518 [INFO] MainPanel:272 - HeapMemory: 268435456
2026-06-09 05:34:21,586 [INFO] DbMcusXml:78 - Set database path to: C:\ST\STM32CubeIDE_1.18.1\STM32CubeIDE\plugins\com.st.stm32cube.common.mx_6.14.1.202504091515\\db\/mcu/
2026-06-09 05:34:21,586 [INFO] ApiDb:274 - Set plugin database path to: C:\ST\STM32CubeIDE_1.18.1\STM32CubeIDE\plugins\com.st.stm32cube.common.mx_6.14.1.202504091515\\db\/plugins/boardmanager/
2026-06-09 05:34:21,586 [INFO] ApiDb:261 - Set plugin images path to: C:\ST\STM32CubeIDE_1.18.1\STM32CubeIDE\plugins\com.st.stm32cube.common.mx_6.14.1.202504091515\\db\/plugins/mcufinder/images/
2026-06-09 05:34:21,586 [WARN] DbFile:41 - Overriding database path with different value: C:\Users\furkan\.stmcufinder\plugins\mcufinder/ => C:\Users\furkan\.stmcufinder\plugins\mcufinder
2026-06-09 05:34:21,586 [INFO] ApiDb:250 - Set database path to: C:\Users\furkan\.stmcufinder\plugins\mcufinder//mcu/
2026-06-09 05:34:21,586 [WARN] DbFile:41 - Overriding database path with different value: C:\Users\furkan\.stmcufinder\plugins\mcufinder/ => C:\Users\furkan\.stmcufinder\plugins\mcufinder
2026-06-09 05:34:21,586 [INFO] DbMcusAds:125 - Set database path to: C:\Users\furkan\.stmcufinder\plugins\mcufinder//mcu/
2026-06-09 05:34:21,586 [WARN] DbFile:41 - Overriding database path with different value: C:\Users\furkan\.stmcufinder\plugins\mcufinder/ => C:\Users\furkan\.stmcufinder\plugins\mcufinder
2026-06-09 05:34:21,587 [WARN] DbFile:41 - Overriding database path with different value: C:\Users\furkan\.stmcufinder\plugins\mcufinder/ => C:\Users\furkan\.stmcufinder\plugins\mcufinder
2026-06-09 05:34:21,587 [INFO] CrossReferenceDbSqlite:203 - Set database path to: C:\Users\furkan\.stmcufinder\plugins\mcufinder//mcu/cs/
2026-06-09 05:34:21,601 [INFO] ApplicationProperties:184 - Using Application install path: C:\ST\STM32CubeIDE_1.18.1\STM32CubeIDE\plugins\com.st.stm32cube.common.mx_6.14.1.202504091515
2026-06-09 05:34:21,602 [INFO] PluginManage:196 - Search for loadable plugins [exclusion list=, ]
2026-06-09 05:34:21,603 [INFO] PluginManage:310 - Check plugin analytics
2026-06-09 05:34:21,773 [INFO] AnalyticsPlugin:253 - Accepted Software Licenses: 
2026-06-09 05:34:21,773 [INFO] AnalyticsPlugin:255 - Accepted CMSIS Pack Licenses: 
2026-06-09 05:34:21,773 [INFO] AnalyticsPlugin:257 - Accepted Firmware Licenses: FW.F4.1.28.0,FW.F7.1.17.0
2026-06-09 05:34:21,777 [INFO] PluginManage:359 - Loaded plugin analytics (category:tool,tabindex:-1)
2026-06-09 05:34:21,777 [INFO] PluginManage:310 - Check plugin cadmodel
2026-06-09 05:34:21,781 [INFO] CADModel:105 - Init CAD model plugin
2026-06-09 05:34:21,782 [INFO] PluginManage:359 - Loaded plugin cadmodel (category:power,tabindex:5)
2026-06-09 05:34:21,782 [INFO] PluginManage:310 - Check plugin clock
2026-06-09 05:34:21,790 [INFO] PluginManage:359 - Loaded plugin clock (category:base,tabindex:2)
2026-06-09 05:34:21,791 [INFO] PluginManage:310 - Check plugin ddr
2026-06-09 05:34:21,792 [INFO] PluginManage:359 - Loaded plugin ddr (category:tool,tabindex:6)
2026-06-09 05:34:21,793 [INFO] PluginManage:310 - Check plugin filemanager
2026-06-09 05:34:21,925 [INFO] PluginManage:359 - Loaded plugin filemanager (category:base,tabindex:10)
2026-06-09 05:34:21,925 [INFO] PluginManage:310 - Check plugin ipmanager
2026-06-09 05:34:21,934 [INFO] PluginManage:359 - Loaded plugin ipmanager (category:base,tabindex:5)
2026-06-09 05:34:21,934 [INFO] PluginManage:310 - Check plugin lpbam
2026-06-09 05:34:21,941 [INFO] PluginManage:359 - Loaded plugin lpbam (category:base,tabindex:0)
2026-06-09 05:34:21,941 [INFO] PluginManage:310 - Check plugin memorymap
2026-06-09 05:34:21,951 [INFO] PluginManage:359 - Loaded plugin memorymap (category:base,tabindex:4)
2026-06-09 05:34:21,951 [INFO] PluginManage:310 - Check plugin pinoutandconfiguration
2026-06-09 05:34:21,959 [INFO] PluginManage:359 - Loaded plugin pinoutandconfiguration (category:base,tabindex:1)
2026-06-09 05:34:21,959 [INFO] PluginManage:310 - Check plugin pinoutconfig
2026-06-09 05:34:22,045 [WARN] SupportedApi:132 - Cannot load RTOS API schema: s4s-elt-must-match.1: The content of 'definitions' must match (annotation?, (simpleType | complexType)?, (unique | key | keyref)*)). A problem was found starting at: attribute.
2026-06-09 05:34:22,172 [INFO] PluginManage:359 - Loaded plugin pinoutconfig (category:base,tabindex:0)
2026-06-09 05:34:22,172 [INFO] PluginManage:310 - Check plugin power
2026-06-09 05:34:22,180 [INFO] PluginManage:359 - Loaded plugin power (category:power,tabindex:4)
2026-06-09 05:34:22,180 [INFO] PluginManage:310 - Check plugin projectmanager
2026-06-09 05:34:22,197 [INFO] PluginManage:359 - Loaded plugin projectmanager (category:projectmanager,tabindex:4)
2026-06-09 05:34:22,197 [INFO] PluginManage:310 - Check plugin rif
2026-06-09 05:34:22,203 [INFO] PluginManage:359 - Loaded plugin rif (category:base,tabindex:3)
2026-06-09 05:34:22,204 [INFO] PluginManage:310 - Check plugin thirdparty
2026-06-09 05:34:22,331 [INFO] PluginManage:359 - Loaded plugin thirdparty (category:base,tabindex:-1)
2026-06-09 05:34:22,331 [WARN] IntegrityCheckThread:84 - waiting for thirdparty lock release [integrity check]
2026-06-09 05:34:22,332 [INFO] PluginManage:310 - Check plugin tools
2026-06-09 05:34:22,332 [INFO] IntegrityCheckThread:86 - entering critical section [integrity check]
2026-06-09 05:34:22,332 [INFO] ThirdPartyUpdaterWithRetryManager:70 - Updater plugin not ready yet. [1/15]
2026-06-09 05:34:22,335 [INFO] PluginManage:359 - Loaded plugin tools (category:base,tabindex:7)
2026-06-09 05:34:22,335 [INFO] PluginManage:310 - Check plugin tutovideos
2026-06-09 05:34:22,486 [INFO] PluginManage:359 - Loaded plugin tutovideos (category:base,tabindex:-1)
2026-06-09 05:34:22,487 [INFO] PluginManage:310 - Check plugin updater
2026-06-09 05:34:22,509 [INFO] PluginManage:359 - Loaded plugin updater (category:base,tabindex:12)
2026-06-09 05:34:22,509 [INFO] PluginManage:310 - Check plugin userauth
2026-06-09 05:34:22,513 [INFO] UserAuth:118 - Init User Auth plugin
2026-06-09 05:34:22,514 [INFO] PluginManage:359 - Loaded plugin userauth (category:base,tabindex:14)
2026-06-09 05:34:22,514 [INFO] PluginManage:283 - PluginManage : Loaded plugins [18]
2026-06-09 05:34:22,708 [INFO] PinOutPanel:1589 - setPackage(No Configuration,No Configuration)
2026-06-09 05:34:22,787 [INFO] CADModel:165 - CPN selected for project level
2026-06-09 05:34:22,788 [INFO] CADModel:114 - Register for checkConnection events
2026-06-09 05:34:22,801 [INFO] IPUIPlugin:80 - create IPUIPlugin
2026-06-09 05:34:22,802 [INFO] PluginManager:220 - loadIPPluginJar : add adc
2026-06-09 05:34:22,804 [INFO] IPUIPlugin:80 - create IPUIPlugin
2026-06-09 05:34:22,804 [INFO] PluginManager:220 - loadIPPluginJar : add aes
2026-06-09 05:34:22,808 [INFO] IPUIPlugin:80 - create IPUIPlugin
2026-06-09 05:34:22,808 [INFO] PluginManager:220 - loadIPPluginJar : add can
2026-06-09 05:34:22,809 [INFO] IPUIPlugin:80 - create IPUIPlugin
2026-06-09 05:34:22,809 [INFO] PluginManager:220 - loadIPPluginJar : add comp
2026-06-09 05:34:22,811 [INFO] IPUIPlugin:80 - create IPUIPlugin
2026-06-09 05:34:22,811 [INFO] PluginManager:220 - loadIPPluginJar : add cryp
2026-06-09 05:34:22,814 [INFO] IPUIPlugin:80 - create IPUIPlugin
2026-06-09 05:34:22,814 [INFO] PluginManager:220 - loadIPPluginJar : add ddr_ctrl_phy
2026-06-09 05:34:22,816 [INFO] IPUIPlugin:80 - create IPUIPlugin
2026-06-09 05:34:22,817 [INFO] PluginManager:220 - loadIPPluginJar : add dfsdm
2026-06-09 05:34:22,822 [INFO] IPUIPlugin:80 - create IPUIPlugin
2026-06-09 05:34:22,823 [INFO] PluginManager:220 - loadIPPluginJar : add dma
2026-06-09 05:34:22,825 [INFO] IPUIPlugin:80 - create IPUIPlugin
2026-06-09 05:34:22,825 [INFO] PluginManager:220 - loadIPPluginJar : add dma3
2026-06-09 05:34:22,828 [INFO] IPUIPlugin:80 - create IPUIPlugin
2026-06-09 05:34:22,828 [INFO] PluginManager:220 - loadIPPluginJar : add extmemmanager
2026-06-09 05:34:22,830 [INFO] IPUIPlugin:80 - create IPUIPlugin
2026-06-09 05:34:22,830 [INFO] PluginManager:220 - loadIPPluginJar : add fatfs
2026-06-09 05:34:22,835 [INFO] IPUIPlugin:80 - create IPUIPlugin
2026-06-09 05:34:22,835 [INFO] PluginManager:220 - loadIPPluginJar : add fmc
2026-06-09 05:34:22,840 [INFO] IPUIPlugin:80 - create IPUIPlugin
2026-06-09 05:34:22,840 [INFO] PluginManager:220 - loadIPPluginJar : add freertos
2026-06-09 05:34:22,842 [INFO] IPUIPlugin:80 - create IPUIPlugin
2026-06-09 05:34:22,842 [INFO] PluginManager:220 - loadIPPluginJar : add genericplugin
2026-06-09 05:34:22,844 [INFO] IPUIPlugin:80 - create IPUIPlugin
2026-06-09 05:34:22,844 [INFO] PluginManager:220 - loadIPPluginJar : add gfxmmu
2026-06-09 05:34:22,850 [INFO] IPUIPlugin:80 - create IPUIPlugin
2026-06-09 05:34:22,850 [INFO] PluginManager:220 - loadIPPluginJar : add gic
2026-06-09 05:34:22,855 [INFO] IPUIPlugin:80 - create IPUIPlugin
2026-06-09 05:34:22,855 [INFO] PluginManager:220 - loadIPPluginJar : add gpio
2026-06-09 05:34:22,857 [INFO] IPUIPlugin:80 - create IPUIPlugin
2026-06-09 05:34:22,857 [INFO] PluginManager:220 - loadIPPluginJar : add gtzc
2026-06-09 05:34:22,859 [INFO] IPUIPlugin:80 - create IPUIPlugin
2026-06-09 05:34:22,859 [INFO] PluginManager:220 - loadIPPluginJar : add hash
2026-06-09 05:34:22,862 [INFO] IPUIPlugin:80 - create IPUIPlugin
2026-06-09 05:34:22,862 [INFO] PluginManager:220 - loadIPPluginJar : add i2c
2026-06-09 05:34:22,864 [INFO] IPUIPlugin:80 - create IPUIPlugin
2026-06-09 05:34:22,864 [INFO] PluginManager:220 - loadIPPluginJar : add i2s
2026-06-09 05:34:22,868 [INFO] IPUIPlugin:80 - create IPUIPlugin
2026-06-09 05:34:22,868 [INFO] PluginManager:220 - loadIPPluginJar : add i3c
2026-06-09 05:34:22,871 [INFO] IPUIPlugin:80 - create IPUIPlugin
2026-06-09 05:34:22,871 [INFO] PluginManager:220 - loadIPPluginJar : add ipddr
2026-06-09 05:34:22,877 [INFO] IPUIPlugin:80 - create IPUIPlugin
2026-06-09 05:34:22,877 [INFO] PluginManager:220 - loadIPPluginJar : add linkedlist
2026-06-09 05:34:22,880 [INFO] IPUIPlugin:80 - create IPUIPlugin
2026-06-09 05:34:22,880 [INFO] PluginManager:220 - loadIPPluginJar : add lorawan
2026-06-09 05:34:22,881 [INFO] IPUIPlugin:80 - create IPUIPlugin
2026-06-09 05:34:22,881 [INFO] PluginManager:220 - loadIPPluginJar : add ltdc
2026-06-09 05:34:22,887 [INFO] IPUIPlugin:80 - create IPUIPlugin
2026-06-09 05:34:22,887 [INFO] PluginManager:220 - loadIPPluginJar : add mdma
2026-06-09 05:34:22,891 [INFO] IPUIPlugin:80 - create IPUIPlugin
2026-06-09 05:34:22,891 [INFO] PluginManager:220 - loadIPPluginJar : add nvic
2026-06-09 05:34:22,894 [INFO] IPUIPlugin:80 - create IPUIPlugin
2026-06-09 05:34:22,895 [INFO] PluginManager:220 - loadIPPluginJar : add opamp
2026-06-09 05:34:22,898 [INFO] IPUIPlugin:80 - create IPUIPlugin
2026-06-09 05:34:22,898 [INFO] PluginManager:220 - loadIPPluginJar : add openamp
2026-06-09 05:34:22,902 [INFO] IPUIPlugin:80 - create IPUIPlugin
2026-06-09 05:34:22,902 [INFO] PluginManager:220 - loadIPPluginJar : add pdm2pcm
2026-06-09 05:34:22,908 [INFO] IPUIPlugin:80 - create IPUIPlugin
2026-06-09 05:34:22,911 [INFO] PluginManager:220 - loadIPPluginJar : add plateformsettings
2026-06-09 05:34:22,913 [INFO] IPUIPlugin:80 - create IPUIPlugin
2026-06-09 05:34:22,913 [INFO] PluginManager:220 - loadIPPluginJar : add quadspi
2026-06-09 05:34:22,915 [INFO] IPUIPlugin:80 - create IPUIPlugin
2026-06-09 05:34:22,916 [INFO] PluginManager:220 - loadIPPluginJar : add radio
2026-06-09 05:34:22,919 [INFO] IPUIPlugin:80 - create IPUIPlugin
2026-06-09 05:34:22,919 [INFO] PluginManager:220 - loadIPPluginJar : add resmgrutility
2026-06-09 05:34:22,922 [INFO] IPUIPlugin:80 - create IPUIPlugin
2026-06-09 05:34:22,923 [INFO] PluginManager:220 - loadIPPluginJar : add sai
2026-06-09 05:34:22,926 [INFO] IPUIPlugin:80 - create IPUIPlugin
2026-06-09 05:34:22,926 [INFO] PluginManager:220 - loadIPPluginJar : add spi
2026-06-09 05:34:22,932 [INFO] IPUIPlugin:80 - create IPUIPlugin
2026-06-09 05:34:22,932 [INFO] PluginManager:220 - loadIPPluginJar : add stm32_wpan
2026-06-09 05:34:22,933 [INFO] IPUIPlugin:80 - create IPUIPlugin
2026-06-09 05:34:22,934 [INFO] PluginManager:220 - loadIPPluginJar : add tim
2026-06-09 05:34:22,937 [INFO] IPUIPlugin:80 - create IPUIPlugin
2026-06-09 05:34:22,937 [INFO] PluginManager:220 - loadIPPluginJar : add touchsensing
2026-06-09 05:34:22,940 [INFO] IPUIPlugin:80 - create IPUIPlugin
2026-06-09 05:34:22,940 [INFO] PluginManager:220 - loadIPPluginJar : add tracer_emb
2026-06-09 05:34:22,942 [INFO] IPUIPlugin:80 - create IPUIPlugin
2026-06-09 05:34:22,942 [INFO] PluginManager:220 - loadIPPluginJar : add ts
2026-06-09 05:34:22,944 [INFO] IPUIPlugin:80 - create IPUIPlugin
2026-06-09 05:34:22,945 [INFO] PluginManager:220 - loadIPPluginJar : add tsc
2026-06-09 05:34:22,946 [INFO] IPUIPlugin:80 - create IPUIPlugin
2026-06-09 05:34:22,947 [INFO] PluginManager:220 - loadIPPluginJar : add ucpd
2026-06-09 05:34:22,949 [INFO] IPUIPlugin:80 - create IPUIPlugin
2026-06-09 05:34:22,949 [INFO] PluginManager:220 - loadIPPluginJar : add usart
2026-06-09 05:34:22,953 [INFO] IPUIPlugin:80 - create IPUIPlugin
2026-06-09 05:34:22,953 [INFO] PluginManager:220 - loadIPPluginJar : add usbx
2026-06-09 05:34:23,089 [FATAL] Updater:351 - Updater called before beeing initialized
2026-06-09 05:34:23,153 [INFO] RulesReader:64 - Compatibility file has been processed (302 Rules)
2026-06-09 05:34:23,163 [INFO] RulesReader:64 - Compatibility file has been processed (302 Rules)
2026-06-09 05:34:23,170 [INFO] CADModel:165 - CPN selected for project level
2026-06-09 05:34:23,170 [INFO] CADModel:114 - Register for checkConnection events
2026-06-09 05:34:23,171 [FATAL] Updater:351 - Updater called before beeing initialized
2026-06-09 05:34:23,171 [ERROR] CADModel:125 - Updater not yet initialized, retry later 
2026-06-09 05:34:23,293 [FATAL] Updater:351 - Updater called before beeing initialized
2026-06-09 05:34:23,296 [INFO] CADModel:165 - CPN selected for project level
2026-06-09 05:34:23,296 [INFO] CADModel:114 - Register for checkConnection events
2026-06-09 05:34:23,296 [FATAL] Updater:351 - Updater called before beeing initialized
2026-06-09 05:34:23,296 [ERROR] CADModel:125 - Updater not yet initialized, retry later 
2026-06-09 05:34:23,299 [FATAL] Updater:351 - Updater called before beeing initialized
2026-06-09 05:34:23,413 [FATAL] Updater:351 - Updater called before beeing initialized
2026-06-09 05:34:23,417 [INFO] DbMcusAds:53 - JSON generation date=Thu May 28 19:08:17 TRT 2026 (1779984497073)
2026-06-09 05:34:23,417 [FATAL] Updater:351 - Updater called before beeing initialized
2026-06-09 05:34:23,456 [WARN] DetailPanel:346 - Failed to get advertising image, set to default
2026-06-09 05:34:23,734 [FATAL] Updater:351 - Updater called before beeing initialized
2026-06-09 05:34:23,735 [FATAL] Updater:351 - Updater called before beeing initialized
2026-06-09 05:34:23,735 [FATAL] Updater:351 - Updater called before beeing initialized
2026-06-09 05:34:23,735 [WARN] DetailPanel:346 - Failed to get advertising image, set to default
2026-06-09 05:34:23,736 [FATAL] Updater:351 - Updater called before beeing initialized
2026-06-09 05:34:23,777 [ERROR] Updater:1198 - MainUpdater not yet initialized. External WinMGr cannot be set.
2026-06-09 05:34:23,778 [INFO] Updater:1134 - Updater Version found : 6.14.1
2026-06-09 05:34:23,794 [INFO] ApplicationProperties:184 - Using Application install path: C:\ST\STM32CubeIDE_1.18.1\STM32CubeIDE\plugins\com.st.stm32cube.common.mx_6.14.1.202504091515
2026-06-09 05:34:25,334 [INFO] ThirdPartyUpdaterWithRetryManager:70 - Updater plugin not ready yet. [2/15]
2026-06-09 05:34:25,362 [ERROR] LogOutputStream:75 - [STDERR_REDIRECT] Jun 09, 2026 5:34:25 AM java.util.prefs.WindowsPreferences <init>
2026-06-09 05:34:25,363 [ERROR] LogOutputStream:75 - [STDERR_REDIRECT] WARNING: Could not open/create prefs root node Software\JavaSoft\Prefs at root 0xffffffff80000002. Windows RegCreateKeyEx(...) returned error code 5.
2026-06-09 05:34:25,363 [ERROR] LogOutputStream:75 - [STDERR_REDIRECT] 
2026-06-09 05:34:25,810 [INFO] MainUpdater:2872 - connection check result : 10
2026-06-09 05:34:25,810 [INFO] MainUpdater:289 - Updater Check For Update Now.
2026-06-09 05:34:25,811 [INFO] MicroXplorer:498 - Change Database Version : DB.6.0.141
2026-06-09 05:34:25,817 [INFO] McuFinderGlobals:63 - Set McuFinder mode to 2 (CubeIDE integrated)
2026-06-09 05:34:25,817 [INFO] UserAuth:484 - Internet connection configuration mode: 1
2026-06-09 05:34:25,835 [INFO] JxBrowserEngine:152 - Initiate JxBrowser Engine with user profile folder
2026-06-09 05:34:26,013 [INFO] CheckServerUpdateThread:120 - End of CheckServer Thread
2026-06-09 05:34:26,370 [INFO] WebApp:169 - Instantiating new browser for Auth
2026-06-09 05:34:27,055 [INFO] WebApp:463 - Apply proxy settings
2026-06-09 05:34:27,055 [INFO] WebApp:548 - Chromium requires no authentication
2026-06-09 05:34:27,069 [INFO] WebApp:491 - Direct internet connection detected
2026-06-09 05:34:27,108 [INFO] WebApp:894 - Register for checkConnection events
2026-06-09 05:34:27,108 [INFO] WebApp:463 - Apply proxy settings
2026-06-09 05:34:27,110 [INFO] WebApp:548 - Chromium requires no authentication
2026-06-09 05:34:27,110 [INFO] WebApp:491 - Direct internet connection detected
2026-06-09 05:34:27,358 [INFO] WebApp:225 - Starting web application
2026-06-09 05:34:27,359 [INFO] WebApp:593 - Web application path used C:\ST\STM32CubeIDE_1.18.1\STM32CubeIDE\plugins\com.st.stm32cube.common.mx_6.14.1.202504091515\db\plugins\mcufinder\reactClient1\index.html
2026-06-09 05:34:27,462 [INFO] UserAuth:484 - Internet connection configuration mode: 1
2026-06-09 05:34:28,622 [INFO] WebApp:191 - Connection restablished
2026-06-09 05:34:28,873 [WARN] PackLoader:240 - Cannot read IP mode file for STMicroelectronics.X-CUBE-AZRTOS-H7.3.5.0
2026-06-09 05:34:28,902 [WARN] PackLoader:240 - Cannot read IP mode file for STMicroelectronics.FP-SNS-MOTENVWB1.1.4.0
2026-06-09 05:34:28,913 [WARN] PackLoader:240 - Cannot read IP mode file for STMicroelectronics.FP-ATR-ASTRA1.2.0.2
2026-06-09 05:34:28,921 [WARN] PackLoader:240 - Cannot read IP mode file for STMicroelectronics.FP-ATR-ASTRA1.2.0.1
2026-06-09 05:34:28,933 [ERROR] Engine:466 - C:\Users\furkan\.stm32cubemx\thirdparties\pdsc\STMicroelectronics.X-CUBE-SMBUS.2.1.1.pdsc: PDSC version is not supported
2026-06-09 05:34:28,940 [WARN] PackLoader:240 - Cannot read IP mode file for STMicroelectronics.X-CUBE-SMBUS.2.1.0
2026-06-09 05:34:28,955 [WARN] PackLoader:240 - Cannot read IP mode file for STMicroelectronics.X-CUBE-WB05N.1.1.0
2026-06-09 05:34:28,968 [WARN] PackLoader:240 - Cannot read IP mode file for STMicroelectronics.X-CUBE-ST60.1.0.0
2026-06-09 05:34:28,979 [WARN] PackLoader:240 - Cannot read IP mode file for STMicroelectronics.X-CUBE-TOUCHGFX.4.23.1
2026-06-09 05:34:28,983 [WARN] PackLoader:240 - Cannot read IP mode file for STMicroelectronics.X-CUBE-TOUCHGFX.4.23.0
2026-06-09 05:34:28,988 [WARN] PackLoader:240 - Cannot read IP mode file for STMicroelectronics.X-CUBE-TOUCHGFX.4.23.2
2026-06-09 05:34:29,042 [WARN] PackLoader:240 - Cannot read IP mode file for STMicroelectronics.X-CUBE-AZRTOS-F7.1.1.0
2026-06-09 05:34:29,077 [WARN] PackLoader:240 - Cannot read IP mode file for STMicroelectronics.FP-SNS-MOTENV1.4.3.2
2026-06-09 05:34:29,194 [WARN] PackLoader:240 - Cannot read IP mode file for STMicroelectronics.X-CUBE-MEMS1.11.0.0
2026-06-09 05:34:29,567 [ERROR] Engine:466 - C:\Users\furkan\.stm32cubemx\thirdparties\pdsc\STMicroelectronics.FP-SNS-MOTENV1.5.1.0.pdsc: PDSC version is not supported
2026-06-09 05:34:29,576 [WARN] PackLoader:240 - Cannot read IP mode file for STMicroelectronics.FP-SNS-FLIGHT1.5.0.2
2026-06-09 05:34:29,639 [WARN] PackLoader:240 - Cannot read IP mode file for STMicroelectronics.X-CUBE-AZRTOS-H7.3.4.0
2026-06-09 05:34:29,660 [WARN] PackLoader:240 - Cannot read IP mode file for STMicroelectronics.X-CUBE-DISPLAY.3.0.0
2026-06-09 05:34:29,681 [WARN] PackLoader:240 - Cannot read IP mode file for STMicroelectronics.X-CUBE-GNSS1.7.1.1
2026-06-09 05:34:29,688 [ERROR] Engine:466 - C:\Users\furkan\.stm32cubemx\thirdparties\pdsc\STMicroelectronics.FP-SNS-MOTENVWB1.1.5.0.pdsc: PDSC version is not supported
2026-06-09 05:34:29,722 [WARN] PackLoader:240 - Cannot read IP mode file for STMicroelectronics.X-CUBE-BLE1.7.0.0
2026-06-09 05:34:29,739 [WARN] PackLoader:240 - Cannot read IP mode file for STMicroelectronics.X-CUBE-NFC10.1.0.0
2026-06-09 05:34:29,763 [WARN] PackLoader:240 - Cannot read IP mode file for STMicroelectronics.X-CUBE-BLEMGR.4.0.0
2026-06-09 05:34:29,776 [WARN] PackLoader:240 - Cannot read IP mode file for STMicroelectronics.X-CUBE-ST60.1.1.0
2026-06-09 05:34:29,788 [WARN] PackLoader:240 - Cannot read IP mode file for emotas.I-CUBE-CANOPEN.1.3.0
2026-06-09 05:34:29,796 [WARN] PackLoader:240 - Cannot read IP mode file for STMicroelectronics.X-CUBE-GNSS1.7.1.0
2026-06-09 05:34:29,814 [WARN] PackLoader:240 - Cannot read IP mode file for STMicroelectronics.X-CUBE-BLEMGR.3.1.0
2026-06-09 05:34:29,833 [ERROR] Engine:466 - C:\Users\furkan\.stm32cubemx\thirdparties\pdsc\STMicroelectronics.FP-SNS-STBOX1.2.1.0.pdsc: PDSC version is not supported
2026-06-09 05:34:29,842 [WARN] PackLoader:240 - Cannot read IP mode file for STMicroelectronics.FP-SNS-SMARTAG2.1.2.0
2026-06-09 05:34:29,849 [WARN] PackLoader:240 - Cannot read IP mode file for STMicroelectronics.FP-SNS-FLIGHT1.5.1.0
2026-06-09 05:34:29,966 [WARN] PackLoader:240 - Cannot read IP mode file for STMicroelectronics.X-CUBE-MEMS1.11.1.0
2026-06-09 05:34:30,273 [INFO] LogOutputStream:77 - [STDOUT_REDIRECT] 1 : Invalid condition id : UX_CORESTACK_Condition cause : null
2026-06-09 05:34:30,274 [INFO] LogOutputStream:77 - [STDOUT_REDIRECT] 1 : Invalid condition id : UX_CORESTACK_Condition cause : null
2026-06-09 05:34:30,277 [INFO] LogOutputStream:77 - [STDOUT_REDIRECT] 1 : Invalid condition id : UX_CORESTACK_Condition cause : null
2026-06-09 05:34:30,280 [INFO] LogOutputStream:77 - [STDOUT_REDIRECT] 1 : Invalid condition id : UX_CORESTACK_Condition cause : null
2026-06-09 05:34:30,282 [INFO] LogOutputStream:77 - [STDOUT_REDIRECT] 1 : Invalid condition id : UX_CORESTACK_Condition cause : null
2026-06-09 05:34:30,287 [WARN] PackLoader:240 - Cannot read IP mode file for STMicroelectronics.X-CUBE-AZRTOS-WL.2.0.0
2026-06-09 05:34:30,296 [WARN] PackLoader:240 - Cannot read IP mode file for STMicroelectronics.FP-SNS-MOTENV1.5.0.0
2026-06-09 05:34:30,335 [WARN] PackLoader:240 - Cannot read IP mode file for STMicroelectronics.X-CUBE-AZRTOS-H7RS.1.2.0
2026-06-09 05:34:30,348 [WARN] PackLoader:240 - Cannot read IP mode file for wolfSSL.I-CUBE-wolfMQTT.1.19.0
2026-06-09 05:34:30,361 [WARN] PackLoader:240 - Cannot read IP mode file for WES.I-CUBE-Cesium.1.3.0
2026-06-09 05:34:30,371 [WARN] PackLoader:240 - Cannot read IP mode file for STMicroelectronics.X-CUBE-BLE2.3.3.0
2026-06-09 05:34:30,418 [WARN] PackLoader:240 - Cannot read IP mode file for STMicroelectronics.X-CUBE-NFC9.1.0.0
2026-06-09 05:34:30,428 [WARN] PackLoader:240 - Cannot read IP mode file for STMicroelectronics.X-CUBE-BLE1.7.1.0
2026-06-09 05:34:30,441 [WARN] PackLoader:240 - Cannot read IP mode file for STMicroelectronics.X-CUBE-TCPP.4.1.0
2026-06-09 05:34:30,447 [ERROR] Engine:466 - C:\Users\furkan\.stm32cubemx\thirdparties\pdsc\STMicroelectronics.X-CUBE-FREERTOS.1.4.0.pdsc: PDSC version is not supported
2026-06-09 05:34:30,458 [WARN] PackLoader:240 - Cannot read IP mode file for STMicroelectronics.X-CUBE-EEPRMA1.5.2.0
2026-06-09 05:34:30,466 [ERROR] Engine:466 - C:\Users\furkan\.stm32cubemx\thirdparties\pdsc\STMicroelectronics.X-CUBE-ST67W61.1.1.0.pdsc: PDSC version is not supported
2026-06-09 05:34:30,473 [WARN] PackLoader:240 - Cannot read IP mode file for STMicroelectronics.X-CUBE-AI.10.1.0
2026-06-09 05:34:30,478 [ERROR] Engine:466 - C:\Users\furkan\.stm32cubemx\thirdparties\pdsc\STMicroelectronics.FP-SNS-STAIOTCFT.1.1.0.pdsc: PDSC version is not supported
2026-06-09 05:34:30,576 [WARN] PackLoader:240 - Cannot read IP mode file for STMicroelectronics.X-CUBE-MEMS1.12.0.0
2026-06-09 05:34:30,762 [WARN] PackLoader:240 - Cannot read IP mode file for STMicroelectronics.X-CUBE-ALGOBUILD.1.3.0
2026-06-09 05:34:30,786 [WARN] PackLoader:240 - Cannot read IP mode file for STMicroelectronics.X-CUBE-AZRTOS-G0.1.1.0
2026-06-09 05:34:30,799 [WARN] PackLoader:240 - Cannot read IP mode file for STMicroelectronics.X-CUBE-SAFEA1.1.2.2
2026-06-09 05:34:30,810 [WARN] PackLoader:240 - Cannot read IP mode file for STMicroelectronics.X-CUBE-NFC4.3.0.0
2026-06-09 05:34:30,829 [WARN] PackLoader:240 - Cannot read IP mode file for EmbeddedOffice.I-CUBE-FS-RTOS.1.0.1
2026-06-09 05:34:30,838 [WARN] PackLoader:240 - Cannot read IP mode file for STMicroelectronics.X-CUBE-WB05N.2.0.0
2026-06-09 05:34:30,855 [WARN] PackLoader:240 - Cannot read IP mode file for STMicroelectronics.X-CUBE-BLEMGR.3.0.0
2026-06-09 05:34:30,865 [WARN] PackLoader:240 - Cannot read IP mode file for STMicroelectronics.X-CUBE-TCPP.4.2.0
2026-06-09 05:34:30,874 [WARN] PackLoader:240 - Cannot read IP mode file for RealThread.X-CUBE-RT-Thread_Nano.4.1.1
2026-06-09 05:34:30,882 [WARN] PackLoader:240 - Cannot read IP mode file for STMicroelectronics.FP-ATR-SIGFOX1.3.2.0
2026-06-09 05:34:30,890 [WARN] ConditionMgr:438 - getConditionDescription Invalid condition id : Cortex-A Device cause : null
2026-06-09 05:34:30,904 [WARN] ConditionMgr:1044 - genDependencies : Invalid condition id : Cortex-A Device cause : null
2026-06-09 05:34:30,904 [WARN] ConditionMgr:1044 - genDependencies : Invalid condition id : Cortex-A Device cause : null
2026-06-09 05:34:30,904 [WARN] ConditionMgr:1044 - genDependencies : Invalid condition id : Cortex-A Device cause : null
2026-06-09 05:34:30,912 [WARN] PackLoader:240 - Cannot read IP mode file for STMicroelectronics.X-CUBE-EEPRMA1.5.1.0
2026-06-09 05:34:30,917 [ERROR] Engine:466 - C:\Users\furkan\.stm32cubemx\thirdparties\pdsc\STMicroelectronics.X-CUBE-FREERTOS.1.5.0.pdsc: PDSC version is not supported
2026-06-09 05:34:30,929 [WARN] PackLoader:240 - Cannot read IP mode file for STMicroelectronics.X-CUBE-NFC6.3.2.0
2026-06-09 05:34:30,943 [WARN] PackLoader:240 - Cannot read IP mode file for STMicroelectronics.X-CUBE-ST67W61.1.0.0
2026-06-09 05:34:30,949 [WARN] PackLoader:240 - Cannot read IP mode file for STMicroelectronics.X-CUBE-AI.10.2.0
2026-06-09 05:34:31,027 [WARN] PackLoader:240 - Cannot read IP mode file for STMicroelectronics.X-CUBE-MEMS1.12.1.0
2026-06-09 05:34:31,218 [WARN] PackLoader:240 - Cannot read IP mode file for SEGGER.I-CUBE-embOS.1.3.1
2026-06-09 05:34:31,290 [WARN] PackLoader:240 - Cannot read IP mode file for STMicroelectronics.X-CUBE-ALGOBUILD.1.4.0
2026-06-09 05:34:31,402 [WARN] PackLoader:240 - Cannot read IP mode file for STMicroelectronics.X-CUBE-MEMS1.11.3.0
2026-06-09 05:34:31,598 [WARN] PackLoader:240 - Cannot read IP mode file for STMicroelectronics.X-CUBE-AI.9.1.0
2026-06-09 05:34:31,604 [WARN] PackLoader:240 - Cannot read IP mode file for STMicroelectronics.X-CUBE-PM33A1.1.0.0
2026-06-09 05:34:31,610 [WARN] PackLoader:240 - Cannot read IP mode file for STMicroelectronics.X-CUBE-GNSS1.6.0.0
2026-06-09 05:34:31,634 [WARN] PackLoader:240 - Cannot read IP mode file for STMicroelectronics.X-CUBE-AZRTOS-F4.1.1.0
2026-06-09 05:34:31,642 [WARN] PackLoader:240 - Cannot read IP mode file for Avnet-IotConnect.X-CUBE-IoTC-DA16k-PMOD.1.0.0
2026-06-09 05:34:31,647 [WARN] PackLoader:240 - Cannot read IP mode file for STMicroelectronics.X-CUBE-ISPU.2.1.0
2026-06-09 05:34:31,654 [ERROR] Engine:466 - C:\Users\furkan\.stm32cubemx\thirdparties\pdsc\STMicroelectronics.X-CUBE-IPS.3.2.0.pdsc: PDSC version is not supported
2026-06-09 05:34:31,659 [WARN] PackLoader:240 - Cannot read IP mode file for STMicroelectronics.eDS-WB_DPC_TT-BIDIR.2.1.1
2026-06-09 05:34:31,666 [WARN] PackLoader:240 - Cannot read IP mode file for STMicroelectronics.X-CUBE-FREERTOS.1.2.0
2026-06-09 05:34:31,672 [WARN] PackLoader:240 - Cannot read IP mode file for wolfSSL.I-CUBE-wolfSSL.5.6.6
2026-06-09 05:34:31,680 [WARN] PackLoader:240 - Cannot read IP mode file for STMicroelectronics.X-CUBE-NFC12.1.0.0
2026-06-09 05:34:31,702 [WARN] PackLoader:240 - Cannot read IP mode file for STMicroelectronics.X-CUBE-AZRTOS-L5.2.0.0
2026-06-09 05:34:31,712 [WARN] PackLoader:240 - Cannot read IP mode file for STMicroelectronics.X-CUBE-NFC6.3.1.0
2026-06-09 05:34:31,722 [WARN] PackLoader:240 - Cannot read IP mode file for ITTIA_DB.I-CUBE-ITTIADB.8.8.0
2026-06-09 05:34:31,729 [WARN] PackLoader:240 - Cannot read IP mode file for STMicroelectronics.X-CUBE-ALGOBUILD.1.5.0
2026-06-09 05:34:31,736 [WARN] PackLoader:240 - Cannot read IP mode file for STMicroelectronics.X-CUBE-DPower.1.2.0
2026-06-09 05:34:31,742 [WARN] PackLoader:240 - Cannot read IP mode file for STMicroelectronics.eDS-WB_DPC_VIENNA.1.2.0
2026-06-09 05:34:31,747 [WARN] PackLoader:240 - Cannot read IP mode file for STMicroelectronics.eDS-WB_DPC_3PH2L-BIDIR.1.1.1
2026-06-09 05:34:31,750 [WARN] PackLoader:240 - Cannot read IP mode file for STMicroelectronics.X-CUBE-AI.9.0.0
2026-06-09 05:34:31,753 [ERROR] Engine:466 - C:\Users\furkan\.stm32cubemx\thirdparties\pdsc\STMicroelectronics.X-CUBE-ST67W61.1.3.0.pdsc: PDSC version is not supported
2026-06-09 05:34:31,757 [WARN] PackLoader:240 - Cannot read IP mode file for STMicroelectronics.X-CUBE-FREERTOS.1.3.1
2026-06-09 05:34:31,762 [WARN] PackLoader:240 - Cannot read IP mode file for STMicroelectronics.X-CUBE-FREERTOS.1.3.0
2026-06-09 05:34:31,768 [WARN] PackLoader:240 - Cannot read IP mode file for STMicroelectronics.X-CUBE-NFC7.1.0.1
2026-06-09 05:34:31,775 [WARN] PackLoader:240 - Cannot read IP mode file for wolfSSL.I-CUBE-wolfTPM.3.2.0
2026-06-09 05:34:31,778 [WARN] PackLoader:240 - Cannot read IP mode file for STMicroelectronics.X-CUBE-TOUCHGFX.4.26.0
2026-06-09 05:34:31,786 [WARN] PackLoader:240 - Cannot read IP mode file for STMicroelectronics.X-CUBE-NFC6.3.0.0
2026-06-09 05:34:31,791 [WARN] PackLoader:240 - Cannot read IP mode file for STMicroelectronics.X-CUBE-TOUCHGFX.4.26.1
2026-06-09 05:34:31,798 [WARN] PackLoader:240 - Cannot read IP mode file for STMicroelectronics.FP-SNS-STAIOTCFT.1.0.0
2026-06-09 05:34:31,804 [WARN] PackLoader:240 - Cannot read IP mode file for STMicroelectronics.X-CUBE-DPower.1.3.0
2026-06-09 05:34:31,808 [WARN] PackLoader:240 - Cannot read IP mode file for STMicroelectronics.X-CUBE-AI.8.1.0
2026-06-09 05:34:31,828 [WARN] ConditionMgr:438 - getConditionDescription Invalid condition id : LAN8742 Phy interface Condition cause : null
2026-06-09 05:34:31,829 [WARN] PackLoader:240 - Cannot read IP mode file for STMicroelectronics.X-CUBE-AZRTOS-L4.2.0.0
2026-06-09 05:34:31,830 [WARN] ConditionMgr:1044 - genDependencies : Invalid condition id : LAN8742 Phy interface Condition cause : null
2026-06-09 05:34:31,831 [WARN] ConditionMgr:1044 - genDependencies : Invalid condition id : LAN8742 Phy interface Condition cause : null
2026-06-09 05:34:31,832 [WARN] ConditionMgr:1044 - genDependencies : Invalid condition id : LAN8742 Phy interface Condition cause : null
2026-06-09 05:34:31,841 [WARN] PackLoader:240 - Cannot read IP mode file for STMicroelectronics.X-CUBE-SFXS2LP1.4.0.0
2026-06-09 05:34:31,847 [WARN] PackLoader:240 - Cannot read IP mode file for STMicroelectronics.X-CUBE-WB05N.2.1.0
2026-06-09 05:34:31,851 [ERROR] Engine:466 - C:\Users\furkan\.stm32cubemx\thirdparties\pdsc\STMicroelectronics.X-CUBE-ST67W61.1.2.0.pdsc: PDSC version is not supported
2026-06-09 05:34:31,872 [WARN] PackLoader:240 - Cannot read IP mode file for STMicroelectronics.X-CUBE-AZRTOS-H7.3.3.0
2026-06-09 05:34:31,886 [WARN] PackLoader:240 - Cannot read IP mode file for STMicroelectronics.X-CUBE-BLEMGR.4.1.0
2026-06-09 05:34:31,902 [WARN] PackLoader:240 - Cannot read IP mode file for STMicroelectronics.X-CUBE-IPS.3.0.0
2026-06-09 05:34:31,923 [WARN] ConditionMgr:438 - getConditionDescription Invalid condition id : UX DEVICE CLASS RTOS Condition cause : null
2026-06-09 05:34:31,924 [WARN] ConditionMgr:438 - getConditionDescription Invalid condition id : UX DEVICE CLASS RTOS Condition cause : null
2026-06-09 05:34:31,926 [WARN] PackLoader:240 - Cannot read IP mode file for STMicroelectronics.X-CUBE-AZRTOS-WB.2.0.0
2026-06-09 05:34:31,927 [WARN] ConditionMgr:1044 - genDependencies : Invalid condition id : UX DEVICE CLASS RTOS Condition cause : null
2026-06-09 05:34:31,927 [WARN] ConditionMgr:1044 - genDependencies : Invalid condition id : UX DEVICE CLASS RTOS Condition cause : null
2026-06-09 05:34:31,928 [WARN] ConditionMgr:1044 - genDependencies : Invalid condition id : UX DEVICE CLASS RTOS Condition cause : null
2026-06-09 05:34:31,928 [WARN] ConditionMgr:1044 - genDependencies : Invalid condition id : UX DEVICE CLASS RTOS Condition cause : null
2026-06-09 05:34:31,928 [WARN] ConditionMgr:1044 - genDependencies : Invalid condition id : UX DEVICE CLASS RTOS Condition cause : null
2026-06-09 05:34:31,934 [WARN] PackLoader:240 - Cannot read IP mode file for STMicroelectronics.X-CUBE-GNSS1.7.0.0
2026-06-09 05:34:31,939 [WARN] PackLoader:240 - Cannot read IP mode file for STMicroelectronics.X-CUBE-GNSS1.7.0.1
2026-06-09 05:34:31,943 [WARN] PackLoader:240 - Cannot read IP mode file for STMicroelectronics.X-CUBE-TOUCHGFX.4.25.0
2026-06-09 05:34:31,951 [WARN] PackLoader:240 - Cannot read IP mode file for STMicroelectronics.FP-SNS-STBOX1.2.0.0
2026-06-09 05:34:31,963 [WARN] PackLoader:240 - Cannot read IP mode file for STMicroelectronics.X-CUBE-STSE01.2.0.0
2026-06-09 05:34:31,976 [WARN] PackLoader:240 - Cannot read IP mode file for STMicroelectronics.X-CUBE-SUBG2.5.0.0
2026-06-09 05:34:32,011 [WARN] PackLoader:240 - Cannot read IP mode file for STMicroelectronics.X-CUBE-AZRTOS-H7RS.1.1.0
2026-06-09 05:34:32,021 [WARN] PackLoader:240 - Cannot read IP mode file for Cesanta.I-CUBE-Mongoose.7.13.0
2026-06-09 05:34:32,035 [WARN] PackLoader:240 - Cannot read IP mode file for STMicroelectronics.X-CUBE-AZRTOS-G4.2.0.0
2026-06-09 05:34:32,051 [WARN] PackLoader:240 - Cannot read IP mode file for Infineon.AIROC-Wi-Fi-Bluetooth-STM32.1.5.1
2026-06-09 05:34:32,059 [WARN] PackLoader:240 - Cannot read IP mode file for STMicroelectronics.X-CUBE-NFC7.2.0.0
2026-06-09 05:34:32,064 [WARN] PackLoader:240 - Cannot read IP mode file for STMicroelectronics.FP-SNS-MOTENVWB1.1.3.1
2026-06-09 05:34:32,068 [WARN] PackLoader:240 - Cannot read IP mode file for STMicroelectronics.X-CUBE-ISPU.2.0.0
2026-06-09 05:34:32,080 [WARN] PackLoader:240 - Cannot read IP mode file for STMicroelectronics.X-CUBE-IPS.3.1.0
2026-06-09 05:34:32,090 [WARN] PackLoader:240 - Cannot read IP mode file for STMicroelectronics.X-CUBE-ALS.1.0.2
2026-06-09 05:34:32,135 [WARN] PackLoader:240 - Cannot read IP mode file for STMicroelectronics.X-CUBE-MEMS1.10.0.0
2026-06-09 05:34:32,252 [WARN] PackLoader:240 - Cannot read IP mode file for STMicroelectronics.X-CUBE-FREERTOS.1.1.0
2026-06-09 05:34:32,255 [WARN] PackLoader:240 - Cannot read IP mode file for STMicroelectronics.X-CUBE-TOUCHGFX.4.24.0
2026-06-09 05:34:32,259 [WARN] PackLoader:240 - Cannot read IP mode file for STMicroelectronics.X-CUBE-TOUCHGFX.4.24.1
2026-06-09 05:34:32,268 [WARN] PackLoader:240 - Cannot read IP mode file for STMicroelectronics.X-CUBE-STSE01.1.0.0
2026-06-09 05:34:32,280 [WARN] PackLoader:240 - Cannot read IP mode file for portGmbH.I-Cube-SoM-uGOAL.1.1.0
2026-06-09 05:34:32,286 [WARN] PackLoader:240 - Cannot read IP mode file for STMicroelectronics.X-CUBE-ALS.1.0.1
2026-06-09 05:34:32,308 [WARN] PackLoader:240 - Cannot read IP mode file for STMicroelectronics.X-CUBE-AZRTOS-H7RS.1.0.0
2026-06-09 05:34:32,315 [WARN] PackLoader:240 - Cannot read IP mode file for STMicroelectronics.FP-ATR-ASTRA1.2.0.0
2026-06-09 05:34:32,326 [WARN] PackLoader:240 - Cannot read IP mode file for STMicroelectronics.X-CUBE-TOF1.3.4.2
2026-06-09 05:34:32,348 [WARN] PackLoader:240 - Cannot read IP mode file for STMicroelectronics.X-CUBE-TOF1.3.4.3
2026-06-09 05:34:32,371 [WARN] PackLoader:240 - Cannot read IP mode file for STMicroelectronics.X-CUBE-TOF1.3.4.0
2026-06-09 05:34:32,393 [WARN] PackLoader:240 - Cannot read IP mode file for STMicroelectronics.X-CUBE-TOF1.3.4.1
2026-06-09 05:34:32,421 [WARN] PackLoader:240 - Cannot read IP mode file for STMicroelectronics.X-CUBE-AZRTOS-H7.3.2.0
2026-06-09 05:34:32,430 [WARN] PackLoader:240 - Cannot read IP mode file for wolfSSL.I-CUBE-wolfSSH.1.4.17
2026-06-09 05:34:32,431 [INFO] ThirdParty:978 - Integrity check success = true
2026-06-09 05:34:32,431 [INFO] IntegrityCheckThread:100 - exiting critical section [integrity check]
2026-06-09 05:34:32,431 [INFO] IntegrityCheckThread:103 - End integrity checks thread
2026-06-09 20:08:16,974 [INFO] WebApp:194 - Connection lost
2026-06-09 20:08:20,706 [INFO] WebApp:191 - Connection restablished
2026-06-09 20:08:22,324 [INFO] WebApp:194 - Connection lost
2026-06-09 20:08:22,506 [INFO] WebApp:191 - Connection restablished
2026-06-09 20:50:00,275 [INFO] WebApp:194 - Connection lost
2026-06-09 20:50:05,825 [INFO] WebApp:191 - Connection restablished
2026-06-09 21:30:35,137 [ERROR] LogOutputStream:75 - [STDERR_REDIRECT] 
