2026-06-14 10:51:17,204 [INFO] Activator:176 - 


2026-06-14 10:51:17,218 [INFO] Activator:177 - !SESSION log4j initialized
2026-06-14 10:51:30,588 [INFO] LogOutputStream:77 - [STDOUT_REDIRECT] 
2026-06-14 10:51:32,123 [INFO] ApplicationProperties:184 - Using Application install path: C:\ST\STM32CubeIDE_1.18.1\STM32CubeIDE\plugins\com.st.stm32cube.common.mx_6.14.1.202504091515
2026-06-14 10:51:32,148 [INFO] DbMcusXml:78 - Set database path to: C:\ST\STM32CubeIDE_1.18.1\STM32CubeIDE\plugins\com.st.stm32cube.common.mx_6.14.1.202504091515\\db\/mcu/
2026-06-14 10:51:32,148 [INFO] ApiDb:274 - Set plugin database path to: C:\ST\STM32CubeIDE_1.18.1\STM32CubeIDE\plugins\com.st.stm32cube.common.mx_6.14.1.202504091515\\db\/plugins/boardmanager/
2026-06-14 10:51:32,148 [WARN] ApiDb:259 - Overriding images path with different value:  => C:\ST\STM32CubeIDE_1.18.1\STM32CubeIDE\plugins\com.st.stm32cube.common.mx_6.14.1.202504091515\\db\/plugins/mcufinder/images/
2026-06-14 10:51:32,167 [INFO] ApiDb:250 - Set database path to: C:\Users\furkan\.stmcufinder\plugins\mcufinder//mcu/
2026-06-14 10:51:32,169 [INFO] DbMcusAds:125 - Set database path to: C:\Users\furkan\.stmcufinder\plugins\mcufinder//mcu/
2026-06-14 10:51:32,173 [INFO] CrossReferenceDbSqlite:203 - Set database path to: C:\Users\furkan\.stmcufinder\plugins\mcufinder//mcu/cs/
2026-06-14 10:51:32,573 [INFO] RulesReader:64 - Compatibility file has been processed (302 Rules)
2026-06-14 10:51:32,826 [INFO] DbMcusXml:78 - Set database path to: C:\ST\STM32CubeIDE_1.18.1\STM32CubeIDE\plugins\com.st.stm32cube.common.mx_6.14.1.202504091515\\db\/mcu/
2026-06-14 10:51:32,826 [INFO] ApiDb:274 - Set plugin database path to: C:\ST\STM32CubeIDE_1.18.1\STM32CubeIDE\plugins\com.st.stm32cube.common.mx_6.14.1.202504091515\\db\/plugins/boardmanager/
2026-06-14 10:51:32,826 [INFO] ApiDb:261 - Set plugin images path to: C:\ST\STM32CubeIDE_1.18.1\STM32CubeIDE\plugins\com.st.stm32cube.common.mx_6.14.1.202504091515\\db\/plugins/mcufinder/images/
2026-06-14 10:51:32,827 [WARN] DbFile:41 - Overriding database path with different value: C:\Users\furkan\.stmcufinder\plugins\mcufinder/ => C:\Users\furkan\.stmcufinder\plugins\mcufinder
2026-06-14 10:51:32,827 [INFO] ApiDb:250 - Set database path to: C:\Users\furkan\.stmcufinder\plugins\mcufinder//mcu/
2026-06-14 10:51:32,827 [WARN] DbFile:41 - Overriding database path with different value: C:\Users\furkan\.stmcufinder\plugins\mcufinder/ => C:\Users\furkan\.stmcufinder\plugins\mcufinder
2026-06-14 10:51:32,829 [INFO] DbMcusAds:125 - Set database path to: C:\Users\furkan\.stmcufinder\plugins\mcufinder//mcu/
2026-06-14 10:51:32,829 [WARN] DbFile:41 - Overriding database path with different value: C:\Users\furkan\.stmcufinder\plugins\mcufinder/ => C:\Users\furkan\.stmcufinder\plugins\mcufinder
2026-06-14 10:51:32,829 [WARN] DbFile:41 - Overriding database path with different value: C:\Users\furkan\.stmcufinder\plugins\mcufinder/ => C:\Users\furkan\.stmcufinder\plugins\mcufinder
2026-06-14 10:51:32,829 [INFO] CrossReferenceDbSqlite:203 - Set database path to: C:\Users\furkan\.stmcufinder\plugins\mcufinder//mcu/cs/
2026-06-14 10:51:32,962 [INFO] MainPanel:272 - HeapMemory: 268435456
2026-06-14 10:51:33,305 [INFO] DbMcusXml:78 - Set database path to: C:\ST\STM32CubeIDE_1.18.1\STM32CubeIDE\plugins\com.st.stm32cube.common.mx_6.14.1.202504091515\\db\/mcu/
2026-06-14 10:51:33,305 [INFO] ApiDb:274 - Set plugin database path to: C:\ST\STM32CubeIDE_1.18.1\STM32CubeIDE\plugins\com.st.stm32cube.common.mx_6.14.1.202504091515\\db\/plugins/boardmanager/
2026-06-14 10:51:33,305 [INFO] ApiDb:261 - Set plugin images path to: C:\ST\STM32CubeIDE_1.18.1\STM32CubeIDE\plugins\com.st.stm32cube.common.mx_6.14.1.202504091515\\db\/plugins/mcufinder/images/
2026-06-14 10:51:33,305 [WARN] DbFile:41 - Overriding database path with different value: C:\Users\furkan\.stmcufinder\plugins\mcufinder/ => C:\Users\furkan\.stmcufinder\plugins\mcufinder
2026-06-14 10:51:33,305 [INFO] ApiDb:250 - Set database path to: C:\Users\furkan\.stmcufinder\plugins\mcufinder//mcu/
2026-06-14 10:51:33,307 [WARN] DbFile:41 - Overriding database path with different value: C:\Users\furkan\.stmcufinder\plugins\mcufinder/ => C:\Users\furkan\.stmcufinder\plugins\mcufinder
2026-06-14 10:51:33,307 [INFO] DbMcusAds:125 - Set database path to: C:\Users\furkan\.stmcufinder\plugins\mcufinder//mcu/
2026-06-14 10:51:33,307 [WARN] DbFile:41 - Overriding database path with different value: C:\Users\furkan\.stmcufinder\plugins\mcufinder/ => C:\Users\furkan\.stmcufinder\plugins\mcufinder
2026-06-14 10:51:33,307 [WARN] DbFile:41 - Overriding database path with different value: C:\Users\furkan\.stmcufinder\plugins\mcufinder/ => C:\Users\furkan\.stmcufinder\plugins\mcufinder
2026-06-14 10:51:33,307 [INFO] CrossReferenceDbSqlite:203 - Set database path to: C:\Users\furkan\.stmcufinder\plugins\mcufinder//mcu/cs/
2026-06-14 10:51:33,333 [INFO] ApplicationProperties:184 - Using Application install path: C:\ST\STM32CubeIDE_1.18.1\STM32CubeIDE\plugins\com.st.stm32cube.common.mx_6.14.1.202504091515
2026-06-14 10:51:33,335 [INFO] PluginManage:196 - Search for loadable plugins [exclusion list=, ]
2026-06-14 10:51:33,337 [INFO] PluginManage:310 - Check plugin analytics
2026-06-14 10:51:33,692 [INFO] AnalyticsPlugin:253 - Accepted Software Licenses: 
2026-06-14 10:51:33,693 [INFO] AnalyticsPlugin:255 - Accepted CMSIS Pack Licenses: 
2026-06-14 10:51:33,695 [INFO] AnalyticsPlugin:257 - Accepted Firmware Licenses: FW.F4.1.28.0,FW.F7.1.17.0
2026-06-14 10:51:33,707 [INFO] PluginManage:359 - Loaded plugin analytics (category:tool,tabindex:-1)
2026-06-14 10:51:33,707 [INFO] PluginManage:310 - Check plugin cadmodel
2026-06-14 10:51:33,718 [INFO] CADModel:105 - Init CAD model plugin
2026-06-14 10:51:33,719 [INFO] PluginManage:359 - Loaded plugin cadmodel (category:power,tabindex:5)
2026-06-14 10:51:33,719 [INFO] PluginManage:310 - Check plugin clock
2026-06-14 10:51:33,742 [INFO] PluginManage:359 - Loaded plugin clock (category:base,tabindex:2)
2026-06-14 10:51:33,742 [INFO] PluginManage:310 - Check plugin ddr
2026-06-14 10:51:33,749 [INFO] PluginManage:359 - Loaded plugin ddr (category:tool,tabindex:6)
2026-06-14 10:51:33,749 [INFO] PluginManage:310 - Check plugin filemanager
2026-06-14 10:51:34,044 [INFO] PluginManage:359 - Loaded plugin filemanager (category:base,tabindex:10)
2026-06-14 10:51:34,044 [INFO] PluginManage:310 - Check plugin ipmanager
2026-06-14 10:51:34,056 [INFO] PluginManage:359 - Loaded plugin ipmanager (category:base,tabindex:5)
2026-06-14 10:51:34,056 [INFO] PluginManage:310 - Check plugin lpbam
2026-06-14 10:51:34,071 [INFO] PluginManage:359 - Loaded plugin lpbam (category:base,tabindex:0)
2026-06-14 10:51:34,072 [INFO] PluginManage:310 - Check plugin memorymap
2026-06-14 10:51:34,095 [INFO] PluginManage:359 - Loaded plugin memorymap (category:base,tabindex:4)
2026-06-14 10:51:34,095 [INFO] PluginManage:310 - Check plugin pinoutandconfiguration
2026-06-14 10:51:34,107 [INFO] PluginManage:359 - Loaded plugin pinoutandconfiguration (category:base,tabindex:1)
2026-06-14 10:51:34,107 [INFO] PluginManage:310 - Check plugin pinoutconfig
2026-06-14 10:51:34,260 [WARN] SupportedApi:132 - Cannot load RTOS API schema: s4s-elt-must-match.1: The content of 'definitions' must match (annotation?, (simpleType | complexType)?, (unique | key | keyref)*)). A problem was found starting at: attribute.
2026-06-14 10:51:34,504 [INFO] PluginManage:359 - Loaded plugin pinoutconfig (category:base,tabindex:0)
2026-06-14 10:51:34,506 [INFO] PluginManage:310 - Check plugin power
2026-06-14 10:51:34,538 [INFO] PluginManage:359 - Loaded plugin power (category:power,tabindex:4)
2026-06-14 10:51:34,538 [INFO] PluginManage:310 - Check plugin projectmanager
2026-06-14 10:51:34,569 [INFO] PluginManage:359 - Loaded plugin projectmanager (category:projectmanager,tabindex:4)
2026-06-14 10:51:34,569 [INFO] PluginManage:310 - Check plugin rif
2026-06-14 10:51:34,580 [INFO] PluginManage:359 - Loaded plugin rif (category:base,tabindex:3)
2026-06-14 10:51:34,581 [INFO] PluginManage:310 - Check plugin thirdparty
2026-06-14 10:51:34,899 [WARN] IntegrityCheckThread:84 - waiting for thirdparty lock release [integrity check]
2026-06-14 10:51:34,900 [INFO] IntegrityCheckThread:86 - entering critical section [integrity check]
2026-06-14 10:51:34,900 [INFO] PluginManage:359 - Loaded plugin thirdparty (category:base,tabindex:-1)
2026-06-14 10:51:34,901 [INFO] PluginManage:310 - Check plugin tools
2026-06-14 10:51:34,901 [INFO] ThirdPartyUpdaterWithRetryManager:70 - Updater plugin not ready yet. [1/15]
2026-06-14 10:51:34,908 [INFO] PluginManage:359 - Loaded plugin tools (category:base,tabindex:7)
2026-06-14 10:51:34,908 [INFO] PluginManage:310 - Check plugin tutovideos
2026-06-14 10:51:35,191 [INFO] PluginManage:359 - Loaded plugin tutovideos (category:base,tabindex:-1)
2026-06-14 10:51:35,191 [INFO] PluginManage:310 - Check plugin updater
2026-06-14 10:51:35,222 [INFO] PluginManage:359 - Loaded plugin updater (category:base,tabindex:12)
2026-06-14 10:51:35,222 [INFO] PluginManage:310 - Check plugin userauth
2026-06-14 10:51:35,229 [INFO] UserAuth:118 - Init User Auth plugin
2026-06-14 10:51:35,230 [INFO] PluginManage:359 - Loaded plugin userauth (category:base,tabindex:14)
2026-06-14 10:51:35,232 [INFO] PluginManage:283 - PluginManage : Loaded plugins [18]
2026-06-14 10:51:35,536 [INFO] PinOutPanel:1589 - setPackage(No Configuration,No Configuration)
2026-06-14 10:51:35,666 [INFO] CADModel:165 - CPN selected for project level
2026-06-14 10:51:35,667 [INFO] CADModel:114 - Register for checkConnection events
2026-06-14 10:51:35,691 [INFO] IPUIPlugin:80 - create IPUIPlugin
2026-06-14 10:51:35,691 [INFO] PluginManager:220 - loadIPPluginJar : add adc
2026-06-14 10:51:35,695 [INFO] IPUIPlugin:80 - create IPUIPlugin
2026-06-14 10:51:35,696 [INFO] PluginManager:220 - loadIPPluginJar : add aes
2026-06-14 10:51:35,700 [INFO] IPUIPlugin:80 - create IPUIPlugin
2026-06-14 10:51:35,700 [INFO] PluginManager:220 - loadIPPluginJar : add can
2026-06-14 10:51:35,702 [INFO] IPUIPlugin:80 - create IPUIPlugin
2026-06-14 10:51:35,703 [INFO] PluginManager:220 - loadIPPluginJar : add comp
2026-06-14 10:51:35,706 [INFO] IPUIPlugin:80 - create IPUIPlugin
2026-06-14 10:51:35,706 [INFO] PluginManager:220 - loadIPPluginJar : add cryp
2026-06-14 10:51:35,711 [INFO] IPUIPlugin:80 - create IPUIPlugin
2026-06-14 10:51:35,711 [INFO] PluginManager:220 - loadIPPluginJar : add ddr_ctrl_phy
2026-06-14 10:51:35,715 [INFO] IPUIPlugin:80 - create IPUIPlugin
2026-06-14 10:51:35,715 [INFO] PluginManager:220 - loadIPPluginJar : add dfsdm
2026-06-14 10:51:35,723 [INFO] IPUIPlugin:80 - create IPUIPlugin
2026-06-14 10:51:35,724 [INFO] PluginManager:220 - loadIPPluginJar : add dma
2026-06-14 10:51:35,728 [INFO] IPUIPlugin:80 - create IPUIPlugin
2026-06-14 10:51:35,728 [INFO] PluginManager:220 - loadIPPluginJar : add dma3
2026-06-14 10:51:35,732 [INFO] IPUIPlugin:80 - create IPUIPlugin
2026-06-14 10:51:35,732 [INFO] PluginManager:220 - loadIPPluginJar : add extmemmanager
2026-06-14 10:51:35,735 [INFO] IPUIPlugin:80 - create IPUIPlugin
2026-06-14 10:51:35,735 [INFO] PluginManager:220 - loadIPPluginJar : add fatfs
2026-06-14 10:51:35,744 [INFO] IPUIPlugin:80 - create IPUIPlugin
2026-06-14 10:51:35,744 [INFO] PluginManager:220 - loadIPPluginJar : add fmc
2026-06-14 10:51:35,755 [INFO] IPUIPlugin:80 - create IPUIPlugin
2026-06-14 10:51:35,755 [INFO] PluginManager:220 - loadIPPluginJar : add freertos
2026-06-14 10:51:35,758 [INFO] IPUIPlugin:80 - create IPUIPlugin
2026-06-14 10:51:35,758 [INFO] PluginManager:220 - loadIPPluginJar : add genericplugin
2026-06-14 10:51:35,761 [INFO] IPUIPlugin:80 - create IPUIPlugin
2026-06-14 10:51:35,761 [INFO] PluginManager:220 - loadIPPluginJar : add gfxmmu
2026-06-14 10:51:35,768 [INFO] IPUIPlugin:80 - create IPUIPlugin
2026-06-14 10:51:35,768 [INFO] PluginManager:220 - loadIPPluginJar : add gic
2026-06-14 10:51:35,775 [INFO] IPUIPlugin:80 - create IPUIPlugin
2026-06-14 10:51:35,775 [INFO] PluginManager:220 - loadIPPluginJar : add gpio
2026-06-14 10:51:35,779 [INFO] IPUIPlugin:80 - create IPUIPlugin
2026-06-14 10:51:35,780 [INFO] PluginManager:220 - loadIPPluginJar : add gtzc
2026-06-14 10:51:35,783 [INFO] IPUIPlugin:80 - create IPUIPlugin
2026-06-14 10:51:35,783 [INFO] PluginManager:220 - loadIPPluginJar : add hash
2026-06-14 10:51:35,787 [INFO] IPUIPlugin:80 - create IPUIPlugin
2026-06-14 10:51:35,787 [INFO] PluginManager:220 - loadIPPluginJar : add i2c
2026-06-14 10:51:35,791 [INFO] IPUIPlugin:80 - create IPUIPlugin
2026-06-14 10:51:35,792 [INFO] PluginManager:220 - loadIPPluginJar : add i2s
2026-06-14 10:51:35,797 [INFO] IPUIPlugin:80 - create IPUIPlugin
2026-06-14 10:51:35,798 [INFO] PluginManager:220 - loadIPPluginJar : add i3c
2026-06-14 10:51:35,803 [INFO] IPUIPlugin:80 - create IPUIPlugin
2026-06-14 10:51:35,803 [INFO] PluginManager:220 - loadIPPluginJar : add ipddr
2026-06-14 10:51:35,812 [INFO] IPUIPlugin:80 - create IPUIPlugin
2026-06-14 10:51:35,812 [INFO] PluginManager:220 - loadIPPluginJar : add linkedlist
2026-06-14 10:51:35,818 [INFO] IPUIPlugin:80 - create IPUIPlugin
2026-06-14 10:51:35,818 [INFO] PluginManager:220 - loadIPPluginJar : add lorawan
2026-06-14 10:51:35,821 [INFO] IPUIPlugin:80 - create IPUIPlugin
2026-06-14 10:51:35,821 [INFO] PluginManager:220 - loadIPPluginJar : add ltdc
2026-06-14 10:51:35,822 [INFO] IPUIPlugin:80 - create IPUIPlugin
2026-06-14 10:51:35,822 [INFO] PluginManager:220 - loadIPPluginJar : add mdma
2026-06-14 10:51:35,833 [INFO] IPUIPlugin:80 - create IPUIPlugin
2026-06-14 10:51:35,833 [INFO] PluginManager:220 - loadIPPluginJar : add nvic
2026-06-14 10:51:35,839 [INFO] IPUIPlugin:80 - create IPUIPlugin
2026-06-14 10:51:35,839 [INFO] PluginManager:220 - loadIPPluginJar : add opamp
2026-06-14 10:51:35,845 [INFO] IPUIPlugin:80 - create IPUIPlugin
2026-06-14 10:51:35,845 [INFO] PluginManager:220 - loadIPPluginJar : add openamp
2026-06-14 10:51:35,850 [INFO] IPUIPlugin:80 - create IPUIPlugin
2026-06-14 10:51:35,850 [INFO] PluginManager:220 - loadIPPluginJar : add pdm2pcm
2026-06-14 10:51:35,859 [INFO] IPUIPlugin:80 - create IPUIPlugin
2026-06-14 10:51:35,862 [INFO] PluginManager:220 - loadIPPluginJar : add plateformsettings
2026-06-14 10:51:35,862 [INFO] IPUIPlugin:80 - create IPUIPlugin
2026-06-14 10:51:35,866 [INFO] PluginManager:220 - loadIPPluginJar : add quadspi
2026-06-14 10:51:35,869 [INFO] IPUIPlugin:80 - create IPUIPlugin
2026-06-14 10:51:35,869 [INFO] PluginManager:220 - loadIPPluginJar : add radio
2026-06-14 10:51:35,875 [INFO] IPUIPlugin:80 - create IPUIPlugin
2026-06-14 10:51:35,875 [INFO] PluginManager:220 - loadIPPluginJar : add resmgrutility
2026-06-14 10:51:35,876 [INFO] IPUIPlugin:80 - create IPUIPlugin
2026-06-14 10:51:35,876 [INFO] PluginManager:220 - loadIPPluginJar : add sai
2026-06-14 10:51:35,883 [INFO] IPUIPlugin:80 - create IPUIPlugin
2026-06-14 10:51:35,883 [INFO] PluginManager:220 - loadIPPluginJar : add spi
2026-06-14 10:51:35,892 [INFO] IPUIPlugin:80 - create IPUIPlugin
2026-06-14 10:51:35,893 [INFO] PluginManager:220 - loadIPPluginJar : add stm32_wpan
2026-06-14 10:51:35,895 [INFO] IPUIPlugin:80 - create IPUIPlugin
2026-06-14 10:51:35,896 [INFO] PluginManager:220 - loadIPPluginJar : add tim
2026-06-14 10:51:35,900 [INFO] IPUIPlugin:80 - create IPUIPlugin
2026-06-14 10:51:35,900 [INFO] PluginManager:220 - loadIPPluginJar : add touchsensing
2026-06-14 10:51:35,906 [INFO] IPUIPlugin:80 - create IPUIPlugin
2026-06-14 10:51:35,906 [INFO] PluginManager:220 - loadIPPluginJar : add tracer_emb
2026-06-14 10:51:35,906 [INFO] IPUIPlugin:80 - create IPUIPlugin
2026-06-14 10:51:35,906 [INFO] PluginManager:220 - loadIPPluginJar : add ts
2026-06-14 10:51:35,912 [INFO] IPUIPlugin:80 - create IPUIPlugin
2026-06-14 10:51:35,912 [INFO] PluginManager:220 - loadIPPluginJar : add tsc
2026-06-14 10:51:35,917 [INFO] IPUIPlugin:80 - create IPUIPlugin
2026-06-14 10:51:35,917 [INFO] PluginManager:220 - loadIPPluginJar : add ucpd
2026-06-14 10:51:35,921 [INFO] IPUIPlugin:80 - create IPUIPlugin
2026-06-14 10:51:35,921 [INFO] PluginManager:220 - loadIPPluginJar : add usart
2026-06-14 10:51:35,926 [INFO] IPUIPlugin:80 - create IPUIPlugin
2026-06-14 10:51:35,926 [INFO] PluginManager:220 - loadIPPluginJar : add usbx
2026-06-14 10:51:36,074 [FATAL] Updater:351 - Updater called before beeing initialized
2026-06-14 10:51:36,107 [INFO] RulesReader:64 - Compatibility file has been processed (302 Rules)
2026-06-14 10:51:36,122 [INFO] RulesReader:64 - Compatibility file has been processed (302 Rules)
2026-06-14 10:51:36,132 [INFO] CADModel:165 - CPN selected for project level
2026-06-14 10:51:36,132 [INFO] CADModel:114 - Register for checkConnection events
2026-06-14 10:51:36,132 [FATAL] Updater:351 - Updater called before beeing initialized
2026-06-14 10:51:36,132 [ERROR] CADModel:125 - Updater not yet initialized, retry later 
2026-06-14 10:51:36,329 [FATAL] Updater:351 - Updater called before beeing initialized
2026-06-14 10:51:36,333 [INFO] CADModel:165 - CPN selected for project level
2026-06-14 10:51:36,333 [INFO] CADModel:114 - Register for checkConnection events
2026-06-14 10:51:36,333 [FATAL] Updater:351 - Updater called before beeing initialized
2026-06-14 10:51:36,333 [ERROR] CADModel:125 - Updater not yet initialized, retry later 
2026-06-14 10:51:36,338 [FATAL] Updater:351 - Updater called before beeing initialized
2026-06-14 10:51:36,520 [FATAL] Updater:351 - Updater called before beeing initialized
2026-06-14 10:51:36,526 [INFO] DbMcusAds:53 - JSON generation date=Thu May 28 19:08:17 TRT 2026 (1779984497073)
2026-06-14 10:51:36,526 [FATAL] Updater:351 - Updater called before beeing initialized
2026-06-14 10:51:36,576 [WARN] DetailPanel:346 - Failed to get advertising image, set to default
2026-06-14 10:51:36,892 [FATAL] Updater:351 - Updater called before beeing initialized
2026-06-14 10:51:36,894 [FATAL] Updater:351 - Updater called before beeing initialized
2026-06-14 10:51:36,894 [FATAL] Updater:351 - Updater called before beeing initialized
2026-06-14 10:51:36,895 [WARN] DetailPanel:346 - Failed to get advertising image, set to default
2026-06-14 10:51:36,895 [FATAL] Updater:351 - Updater called before beeing initialized
2026-06-14 10:51:36,949 [ERROR] Updater:1198 - MainUpdater not yet initialized. External WinMGr cannot be set.
2026-06-14 10:51:36,951 [INFO] Updater:1134 - Updater Version found : 6.14.1
2026-06-14 10:51:36,972 [INFO] ApplicationProperties:184 - Using Application install path: C:\ST\STM32CubeIDE_1.18.1\STM32CubeIDE\plugins\com.st.stm32cube.common.mx_6.14.1.202504091515
2026-06-14 10:51:37,912 [INFO] ThirdPartyUpdaterWithRetryManager:70 - Updater plugin not ready yet. [2/15]
2026-06-14 10:51:38,579 [ERROR] LogOutputStream:75 - [STDERR_REDIRECT] Jun 14, 2026 10:51:38 AM java.util.prefs.WindowsPreferences <init>
2026-06-14 10:51:38,579 [ERROR] LogOutputStream:75 - [STDERR_REDIRECT] WARNING: Could not open/create prefs root node Software\JavaSoft\Prefs at root 0xffffffff80000002. Windows RegCreateKeyEx(...) returned error code 5.
2026-06-14 10:51:38,579 [ERROR] LogOutputStream:75 - [STDERR_REDIRECT] 
2026-06-14 10:51:39,169 [INFO] MainUpdater:2872 - connection check result : 10
2026-06-14 10:51:39,169 [INFO] MainUpdater:289 - Updater Check For Update Now.
2026-06-14 10:51:39,169 [INFO] MicroXplorer:498 - Change Database Version : DB.6.0.141
2026-06-14 10:51:39,175 [INFO] McuFinderGlobals:63 - Set McuFinder mode to 2 (CubeIDE integrated)
2026-06-14 10:51:39,175 [INFO] UserAuth:484 - Internet connection configuration mode: 1
2026-06-14 10:51:39,199 [INFO] JxBrowserEngine:152 - Initiate JxBrowser Engine with user profile folder
2026-06-14 10:51:39,407 [INFO] CheckServerUpdateThread:120 - End of CheckServer Thread
2026-06-14 10:51:40,761 [INFO] WebApp:169 - Instantiating new browser for Auth
2026-06-14 10:51:42,278 [WARN] PackLoader:240 - Cannot read IP mode file for STMicroelectronics.X-CUBE-AZRTOS-H7.3.5.0
2026-06-14 10:51:42,303 [WARN] PackLoader:240 - Cannot read IP mode file for STMicroelectronics.FP-SNS-MOTENVWB1.1.4.0
2026-06-14 10:51:42,318 [WARN] PackLoader:240 - Cannot read IP mode file for STMicroelectronics.FP-ATR-ASTRA1.2.0.2
2026-06-14 10:51:42,325 [WARN] PackLoader:240 - Cannot read IP mode file for STMicroelectronics.FP-ATR-ASTRA1.2.0.1
2026-06-14 10:51:42,338 [ERROR] Engine:466 - C:\Users\furkan\.stm32cubemx\thirdparties\pdsc\STMicroelectronics.X-CUBE-SMBUS.2.1.1.pdsc: PDSC version is not supported
2026-06-14 10:51:42,346 [WARN] PackLoader:240 - Cannot read IP mode file for STMicroelectronics.X-CUBE-SMBUS.2.1.0
2026-06-14 10:51:42,365 [WARN] PackLoader:240 - Cannot read IP mode file for STMicroelectronics.X-CUBE-WB05N.1.1.0
2026-06-14 10:51:42,384 [WARN] PackLoader:240 - Cannot read IP mode file for STMicroelectronics.X-CUBE-ST60.1.0.0
2026-06-14 10:51:42,396 [WARN] PackLoader:240 - Cannot read IP mode file for STMicroelectronics.X-CUBE-TOUCHGFX.4.23.1
2026-06-14 10:51:42,403 [WARN] PackLoader:240 - Cannot read IP mode file for STMicroelectronics.X-CUBE-TOUCHGFX.4.23.0
2026-06-14 10:51:42,488 [WARN] PackLoader:240 - Cannot read IP mode file for STMicroelectronics.X-CUBE-TOUCHGFX.4.23.2
2026-06-14 10:51:42,756 [WARN] PackLoader:240 - Cannot read IP mode file for STMicroelectronics.X-CUBE-AZRTOS-F7.1.1.0
2026-06-14 10:51:42,811 [WARN] PackLoader:240 - Cannot read IP mode file for STMicroelectronics.FP-SNS-MOTENV1.4.3.2
2026-06-14 10:51:42,951 [WARN] PackLoader:240 - Cannot read IP mode file for STMicroelectronics.X-CUBE-MEMS1.11.0.0
2026-06-14 10:51:43,253 [INFO] WebApp:463 - Apply proxy settings
2026-06-14 10:51:43,254 [INFO] WebApp:548 - Chromium requires no authentication
2026-06-14 10:51:43,289 [INFO] WebApp:491 - Direct internet connection detected
2026-06-14 10:51:43,378 [INFO] WebApp:894 - Register for checkConnection events
2026-06-14 10:51:43,378 [INFO] WebApp:463 - Apply proxy settings
2026-06-14 10:51:43,379 [INFO] WebApp:548 - Chromium requires no authentication
2026-06-14 10:51:43,379 [INFO] WebApp:491 - Direct internet connection detected
2026-06-14 10:51:43,651 [ERROR] Engine:466 - C:\Users\furkan\.stm32cubemx\thirdparties\pdsc\STMicroelectronics.FP-SNS-MOTENV1.5.1.0.pdsc: PDSC version is not supported
2026-06-14 10:51:43,659 [WARN] PackLoader:240 - Cannot read IP mode file for STMicroelectronics.FP-SNS-FLIGHT1.5.0.2
2026-06-14 10:51:43,745 [WARN] PackLoader:240 - Cannot read IP mode file for STMicroelectronics.X-CUBE-AZRTOS-H7.3.4.0
2026-06-14 10:51:43,767 [WARN] PackLoader:240 - Cannot read IP mode file for STMicroelectronics.X-CUBE-DISPLAY.3.0.0
2026-06-14 10:51:43,793 [WARN] PackLoader:240 - Cannot read IP mode file for STMicroelectronics.X-CUBE-GNSS1.7.1.1
2026-06-14 10:51:43,808 [ERROR] Engine:466 - C:\Users\furkan\.stm32cubemx\thirdparties\pdsc\STMicroelectronics.FP-SNS-MOTENVWB1.1.5.0.pdsc: PDSC version is not supported
2026-06-14 10:51:43,822 [WARN] PackLoader:240 - Cannot read IP mode file for STMicroelectronics.X-CUBE-BLE1.7.0.0
2026-06-14 10:51:43,837 [WARN] PackLoader:240 - Cannot read IP mode file for STMicroelectronics.X-CUBE-NFC10.1.0.0
2026-06-14 10:51:43,868 [WARN] PackLoader:240 - Cannot read IP mode file for STMicroelectronics.X-CUBE-BLEMGR.4.0.0
2026-06-14 10:51:43,885 [WARN] PackLoader:240 - Cannot read IP mode file for STMicroelectronics.X-CUBE-ST60.1.1.0
2026-06-14 10:51:43,897 [WARN] PackLoader:240 - Cannot read IP mode file for emotas.I-CUBE-CANOPEN.1.3.0
2026-06-14 10:51:43,898 [INFO] WebApp:225 - Starting web application
2026-06-14 10:51:43,898 [INFO] WebApp:593 - Web application path used C:\ST\STM32CubeIDE_1.18.1\STM32CubeIDE\plugins\com.st.stm32cube.common.mx_6.14.1.202504091515\db\plugins\mcufinder\reactClient1\index.html
2026-06-14 10:51:43,908 [WARN] PackLoader:240 - Cannot read IP mode file for STMicroelectronics.X-CUBE-GNSS1.7.1.0
2026-06-14 10:51:43,929 [WARN] PackLoader:240 - Cannot read IP mode file for STMicroelectronics.X-CUBE-BLEMGR.3.1.0
2026-06-14 10:51:43,942 [ERROR] Engine:466 - C:\Users\furkan\.stm32cubemx\thirdparties\pdsc\STMicroelectronics.FP-SNS-STBOX1.2.1.0.pdsc: PDSC version is not supported
2026-06-14 10:51:43,953 [WARN] PackLoader:240 - Cannot read IP mode file for STMicroelectronics.FP-SNS-SMARTAG2.1.2.0
2026-06-14 10:51:43,962 [WARN] PackLoader:240 - Cannot read IP mode file for STMicroelectronics.FP-SNS-FLIGHT1.5.1.0
2026-06-14 10:51:44,088 [WARN] PackLoader:240 - Cannot read IP mode file for STMicroelectronics.X-CUBE-MEMS1.11.1.0
2026-06-14 10:51:44,364 [INFO] LogOutputStream:77 - [STDOUT_REDIRECT] 1 : Invalid condition id : UX_CORESTACK_Condition cause : null
2026-06-14 10:51:44,365 [INFO] LogOutputStream:77 - [STDOUT_REDIRECT] 1 : Invalid condition id : UX_CORESTACK_Condition cause : null
2026-06-14 10:51:44,368 [INFO] LogOutputStream:77 - [STDOUT_REDIRECT] 1 : Invalid condition id : UX_CORESTACK_Condition cause : null
2026-06-14 10:51:44,370 [INFO] LogOutputStream:77 - [STDOUT_REDIRECT] 1 : Invalid condition id : UX_CORESTACK_Condition cause : null
2026-06-14 10:51:44,373 [INFO] LogOutputStream:77 - [STDOUT_REDIRECT] 1 : Invalid condition id : UX_CORESTACK_Condition cause : null
2026-06-14 10:51:44,379 [WARN] PackLoader:240 - Cannot read IP mode file for STMicroelectronics.X-CUBE-AZRTOS-WL.2.0.0
2026-06-14 10:51:44,388 [WARN] PackLoader:240 - Cannot read IP mode file for STMicroelectronics.FP-SNS-MOTENV1.5.0.0
2026-06-14 10:51:44,422 [WARN] PackLoader:240 - Cannot read IP mode file for STMicroelectronics.X-CUBE-AZRTOS-H7RS.1.2.0
2026-06-14 10:51:44,433 [WARN] PackLoader:240 - Cannot read IP mode file for wolfSSL.I-CUBE-wolfMQTT.1.19.0
2026-06-14 10:51:44,444 [WARN] PackLoader:240 - Cannot read IP mode file for WES.I-CUBE-Cesium.1.3.0
2026-06-14 10:51:44,453 [WARN] PackLoader:240 - Cannot read IP mode file for STMicroelectronics.X-CUBE-BLE2.3.3.0
2026-06-14 10:51:44,490 [WARN] PackLoader:240 - Cannot read IP mode file for STMicroelectronics.X-CUBE-NFC9.1.0.0
2026-06-14 10:51:44,499 [WARN] PackLoader:240 - Cannot read IP mode file for STMicroelectronics.X-CUBE-BLE1.7.1.0
2026-06-14 10:51:44,509 [WARN] PackLoader:240 - Cannot read IP mode file for STMicroelectronics.X-CUBE-TCPP.4.1.0
2026-06-14 10:51:44,518 [ERROR] Engine:466 - C:\Users\furkan\.stm32cubemx\thirdparties\pdsc\STMicroelectronics.X-CUBE-FREERTOS.1.4.0.pdsc: PDSC version is not supported
2026-06-14 10:51:44,529 [WARN] PackLoader:240 - Cannot read IP mode file for STMicroelectronics.X-CUBE-EEPRMA1.5.2.0
2026-06-14 10:51:44,538 [ERROR] Engine:466 - C:\Users\furkan\.stm32cubemx\thirdparties\pdsc\STMicroelectronics.X-CUBE-ST67W61.1.1.0.pdsc: PDSC version is not supported
2026-06-14 10:51:44,547 [WARN] PackLoader:240 - Cannot read IP mode file for STMicroelectronics.X-CUBE-AI.10.1.0
2026-06-14 10:51:44,552 [ERROR] Engine:466 - C:\Users\furkan\.stm32cubemx\thirdparties\pdsc\STMicroelectronics.FP-SNS-STAIOTCFT.1.1.0.pdsc: PDSC version is not supported
2026-06-14 10:51:44,645 [WARN] PackLoader:240 - Cannot read IP mode file for STMicroelectronics.X-CUBE-MEMS1.12.0.0
2026-06-14 10:51:44,949 [WARN] PackLoader:240 - Cannot read IP mode file for STMicroelectronics.X-CUBE-ALGOBUILD.1.3.0
2026-06-14 10:51:45,018 [WARN] PackLoader:240 - Cannot read IP mode file for STMicroelectronics.X-CUBE-AZRTOS-G0.1.1.0
2026-06-14 10:51:45,040 [WARN] PackLoader:240 - Cannot read IP mode file for STMicroelectronics.X-CUBE-SAFEA1.1.2.2
2026-06-14 10:51:45,052 [WARN] PackLoader:240 - Cannot read IP mode file for STMicroelectronics.X-CUBE-NFC4.3.0.0
2026-06-14 10:51:45,071 [WARN] PackLoader:240 - Cannot read IP mode file for EmbeddedOffice.I-CUBE-FS-RTOS.1.0.1
2026-06-14 10:51:45,080 [WARN] PackLoader:240 - Cannot read IP mode file for STMicroelectronics.X-CUBE-WB05N.2.0.0
2026-06-14 10:51:45,097 [WARN] PackLoader:240 - Cannot read IP mode file for STMicroelectronics.X-CUBE-BLEMGR.3.0.0
2026-06-14 10:51:45,110 [WARN] PackLoader:240 - Cannot read IP mode file for STMicroelectronics.X-CUBE-TCPP.4.2.0
2026-06-14 10:51:45,124 [WARN] PackLoader:240 - Cannot read IP mode file for RealThread.X-CUBE-RT-Thread_Nano.4.1.1
2026-06-14 10:51:45,131 [WARN] PackLoader:240 - Cannot read IP mode file for STMicroelectronics.FP-ATR-SIGFOX1.3.2.0
2026-06-14 10:51:45,140 [WARN] ConditionMgr:438 - getConditionDescription Invalid condition id : Cortex-A Device cause : null
2026-06-14 10:51:45,151 [WARN] ConditionMgr:1044 - genDependencies : Invalid condition id : Cortex-A Device cause : null
2026-06-14 10:51:45,152 [WARN] ConditionMgr:1044 - genDependencies : Invalid condition id : Cortex-A Device cause : null
2026-06-14 10:51:45,152 [WARN] ConditionMgr:1044 - genDependencies : Invalid condition id : Cortex-A Device cause : null
2026-06-14 10:51:45,160 [WARN] PackLoader:240 - Cannot read IP mode file for STMicroelectronics.X-CUBE-EEPRMA1.5.1.0
2026-06-14 10:51:45,165 [ERROR] Engine:466 - C:\Users\furkan\.stm32cubemx\thirdparties\pdsc\STMicroelectronics.X-CUBE-FREERTOS.1.5.0.pdsc: PDSC version is not supported
2026-06-14 10:51:45,178 [WARN] PackLoader:240 - Cannot read IP mode file for STMicroelectronics.X-CUBE-NFC6.3.2.0
2026-06-14 10:51:45,190 [WARN] PackLoader:240 - Cannot read IP mode file for STMicroelectronics.X-CUBE-ST67W61.1.0.0
2026-06-14 10:51:45,194 [WARN] PackLoader:240 - Cannot read IP mode file for STMicroelectronics.X-CUBE-AI.10.2.0
2026-06-14 10:51:45,305 [INFO] UserAuth:484 - Internet connection configuration mode: 1
2026-06-14 10:51:45,304 [WARN] PackLoader:240 - Cannot read IP mode file for STMicroelectronics.X-CUBE-MEMS1.12.1.0
2026-06-14 10:51:45,672 [WARN] PackLoader:240 - Cannot read IP mode file for SEGGER.I-CUBE-embOS.1.3.1
2026-06-14 10:51:45,785 [WARN] PackLoader:240 - Cannot read IP mode file for STMicroelectronics.X-CUBE-ALGOBUILD.1.4.0
2026-06-14 10:51:45,927 [WARN] PackLoader:240 - Cannot read IP mode file for STMicroelectronics.X-CUBE-MEMS1.11.3.0
2026-06-14 10:51:46,139 [WARN] PackLoader:240 - Cannot read IP mode file for STMicroelectronics.X-CUBE-AI.9.1.0
2026-06-14 10:51:46,148 [WARN] PackLoader:240 - Cannot read IP mode file for STMicroelectronics.X-CUBE-PM33A1.1.0.0
2026-06-14 10:51:46,158 [WARN] PackLoader:240 - Cannot read IP mode file for STMicroelectronics.X-CUBE-GNSS1.6.0.0
2026-06-14 10:51:46,188 [WARN] PackLoader:240 - Cannot read IP mode file for STMicroelectronics.X-CUBE-AZRTOS-F4.1.1.0
2026-06-14 10:51:46,199 [WARN] PackLoader:240 - Cannot read IP mode file for Avnet-IotConnect.X-CUBE-IoTC-DA16k-PMOD.1.0.0
2026-06-14 10:51:46,208 [WARN] PackLoader:240 - Cannot read IP mode file for STMicroelectronics.X-CUBE-ISPU.2.1.0
2026-06-14 10:51:46,216 [ERROR] Engine:466 - C:\Users\furkan\.stm32cubemx\thirdparties\pdsc\STMicroelectronics.X-CUBE-IPS.3.2.0.pdsc: PDSC version is not supported
2026-06-14 10:51:46,223 [WARN] PackLoader:240 - Cannot read IP mode file for STMicroelectronics.eDS-WB_DPC_TT-BIDIR.2.1.1
2026-06-14 10:51:46,231 [WARN] PackLoader:240 - Cannot read IP mode file for STMicroelectronics.X-CUBE-FREERTOS.1.2.0
2026-06-14 10:51:46,239 [WARN] PackLoader:240 - Cannot read IP mode file for wolfSSL.I-CUBE-wolfSSL.5.6.6
2026-06-14 10:51:46,251 [WARN] PackLoader:240 - Cannot read IP mode file for STMicroelectronics.X-CUBE-NFC12.1.0.0
2026-06-14 10:51:46,280 [WARN] PackLoader:240 - Cannot read IP mode file for STMicroelectronics.X-CUBE-AZRTOS-L5.2.0.0
2026-06-14 10:51:46,293 [WARN] PackLoader:240 - Cannot read IP mode file for STMicroelectronics.X-CUBE-NFC6.3.1.0
2026-06-14 10:51:46,307 [WARN] PackLoader:240 - Cannot read IP mode file for ITTIA_DB.I-CUBE-ITTIADB.8.8.0
2026-06-14 10:51:46,317 [WARN] PackLoader:240 - Cannot read IP mode file for STMicroelectronics.X-CUBE-ALGOBUILD.1.5.0
2026-06-14 10:51:46,327 [WARN] PackLoader:240 - Cannot read IP mode file for STMicroelectronics.X-CUBE-DPower.1.2.0
2026-06-14 10:51:46,334 [WARN] PackLoader:240 - Cannot read IP mode file for STMicroelectronics.eDS-WB_DPC_VIENNA.1.2.0
2026-06-14 10:51:46,341 [WARN] PackLoader:240 - Cannot read IP mode file for STMicroelectronics.eDS-WB_DPC_3PH2L-BIDIR.1.1.1
2026-06-14 10:51:46,346 [WARN] PackLoader:240 - Cannot read IP mode file for STMicroelectronics.X-CUBE-AI.9.0.0
2026-06-14 10:51:46,361 [ERROR] Engine:466 - C:\Users\furkan\.stm32cubemx\thirdparties\pdsc\STMicroelectronics.X-CUBE-ST67W61.1.3.0.pdsc: PDSC version is not supported
2026-06-14 10:51:46,383 [WARN] PackLoader:240 - Cannot read IP mode file for STMicroelectronics.X-CUBE-FREERTOS.1.3.1
2026-06-14 10:51:46,395 [WARN] PackLoader:240 - Cannot read IP mode file for STMicroelectronics.X-CUBE-FREERTOS.1.3.0
2026-06-14 10:51:46,407 [WARN] PackLoader:240 - Cannot read IP mode file for STMicroelectronics.X-CUBE-NFC7.1.0.1
2026-06-14 10:51:46,416 [WARN] PackLoader:240 - Cannot read IP mode file for wolfSSL.I-CUBE-wolfTPM.3.2.0
2026-06-14 10:51:46,421 [WARN] PackLoader:240 - Cannot read IP mode file for STMicroelectronics.X-CUBE-TOUCHGFX.4.26.0
2026-06-14 10:51:46,434 [WARN] PackLoader:240 - Cannot read IP mode file for STMicroelectronics.X-CUBE-NFC6.3.0.0
2026-06-14 10:51:46,442 [WARN] PackLoader:240 - Cannot read IP mode file for STMicroelectronics.X-CUBE-TOUCHGFX.4.26.1
2026-06-14 10:51:46,457 [WARN] PackLoader:240 - Cannot read IP mode file for STMicroelectronics.FP-SNS-STAIOTCFT.1.0.0
2026-06-14 10:51:46,477 [WARN] PackLoader:240 - Cannot read IP mode file for STMicroelectronics.X-CUBE-DPower.1.3.0
2026-06-14 10:51:46,491 [WARN] PackLoader:240 - Cannot read IP mode file for STMicroelectronics.X-CUBE-AI.8.1.0
2026-06-14 10:51:46,580 [WARN] ConditionMgr:438 - getConditionDescription Invalid condition id : LAN8742 Phy interface Condition cause : null
2026-06-14 10:51:46,584 [WARN] PackLoader:240 - Cannot read IP mode file for STMicroelectronics.X-CUBE-AZRTOS-L4.2.0.0
2026-06-14 10:51:46,586 [WARN] ConditionMgr:1044 - genDependencies : Invalid condition id : LAN8742 Phy interface Condition cause : null
2026-06-14 10:51:46,586 [WARN] ConditionMgr:1044 - genDependencies : Invalid condition id : LAN8742 Phy interface Condition cause : null
2026-06-14 10:51:46,587 [WARN] ConditionMgr:1044 - genDependencies : Invalid condition id : LAN8742 Phy interface Condition cause : null
2026-06-14 10:51:46,632 [WARN] PackLoader:240 - Cannot read IP mode file for STMicroelectronics.X-CUBE-SFXS2LP1.4.0.0
2026-06-14 10:51:46,643 [WARN] PackLoader:240 - Cannot read IP mode file for STMicroelectronics.X-CUBE-WB05N.2.1.0
2026-06-14 10:51:46,655 [ERROR] Engine:466 - C:\Users\furkan\.stm32cubemx\thirdparties\pdsc\STMicroelectronics.X-CUBE-ST67W61.1.2.0.pdsc: PDSC version is not supported
2026-06-14 10:51:46,703 [WARN] PackLoader:240 - Cannot read IP mode file for STMicroelectronics.X-CUBE-AZRTOS-H7.3.3.0
2026-06-14 10:51:46,725 [WARN] PackLoader:240 - Cannot read IP mode file for STMicroelectronics.X-CUBE-BLEMGR.4.1.0
2026-06-14 10:51:46,746 [WARN] PackLoader:240 - Cannot read IP mode file for STMicroelectronics.X-CUBE-IPS.3.0.0
2026-06-14 10:51:46,769 [WARN] ConditionMgr:438 - getConditionDescription Invalid condition id : UX DEVICE CLASS RTOS Condition cause : null
2026-06-14 10:51:46,769 [WARN] ConditionMgr:438 - getConditionDescription Invalid condition id : UX DEVICE CLASS RTOS Condition cause : null
2026-06-14 10:51:46,773 [WARN] PackLoader:240 - Cannot read IP mode file for STMicroelectronics.X-CUBE-AZRTOS-WB.2.0.0
2026-06-14 10:51:46,774 [WARN] ConditionMgr:1044 - genDependencies : Invalid condition id : UX DEVICE CLASS RTOS Condition cause : null
2026-06-14 10:51:46,774 [WARN] ConditionMgr:1044 - genDependencies : Invalid condition id : UX DEVICE CLASS RTOS Condition cause : null
2026-06-14 10:51:46,775 [WARN] ConditionMgr:1044 - genDependencies : Invalid condition id : UX DEVICE CLASS RTOS Condition cause : null
2026-06-14 10:51:46,775 [WARN] ConditionMgr:1044 - genDependencies : Invalid condition id : UX DEVICE CLASS RTOS Condition cause : null
2026-06-14 10:51:46,775 [WARN] ConditionMgr:1044 - genDependencies : Invalid condition id : UX DEVICE CLASS RTOS Condition cause : null
2026-06-14 10:51:46,784 [WARN] PackLoader:240 - Cannot read IP mode file for STMicroelectronics.X-CUBE-GNSS1.7.0.0
2026-06-14 10:51:46,793 [WARN] PackLoader:240 - Cannot read IP mode file for STMicroelectronics.X-CUBE-GNSS1.7.0.1
2026-06-14 10:51:46,799 [WARN] PackLoader:240 - Cannot read IP mode file for STMicroelectronics.X-CUBE-TOUCHGFX.4.25.0
2026-06-14 10:51:46,808 [WARN] PackLoader:240 - Cannot read IP mode file for STMicroelectronics.FP-SNS-STBOX1.2.0.0
2026-06-14 10:51:46,820 [WARN] PackLoader:240 - Cannot read IP mode file for STMicroelectronics.X-CUBE-STSE01.2.0.0
2026-06-14 10:51:46,837 [WARN] PackLoader:240 - Cannot read IP mode file for STMicroelectronics.X-CUBE-SUBG2.5.0.0
2026-06-14 10:51:46,874 [WARN] PackLoader:240 - Cannot read IP mode file for STMicroelectronics.X-CUBE-AZRTOS-H7RS.1.1.0
2026-06-14 10:51:46,887 [WARN] PackLoader:240 - Cannot read IP mode file for Cesanta.I-CUBE-Mongoose.7.13.0
2026-06-14 10:51:46,914 [WARN] PackLoader:240 - Cannot read IP mode file for STMicroelectronics.X-CUBE-AZRTOS-G4.2.0.0
2026-06-14 10:51:46,955 [WARN] PackLoader:240 - Cannot read IP mode file for Infineon.AIROC-Wi-Fi-Bluetooth-STM32.1.5.1
2026-06-14 10:51:46,973 [WARN] PackLoader:240 - Cannot read IP mode file for STMicroelectronics.X-CUBE-NFC7.2.0.0
2026-06-14 10:51:46,982 [WARN] PackLoader:240 - Cannot read IP mode file for STMicroelectronics.FP-SNS-MOTENVWB1.1.3.1
2026-06-14 10:51:46,990 [WARN] PackLoader:240 - Cannot read IP mode file for STMicroelectronics.X-CUBE-ISPU.2.0.0
2026-06-14 10:51:47,016 [WARN] PackLoader:240 - Cannot read IP mode file for STMicroelectronics.X-CUBE-IPS.3.1.0
2026-06-14 10:51:47,135 [WARN] PackLoader:240 - Cannot read IP mode file for STMicroelectronics.X-CUBE-ALS.1.0.2
2026-06-14 10:51:47,228 [WARN] PackLoader:240 - Cannot read IP mode file for STMicroelectronics.X-CUBE-MEMS1.10.0.0
2026-06-14 10:51:47,447 [WARN] PackLoader:240 - Cannot read IP mode file for STMicroelectronics.X-CUBE-FREERTOS.1.1.0
2026-06-14 10:51:47,453 [WARN] PackLoader:240 - Cannot read IP mode file for STMicroelectronics.X-CUBE-TOUCHGFX.4.24.0
2026-06-14 10:51:47,457 [WARN] PackLoader:240 - Cannot read IP mode file for STMicroelectronics.X-CUBE-TOUCHGFX.4.24.1
2026-06-14 10:51:47,467 [WARN] PackLoader:240 - Cannot read IP mode file for STMicroelectronics.X-CUBE-STSE01.1.0.0
2026-06-14 10:51:47,482 [WARN] PackLoader:240 - Cannot read IP mode file for portGmbH.I-Cube-SoM-uGOAL.1.1.0
2026-06-14 10:51:47,489 [WARN] PackLoader:240 - Cannot read IP mode file for STMicroelectronics.X-CUBE-ALS.1.0.1
2026-06-14 10:51:47,519 [WARN] PackLoader:240 - Cannot read IP mode file for STMicroelectronics.X-CUBE-AZRTOS-H7RS.1.0.0
2026-06-14 10:51:47,528 [WARN] PackLoader:240 - Cannot read IP mode file for STMicroelectronics.FP-ATR-ASTRA1.2.0.0
2026-06-14 10:51:47,548 [WARN] PackLoader:240 - Cannot read IP mode file for STMicroelectronics.X-CUBE-TOF1.3.4.2
2026-06-14 10:51:47,580 [WARN] PackLoader:240 - Cannot read IP mode file for STMicroelectronics.X-CUBE-TOF1.3.4.3
2026-06-14 10:51:47,618 [WARN] PackLoader:240 - Cannot read IP mode file for STMicroelectronics.X-CUBE-TOF1.3.4.0
2026-06-14 10:51:47,647 [WARN] PackLoader:240 - Cannot read IP mode file for STMicroelectronics.X-CUBE-TOF1.3.4.1
2026-06-14 10:51:47,686 [WARN] PackLoader:240 - Cannot read IP mode file for STMicroelectronics.X-CUBE-AZRTOS-H7.3.2.0
2026-06-14 10:51:47,697 [WARN] PackLoader:240 - Cannot read IP mode file for wolfSSL.I-CUBE-wolfSSH.1.4.17
2026-06-14 10:51:47,697 [INFO] ThirdParty:978 - Integrity check success = true
2026-06-14 10:51:47,698 [INFO] IntegrityCheckThread:100 - exiting critical section [integrity check]
2026-06-14 10:51:47,698 [INFO] IntegrityCheckThread:103 - End integrity checks thread
2026-06-14 10:51:50,831 [INFO] WebApp:191 - Connection restablished
2026-06-14 11:44:07,821 [INFO] WebApp:194 - Connection lost
2026-06-14 11:44:21,708 [INFO] WebApp:191 - Connection restablished
2026-06-14 12:46:59,753 [INFO] WebApp:194 - Connection lost
2026-06-14 12:47:02,145 [INFO] WebApp:191 - Connection restablished
2026-06-14 15:44:02,503 [INFO] WebApp:194 - Connection lost
2026-06-14 15:44:10,086 [INFO] WebApp:191 - Connection restablished
2026-06-14 17:29:22,910 [ERROR] LogOutputStream:75 - [STDERR_REDIRECT] 
2026-06-14 19:04:37,889 [INFO] Activator:176 - 


2026-06-14 19:04:37,892 [INFO] Activator:177 - !SESSION log4j initialized
2026-06-14 19:04:48,790 [INFO] LogOutputStream:77 - [STDOUT_REDIRECT] 
2026-06-14 19:04:49,961 [INFO] ApplicationProperties:184 - Using Application install path: C:\ST\STM32CubeIDE_1.18.1\STM32CubeIDE\plugins\com.st.stm32cube.common.mx_6.14.1.202504091515
2026-06-14 19:04:49,981 [INFO] DbMcusXml:78 - Set database path to: C:\ST\STM32CubeIDE_1.18.1\STM32CubeIDE\plugins\com.st.stm32cube.common.mx_6.14.1.202504091515\\db\/mcu/
2026-06-14 19:04:49,981 [INFO] ApiDb:274 - Set plugin database path to: C:\ST\STM32CubeIDE_1.18.1\STM32CubeIDE\plugins\com.st.stm32cube.common.mx_6.14.1.202504091515\\db\/plugins/boardmanager/
2026-06-14 19:04:49,981 [WARN] ApiDb:259 - Overriding images path with different value:  => C:\ST\STM32CubeIDE_1.18.1\STM32CubeIDE\plugins\com.st.stm32cube.common.mx_6.14.1.202504091515\\db\/plugins/mcufinder/images/
2026-06-14 19:04:49,990 [INFO] ApiDb:250 - Set database path to: C:\Users\furkan\.stmcufinder\plugins\mcufinder//mcu/
2026-06-14 19:04:49,991 [INFO] DbMcusAds:125 - Set database path to: C:\Users\furkan\.stmcufinder\plugins\mcufinder//mcu/
2026-06-14 19:04:49,993 [INFO] CrossReferenceDbSqlite:203 - Set database path to: C:\Users\furkan\.stmcufinder\plugins\mcufinder//mcu/cs/
2026-06-14 19:04:50,125 [INFO] RulesReader:64 - Compatibility file has been processed (302 Rules)
2026-06-14 19:04:50,227 [INFO] DbMcusXml:78 - Set database path to: C:\ST\STM32CubeIDE_1.18.1\STM32CubeIDE\plugins\com.st.stm32cube.common.mx_6.14.1.202504091515\\db\/mcu/
2026-06-14 19:04:50,227 [INFO] ApiDb:274 - Set plugin database path to: C:\ST\STM32CubeIDE_1.18.1\STM32CubeIDE\plugins\com.st.stm32cube.common.mx_6.14.1.202504091515\\db\/plugins/boardmanager/
2026-06-14 19:04:50,227 [INFO] ApiDb:261 - Set plugin images path to: C:\ST\STM32CubeIDE_1.18.1\STM32CubeIDE\plugins\com.st.stm32cube.common.mx_6.14.1.202504091515\\db\/plugins/mcufinder/images/
2026-06-14 19:04:50,227 [WARN] DbFile:41 - Overriding database path with different value: C:\Users\furkan\.stmcufinder\plugins\mcufinder/ => C:\Users\furkan\.stmcufinder\plugins\mcufinder
2026-06-14 19:04:50,227 [INFO] ApiDb:250 - Set database path to: C:\Users\furkan\.stmcufinder\plugins\mcufinder//mcu/
2026-06-14 19:04:50,227 [WARN] DbFile:41 - Overriding database path with different value: C:\Users\furkan\.stmcufinder\plugins\mcufinder/ => C:\Users\furkan\.stmcufinder\plugins\mcufinder
2026-06-14 19:04:50,228 [INFO] DbMcusAds:125 - Set database path to: C:\Users\furkan\.stmcufinder\plugins\mcufinder//mcu/
2026-06-14 19:04:50,228 [WARN] DbFile:41 - Overriding database path with different value: C:\Users\furkan\.stmcufinder\plugins\mcufinder/ => C:\Users\furkan\.stmcufinder\plugins\mcufinder
2026-06-14 19:04:50,228 [WARN] DbFile:41 - Overriding database path with different value: C:\Users\furkan\.stmcufinder\plugins\mcufinder/ => C:\Users\furkan\.stmcufinder\plugins\mcufinder
2026-06-14 19:04:50,228 [INFO] CrossReferenceDbSqlite:203 - Set database path to: C:\Users\furkan\.stmcufinder\plugins\mcufinder//mcu/cs/
2026-06-14 19:04:50,313 [INFO] MainPanel:272 - HeapMemory: 268435456
2026-06-14 19:04:50,427 [INFO] DbMcusXml:78 - Set database path to: C:\ST\STM32CubeIDE_1.18.1\STM32CubeIDE\plugins\com.st.stm32cube.common.mx_6.14.1.202504091515\\db\/mcu/
2026-06-14 19:04:50,427 [INFO] ApiDb:274 - Set plugin database path to: C:\ST\STM32CubeIDE_1.18.1\STM32CubeIDE\plugins\com.st.stm32cube.common.mx_6.14.1.202504091515\\db\/plugins/boardmanager/
2026-06-14 19:04:50,428 [INFO] ApiDb:261 - Set plugin images path to: C:\ST\STM32CubeIDE_1.18.1\STM32CubeIDE\plugins\com.st.stm32cube.common.mx_6.14.1.202504091515\\db\/plugins/mcufinder/images/
2026-06-14 19:04:50,428 [WARN] DbFile:41 - Overriding database path with different value: C:\Users\furkan\.stmcufinder\plugins\mcufinder/ => C:\Users\furkan\.stmcufinder\plugins\mcufinder
2026-06-14 19:04:50,428 [INFO] ApiDb:250 - Set database path to: C:\Users\furkan\.stmcufinder\plugins\mcufinder//mcu/
2026-06-14 19:04:50,428 [WARN] DbFile:41 - Overriding database path with different value: C:\Users\furkan\.stmcufinder\plugins\mcufinder/ => C:\Users\furkan\.stmcufinder\plugins\mcufinder
2026-06-14 19:04:50,428 [INFO] DbMcusAds:125 - Set database path to: C:\Users\furkan\.stmcufinder\plugins\mcufinder//mcu/
2026-06-14 19:04:50,428 [WARN] DbFile:41 - Overriding database path with different value: C:\Users\furkan\.stmcufinder\plugins\mcufinder/ => C:\Users\furkan\.stmcufinder\plugins\mcufinder
2026-06-14 19:04:50,428 [WARN] DbFile:41 - Overriding database path with different value: C:\Users\furkan\.stmcufinder\plugins\mcufinder/ => C:\Users\furkan\.stmcufinder\plugins\mcufinder
2026-06-14 19:04:50,428 [INFO] CrossReferenceDbSqlite:203 - Set database path to: C:\Users\furkan\.stmcufinder\plugins\mcufinder//mcu/cs/
2026-06-14 19:04:50,448 [INFO] ApplicationProperties:184 - Using Application install path: C:\ST\STM32CubeIDE_1.18.1\STM32CubeIDE\plugins\com.st.stm32cube.common.mx_6.14.1.202504091515
2026-06-14 19:04:50,449 [INFO] PluginManage:196 - Search for loadable plugins [exclusion list=, ]
2026-06-14 19:04:50,450 [INFO] PluginManage:310 - Check plugin analytics
2026-06-14 19:04:50,666 [INFO] AnalyticsPlugin:253 - Accepted Software Licenses: 
2026-06-14 19:04:50,667 [INFO] AnalyticsPlugin:255 - Accepted CMSIS Pack Licenses: 
2026-06-14 19:04:50,667 [INFO] AnalyticsPlugin:257 - Accepted Firmware Licenses: FW.F4.1.28.0,FW.F7.1.17.0
2026-06-14 19:04:50,671 [INFO] PluginManage:359 - Loaded plugin analytics (category:tool,tabindex:-1)
2026-06-14 19:04:50,671 [INFO] PluginManage:310 - Check plugin cadmodel
2026-06-14 19:04:50,677 [INFO] CADModel:105 - Init CAD model plugin
2026-06-14 19:04:50,678 [INFO] PluginManage:359 - Loaded plugin cadmodel (category:power,tabindex:5)
2026-06-14 19:04:50,678 [INFO] PluginManage:310 - Check plugin clock
2026-06-14 19:04:50,689 [INFO] PluginManage:359 - Loaded plugin clock (category:base,tabindex:2)
2026-06-14 19:04:50,689 [INFO] PluginManage:310 - Check plugin ddr
2026-06-14 19:04:50,692 [INFO] PluginManage:359 - Loaded plugin ddr (category:tool,tabindex:6)
2026-06-14 19:04:50,693 [INFO] PluginManage:310 - Check plugin filemanager
2026-06-14 19:04:50,874 [INFO] PluginManage:359 - Loaded plugin filemanager (category:base,tabindex:10)
2026-06-14 19:04:50,875 [INFO] PluginManage:310 - Check plugin ipmanager
2026-06-14 19:04:50,882 [INFO] PluginManage:359 - Loaded plugin ipmanager (category:base,tabindex:5)
2026-06-14 19:04:50,882 [INFO] PluginManage:310 - Check plugin lpbam
2026-06-14 19:04:50,891 [INFO] PluginManage:359 - Loaded plugin lpbam (category:base,tabindex:0)
2026-06-14 19:04:50,891 [INFO] PluginManage:310 - Check plugin memorymap
2026-06-14 19:04:50,905 [INFO] PluginManage:359 - Loaded plugin memorymap (category:base,tabindex:4)
2026-06-14 19:04:50,905 [INFO] PluginManage:310 - Check plugin pinoutandconfiguration
2026-06-14 19:04:50,914 [INFO] PluginManage:359 - Loaded plugin pinoutandconfiguration (category:base,tabindex:1)
2026-06-14 19:04:50,914 [INFO] PluginManage:310 - Check plugin pinoutconfig
2026-06-14 19:04:51,022 [WARN] SupportedApi:132 - Cannot load RTOS API schema: s4s-elt-must-match.1: The content of 'definitions' must match (annotation?, (simpleType | complexType)?, (unique | key | keyref)*)). A problem was found starting at: attribute.
2026-06-14 19:04:51,172 [INFO] PluginManage:359 - Loaded plugin pinoutconfig (category:base,tabindex:0)
2026-06-14 19:04:51,173 [INFO] PluginManage:310 - Check plugin power
2026-06-14 19:04:51,184 [INFO] PluginManage:359 - Loaded plugin power (category:power,tabindex:4)
2026-06-14 19:04:51,184 [INFO] PluginManage:310 - Check plugin projectmanager
2026-06-14 19:04:51,203 [INFO] PluginManage:359 - Loaded plugin projectmanager (category:projectmanager,tabindex:4)
2026-06-14 19:04:51,203 [INFO] PluginManage:310 - Check plugin rif
2026-06-14 19:04:51,211 [INFO] PluginManage:359 - Loaded plugin rif (category:base,tabindex:3)
2026-06-14 19:04:51,212 [INFO] PluginManage:310 - Check plugin thirdparty
2026-06-14 19:04:51,382 [INFO] PluginManage:359 - Loaded plugin thirdparty (category:base,tabindex:-1)
2026-06-14 19:04:51,382 [WARN] IntegrityCheckThread:84 - waiting for thirdparty lock release [integrity check]
2026-06-14 19:04:51,382 [INFO] PluginManage:310 - Check plugin tools
2026-06-14 19:04:51,382 [INFO] IntegrityCheckThread:86 - entering critical section [integrity check]
2026-06-14 19:04:51,383 [INFO] ThirdPartyUpdaterWithRetryManager:70 - Updater plugin not ready yet. [1/15]
2026-06-14 19:04:51,386 [INFO] PluginManage:359 - Loaded plugin tools (category:base,tabindex:7)
2026-06-14 19:04:51,386 [INFO] PluginManage:310 - Check plugin tutovideos
2026-06-14 19:04:51,606 [INFO] PluginManage:359 - Loaded plugin tutovideos (category:base,tabindex:-1)
2026-06-14 19:04:51,606 [INFO] PluginManage:310 - Check plugin updater
2026-06-14 19:04:51,632 [INFO] PluginManage:359 - Loaded plugin updater (category:base,tabindex:12)
2026-06-14 19:04:51,632 [INFO] PluginManage:310 - Check plugin userauth
2026-06-14 19:04:51,637 [INFO] UserAuth:118 - Init User Auth plugin
2026-06-14 19:04:51,638 [INFO] PluginManage:359 - Loaded plugin userauth (category:base,tabindex:14)
2026-06-14 19:04:51,638 [INFO] PluginManage:283 - PluginManage : Loaded plugins [18]
2026-06-14 19:04:51,875 [INFO] PinOutPanel:1589 - setPackage(No Configuration,No Configuration)
2026-06-14 19:04:51,967 [INFO] CADModel:165 - CPN selected for project level
2026-06-14 19:04:51,968 [INFO] CADModel:114 - Register for checkConnection events
2026-06-14 19:04:51,988 [INFO] IPUIPlugin:80 - create IPUIPlugin
2026-06-14 19:04:51,988 [INFO] PluginManager:220 - loadIPPluginJar : add adc
2026-06-14 19:04:51,992 [INFO] IPUIPlugin:80 - create IPUIPlugin
2026-06-14 19:04:51,992 [INFO] PluginManager:220 - loadIPPluginJar : add aes
2026-06-14 19:04:51,996 [INFO] IPUIPlugin:80 - create IPUIPlugin
2026-06-14 19:04:51,997 [INFO] PluginManager:220 - loadIPPluginJar : add can
2026-06-14 19:04:51,999 [INFO] IPUIPlugin:80 - create IPUIPlugin
2026-06-14 19:04:51,999 [INFO] PluginManager:220 - loadIPPluginJar : add comp
2026-06-14 19:04:52,001 [INFO] IPUIPlugin:80 - create IPUIPlugin
2026-06-14 19:04:52,002 [INFO] PluginManager:220 - loadIPPluginJar : add cryp
2026-06-14 19:04:52,005 [INFO] IPUIPlugin:80 - create IPUIPlugin
2026-06-14 19:04:52,006 [INFO] PluginManager:220 - loadIPPluginJar : add ddr_ctrl_phy
2026-06-14 19:04:52,009 [INFO] IPUIPlugin:80 - create IPUIPlugin
2026-06-14 19:04:52,009 [INFO] PluginManager:220 - loadIPPluginJar : add dfsdm
2026-06-14 19:04:52,015 [INFO] IPUIPlugin:80 - create IPUIPlugin
2026-06-14 19:04:52,016 [INFO] PluginManager:220 - loadIPPluginJar : add dma
2026-06-14 19:04:52,019 [INFO] IPUIPlugin:80 - create IPUIPlugin
2026-06-14 19:04:52,019 [INFO] PluginManager:220 - loadIPPluginJar : add dma3
2026-06-14 19:04:52,023 [INFO] IPUIPlugin:80 - create IPUIPlugin
2026-06-14 19:04:52,023 [INFO] PluginManager:220 - loadIPPluginJar : add extmemmanager
2026-06-14 19:04:52,025 [INFO] IPUIPlugin:80 - create IPUIPlugin
2026-06-14 19:04:52,025 [INFO] PluginManager:220 - loadIPPluginJar : add fatfs
2026-06-14 19:04:52,030 [INFO] IPUIPlugin:80 - create IPUIPlugin
2026-06-14 19:04:52,031 [INFO] PluginManager:220 - loadIPPluginJar : add fmc
2026-06-14 19:04:52,036 [INFO] IPUIPlugin:80 - create IPUIPlugin
2026-06-14 19:04:52,037 [INFO] PluginManager:220 - loadIPPluginJar : add freertos
2026-06-14 19:04:52,038 [INFO] IPUIPlugin:80 - create IPUIPlugin
2026-06-14 19:04:52,038 [INFO] PluginManager:220 - loadIPPluginJar : add genericplugin
2026-06-14 19:04:52,041 [INFO] IPUIPlugin:80 - create IPUIPlugin
2026-06-14 19:04:52,041 [INFO] PluginManager:220 - loadIPPluginJar : add gfxmmu
2026-06-14 19:04:52,046 [INFO] IPUIPlugin:80 - create IPUIPlugin
2026-06-14 19:04:52,046 [INFO] PluginManager:220 - loadIPPluginJar : add gic
2026-06-14 19:04:52,050 [INFO] IPUIPlugin:80 - create IPUIPlugin
2026-06-14 19:04:52,050 [INFO] PluginManager:220 - loadIPPluginJar : add gpio
2026-06-14 19:04:52,054 [INFO] IPUIPlugin:80 - create IPUIPlugin
2026-06-14 19:04:52,054 [INFO] PluginManager:220 - loadIPPluginJar : add gtzc
2026-06-14 19:04:52,057 [INFO] IPUIPlugin:80 - create IPUIPlugin
2026-06-14 19:04:52,057 [INFO] PluginManager:220 - loadIPPluginJar : add hash
2026-06-14 19:04:52,060 [INFO] IPUIPlugin:80 - create IPUIPlugin
2026-06-14 19:04:52,060 [INFO] PluginManager:220 - loadIPPluginJar : add i2c
2026-06-14 19:04:52,063 [INFO] IPUIPlugin:80 - create IPUIPlugin
2026-06-14 19:04:52,063 [INFO] PluginManager:220 - loadIPPluginJar : add i2s
2026-06-14 19:04:52,066 [INFO] IPUIPlugin:80 - create IPUIPlugin
2026-06-14 19:04:52,066 [INFO] PluginManager:220 - loadIPPluginJar : add i3c
2026-06-14 19:04:52,072 [INFO] IPUIPlugin:80 - create IPUIPlugin
2026-06-14 19:04:52,072 [INFO] PluginManager:220 - loadIPPluginJar : add ipddr
2026-06-14 19:04:52,081 [INFO] IPUIPlugin:80 - create IPUIPlugin
2026-06-14 19:04:52,081 [INFO] PluginManager:220 - loadIPPluginJar : add linkedlist
2026-06-14 19:04:52,086 [INFO] IPUIPlugin:80 - create IPUIPlugin
2026-06-14 19:04:52,087 [INFO] PluginManager:220 - loadIPPluginJar : add lorawan
2026-06-14 19:04:52,089 [INFO] IPUIPlugin:80 - create IPUIPlugin
2026-06-14 19:04:52,089 [INFO] PluginManager:220 - loadIPPluginJar : add ltdc
2026-06-14 19:04:52,095 [INFO] IPUIPlugin:80 - create IPUIPlugin
2026-06-14 19:04:52,095 [INFO] PluginManager:220 - loadIPPluginJar : add mdma
2026-06-14 19:04:52,100 [INFO] IPUIPlugin:80 - create IPUIPlugin
2026-06-14 19:04:52,100 [INFO] PluginManager:220 - loadIPPluginJar : add nvic
2026-06-14 19:04:52,105 [INFO] IPUIPlugin:80 - create IPUIPlugin
2026-06-14 19:04:52,105 [INFO] PluginManager:220 - loadIPPluginJar : add opamp
2026-06-14 19:04:52,109 [INFO] IPUIPlugin:80 - create IPUIPlugin
2026-06-14 19:04:52,110 [INFO] PluginManager:220 - loadIPPluginJar : add openamp
2026-06-14 19:04:52,114 [INFO] IPUIPlugin:80 - create IPUIPlugin
2026-06-14 19:04:52,115 [INFO] PluginManager:220 - loadIPPluginJar : add pdm2pcm
2026-06-14 19:04:52,124 [INFO] IPUIPlugin:80 - create IPUIPlugin
2026-06-14 19:04:52,128 [INFO] PluginManager:220 - loadIPPluginJar : add plateformsettings
2026-06-14 19:04:52,131 [INFO] IPUIPlugin:80 - create IPUIPlugin
2026-06-14 19:04:52,131 [INFO] PluginManager:220 - loadIPPluginJar : add quadspi
2026-06-14 19:04:52,133 [INFO] IPUIPlugin:80 - create IPUIPlugin
2026-06-14 19:04:52,134 [INFO] PluginManager:220 - loadIPPluginJar : add radio
2026-06-14 19:04:52,138 [INFO] IPUIPlugin:80 - create IPUIPlugin
2026-06-14 19:04:52,138 [INFO] PluginManager:220 - loadIPPluginJar : add resmgrutility
2026-06-14 19:04:52,143 [INFO] IPUIPlugin:80 - create IPUIPlugin
2026-06-14 19:04:52,143 [INFO] PluginManager:220 - loadIPPluginJar : add sai
2026-06-14 19:04:52,147 [INFO] IPUIPlugin:80 - create IPUIPlugin
2026-06-14 19:04:52,147 [INFO] PluginManager:220 - loadIPPluginJar : add spi
2026-06-14 19:04:52,156 [INFO] IPUIPlugin:80 - create IPUIPlugin
2026-06-14 19:04:52,156 [INFO] PluginManager:220 - loadIPPluginJar : add stm32_wpan
2026-06-14 19:04:52,159 [INFO] IPUIPlugin:80 - create IPUIPlugin
2026-06-14 19:04:52,159 [INFO] PluginManager:220 - loadIPPluginJar : add tim
2026-06-14 19:04:52,164 [INFO] IPUIPlugin:80 - create IPUIPlugin
2026-06-14 19:04:52,165 [INFO] PluginManager:220 - loadIPPluginJar : add touchsensing
2026-06-14 19:04:52,168 [INFO] IPUIPlugin:80 - create IPUIPlugin
2026-06-14 19:04:52,168 [INFO] PluginManager:220 - loadIPPluginJar : add tracer_emb
2026-06-14 19:04:52,171 [INFO] IPUIPlugin:80 - create IPUIPlugin
2026-06-14 19:04:52,171 [INFO] PluginManager:220 - loadIPPluginJar : add ts
2026-06-14 19:04:52,172 [INFO] IPUIPlugin:80 - create IPUIPlugin
2026-06-14 19:04:52,173 [INFO] PluginManager:220 - loadIPPluginJar : add tsc
2026-06-14 19:04:52,175 [INFO] IPUIPlugin:80 - create IPUIPlugin
2026-06-14 19:04:52,176 [INFO] PluginManager:220 - loadIPPluginJar : add ucpd
2026-06-14 19:04:52,180 [INFO] IPUIPlugin:80 - create IPUIPlugin
2026-06-14 19:04:52,180 [INFO] PluginManager:220 - loadIPPluginJar : add usart
2026-06-14 19:04:52,185 [INFO] IPUIPlugin:80 - create IPUIPlugin
2026-06-14 19:04:52,185 [INFO] PluginManager:220 - loadIPPluginJar : add usbx
2026-06-14 19:04:52,337 [FATAL] Updater:351 - Updater called before beeing initialized
2026-06-14 19:04:52,369 [INFO] RulesReader:64 - Compatibility file has been processed (302 Rules)
2026-06-14 19:04:52,388 [INFO] RulesReader:64 - Compatibility file has been processed (302 Rules)
2026-06-14 19:04:52,397 [INFO] CADModel:165 - CPN selected for project level
2026-06-14 19:04:52,397 [INFO] CADModel:114 - Register for checkConnection events
2026-06-14 19:04:52,398 [FATAL] Updater:351 - Updater called before beeing initialized
2026-06-14 19:04:52,398 [ERROR] CADModel:125 - Updater not yet initialized, retry later 
2026-06-14 19:04:52,607 [FATAL] Updater:351 - Updater called before beeing initialized
2026-06-14 19:04:52,615 [INFO] CADModel:165 - CPN selected for project level
2026-06-14 19:04:52,615 [INFO] CADModel:114 - Register for checkConnection events
2026-06-14 19:04:52,615 [FATAL] Updater:351 - Updater called before beeing initialized
2026-06-14 19:04:52,615 [ERROR] CADModel:125 - Updater not yet initialized, retry later 
2026-06-14 19:04:52,620 [FATAL] Updater:351 - Updater called before beeing initialized
2026-06-14 19:04:52,795 [FATAL] Updater:351 - Updater called before beeing initialized
2026-06-14 19:04:52,800 [INFO] DbMcusAds:53 - JSON generation date=Thu May 28 19:08:17 TRT 2026 (1779984497073)
2026-06-14 19:04:52,800 [FATAL] Updater:351 - Updater called before beeing initialized
2026-06-14 19:04:52,862 [WARN] DetailPanel:346 - Failed to get advertising image, set to default
2026-06-14 19:04:53,263 [FATAL] Updater:351 - Updater called before beeing initialized
2026-06-14 19:04:53,267 [FATAL] Updater:351 - Updater called before beeing initialized
2026-06-14 19:04:53,267 [FATAL] Updater:351 - Updater called before beeing initialized
2026-06-14 19:04:53,268 [WARN] DetailPanel:346 - Failed to get advertising image, set to default
2026-06-14 19:04:53,269 [FATAL] Updater:351 - Updater called before beeing initialized
2026-06-14 19:04:53,352 [ERROR] Updater:1198 - MainUpdater not yet initialized. External WinMGr cannot be set.
2026-06-14 19:04:53,354 [INFO] Updater:1134 - Updater Version found : 6.14.1
2026-06-14 19:04:53,381 [INFO] ApplicationProperties:184 - Using Application install path: C:\ST\STM32CubeIDE_1.18.1\STM32CubeIDE\plugins\com.st.stm32cube.common.mx_6.14.1.202504091515
2026-06-14 19:04:54,384 [INFO] ThirdPartyUpdaterWithRetryManager:70 - Updater plugin not ready yet. [2/15]
2026-06-14 19:04:54,959 [ERROR] LogOutputStream:75 - [STDERR_REDIRECT] Jun 14, 2026 7:04:54 PM java.util.prefs.WindowsPreferences <init>
2026-06-14 19:04:54,962 [ERROR] LogOutputStream:75 - [STDERR_REDIRECT] WARNING: Could not open/create prefs root node Software\JavaSoft\Prefs at root 0xffffffff80000002. Windows RegCreateKeyEx(...) returned error code 5.
2026-06-14 19:04:54,963 [ERROR] LogOutputStream:75 - [STDERR_REDIRECT] 
2026-06-14 19:04:55,901 [INFO] MainUpdater:2872 - connection check result : 10
2026-06-14 19:04:55,902 [INFO] MainUpdater:289 - Updater Check For Update Now.
2026-06-14 19:04:55,919 [INFO] MicroXplorer:498 - Change Database Version : DB.6.0.141
2026-06-14 19:04:55,929 [INFO] McuFinderGlobals:63 - Set McuFinder mode to 2 (CubeIDE integrated)
2026-06-14 19:04:55,930 [INFO] UserAuth:484 - Internet connection configuration mode: 1
2026-06-14 19:04:55,969 [INFO] JxBrowserEngine:152 - Initiate JxBrowser Engine with user profile folder
2026-06-14 19:04:56,290 [INFO] CheckServerUpdateThread:120 - End of CheckServer Thread
2026-06-14 19:04:57,211 [INFO] WebApp:169 - Instantiating new browser for Auth
2026-06-14 19:04:58,147 [WARN] PackLoader:240 - Cannot read IP mode file for STMicroelectronics.X-CUBE-AZRTOS-H7.3.5.0
2026-06-14 19:04:58,173 [WARN] PackLoader:240 - Cannot read IP mode file for STMicroelectronics.FP-SNS-MOTENVWB1.1.4.0
2026-06-14 19:04:58,186 [WARN] PackLoader:240 - Cannot read IP mode file for STMicroelectronics.FP-ATR-ASTRA1.2.0.2
2026-06-14 19:04:58,194 [WARN] PackLoader:240 - Cannot read IP mode file for STMicroelectronics.FP-ATR-ASTRA1.2.0.1
2026-06-14 19:04:58,206 [ERROR] Engine:466 - C:\Users\furkan\.stm32cubemx\thirdparties\pdsc\STMicroelectronics.X-CUBE-SMBUS.2.1.1.pdsc: PDSC version is not supported
2026-06-14 19:04:58,219 [WARN] PackLoader:240 - Cannot read IP mode file for STMicroelectronics.X-CUBE-SMBUS.2.1.0
2026-06-14 19:04:58,248 [WARN] PackLoader:240 - Cannot read IP mode file for STMicroelectronics.X-CUBE-WB05N.1.1.0
2026-06-14 19:04:58,263 [WARN] PackLoader:240 - Cannot read IP mode file for STMicroelectronics.X-CUBE-ST60.1.0.0
2026-06-14 19:04:58,280 [WARN] PackLoader:240 - Cannot read IP mode file for STMicroelectronics.X-CUBE-TOUCHGFX.4.23.1
2026-06-14 19:04:58,287 [WARN] PackLoader:240 - Cannot read IP mode file for STMicroelectronics.X-CUBE-TOUCHGFX.4.23.0
2026-06-14 19:04:58,296 [WARN] PackLoader:240 - Cannot read IP mode file for STMicroelectronics.X-CUBE-TOUCHGFX.4.23.2
2026-06-14 19:04:58,393 [WARN] PackLoader:240 - Cannot read IP mode file for STMicroelectronics.X-CUBE-AZRTOS-F7.1.1.0
2026-06-14 19:04:58,421 [WARN] PackLoader:240 - Cannot read IP mode file for STMicroelectronics.FP-SNS-MOTENV1.4.3.2
2026-06-14 19:04:58,749 [WARN] PackLoader:240 - Cannot read IP mode file for STMicroelectronics.X-CUBE-MEMS1.11.0.0
2026-06-14 19:04:59,017 [INFO] WebApp:463 - Apply proxy settings
2026-06-14 19:04:59,018 [INFO] WebApp:548 - Chromium requires no authentication
2026-06-14 19:04:59,038 [INFO] WebApp:491 - Direct internet connection detected
2026-06-14 19:04:59,141 [INFO] WebApp:894 - Register for checkConnection events
2026-06-14 19:04:59,141 [INFO] WebApp:463 - Apply proxy settings
2026-06-14 19:04:59,142 [INFO] WebApp:548 - Chromium requires no authentication
2026-06-14 19:04:59,144 [INFO] WebApp:491 - Direct internet connection detected
2026-06-14 19:04:59,211 [ERROR] Engine:466 - C:\Users\furkan\.stm32cubemx\thirdparties\pdsc\STMicroelectronics.FP-SNS-MOTENV1.5.1.0.pdsc: PDSC version is not supported
2026-06-14 19:04:59,224 [WARN] PackLoader:240 - Cannot read IP mode file for STMicroelectronics.FP-SNS-FLIGHT1.5.0.2
2026-06-14 19:04:59,267 [WARN] PackLoader:240 - Cannot read IP mode file for STMicroelectronics.X-CUBE-AZRTOS-H7.3.4.0
2026-06-14 19:04:59,288 [WARN] PackLoader:240 - Cannot read IP mode file for STMicroelectronics.X-CUBE-DISPLAY.3.0.0
2026-06-14 19:04:59,305 [WARN] PackLoader:240 - Cannot read IP mode file for STMicroelectronics.X-CUBE-GNSS1.7.1.1
2026-06-14 19:04:59,310 [ERROR] Engine:466 - C:\Users\furkan\.stm32cubemx\thirdparties\pdsc\STMicroelectronics.FP-SNS-MOTENVWB1.1.5.0.pdsc: PDSC version is not supported
2026-06-14 19:04:59,319 [WARN] PackLoader:240 - Cannot read IP mode file for STMicroelectronics.X-CUBE-BLE1.7.0.0
2026-06-14 19:04:59,331 [WARN] PackLoader:240 - Cannot read IP mode file for STMicroelectronics.X-CUBE-NFC10.1.0.0
2026-06-14 19:04:59,367 [WARN] PackLoader:240 - Cannot read IP mode file for STMicroelectronics.X-CUBE-BLEMGR.4.0.0
2026-06-14 19:04:59,379 [WARN] PackLoader:240 - Cannot read IP mode file for STMicroelectronics.X-CUBE-ST60.1.1.0
2026-06-14 19:04:59,390 [WARN] PackLoader:240 - Cannot read IP mode file for emotas.I-CUBE-CANOPEN.1.3.0
2026-06-14 19:04:59,401 [WARN] PackLoader:240 - Cannot read IP mode file for STMicroelectronics.X-CUBE-GNSS1.7.1.0
2026-06-14 19:04:59,420 [WARN] PackLoader:240 - Cannot read IP mode file for STMicroelectronics.X-CUBE-BLEMGR.3.1.0
2026-06-14 19:04:59,431 [ERROR] Engine:466 - C:\Users\furkan\.stm32cubemx\thirdparties\pdsc\STMicroelectronics.FP-SNS-STBOX1.2.1.0.pdsc: PDSC version is not supported
2026-06-14 19:04:59,439 [WARN] PackLoader:240 - Cannot read IP mode file for STMicroelectronics.FP-SNS-SMARTAG2.1.2.0
2026-06-14 19:04:59,446 [WARN] PackLoader:240 - Cannot read IP mode file for STMicroelectronics.FP-SNS-FLIGHT1.5.1.0
2026-06-14 19:04:59,533 [WARN] PackLoader:240 - Cannot read IP mode file for STMicroelectronics.X-CUBE-MEMS1.11.1.0
2026-06-14 19:04:59,611 [INFO] WebApp:225 - Starting web application
2026-06-14 19:04:59,611 [INFO] WebApp:593 - Web application path used C:\ST\STM32CubeIDE_1.18.1\STM32CubeIDE\plugins\com.st.stm32cube.common.mx_6.14.1.202504091515\db\plugins\mcufinder\reactClient1\index.html
2026-06-14 19:04:59,882 [INFO] LogOutputStream:77 - [STDOUT_REDIRECT] 1 : Invalid condition id : UX_CORESTACK_Condition cause : null
2026-06-14 19:04:59,883 [INFO] LogOutputStream:77 - [STDOUT_REDIRECT] 1 : Invalid condition id : UX_CORESTACK_Condition cause : null
2026-06-14 19:04:59,887 [INFO] LogOutputStream:77 - [STDOUT_REDIRECT] 1 : Invalid condition id : UX_CORESTACK_Condition cause : null
2026-06-14 19:04:59,891 [INFO] LogOutputStream:77 - [STDOUT_REDIRECT] 1 : Invalid condition id : UX_CORESTACK_Condition cause : null
2026-06-14 19:04:59,896 [INFO] LogOutputStream:77 - [STDOUT_REDIRECT] 1 : Invalid condition id : UX_CORESTACK_Condition cause : null
2026-06-14 19:04:59,908 [WARN] PackLoader:240 - Cannot read IP mode file for STMicroelectronics.X-CUBE-AZRTOS-WL.2.0.0
2026-06-14 19:04:59,920 [WARN] PackLoader:240 - Cannot read IP mode file for STMicroelectronics.FP-SNS-MOTENV1.5.0.0
2026-06-14 19:04:59,963 [WARN] PackLoader:240 - Cannot read IP mode file for STMicroelectronics.X-CUBE-AZRTOS-H7RS.1.2.0
2026-06-14 19:04:59,979 [WARN] PackLoader:240 - Cannot read IP mode file for wolfSSL.I-CUBE-wolfMQTT.1.19.0
2026-06-14 19:04:59,993 [WARN] PackLoader:240 - Cannot read IP mode file for WES.I-CUBE-Cesium.1.3.0
2026-06-14 19:05:00,003 [WARN] PackLoader:240 - Cannot read IP mode file for STMicroelectronics.X-CUBE-BLE2.3.3.0
2026-06-14 19:05:00,046 [WARN] PackLoader:240 - Cannot read IP mode file for STMicroelectronics.X-CUBE-NFC9.1.0.0
2026-06-14 19:05:00,058 [WARN] PackLoader:240 - Cannot read IP mode file for STMicroelectronics.X-CUBE-BLE1.7.1.0
2026-06-14 19:05:00,071 [WARN] PackLoader:240 - Cannot read IP mode file for STMicroelectronics.X-CUBE-TCPP.4.1.0
2026-06-14 19:05:00,080 [ERROR] Engine:466 - C:\Users\furkan\.stm32cubemx\thirdparties\pdsc\STMicroelectronics.X-CUBE-FREERTOS.1.4.0.pdsc: PDSC version is not supported
2026-06-14 19:05:00,095 [WARN] PackLoader:240 - Cannot read IP mode file for STMicroelectronics.X-CUBE-EEPRMA1.5.2.0
2026-06-14 19:05:00,104 [ERROR] Engine:466 - C:\Users\furkan\.stm32cubemx\thirdparties\pdsc\STMicroelectronics.X-CUBE-ST67W61.1.1.0.pdsc: PDSC version is not supported
2026-06-14 19:05:00,112 [WARN] PackLoader:240 - Cannot read IP mode file for STMicroelectronics.X-CUBE-AI.10.1.0
2026-06-14 19:05:00,117 [ERROR] Engine:466 - C:\Users\furkan\.stm32cubemx\thirdparties\pdsc\STMicroelectronics.FP-SNS-STAIOTCFT.1.1.0.pdsc: PDSC version is not supported
2026-06-14 19:05:00,196 [WARN] PackLoader:240 - Cannot read IP mode file for STMicroelectronics.X-CUBE-MEMS1.12.0.0
2026-06-14 19:05:00,392 [WARN] PackLoader:240 - Cannot read IP mode file for STMicroelectronics.X-CUBE-ALGOBUILD.1.3.0
2026-06-14 19:05:00,419 [WARN] PackLoader:240 - Cannot read IP mode file for STMicroelectronics.X-CUBE-AZRTOS-G0.1.1.0
2026-06-14 19:05:00,435 [WARN] PackLoader:240 - Cannot read IP mode file for STMicroelectronics.X-CUBE-SAFEA1.1.2.2
2026-06-14 19:05:00,446 [WARN] PackLoader:240 - Cannot read IP mode file for STMicroelectronics.X-CUBE-NFC4.3.0.0
2026-06-14 19:05:00,468 [WARN] PackLoader:240 - Cannot read IP mode file for EmbeddedOffice.I-CUBE-FS-RTOS.1.0.1
2026-06-14 19:05:00,501 [WARN] PackLoader:240 - Cannot read IP mode file for STMicroelectronics.X-CUBE-WB05N.2.0.0
2026-06-14 19:05:00,528 [WARN] PackLoader:240 - Cannot read IP mode file for STMicroelectronics.X-CUBE-BLEMGR.3.0.0
2026-06-14 19:05:00,553 [WARN] PackLoader:240 - Cannot read IP mode file for STMicroelectronics.X-CUBE-TCPP.4.2.0
2026-06-14 19:05:00,584 [WARN] PackLoader:240 - Cannot read IP mode file for RealThread.X-CUBE-RT-Thread_Nano.4.1.1
2026-06-14 19:05:00,595 [WARN] PackLoader:240 - Cannot read IP mode file for STMicroelectronics.FP-ATR-SIGFOX1.3.2.0
2026-06-14 19:05:00,609 [WARN] ConditionMgr:438 - getConditionDescription Invalid condition id : Cortex-A Device cause : null
2026-06-14 19:05:00,627 [WARN] ConditionMgr:1044 - genDependencies : Invalid condition id : Cortex-A Device cause : null
2026-06-14 19:05:00,627 [WARN] ConditionMgr:1044 - genDependencies : Invalid condition id : Cortex-A Device cause : null
2026-06-14 19:05:00,627 [WARN] ConditionMgr:1044 - genDependencies : Invalid condition id : Cortex-A Device cause : null
2026-06-14 19:05:00,636 [WARN] PackLoader:240 - Cannot read IP mode file for STMicroelectronics.X-CUBE-EEPRMA1.5.1.0
2026-06-14 19:05:00,646 [ERROR] Engine:466 - C:\Users\furkan\.stm32cubemx\thirdparties\pdsc\STMicroelectronics.X-CUBE-FREERTOS.1.5.0.pdsc: PDSC version is not supported
2026-06-14 19:05:00,662 [WARN] PackLoader:240 - Cannot read IP mode file for STMicroelectronics.X-CUBE-NFC6.3.2.0
2026-06-14 19:05:00,683 [WARN] PackLoader:240 - Cannot read IP mode file for STMicroelectronics.X-CUBE-ST67W61.1.0.0
2026-06-14 19:05:00,700 [WARN] PackLoader:240 - Cannot read IP mode file for STMicroelectronics.X-CUBE-AI.10.2.0
2026-06-14 19:05:00,818 [WARN] PackLoader:240 - Cannot read IP mode file for STMicroelectronics.X-CUBE-MEMS1.12.1.0
2026-06-14 19:05:01,090 [WARN] PackLoader:240 - Cannot read IP mode file for SEGGER.I-CUBE-embOS.1.3.1
2026-06-14 19:05:01,098 [INFO] UserAuth:484 - Internet connection configuration mode: 1
2026-06-14 19:05:01,338 [WARN] PackLoader:240 - Cannot read IP mode file for STMicroelectronics.X-CUBE-ALGOBUILD.1.4.0
2026-06-14 19:05:01,490 [WARN] PackLoader:240 - Cannot read IP mode file for STMicroelectronics.X-CUBE-MEMS1.11.3.0
2026-06-14 19:05:01,822 [WARN] PackLoader:240 - Cannot read IP mode file for STMicroelectronics.X-CUBE-AI.9.1.0
2026-06-14 19:05:01,834 [WARN] PackLoader:240 - Cannot read IP mode file for STMicroelectronics.X-CUBE-PM33A1.1.0.0
2026-06-14 19:05:01,849 [WARN] PackLoader:240 - Cannot read IP mode file for STMicroelectronics.X-CUBE-GNSS1.6.0.0
2026-06-14 19:05:01,910 [WARN] PackLoader:240 - Cannot read IP mode file for STMicroelectronics.X-CUBE-AZRTOS-F4.1.1.0
2026-06-14 19:05:01,929 [WARN] PackLoader:240 - Cannot read IP mode file for Avnet-IotConnect.X-CUBE-IoTC-DA16k-PMOD.1.0.0
2026-06-14 19:05:01,950 [WARN] PackLoader:240 - Cannot read IP mode file for STMicroelectronics.X-CUBE-ISPU.2.1.0
2026-06-14 19:05:01,968 [ERROR] Engine:466 - C:\Users\furkan\.stm32cubemx\thirdparties\pdsc\STMicroelectronics.X-CUBE-IPS.3.2.0.pdsc: PDSC version is not supported
2026-06-14 19:05:01,979 [WARN] PackLoader:240 - Cannot read IP mode file for STMicroelectronics.eDS-WB_DPC_TT-BIDIR.2.1.1
2026-06-14 19:05:01,990 [WARN] PackLoader:240 - Cannot read IP mode file for STMicroelectronics.X-CUBE-FREERTOS.1.2.0
2026-06-14 19:05:02,004 [WARN] PackLoader:240 - Cannot read IP mode file for wolfSSL.I-CUBE-wolfSSL.5.6.6
2026-06-14 19:05:02,019 [WARN] PackLoader:240 - Cannot read IP mode file for STMicroelectronics.X-CUBE-NFC12.1.0.0
2026-06-14 19:05:02,064 [WARN] PackLoader:240 - Cannot read IP mode file for STMicroelectronics.X-CUBE-AZRTOS-L5.2.0.0
2026-06-14 19:05:02,085 [WARN] PackLoader:240 - Cannot read IP mode file for STMicroelectronics.X-CUBE-NFC6.3.1.0
2026-06-14 19:05:02,103 [WARN] PackLoader:240 - Cannot read IP mode file for ITTIA_DB.I-CUBE-ITTIADB.8.8.0
2026-06-14 19:05:02,158 [WARN] PackLoader:240 - Cannot read IP mode file for STMicroelectronics.X-CUBE-ALGOBUILD.1.5.0
2026-06-14 19:05:02,198 [WARN] PackLoader:240 - Cannot read IP mode file for STMicroelectronics.X-CUBE-DPower.1.2.0
2026-06-14 19:05:02,213 [WARN] PackLoader:240 - Cannot read IP mode file for STMicroelectronics.eDS-WB_DPC_VIENNA.1.2.0
2026-06-14 19:05:02,238 [WARN] PackLoader:240 - Cannot read IP mode file for STMicroelectronics.eDS-WB_DPC_3PH2L-BIDIR.1.1.1
2026-06-14 19:05:02,252 [WARN] PackLoader:240 - Cannot read IP mode file for STMicroelectronics.X-CUBE-AI.9.0.0
2026-06-14 19:05:02,267 [ERROR] Engine:466 - C:\Users\furkan\.stm32cubemx\thirdparties\pdsc\STMicroelectronics.X-CUBE-ST67W61.1.3.0.pdsc: PDSC version is not supported
2026-06-14 19:05:02,280 [WARN] PackLoader:240 - Cannot read IP mode file for STMicroelectronics.X-CUBE-FREERTOS.1.3.1
2026-06-14 19:05:02,292 [WARN] PackLoader:240 - Cannot read IP mode file for STMicroelectronics.X-CUBE-FREERTOS.1.3.0
2026-06-14 19:05:02,303 [WARN] PackLoader:240 - Cannot read IP mode file for STMicroelectronics.X-CUBE-NFC7.1.0.1
2026-06-14 19:05:02,316 [WARN] PackLoader:240 - Cannot read IP mode file for wolfSSL.I-CUBE-wolfTPM.3.2.0
2026-06-14 19:05:02,323 [WARN] PackLoader:240 - Cannot read IP mode file for STMicroelectronics.X-CUBE-TOUCHGFX.4.26.0
2026-06-14 19:05:02,338 [WARN] PackLoader:240 - Cannot read IP mode file for STMicroelectronics.X-CUBE-NFC6.3.0.0
2026-06-14 19:05:02,350 [WARN] PackLoader:240 - Cannot read IP mode file for STMicroelectronics.X-CUBE-TOUCHGFX.4.26.1
2026-06-14 19:05:02,363 [WARN] PackLoader:240 - Cannot read IP mode file for STMicroelectronics.FP-SNS-STAIOTCFT.1.0.0
2026-06-14 19:05:02,372 [WARN] PackLoader:240 - Cannot read IP mode file for STMicroelectronics.X-CUBE-DPower.1.3.0
2026-06-14 19:05:02,384 [WARN] PackLoader:240 - Cannot read IP mode file for STMicroelectronics.X-CUBE-AI.8.1.0
2026-06-14 19:05:02,439 [WARN] ConditionMgr:438 - getConditionDescription Invalid condition id : LAN8742 Phy interface Condition cause : null
2026-06-14 19:05:02,441 [WARN] PackLoader:240 - Cannot read IP mode file for STMicroelectronics.X-CUBE-AZRTOS-L4.2.0.0
2026-06-14 19:05:02,447 [WARN] ConditionMgr:1044 - genDependencies : Invalid condition id : LAN8742 Phy interface Condition cause : null
2026-06-14 19:05:02,448 [WARN] ConditionMgr:1044 - genDependencies : Invalid condition id : LAN8742 Phy interface Condition cause : null
2026-06-14 19:05:02,449 [WARN] ConditionMgr:1044 - genDependencies : Invalid condition id : LAN8742 Phy interface Condition cause : null
2026-06-14 19:05:02,467 [WARN] PackLoader:240 - Cannot read IP mode file for STMicroelectronics.X-CUBE-SFXS2LP1.4.0.0
2026-06-14 19:05:02,479 [WARN] PackLoader:240 - Cannot read IP mode file for STMicroelectronics.X-CUBE-WB05N.2.1.0
2026-06-14 19:05:02,487 [ERROR] Engine:466 - C:\Users\furkan\.stm32cubemx\thirdparties\pdsc\STMicroelectronics.X-CUBE-ST67W61.1.2.0.pdsc: PDSC version is not supported
2026-06-14 19:05:02,521 [WARN] PackLoader:240 - Cannot read IP mode file for STMicroelectronics.X-CUBE-AZRTOS-H7.3.3.0
2026-06-14 19:05:02,560 [WARN] PackLoader:240 - Cannot read IP mode file for STMicroelectronics.X-CUBE-BLEMGR.4.1.0
2026-06-14 19:05:02,601 [WARN] PackLoader:240 - Cannot read IP mode file for STMicroelectronics.X-CUBE-IPS.3.0.0
2026-06-14 19:05:02,637 [WARN] ConditionMgr:438 - getConditionDescription Invalid condition id : UX DEVICE CLASS RTOS Condition cause : null
2026-06-14 19:05:02,638 [WARN] ConditionMgr:438 - getConditionDescription Invalid condition id : UX DEVICE CLASS RTOS Condition cause : null
2026-06-14 19:05:02,658 [WARN] PackLoader:240 - Cannot read IP mode file for STMicroelectronics.X-CUBE-AZRTOS-WB.2.0.0
2026-06-14 19:05:02,661 [WARN] ConditionMgr:1044 - genDependencies : Invalid condition id : UX DEVICE CLASS RTOS Condition cause : null
2026-06-14 19:05:02,662 [WARN] ConditionMgr:1044 - genDependencies : Invalid condition id : UX DEVICE CLASS RTOS Condition cause : null
2026-06-14 19:05:02,669 [WARN] ConditionMgr:1044 - genDependencies : Invalid condition id : UX DEVICE CLASS RTOS Condition cause : null
2026-06-14 19:05:02,669 [WARN] ConditionMgr:1044 - genDependencies : Invalid condition id : UX DEVICE CLASS RTOS Condition cause : null
2026-06-14 19:05:02,669 [WARN] ConditionMgr:1044 - genDependencies : Invalid condition id : UX DEVICE CLASS RTOS Condition cause : null
2026-06-14 19:05:02,689 [WARN] PackLoader:240 - Cannot read IP mode file for STMicroelectronics.X-CUBE-GNSS1.7.0.0
2026-06-14 19:05:02,713 [WARN] PackLoader:240 - Cannot read IP mode file for STMicroelectronics.X-CUBE-GNSS1.7.0.1
2026-06-14 19:05:02,725 [WARN] PackLoader:240 - Cannot read IP mode file for STMicroelectronics.X-CUBE-TOUCHGFX.4.25.0
2026-06-14 19:05:02,742 [WARN] PackLoader:240 - Cannot read IP mode file for STMicroelectronics.FP-SNS-STBOX1.2.0.0
2026-06-14 19:05:02,780 [WARN] PackLoader:240 - Cannot read IP mode file for STMicroelectronics.X-CUBE-STSE01.2.0.0
2026-06-14 19:05:02,813 [WARN] PackLoader:240 - Cannot read IP mode file for STMicroelectronics.X-CUBE-SUBG2.5.0.0
2026-06-14 19:05:02,869 [WARN] PackLoader:240 - Cannot read IP mode file for STMicroelectronics.X-CUBE-AZRTOS-H7RS.1.1.0
2026-06-14 19:05:02,886 [WARN] PackLoader:240 - Cannot read IP mode file for Cesanta.I-CUBE-Mongoose.7.13.0
2026-06-14 19:05:02,916 [WARN] PackLoader:240 - Cannot read IP mode file for STMicroelectronics.X-CUBE-AZRTOS-G4.2.0.0
2026-06-14 19:05:02,941 [WARN] PackLoader:240 - Cannot read IP mode file for Infineon.AIROC-Wi-Fi-Bluetooth-STM32.1.5.1
2026-06-14 19:05:02,953 [WARN] PackLoader:240 - Cannot read IP mode file for STMicroelectronics.X-CUBE-NFC7.2.0.0
2026-06-14 19:05:02,962 [WARN] PackLoader:240 - Cannot read IP mode file for STMicroelectronics.FP-SNS-MOTENVWB1.1.3.1
2026-06-14 19:05:02,969 [WARN] PackLoader:240 - Cannot read IP mode file for STMicroelectronics.X-CUBE-ISPU.2.0.0
2026-06-14 19:05:02,985 [WARN] PackLoader:240 - Cannot read IP mode file for STMicroelectronics.X-CUBE-IPS.3.1.0
2026-06-14 19:05:03,005 [WARN] PackLoader:240 - Cannot read IP mode file for STMicroelectronics.X-CUBE-ALS.1.0.2
2026-06-14 19:05:03,067 [WARN] PackLoader:240 - Cannot read IP mode file for STMicroelectronics.X-CUBE-MEMS1.10.0.0
2026-06-14 19:05:03,250 [WARN] PackLoader:240 - Cannot read IP mode file for STMicroelectronics.X-CUBE-FREERTOS.1.1.0
2026-06-14 19:05:03,255 [WARN] PackLoader:240 - Cannot read IP mode file for STMicroelectronics.X-CUBE-TOUCHGFX.4.24.0
2026-06-14 19:05:03,261 [WARN] PackLoader:240 - Cannot read IP mode file for STMicroelectronics.X-CUBE-TOUCHGFX.4.24.1
2026-06-14 19:05:03,270 [WARN] PackLoader:240 - Cannot read IP mode file for STMicroelectronics.X-CUBE-STSE01.1.0.0
2026-06-14 19:05:03,281 [WARN] PackLoader:240 - Cannot read IP mode file for portGmbH.I-Cube-SoM-uGOAL.1.1.0
2026-06-14 19:05:03,286 [WARN] PackLoader:240 - Cannot read IP mode file for STMicroelectronics.X-CUBE-ALS.1.0.1
2026-06-14 19:05:03,309 [WARN] PackLoader:240 - Cannot read IP mode file for STMicroelectronics.X-CUBE-AZRTOS-H7RS.1.0.0
2026-06-14 19:05:03,317 [WARN] PackLoader:240 - Cannot read IP mode file for STMicroelectronics.FP-ATR-ASTRA1.2.0.0
2026-06-14 19:05:03,335 [WARN] PackLoader:240 - Cannot read IP mode file for STMicroelectronics.X-CUBE-TOF1.3.4.2
2026-06-14 19:05:03,362 [WARN] PackLoader:240 - Cannot read IP mode file for STMicroelectronics.X-CUBE-TOF1.3.4.3
2026-06-14 19:05:03,388 [WARN] PackLoader:240 - Cannot read IP mode file for STMicroelectronics.X-CUBE-TOF1.3.4.0
2026-06-14 19:05:03,413 [WARN] PackLoader:240 - Cannot read IP mode file for STMicroelectronics.X-CUBE-TOF1.3.4.1
2026-06-14 19:05:03,448 [WARN] PackLoader:240 - Cannot read IP mode file for STMicroelectronics.X-CUBE-AZRTOS-H7.3.2.0
2026-06-14 19:05:03,457 [WARN] PackLoader:240 - Cannot read IP mode file for wolfSSL.I-CUBE-wolfSSH.1.4.17
2026-06-14 19:05:03,458 [INFO] ThirdParty:978 - Integrity check success = true
2026-06-14 19:05:03,459 [INFO] IntegrityCheckThread:100 - exiting critical section [integrity check]
2026-06-14 19:05:03,459 [INFO] IntegrityCheckThread:103 - End integrity checks thread
2026-06-14 19:05:06,577 [INFO] WebApp:191 - Connection restablished
2026-06-14 19:08:57,287 [INFO] WebApp:194 - Connection lost
2026-06-14 19:08:59,622 [INFO] WebApp:191 - Connection restablished
2026-06-14 19:44:06,736 [INFO] WebApp:194 - Connection lost
2026-06-14 19:44:23,582 [INFO] WebApp:191 - Connection restablished
2026-06-14 20:33:35,866 [ERROR] LogOutputStream:75 - [STDERR_REDIRECT] 
